#
# A fatal error has been detected by the Java Runtime Environment:
#
#  EXCEPTION_ACCESS_VIOLATION (0xc0000005) at pc=0x000000018008adad, pid=4776, tid=1968
#
# JRE version: Java(TM) SE Runtime Environment (8.0_31-b13) (build 1.8.0_31-b13)
# Java VM: Java HotSpot(TM) 64-Bit Server VM (25.31-b07 mixed mode windows-amd64 compressed oops)
# Problematic frame:
# C  [ig75icd64.dll+0x8adad]
#
# Failed to write core dump. Minidumps are not enabled by default on client versions of Windows
#
# If you would like to submit a bug report, please visit:
#   http://bugreport.java.com/bugreport/crash.jsp
# The crash happened outside the Java Virtual Machine in native code.
# See problematic frame for where to report the bug.
#

---------------  T H R E A D  ---------------

Current thread (0x0000000019546000):  JavaThread "AWT-EventQueue-0" [_thread_in_native, id=1968, stack(0x000000001c8a0000,0x000000001c9a0000)]

siginfo: ExceptionCode=0xc0000005, reading address 0x0000000026721000

Registers:
RAX=0x0000000000004fa0, RBX=0x000000001fcb9440, RCX=0x0000000000000000, RDX=0x0000000026720fc0
RSP=0x000000001c99d9e0, RBP=0x0000000000774000, RSI=0x00000000264a4040, RDI=0x000000003f88d000
R8 =0x0000000000774000, R9 =0x000000000000ee80, R10=0x0000000000004fa0, R11=0x000000001c99d930
R12=0x0000000000000001, R13=0x00000000205e9330, R14=0x000000001b7fe240, R15=0x0000000000000002
RIP=0x000000018008adad, EFLAGS=0x0000000000010207

Top of Stack: (sp=0x000000001c99d9e0)
0x000000001c99d9e0:   0000000080000000 0000000000000000
0x000000001c99d9f0:   0000000080000000 0000000000000000
0x000000001c99da00:   000000001fccd438 000000018008b090
0x000000001c99da10:   000000001fcb9440 000000001fcb9440
0x000000001c99da20:   0000000000774000 0000000070a1363b
0x000000001c99da30:   0000000016d80801 000000007083eb8b
0x000000001c99da40:   0000000000000000 00000000264a4040
0x000000001c99da50:   000000001b7fe240 0000000000774000
0x000000001c99da60:   000000001fccd3c0 000000018006bd52
0x000000001c99da70:   0000000000000000 0000000100000033
0x000000001c99da80:   0000000000000000 00000000708fa91b
0x000000001c99da90:   00000000264a4040 000000006450b500
0x000000001c99daa0:   0000000019546101 00000000708fa91b
0x000000001c99dab0:   00000000264a4040 0000000000774000
0x000000001c99dac0:   000000001fccd3c0 000000018006c3ef
0x000000001c99dad0:   000000001b7fe240 00000000000088e8 

Instructions: (pc=0x000000018008adad)
0x000000018008ad8d:   00 00 00 66 0f 6f 3a 66 0f 6f 72 10 66 0f 6f 6a
0x000000018008ad9d:   20 41 ff c2 48 83 ef 80 41 8b c2 66 0f 6f 62 30
0x000000018008adad:   66 0f 6f 5a 40 66 0f 6f 52 50 66 0f 6f 4a 60 66
0x000000018008adbd:   0f 6f 42 70 66 0f e7 7f 80 48 83 ea 80 66 0f e7 


Register to memory mapping:

RAX=0x0000000000004fa0 is an unknown value
RBX=0x000000001fcb9440 is an unknown value
RCX=0x0000000000000000 is an unknown value
RDX=0x0000000026720fc0 is an unknown value
RSP=0x000000001c99d9e0 is pointing into the stack for thread: 0x0000000019546000
RBP=0x0000000000774000 is an unknown value
RSI=0x00000000264a4040 is an unknown value
RDI=0x000000003f88d000 is an unknown value
R8 =0x0000000000774000 is an unknown value
R9 =0x000000000000ee80 is an unknown value
R10=0x0000000000004fa0 is an unknown value
R11=0x000000001c99d930 is pointing into the stack for thread: 0x0000000019546000
R12=0x0000000000000001 is an unknown value
R13=0x00000000205e9330 is pointing into metadata
R14=0x000000001b7fe240 is an unknown value
R15=0x0000000000000002 is an unknown value


Stack: [0x000000001c8a0000,0x000000001c9a0000],  sp=0x000000001c99d9e0,  free space=1014k
Native frames: (J=compiled Java code, j=interpreted, Vv=VM code, C=native code)
C  [ig75icd64.dll+0x8adad]
C  [ig75icd64.dll+0x8b090]
C  [ig75icd64.dll+0x6bd52]
C  [ig75icd64.dll+0x6c3ef]
C  0x0000000002a2e971

Java frames: (J=compiled Java code, j=interpreted, Vv=VM code)
J 1383  jogamp.opengl.gl4.GL4bcImpl.dispatch_glBufferData(IJLjava/lang/Object;IZIJ)V (0 bytes) @ 0x0000000002a2e8f3 [0x0000000002a2e880+0x73]
J 1381 C1 jogamp.opengl.gl4.GL4bcImpl$1.create(IJLjava/nio/Buffer;IJ)V (56 bytes) @ 0x0000000002a3a9d4 [0x0000000002a3a740+0x294]
J 1380 C1 jogamp.opengl.GLBufferObjectTracker.createBufferStorage(Ljogamp/opengl/GLBufferStateTracker;Ljavax/media/opengl/GL;IJLjava/nio/Buffer;IILjogamp/opengl/GLBufferObjectTracker$CreateStorageDispatch;J)V (398 bytes) @ 0x0000000002a33abc [0x0000000002a317e0+0x22dc]
J 1314 C1 jogamp.opengl.gl4.GL4bcImpl.glBufferData(IJLjava/nio/Buffer;I)V (71 bytes) @ 0x0000000002a0cb2c [0x0000000002a0bf20+0xc0c]
J 1313 C1 processing.opengl.PJOGL.bufferData(IILjava/nio/Buffer;I)V (16 bytes) @ 0x0000000002a0bacc [0x0000000002a0b9c0+0x10c]
j  aviss.visuals.KinectStarCloudGenerator.renderGLPoints(ILjava/nio/FloatBuffer;)V+64
j  aviss.visuals.KinectStarCloudGenerator.renderStarsUsingKinectData()V+103
j  aviss.visuals.KinectStarCloudGenerator.run()V+287
j  aviss.applet.AVISSApplet.draw()V+53
j  processing.core.PApplet.handleDraw()V+231
j  processing.opengl.PJOGL$PGLListener.display(Ljavax/media/opengl/GLAutoDrawable;)V+476
j  jogamp.opengl.GLDrawableHelper.displayImpl(Ljavax/media/opengl/GLAutoDrawable;)V+81
j  jogamp.opengl.GLDrawableHelper.display(Ljavax/media/opengl/GLAutoDrawable;)V+2
j  javax.media.opengl.awt.GLCanvas$10.run()V+118
j  jogamp.opengl.GLDrawableHelper.invokeGLImpl(Ljavax/media/opengl/GLDrawable;Ljavax/media/opengl/GLContext;Ljava/lang/Runnable;Ljava/lang/Runnable;)V+206
j  jogamp.opengl.GLDrawableHelper.invokeGL(Ljavax/media/opengl/GLDrawable;Ljavax/media/opengl/GLContext;Ljava/lang/Runnable;Ljava/lang/Runnable;)V+80
j  javax.media.opengl.awt.GLCanvas$11.run()V+73
J 1802 C1 java.awt.event.InvocationEvent.dispatch()V (69 bytes) @ 0x0000000002b5fe8c [0x0000000002b5fd40+0x14c]
j  java.awt.EventQueue.dispatchEventImpl(Ljava/awt/AWTEvent;Ljava/lang/Object;)V+21
j  java.awt.EventQueue.access$500(Ljava/awt/EventQueue;Ljava/awt/AWTEvent;Ljava/lang/Object;)V+3
j  java.awt.EventQueue$3.run()Ljava/lang/Void;+32
j  java.awt.EventQueue$3.run()Ljava/lang/Object;+1
v  ~StubRoutines::call_stub
J 1512  java.security.AccessController.doPrivileged(Ljava/security/PrivilegedAction;Ljava/security/AccessControlContext;)Ljava/lang/Object; (0 bytes) @ 0x0000000002a91ba6 [0x0000000002a91b40+0x66]
J 1746 C1 java.awt.EventQueue.dispatchEvent(Ljava/awt/AWTEvent;)V (80 bytes) @ 0x0000000002b38ae4 [0x0000000002b38240+0x8a4]
J 1752 C1 java.awt.EventDispatchThread.pumpOneEventForFilters(I)V (295 bytes) @ 0x0000000002b3c85c [0x0000000002b3ad00+0x1b5c]
j  java.awt.EventDispatchThread.pumpEventsForFilter(ILjava/awt/Conditional;Ljava/awt/EventFilter;)V+35
j  java.awt.EventDispatchThread.pumpEventsForHierarchy(ILjava/awt/Conditional;Ljava/awt/Component;)V+11
j  java.awt.EventDispatchThread.pumpEvents(ILjava/awt/Conditional;)V+4
j  java.awt.EventDispatchThread.pumpEvents(Ljava/awt/Conditional;)V+3
j  java.awt.EventDispatchThread.run()V+9
v  ~StubRoutines::call_stub

---------------  P R O C E S S  ---------------

Java Threads: ( => current thread )
  0x00000000195ca000 JavaThread "Thread-284" [_thread_blocked, id=4092, stack(0x00000000344e0000,0x00000000345e0000)]
  0x00000000195cb800 JavaThread "Thread-6" [_thread_blocked, id=3592, stack(0x00000000261a0000,0x00000000262a0000)]
  0x00000000195cd000 JavaThread "Java Sound Event Dispatcher" daemon [_thread_blocked, id=6824, stack(0x000000001e090000,0x000000001e190000)]
  0x000000001e444800 JavaThread "Animation Thread-SharedResourceRunner" daemon [_thread_blocked, id=96, stack(0x000000001c720000,0x000000001c820000)]
  0x000000000242e000 JavaThread "DestroyJavaVM" [_thread_blocked, id=3164, stack(0x00000000022d0000,0x00000000023d0000)]
  0x00000000195ea000 JavaThread "Animation Thread" [_thread_blocked, id=8164, stack(0x000000001c300000,0x000000001c400000)]
  0x00000000195e3800 JavaThread "D3D Screen Updater" daemon [_thread_blocked, id=6664, stack(0x000000001cf80000,0x000000001d080000)]
=>0x0000000019546000 JavaThread "AWT-EventQueue-0" [_thread_in_native, id=1968, stack(0x000000001c8a0000,0x000000001c9a0000)]
  0x0000000018ceb800 JavaThread "AWT-Windows" daemon [_thread_in_native, id=6892, stack(0x0000000019df0000,0x0000000019ef0000)]
  0x0000000018ce9800 JavaThread "AWT-Shutdown" [_thread_blocked, id=6080, stack(0x0000000019cf0000,0x0000000019df0000)]
  0x0000000018ce7000 JavaThread "Java2D Disposer" daemon [_thread_blocked, id=312, stack(0x0000000019bf0000,0x0000000019cf0000)]
  0x0000000018908800 JavaThread "Service Thread" daemon [_thread_blocked, id=6376, stack(0x0000000018cf0000,0x0000000018df0000)]
  0x0000000017096800 JavaThread "C1 CompilerThread2" daemon [_thread_blocked, id=4672, stack(0x00000000187f0000,0x00000000188f0000)]
  0x0000000017095800 JavaThread "C2 CompilerThread1" daemon [_thread_blocked, id=1908, stack(0x00000000186f0000,0x00000000187f0000)]
  0x0000000017090800 JavaThread "C2 CompilerThread0" daemon [_thread_blocked, id=8044, stack(0x00000000185f0000,0x00000000186f0000)]
  0x000000001708b800 JavaThread "Attach Listener" daemon [_thread_blocked, id=6796, stack(0x00000000184f0000,0x00000000185f0000)]
  0x000000001708a800 JavaThread "Signal Dispatcher" daemon [_thread_blocked, id=4156, stack(0x00000000183f0000,0x00000000184f0000)]
  0x0000000002524000 JavaThread "Finalizer" daemon [_thread_blocked, id=5484, stack(0x00000000182f0000,0x00000000183f0000)]
  0x0000000017057800 JavaThread "Reference Handler" daemon [_thread_blocked, id=1656, stack(0x00000000181f0000,0x00000000182f0000)]

Other Threads:
  0x0000000017055000 VMThread [stack: 0x00000000180f0000,0x00000000181f0000] [id=3820]
  0x0000000018919000 WatcherThread [stack: 0x0000000018df0000,0x0000000018ef0000] [id=3708]

VM state:not at safepoint (normal execution)

VM Mutex/Monitor currently owned by a thread: None

Heap:
 PSYoungGen      total 424960K, used 211467K [0x00000000d5d00000, 0x00000000f4d80000, 0x0000000100000000)
  eden space 354816K, 54% used [0x00000000d5d00000,0x00000000e1a9ee30,0x00000000eb780000)
  from space 70144K, 24% used [0x00000000eb780000,0x00000000ec864010,0x00000000efc00000)
  to   space 67072K, 0% used [0x00000000f0c00000,0x00000000f0c00000,0x00000000f4d80000)
 ParOldGen       total 299520K, used 185162K [0x0000000081600000, 0x0000000093a80000, 0x00000000d5d00000)
  object space 299520K, 61% used [0x0000000081600000,0x000000008cad2b88,0x0000000093a80000)
 Metaspace       used 18075K, capacity 18259K, committed 18304K, reserved 1064960K
  class space    used 1815K, capacity 1888K, committed 1920K, reserved 1048576K

Card table byte_map: [0x00000000118f0000,0x0000000011cf0000] byte_map_base: 0x00000000114e5000

Marking Bits: (ParMarkBitMap*) 0x0000000070eed4f0
 Begin Bits: [0x00000000123a0000, 0x0000000014348000)
 End Bits:   [0x0000000014348000, 0x00000000162f0000)

Polling page: 0x0000000000990000

CodeCache: size=245760Kb used=6377Kb max_used=6377Kb free=239382Kb
 bounds [0x0000000002530000, 0x0000000002b70000, 0x0000000011530000]
 total_blobs=2703 nmethods=1810 adapters=807
 compilation: enabled

Compilation events (10 events):
Event: 22.144 Thread 0x0000000017096800 1817       3       java.awt.Component::getGraphics (124 bytes)
Event: 22.145 Thread 0x0000000017096800 nmethod 1817 0x0000000002b65090 code [0x0000000002b652c0, 0x0000000002b66168]
Event: 22.145 Thread 0x0000000017096800 1818       3       sun.awt.windows.WComponentPeer::getGraphics (188 bytes)
Event: 22.146 Thread 0x0000000017096800 nmethod 1818 0x0000000002b664d0 code [0x0000000002b66760, 0x0000000002b67c08]
Event: 22.155 Thread 0x0000000017096800 1819       3       jogamp.nativewindow.jawt.windows.WindowsJAWTWindow::lockSurfaceImpl (199 bytes)
Event: 22.161 Thread 0x0000000017096800 nmethod 1819 0x0000000002b682d0 code [0x0000000002b68760, 0x0000000002b6ae88]
Event: 22.161 Thread 0x0000000017096800 1820       3       jogamp.nativewindow.jawt.JAWT::GetDrawingSurface (24 bytes)
Event: 22.162 Thread 0x0000000017096800 nmethod 1820 0x0000000002b6ca50 code [0x0000000002b6cc40, 0x0000000002b6d588]
Event: 22.162 Thread 0x0000000017096800 1821       3       jogamp.nativewindow.jawt.JAWT_DrawingSurface::GetDrawingSurfaceInfo (23 bytes)
Event: 22.163 Thread 0x0000000017096800 nmethod 1821 0x0000000002b6dad0 code [0x0000000002b6dcc0, 0x0000000002b6e5e8]

GC Heap History (10 events):
Event: 12.809 GC heap before
{Heap before GC invocations=15 (full 2):
 PSYoungGen      total 358912K, used 302144K [0x00000000d5d00000, 0x00000000f1900000, 0x0000000100000000)
  eden space 285696K, 100% used [0x00000000d5d00000,0x00000000e7400000,0x00000000e7400000)
  from space 73216K, 22% used [0x00000000ed180000,0x00000000ee190000,0x00000000f1900000)
  to   space 84480K, 0% used [0x00000000e7400000,0x00000000e7400000,0x00000000ec680000)
 ParOldGen       total 299520K, used 185122K [0x0000000081600000, 0x0000000093a80000, 0x00000000d5d00000)
  object space 299520K, 61% used [0x0000000081600000,0x000000008cac8b88,0x0000000093a80000)
 Metaspace       used 17862K, capacity 18059K, committed 18304K, reserved 1064960K
  class space    used 1815K, capacity 1888K, committed 1920K, reserved 1048576K
Event: 12.835 GC heap after
Heap after GC invocations=15 (full 2):
 PSYoungGen      total 370176K, used 19808K [0x00000000d5d00000, 0x00000000f3c00000, 0x0000000100000000)
  eden space 285696K, 0% used [0x00000000d5d00000,0x00000000d5d00000,0x00000000e7400000)
  from space 84480K, 23% used [0x00000000e7400000,0x00000000e8758020,0x00000000ec680000)
  to   space 80384K, 0% used [0x00000000eed80000,0x00000000eed80000,0x00000000f3c00000)
 ParOldGen       total 299520K, used 185130K [0x0000000081600000, 0x0000000093a80000, 0x00000000d5d00000)
  object space 299520K, 61% used [0x0000000081600000,0x000000008cacab88,0x0000000093a80000)
 Metaspace       used 17862K, capacity 18059K, committed 18304K, reserved 1064960K
  class space    used 1815K, capacity 1888K, committed 1920K, reserved 1048576K
}
Event: 14.617 GC heap before
{Heap before GC invocations=16 (full 2):
 PSYoungGen      total 370176K, used 305433K [0x00000000d5d00000, 0x00000000f3c00000, 0x0000000100000000)
  eden space 285696K, 99% used [0x00000000d5d00000,0x00000000e73ee798,0x00000000e7400000)
  from space 84480K, 23% used [0x00000000e7400000,0x00000000e8758020,0x00000000ec680000)
  to   space 80384K, 0% used [0x00000000eed80000,0x00000000eed80000,0x00000000f3c00000)
 ParOldGen       total 299520K, used 185130K [0x0000000081600000, 0x0000000093a80000, 0x00000000d5d00000)
  object space 299520K, 61% used [0x0000000081600000,0x000000008cacab88,0x0000000093a80000)
 Metaspace       used 17915K, capacity 18059K, committed 18304K, reserved 1064960K
  class space    used 1815K, capacity 1888K, committed 1920K, reserved 1048576K
Event: 14.647 GC heap after
Heap after GC invocations=16 (full 2):
 PSYoungGen      total 390656K, used 19808K [0x00000000d5d00000, 0x00000000f2f00000, 0x0000000100000000)
  eden space 323584K, 0% used [0x00000000d5d00000,0x00000000d5d00000,0x00000000e9900000)
  from space 67072K, 29% used [0x00000000eed80000,0x00000000f00d8020,0x00000000f2f00000)
  to   space 76800K, 0% used [0x00000000e9900000,0x00000000e9900000,0x00000000ee400000)
 ParOldGen       total 299520K, used 185138K [0x0000000081600000, 0x0000000093a80000, 0x00000000d5d00000)
  object space 299520K, 61% used [0x0000000081600000,0x000000008caccb88,0x0000000093a80000)
 Metaspace       used 17915K, capacity 18059K, committed 18304K, reserved 1064960K
  class space    used 1815K, capacity 1888K, committed 1920K, reserved 1048576K
}
Event: 16.613 GC heap before
{Heap before GC invocations=17 (full 2):
 PSYoungGen      total 390656K, used 343392K [0x00000000d5d00000, 0x00000000f2f00000, 0x0000000100000000)
  eden space 323584K, 100% used [0x00000000d5d00000,0x00000000e9900000,0x00000000e9900000)
  from space 67072K, 29% used [0x00000000eed80000,0x00000000f00d8020,0x00000000f2f00000)
  to   space 76800K, 0% used [0x00000000e9900000,0x00000000e9900000,0x00000000ee400000)
 ParOldGen       total 299520K, used 185138K [0x0000000081600000, 0x0000000093a80000, 0x00000000d5d00000)
  object space 299520K, 61% used [0x0000000081600000,0x000000008caccb88,0x0000000093a80000)
 Metaspace       used 17940K, capacity 18187K, committed 18304K, reserved 1064960K
  class space    used 1815K, capacity 1888K, committed 1920K, reserved 1048576K
Event: 16.639 GC heap after
Heap after GC invocations=17 (full 2):
 PSYoungGen      total 400384K, used 16416K [0x00000000d5d00000, 0x00000000f4b80000, 0x0000000100000000)
  eden space 323584K, 0% used [0x00000000d5d00000,0x00000000d5d00000,0x00000000e9900000)
  from space 76800K, 21% used [0x00000000e9900000,0x00000000ea908000,0x00000000ee400000)
  to   space 73216K, 0% used [0x00000000f0400000,0x00000000f0400000,0x00000000f4b80000)
 ParOldGen       total 299520K, used 185146K [0x0000000081600000, 0x0000000093a80000, 0x00000000d5d00000)
  object space 299520K, 61% used [0x0000000081600000,0x000000008caceb88,0x0000000093a80000)
 Metaspace       used 17940K, capacity 18187K, committed 18304K, reserved 1064960K
  class space    used 1815K, capacity 1888K, committed 1920K, reserved 1048576K
}
Event: 18.693 GC heap before
{Heap before GC invocations=18 (full 2):
 PSYoungGen      total 400384K, used 339484K [0x00000000d5d00000, 0x00000000f4b80000, 0x0000000100000000)
  eden space 323584K, 99% used [0x00000000d5d00000,0x00000000e987f170,0x00000000e9900000)
  from space 76800K, 21% used [0x00000000e9900000,0x00000000ea908000,0x00000000ee400000)
  to   space 73216K, 0% used [0x00000000f0400000,0x00000000f0400000,0x00000000f4b80000)
 ParOldGen       total 299520K, used 185146K [0x0000000081600000, 0x0000000093a80000, 0x00000000d5d00000)
  object space 299520K, 61% used [0x0000000081600000,0x000000008caceb88,0x0000000093a80000)
 Metaspace       used 17960K, capacity 18187K, committed 18304K, reserved 1064960K
  class space    used 1815K, capacity 1888K, committed 1920K, reserved 1048576K
Event: 18.718 GC heap after
Heap after GC invocations=18 (full 2):
 PSYoungGen      total 416768K, used 16448K [0x00000000d5d00000, 0x00000000f4080000, 0x0000000100000000)
  eden space 354816K, 0% used [0x00000000d5d00000,0x00000000d5d00000,0x00000000eb780000)
  from space 61952K, 26% used [0x00000000f0400000,0x00000000f1410000,0x00000000f4080000)
  to   space 70144K, 0% used [0x00000000eb780000,0x00000000eb780000,0x00000000efc00000)
 ParOldGen       total 299520K, used 185154K [0x0000000081600000, 0x0000000093a80000, 0x00000000d5d00000)
  object space 299520K, 61% used [0x0000000081600000,0x000000008cad0b88,0x0000000093a80000)
 Metaspace       used 17960K, capacity 18187K, committed 18304K, reserved 1064960K
  class space    used 1815K, capacity 1888K, committed 1920K, reserved 1048576K
}
Event: 20.932 GC heap before
{Heap before GC invocations=19 (full 2):
 PSYoungGen      total 416768K, used 369678K [0x00000000d5d00000, 0x00000000f4080000, 0x0000000100000000)
  eden space 354816K, 99% used [0x00000000d5d00000,0x00000000eb5f3858,0x00000000eb780000)
  from space 61952K, 26% used [0x00000000f0400000,0x00000000f1410000,0x00000000f4080000)
  to   space 70144K, 0% used [0x00000000eb780000,0x00000000eb780000,0x00000000efc00000)
 ParOldGen       total 299520K, used 185154K [0x0000000081600000, 0x0000000093a80000, 0x00000000d5d00000)
  object space 299520K, 61% used [0x0000000081600000,0x000000008cad0b88,0x0000000093a80000)
 Metaspace       used 18032K, capacity 18195K, committed 18304K, reserved 1064960K
  class space    used 1815K, capacity 1888K, committed 1920K, reserved 1048576K
Event: 20.953 GC heap after
Heap after GC invocations=19 (full 2):
 PSYoungGen      total 424960K, used 17296K [0x00000000d5d00000, 0x00000000f4d80000, 0x0000000100000000)
  eden space 354816K, 0% used [0x00000000d5d00000,0x00000000d5d00000,0x00000000eb780000)
  from space 70144K, 24% used [0x00000000eb780000,0x00000000ec864010,0x00000000efc00000)
  to   space 67072K, 0% used [0x00000000f0c00000,0x00000000f0c00000,0x00000000f4d80000)
 ParOldGen       total 299520K, used 185162K [0x0000000081600000, 0x0000000093a80000, 0x00000000d5d00000)
  object space 299520K, 61% used [0x0000000081600000,0x000000008cad2b88,0x0000000093a80000)
 Metaspace       used 18032K, capacity 18195K, committed 18304K, reserved 1064960K
  class space    used 1815K, capacity 1888K, committed 1920K, reserved 1048576K
}

Deoptimization events (5 events):
Event: 2.146 Thread 0x0000000019546000 Uncommon trap: reason=unreached action=reinterpret pc=0x000000000287dec8 method=com.jogamp.common.nio.Buffers.isDirect(Ljava/lang/Object;)Z @ 1
Event: 2.146 Thread 0x0000000019546000 Uncommon trap: reason=unreached action=reinterpret pc=0x000000000287dc4c method=com.jogamp.common.nio.Buffers.getDirectBufferByteOffset(Ljava/lang/Object;)I @ 1
Event: 2.191 Thread 0x0000000019546000 Uncommon trap: reason=unreached action=reinterpret pc=0x00000000028738d0 method=com.jogamp.common.util.IntIntHashMap.get(I)I @ 19
Event: 2.204 Thread 0x000000001955a000 Uncommon trap: reason=unreached action=reinterpret pc=0x0000000002837530 method=java.lang.reflect.AccessibleObject.setAccessible0(Ljava/lang/reflect/AccessibleObject;Z)V @ 4
Event: 4.923 Thread 0x0000000019546000 Uncommon trap: reason=class_check action=maybe_recompile pc=0x0000000002959540 method=java.util.LinkedHashMap.afterNodeInsertion(Z)V @ 15

Internal exceptions (10 events):
Event: 2.575 Thread 0x0000000019546000 Exception <a 'java/security/PrivilegedActionException'> (0x00000000d6d706d8) thrown at [C:\workspace\8-2-build-windows-amd64-cygwin\jdk8u31\2394\hotspot\src\share\vm\prims\jvm.cpp, line 1312]
Event: 2.575 Thread 0x0000000019546000 Exception <a 'java/security/PrivilegedActionException'> (0x00000000d6d75140) thrown at [C:\workspace\8-2-build-windows-amd64-cygwin\jdk8u31\2394\hotspot\src\share\vm\prims\jvm.cpp, line 1312]
Event: 2.742 Thread 0x0000000019546000 Exception <a 'java/security/PrivilegedActionException'> (0x00000000d74f2b78) thrown at [C:\workspace\8-2-build-windows-amd64-cygwin\jdk8u31\2394\hotspot\src\share\vm\prims\jvm.cpp, line 1312]
Event: 3.390 Thread 0x00000000195ea000 Exception <a 'java/security/PrivilegedActionException'> (0x00000000dcd7db80) thrown at [C:\workspace\8-2-build-windows-amd64-cygwin\jdk8u31\2394\hotspot\src\share\vm\prims\jvm.cpp, line 1312]
Event: 3.419 Thread 0x00000000195ea000 Exception <a 'java/security/PrivilegedActionException'> (0x00000000dcd805a0) thrown at [C:\workspace\8-2-build-windows-amd64-cygwin\jdk8u31\2394\hotspot\src\share\vm\prims\jvm.cpp, line 1312]
Event: 3.422 Thread 0x00000000195ea000 Exception <a 'java/lang/reflect/InvocationTargetException'> (0x00000000dcd89358) thrown at [C:\workspace\8-2-build-windows-amd64-cygwin\jdk8u31\2394\hotspot\src\share\vm\runtime\reflection.cpp, line 1080]
Event: 3.567 Thread 0x0000000019546000 Exception <a 'java/security/PrivilegedActionException'> (0x00000000dc4cebb0) thrown at [C:\workspace\8-2-build-windows-amd64-cygwin\jdk8u31\2394\hotspot\src\share\vm\prims\jvm.cpp, line 1312]
Event: 4.238 Thread 0x0000000002524000 Exception <a 'java/security/PrivilegedActionException'> (0x00000000d5ec4b70) thrown at [C:\workspace\8-2-build-windows-amd64-cygwin\jdk8u31\2394\hotspot\src\share\vm\prims\jvm.cpp, line 1312]
Event: 4.922 Thread 0x0000000019546000 Exception <a 'java/security/PrivilegedActionException'> (0x00000000d8e53f00) thrown at [C:\workspace\8-2-build-windows-amd64-cygwin\jdk8u31\2394\hotspot\src\share\vm\prims\jvm.cpp, line 1312]
Event: 8.669 Thread 0x0000000019546000 Exception <a 'java/security/PrivilegedActionException'> (0x00000000dce570b0) thrown at [C:\workspace\8-2-build-windows-amd64-cygwin\jdk8u31\2394\hotspot\src\share\vm\prims\jvm.cpp, line 1312]

Events (10 events):
Event: 21.935 Thread 0x00000000195ce000 Thread added: 0x00000000195ce000
Event: 21.935 Thread 0x00000000195ce000 Thread exited: 0x00000000195ce000
Event: 22.003 Thread 0x00000000195cc800 Thread added: 0x00000000195cc800
Event: 22.003 Thread 0x00000000195cc800 Thread exited: 0x00000000195cc800
Event: 22.070 Thread 0x00000000195cc800 Thread added: 0x00000000195cc800
Event: 22.070 Thread 0x00000000195cc800 Thread exited: 0x00000000195cc800
Event: 22.143 Thread 0x00000000195cc800 Thread added: 0x00000000195cc800
Event: 22.143 Thread 0x00000000195ce000 Thread added: 0x00000000195ce000
Event: 22.144 Thread 0x00000000195cc800 Thread exited: 0x00000000195cc800
Event: 22.144 Thread 0x00000000195ce000 Thread exited: 0x00000000195ce000


Dynamic libraries:
0x00007ff63b3c0000 - 0x00007ff63b3f4000 	C:\Program Files\Java\jre1.8.0_31\bin\javaw.exe
0x00007ffd5d800000 - 0x00007ffd5d9ac000 	C:\WINDOWS\SYSTEM32\ntdll.dll
0x00007ffd5b9e0000 - 0x00007ffd5bb1e000 	C:\WINDOWS\system32\KERNEL32.DLL
0x00007ffd5ad60000 - 0x00007ffd5ae75000 	C:\WINDOWS\system32\KERNELBASE.dll
0x00007ffd58fa0000 - 0x00007ffd5902e000 	C:\WINDOWS\system32\apphelp.dll
0x00007ffd47850000 - 0x00007ffd478a3000 	C:\WINDOWS\AppPatch\AppPatch64\AcGenral.DLL
0x00007ffd5d750000 - 0x00007ffd5d7fa000 	C:\WINDOWS\system32\msvcrt.dll
0x00007ffd5a7f0000 - 0x00007ffd5a81e000 	C:\WINDOWS\SYSTEM32\SspiCli.dll
0x00007ffd5bda0000 - 0x00007ffd5bdf4000 	C:\WINDOWS\system32\SHLWAPI.dll
0x00007ffd5b700000 - 0x00007ffd5b877000 	C:\WINDOWS\system32\USER32.dll
0x00007ffd5bc00000 - 0x00007ffd5bd94000 	C:\WINDOWS\system32\ole32.dll
0x00007ffd5be00000 - 0x00007ffd5d318000 	C:\WINDOWS\system32\SHELL32.dll
0x00007ffd59f70000 - 0x00007ffd59f91000 	C:\WINDOWS\SYSTEM32\USERENV.dll
0x00007ffd5d320000 - 0x00007ffd5d3ca000 	C:\WINDOWS\system32\ADVAPI32.dll
0x00007ffd44540000 - 0x00007ffd4455e000 	C:\WINDOWS\SYSTEM32\MPR.dll
0x00007ffd5b880000 - 0x00007ffd5b9c1000 	C:\WINDOWS\system32\RPCRT4.dll
0x00007ffd5ae80000 - 0x00007ffd5aed9000 	C:\WINDOWS\SYSTEM32\sechost.dll
0x00007ffd5afc0000 - 0x00007ffd5b1d1000 	C:\WINDOWS\SYSTEM32\combase.dll
0x00007ffd5d3d0000 - 0x00007ffd5d521000 	C:\WINDOWS\system32\GDI32.dll
0x00007ffd5a950000 - 0x00007ffd5a965000 	C:\WINDOWS\SYSTEM32\profapi.dll
0x00007ffd58720000 - 0x00007ffd587d2000 	C:\WINDOWS\SYSTEM32\SHCORE.dll
0x00007ffd5b1e0000 - 0x00007ffd5b216000 	C:\WINDOWS\system32\IMM32.DLL
0x00007ffd5b350000 - 0x00007ffd5b4a1000 	C:\WINDOWS\system32\MSCTF.dll
0x00007ffd57e00000 - 0x00007ffd5807b000 	C:\WINDOWS\WinSxS\amd64_microsoft.windows.common-controls_6595b64144ccf1df_6.0.9600.17415_none_6240486fecbd8abb\COMCTL32.dll
0x000000006f9e0000 - 0x000000006fab2000 	C:\Program Files\Java\jre1.8.0_31\bin\msvcr100.dll
0x0000000070710000 - 0x0000000070f6a000 	C:\Program Files\Java\jre1.8.0_31\bin\server\jvm.dll
0x00007ffd4f940000 - 0x00007ffd4f949000 	C:\WINDOWS\SYSTEM32\WSOCK32.dll
0x00007ffd559c0000 - 0x00007ffd559e2000 	C:\WINDOWS\SYSTEM32\WINMM.dll
0x00007ffd5bbe0000 - 0x00007ffd5bbe7000 	C:\WINDOWS\system32\PSAPI.DLL
0x00007ffd5d6f0000 - 0x00007ffd5d74a000 	C:\WINDOWS\system32\WS2_32.dll
0x00007ffd55990000 - 0x00007ffd559ba000 	C:\WINDOWS\SYSTEM32\WINMMBASE.dll
0x00007ffd5d6e0000 - 0x00007ffd5d6e9000 	C:\WINDOWS\system32\NSI.dll
0x00007ffd5acb0000 - 0x00007ffd5acff000 	C:\WINDOWS\SYSTEM32\cfgmgr32.dll
0x00007ffd59760000 - 0x00007ffd59788000 	C:\WINDOWS\SYSTEM32\DEVOBJ.dll
0x0000000070700000 - 0x000000007070f000 	C:\Program Files\Java\jre1.8.0_31\bin\verify.dll
0x00000000706d0000 - 0x00000000706f8000 	C:\Program Files\Java\jre1.8.0_31\bin\java.dll
0x00000000706b0000 - 0x00000000706c6000 	C:\Program Files\Java\jre1.8.0_31\bin\zip.dll
0x000000006f840000 - 0x000000006f9d8000 	C:\Program Files\Java\jre1.8.0_31\bin\awt.dll
0x00007ffd5b280000 - 0x00007ffd5b341000 	C:\WINDOWS\system32\OLEAUT32.dll
0x00007ffd58520000 - 0x00007ffd58541000 	C:\WINDOWS\system32\DWMAPI.DLL
0x00007ffd595c0000 - 0x00007ffd596e9000 	C:\WINDOWS\system32\uxtheme.dll
0x00007ffd44b20000 - 0x00007ffd44bcb000 	C:\Program Files\Common Files\microsoft shared\ink\tiptsf.dll
0x00007ffd59790000 - 0x00007ffd5979b000 	C:\WINDOWS\SYSTEM32\kernel.appcore.dll
0x00007ffd5a890000 - 0x00007ffd5a89b000 	C:\WINDOWS\SYSTEM32\CRYPTBASE.dll
0x00007ffd5a820000 - 0x00007ffd5a883000 	C:\WINDOWS\SYSTEM32\bcryptPrimitives.dll
0x00007ffd47c50000 - 0x00007ffd47e71000 	C:\WINDOWS\system32\d3d9.dll
0x00007ffd4eac0000 - 0x00007ffd4eaca000 	C:\WINDOWS\SYSTEM32\VERSION.dll
0x00007ffd29200000 - 0x00007ffd2aae1000 	C:\WINDOWS\SYSTEM32\igdumdim64.dll
0x00007ffd55ea0000 - 0x00007ffd56300000 	C:\WINDOWS\SYSTEM32\igdusc64.dll
0x000000006f7f0000 - 0x000000006f837000 	C:\Program Files\Java\jre1.8.0_31\bin\fontmanager.dll
0x00007ffd4e390000 - 0x00007ffd4e3fa000 	C:\WINDOWS\SYSTEM32\oleacc.dll
0x00007ffd5bb20000 - 0x00007ffd5bbd6000 	C:\WINDOWS\SYSTEM32\clbcatq.dll
0x00007ffd5a290000 - 0x00007ffd5a2b0000 	C:\WINDOWS\SYSTEM32\CRYPTSP.dll
0x00007ffd59e60000 - 0x00007ffd59e96000 	C:\WINDOWS\system32\rsaenh.dll
0x00007ffd5a4e0000 - 0x00007ffd5a506000 	C:\WINDOWS\SYSTEM32\bcrypt.dll
0x0000000070690000 - 0x00000000706aa000 	C:\Program Files\Java\jre1.8.0_31\bin\net.dll
0x00007ffd5a230000 - 0x00007ffd5a289000 	C:\WINDOWS\system32\mswsock.dll
0x00007ffd55920000 - 0x00007ffd5594a000 	C:\WINDOWS\SYSTEM32\IPHLPAPI.DLL
0x00007ffd558f0000 - 0x00007ffd558fa000 	C:\WINDOWS\SYSTEM32\WINNSI.DLL
0x00007ffd55770000 - 0x00007ffd55786000 	C:\WINDOWS\SYSTEM32\dhcpcsvc6.DLL
0x00007ffd55700000 - 0x00007ffd5571a000 	C:\WINDOWS\SYSTEM32\dhcpcsvc.DLL
0x0000000070670000 - 0x0000000070681000 	C:\Program Files\Java\jre1.8.0_31\bin\nio.dll
0x00000000637c0000 - 0x00000000637cd000 	C:\Users\Ian\AppData\Local\Temp\jogamp_0000\file_cache\jln2669741087091880186\jln120057354608736170\gluegen-rt.dll
0x000000006f7e0000 - 0x000000006f7e7000 	C:\Program Files\Java\jre1.8.0_31\bin\jawt.dll
0x000000006a440000 - 0x000000006a44d000 	C:\Users\Ian\AppData\Local\Temp\jogamp_0000\file_cache\jln2669741087091880186\jln120057354608736170\nativewindow_awt.dll
0x000000006c100000 - 0x000000006c10f000 	C:\Users\Ian\AppData\Local\Temp\jogamp_0000\file_cache\jln2669741087091880186\jln120057354608736170\nativewindow_win32.dll
0x00007ffd3f550000 - 0x00007ffd3f67b000 	C:\WINDOWS\SYSTEM32\OpenGL32.dll
0x00007ffd3f520000 - 0x00007ffd3f54e000 	C:\WINDOWS\SYSTEM32\GLU32.dll
0x00007ffd3f420000 - 0x00007ffd3f518000 	C:\WINDOWS\SYSTEM32\DDRAW.dll
0x00007ffd3f410000 - 0x00007ffd3f419000 	C:\WINDOWS\SYSTEM32\DCIMAN32.dll
0x0000000064500000 - 0x00000000645a0000 	C:\Users\Ian\AppData\Local\Temp\jogamp_0000\file_cache\jln2669741087091880186\jln120057354608736170\jogl_desktop.dll
0x0000000180000000 - 0x00000001807de000 	C:\WINDOWS\SYSTEM32\ig75icd64.dll
0x00007ffd59fa0000 - 0x00007ffd59fe6000 	C:\WINDOWS\SYSTEM32\powrprof.dll
0x000000006f7d0000 - 0x000000006f7dc000 	C:\Program Files\Java\jre1.8.0_31\bin\jsound.dll
0x000000006f7c0000 - 0x000000006f7cb000 	C:\Program Files\Java\jre1.8.0_31\bin\jsoundds.dll
0x00007ffd35ed0000 - 0x00007ffd35f6d000 	C:\WINDOWS\SYSTEM32\DSOUND.dll
0x00007ffd55e30000 - 0x00007ffd55ea0000 	C:\WINDOWS\SYSTEM32\MMDevAPI.DLL
0x00007ffd47f80000 - 0x00007ffd47fbe000 	C:\WINDOWS\SYSTEM32\wdmaud.drv
0x00007ffd59190000 - 0x00007ffd59198000 	C:\WINDOWS\SYSTEM32\ksuser.dll
0x00007ffd592c0000 - 0x00007ffd592cc000 	C:\WINDOWS\SYSTEM32\AVRT.dll
0x00007ffd4dfa0000 - 0x00007ffd4e01e000 	C:\WINDOWS\SYSTEM32\AUDIOSES.DLL
0x00007ffd4eb40000 - 0x00007ffd4eb4b000 	C:\WINDOWS\SYSTEM32\msacm32.drv
0x00007ffd4df00000 - 0x00007ffd4df1c000 	C:\WINDOWS\SYSTEM32\MSACM32.dll
0x00007ffd4eb30000 - 0x00007ffd4eb3a000 	C:\WINDOWS\SYSTEM32\midimap.dll
0x00007ffd338a0000 - 0x00007ffd33a3c000 	C:\Users\Ian\workspace\AVISS\lib\Kinect20.Face.dll
0x00007ffd42f90000 - 0x00007ffd43037000 	C:\WINDOWS\SYSTEM32\MSVCP110.dll
0x00007ffd4e1d0000 - 0x00007ffd4e2a4000 	C:\WINDOWS\SYSTEM32\MSVCR110.dll
0x00007ffd4f110000 - 0x00007ffd4f120000 	C:\Users\Ian\workspace\AVISS\lib\KinectPV2.dll
0x00007ffd35470000 - 0x00007ffd3552a000 	C:\WINDOWS\SYSTEM32\Kinect20.dll
0x00007ffd43090000 - 0x00007ffd4317b000 	C:\WINDOWS\SYSTEM32\MFPlat.DLL
0x00007ffd42f60000 - 0x00007ffd42f87000 	C:\WINDOWS\SYSTEM32\RTWorkQ.DLL
0x00007ffd473b0000 - 0x00007ffd4753a000 	C:\WINDOWS\SYSTEM32\dbghelp.dll

VM Arguments:
jvm_args: -Djava.library.path=C:\Users\Ian\workspace\AVISS\lib -Dfile.encoding=Cp1252 
java_command: aviss.applet.AVISSApplet
java_class_path (initial): C:\Users\Ian\workspace\AVISS\bin;C:\Users\Ian\workspace\AVISS\lib\commons-collections4-4.0.jar;C:\Users\Ian\workspace\AVISS\lib\core.jar;C:\Users\Ian\workspace\AVISS\lib\G4P.jar;C:\Users\Ian\workspace\AVISS\lib\gluegen-rt-natives-linux-amd64.jar;C:\Users\Ian\workspace\AVISS\lib\gluegen-rt-natives-linux-armv6hf.jar;C:\Users\Ian\workspace\AVISS\lib\gluegen-rt-natives-linux-i586.jar;C:\Users\Ian\workspace\AVISS\lib\gluegen-rt-natives-macosx-universal.jar;C:\Users\Ian\workspace\AVISS\lib\gluegen-rt-natives-windows-amd64.jar;C:\Users\Ian\workspace\AVISS\lib\gluegen-rt-natives-windows-i586.jar;C:\Users\Ian\workspace\AVISS\lib\gluegen-rt.jar;C:\Users\Ian\workspace\AVISS\lib\il_hemesh.jar;C:\Users\Ian\workspace\AVISS\lib\javolution-6.1.0.jar;C:\Users\Ian\workspace\AVISS\lib\jl1.0.jar;C:\Users\Ian\workspace\AVISS\lib\jogl-all-natives-linux-amd64.jar;C:\Users\Ian\workspace\AVISS\lib\jogl-all-natives-linux-armv6hf.jar;C:\Users\Ian\workspace\AVISS\lib\jogl-all-natives-linux-i586.jar;C:\Users\Ian\workspace\AVISS\lib\jogl-all-natives-macosx-universal.jar;C:\Users\Ian\workspace\AVISS\lib\jogl-all-natives-windows-amd64.jar;C:\Users\Ian\workspace\AVISS\lib\jogl-all-natives-windows-i586.jar;C:\Users\Ian\workspace\AVISS\lib\jogl-all.jar;C:\Users\Ian\workspace\AVISS\lib\jsminim.jar;C:\Users\Ian\workspace\AVISS\lib\jts.jar;C:\Users\Ian\workspace\AVISS\lib\KinectPV2.jar;C:\Users\Ian\workspace\AVISS\lib\log4j-1.2.17.jar;C:\Users\Ian\workspace\AVISS\lib\miglayout15-swing.jar;C:\Users\Ian\workspace\AVISS\lib\minim.jar;C:\Users\Ian\workspace\AVISS\lib\mp3spi1.9.4.jar;C:\Users\Ian\workspace\AVISS\lib\opal-1.0.1.jar;C:\Users\Ian\workspace\AVISS\lib\peasycam.jar;C:\Users\Ian\workspace\AVISS\lib\swt.jar;C:\Users\Ian\workspace\AVISS\lib\tritonus_aos.jar;C:\Users\Ian\workspace\AVISS\lib\tritonus_share.jar;C:\Users\Ian\workspace\AVISS\lib\trove-3.1a1.jar
Launcher Type: SUN_STANDARD

Environment Variables:
PATH=C:/Program Files/Java/jre1.8.0_31/bin/server;C:/Program Files/Java/jre1.8.0_31/bin;C:/Program Files/Java/jre1.8.0_31/lib/amd64;C:\MinGW\bin\;C:\Python34\;C:\Python34\Scripts;C:\ProgramData\Oracle\Java\javapath;c:\Program Files (x86)\Intel\iCLS Client\;c:\Program Files\Intel\iCLS Client\;C:\WINDOWS\system32;C:\WINDOWS;C:\WINDOWS\System32\Wbem;C:\WINDOWS\System32\WindowsPowerShell\v1.0\;C:\Program Files\Intel\Intel(R) Management Engine Components\DAL;C:\Program Files\Intel\Intel(R) Management Engine Components\IPT;C:\Program Files (x86)\Intel\Intel(R) Management Engine Components\DAL;C:\Program Files (x86)\Intel\Intel(R) Management Engine Components\IPT;C:\Program Files (x86)\Intel\OpenCL SDK\3.0\bin\x86;C:\Program Files (x86)\Intel\OpenCL SDK\3.0\bin\x64;C:\Program Files (x86)\Windows Live\Shared;C:\Program Files (x86)\QuickTime\QTSystem\;C:\Program Files (x86)\Windows Kits\8.1\Windows Performance Toolkit\;C:\Program Files\Microsoft SQL Server\110\Tools\Binn\;C:\Program Files (x86)\Microsoft SDKs\TypeScript\1.0\;C:\Program Fil;C:\MinGW\bin\;C:\Program Files (x86)\CMake\bin\;C:\Users\Ian\Documents\2014W2\CPSC_425\Canopy\User;C:\Users\Ian\Documents\2014W2\CPSC_425\Canopy\User\Scripts;C:\Program Files\Eclipse Luna\eclipse;
USERNAME=Ian
OS=Windows_NT
PROCESSOR_IDENTIFIER=Intel64 Family 6 Model 69 Stepping 1, GenuineIntel



---------------  S Y S T E M  ---------------

OS: Windows 8.1 , 64 bit Build 9600 

CPU:total 4 (2 cores per cpu, 2 threads per core) family 6 model 69 stepping 1, cmov, cx8, fxsr, mmx, sse, sse2, sse3, ssse3, sse4.1, sse4.2, popcnt, avx, avx2, aes, clmul, erms, lzcnt, ht, tsc, tscinvbit, bmi1, bmi2

Memory: 4k page, physical 8291748k(769176k free), swap 11568548k(1967264k free)

vm_info: Java HotSpot(TM) 64-Bit Server VM (25.31-b07) for windows-amd64 JRE (1.8.0_31-b13), built on Dec 17 2014 21:00:28 by "java_re" with MS VC++ 10.0 (VS2010)

time: Sun Apr 12 11:21:16 2015
elapsed time: 22 seconds (0d 0h 0m 22s)

