#
# A fatal error has been detected by the Java Runtime Environment:
#
#  EXCEPTION_ACCESS_VIOLATION (0xc0000005) at pc=0x000000018008ad60, pid=6104, tid=5160
#
# JRE version: Java(TM) SE Runtime Environment (8.0_31-b13) (build 1.8.0_31-b13)
# Java VM: Java HotSpot(TM) 64-Bit Server VM (25.31-b07 mixed mode windows-amd64 compressed oops)
# Problematic frame:
# C  [ig75icd64.dll+0x8ad60]
#
# Failed to write core dump. Minidumps are not enabled by default on client versions of Windows
#
# If you would like to submit a bug report, please visit:
#   http://bugreport.java.com/bugreport/crash.jsp
# The crash happened outside the Java Virtual Machine in native code.
# See problematic frame for where to report the bug.
#

---------------  T H R E A D  ---------------

Current thread (0x0000000019613800):  JavaThread "AWT-EventQueue-0" [_thread_in_native, id=5160, stack(0x000000001b770000,0x000000001b870000)]

siginfo: ExceptionCode=0xc0000005, reading address 0x000000003ae38000

Registers:
RAX=0x0000000000000006, RBX=0x000000001ef940c0, RCX=0x0000000000000000, RDX=0x000000003ae37ff8
RSP=0x000000001b86da70, RBP=0x00000000001ef6f4, RSI=0x000000003ac48918, RDI=0x0000000036e2f6e0
R8 =0x0000000000000074, R9 =0x0000000000000006, R10=0x0000000000000007, R11=0x000000001b86d9c0
R12=0x0000000000000001, R13=0x000000001de7d8a0, R14=0x000000001e713a40, R15=0x000000000000000a
RIP=0x000000018008ad60, EFLAGS=0x0000000000010297

Top of Stack: (sp=0x000000001b86da70)
0x000000001b86da70:   0000000000000000 0000000000000000
0x000000001b86da80:   00000000ff800000 0000000000000000
0x000000001b86da90:   00000000450a7588 000000018008b090
0x000000001b86daa0:   000000001ef940c0 000000001ef940e8
0x000000001b86dab0:   0000000002546e50 000000006db5f7f0
0x000000001b86dac0:   000000001b86db60 000000006daaeb8b
0x000000001b86dad0:   0000000000000000 000000003ac48918
0x000000001b86dae0:   000000001e713a40 00000000001ef6f4
0x000000001b86daf0:   00000000450a7510 000000018006bd52
0x000000001b86db00:   0000000000000000 0000000100000033
0x000000001b86db10:   0000000000000000 000000006db9efa1
0x000000001b86db20:   000000003ac48918 000000006450b500
0x000000001b86db30:   0000000019613901 000000000000000a
0x000000001b86db40:   000000003ac48918 00000000001ef6f4
0x000000001b86db50:   00000000450a7510 000000018006c3ef
0x000000001b86db60:   000000001e713a40 00000000000088e8 

Instructions: (pc=0x000000018008ad60)
0x000000018008ad40:   72 9e 41 83 e0 7f 0f 84 e0 00 00 00 45 8b d0 44
0x000000018008ad50:   8b c9 49 c1 ea 04 4d 85 d2 0f 84 cd 00 00 00 90
0x000000018008ad60:   f3 0f 6f 02 41 ff c1 48 83 c7 10 41 8b c1 48 83
0x000000018008ad70:   c2 10 66 0f e7 47 f0 49 3b c2 72 e4 e9 ab 00 00 


Register to memory mapping:

RAX=0x0000000000000006 is an unknown value
RBX=0x000000001ef940c0 is an unknown value
RCX=0x0000000000000000 is an unknown value
RDX=0x000000003ae37ff8 is an unknown value
RSP=0x000000001b86da70 is pointing into the stack for thread: 0x0000000019613800
RBP=0x00000000001ef6f4 is an unknown value
RSI=0x000000003ac48918 is an unknown value
RDI=0x0000000036e2f6e0 is an unknown value
R8 =0x0000000000000074 is an unknown value
R9 =0x0000000000000006 is an unknown value
R10=0x0000000000000007 is an unknown value
R11=0x000000001b86d9c0 is pointing into the stack for thread: 0x0000000019613800
R12=0x0000000000000001 is an unknown value
R13={method} {0x000000001de7d8a8} 'dispatch_glBufferData' '(IJLjava/lang/Object;IZIJ)V' in 'jogamp/opengl/gl4/GL4bcImpl'
R14=0x000000001e713a40 is an unknown value
R15=0x000000000000000a is an unknown value


Stack: [0x000000001b770000,0x000000001b870000],  sp=0x000000001b86da70,  free space=1014k
Native frames: (J=compiled Java code, j=interpreted, Vv=VM code, C=native code)
C  [ig75icd64.dll+0x8ad60]
C  [ig75icd64.dll+0x8b090]
C  [ig75icd64.dll+0x6bd52]
C  [ig75icd64.dll+0x6c3ef]
C  0x0000000002645b74

Java frames: (J=compiled Java code, j=interpreted, Vv=VM code)
j  jogamp.opengl.gl4.GL4bcImpl.dispatch_glBufferData(IJLjava/lang/Object;IZIJ)V+0
j  jogamp.opengl.gl4.GL4bcImpl.access$000(Ljogamp/opengl/gl4/GL4bcImpl;IJLjava/lang/Object;IZIJ)V+13
j  jogamp.opengl.gl4.GL4bcImpl$1.create(IJLjava/nio/Buffer;IJ)V+52
j  jogamp.opengl.GLBufferObjectTracker.createBufferStorage(Ljogamp/opengl/GLBufferStateTracker;Ljavax/media/opengl/GL;IJLjava/nio/Buffer;IILjogamp/opengl/GLBufferObjectTracker$CreateStorageDispatch;J)V+209
j  jogamp.opengl.gl4.GL4bcImpl.glBufferData(IJLjava/nio/Buffer;I)V+67
j  processing.opengl.PJOGL.bufferData(IILjava/nio/Buffer;I)V+10
j  aviss.visuals.KinectStarCloudGenerator.renderGLPoints(ILjava/nio/FloatBuffer;)V+65
J 1324 C2 aviss.visuals.KinectStarCloudGenerator.renderStarsUsingKinectData()V (323 bytes) @ 0x0000000002b0abd4 [0x0000000002b0a5a0+0x634]
j  aviss.visuals.KinectStarCloudGenerator.run()V+311
j  aviss.applet.AVISSApplet.draw()V+53
j  processing.core.PApplet.handleDraw()V+231
j  processing.opengl.PJOGL$PGLListener.display(Ljavax/media/opengl/GLAutoDrawable;)V+476
j  jogamp.opengl.GLDrawableHelper.displayImpl(Ljavax/media/opengl/GLAutoDrawable;)V+81
j  jogamp.opengl.GLDrawableHelper.display(Ljavax/media/opengl/GLAutoDrawable;)V+2
j  javax.media.opengl.awt.GLCanvas$10.run()V+118
j  jogamp.opengl.GLDrawableHelper.invokeGLImpl(Ljavax/media/opengl/GLDrawable;Ljavax/media/opengl/GLContext;Ljava/lang/Runnable;Ljava/lang/Runnable;)V+206
j  jogamp.opengl.GLDrawableHelper.invokeGL(Ljavax/media/opengl/GLDrawable;Ljavax/media/opengl/GLContext;Ljava/lang/Runnable;Ljava/lang/Runnable;)V+80
j  javax.media.opengl.awt.GLCanvas$11.run()V+73
j  java.awt.event.InvocationEvent.dispatch()V+11
j  java.awt.EventQueue.dispatchEventImpl(Ljava/awt/AWTEvent;Ljava/lang/Object;)V+21
j  java.awt.EventQueue.access$500(Ljava/awt/EventQueue;Ljava/awt/AWTEvent;Ljava/lang/Object;)V+3
j  java.awt.EventQueue$3.run()Ljava/lang/Void;+32
j  java.awt.EventQueue$3.run()Ljava/lang/Object;+1
v  ~StubRoutines::call_stub
J 1283  java.security.AccessController.doPrivileged(Ljava/security/PrivilegedAction;Ljava/security/AccessControlContext;)Ljava/lang/Object; (0 bytes) @ 0x0000000002aeac26 [0x0000000002aeabc0+0x66]
J 1194 C1 java.security.ProtectionDomain$1.doIntersectionPrivilege(Ljava/security/PrivilegedAction;Ljava/security/AccessControlContext;Ljava/security/AccessControlContext;)Ljava/lang/Object; (32 bytes) @ 0x0000000002aadcdc [0x0000000002aad9e0+0x2fc]
j  java.awt.EventQueue.dispatchEvent(Ljava/awt/AWTEvent;)V+46
j  java.awt.EventDispatchThread.pumpOneEventForFilters(I)V+245
j  java.awt.EventDispatchThread.pumpEventsForFilter(ILjava/awt/Conditional;Ljava/awt/EventFilter;)V+35
j  java.awt.EventDispatchThread.pumpEventsForHierarchy(ILjava/awt/Conditional;Ljava/awt/Component;)V+11
j  java.awt.EventDispatchThread.pumpEvents(ILjava/awt/Conditional;)V+4
j  java.awt.EventDispatchThread.pumpEvents(Ljava/awt/Conditional;)V+3
j  java.awt.EventDispatchThread.run()V+9
v  ~StubRoutines::call_stub

---------------  P R O C E S S  ---------------

Java Threads: ( => current thread )
  0x00000000196bf000 JavaThread "Thread-902" [_thread_blocked, id=7684, stack(0x00000000316d0000,0x00000000317d0000)]
  0x00000000196bd000 JavaThread "Thread-6" [_thread_blocked, id=5184, stack(0x00000000237b0000,0x00000000238b0000)]
  0x00000000196bd800 JavaThread "Java Sound Event Dispatcher" daemon [_thread_blocked, id=10144, stack(0x00000000230b0000,0x00000000231b0000)]
  0x0000000019939000 JavaThread "Animation Thread-SharedResourceRunner" daemon [_thread_blocked, id=7840, stack(0x000000001dff0000,0x000000001e0f0000)]
  0x0000000000bae000 JavaThread "DestroyJavaVM" [_thread_blocked, id=8928, stack(0x0000000002370000,0x0000000002470000)]
  0x00000000196d2800 JavaThread "Animation Thread" [_thread_blocked, id=8540, stack(0x000000001ca00000,0x000000001cb00000)]
  0x00000000196c7800 JavaThread "D3D Screen Updater" daemon [_thread_blocked, id=10448, stack(0x000000001be50000,0x000000001bf50000)]
  0x0000000019627000 JavaThread "Image Fetcher 1" daemon [_thread_blocked, id=7456, stack(0x000000001b970000,0x000000001ba70000)]
  0x0000000019626000 JavaThread "Image Fetcher 0" daemon [_thread_blocked, id=10664, stack(0x000000001b870000,0x000000001b970000)]
=>0x0000000019613800 JavaThread "AWT-EventQueue-0" [_thread_in_native, id=5160, stack(0x000000001b770000,0x000000001b870000)]
  0x00000000195e5000 JavaThread "AWT-Windows" daemon [_thread_in_native, id=11172, stack(0x0000000019ee0000,0x0000000019fe0000)]
  0x00000000195e4000 JavaThread "AWT-Shutdown" [_thread_blocked, id=11032, stack(0x0000000019de0000,0x0000000019ee0000)]
  0x0000000018d9d800 JavaThread "Java2D Disposer" daemon [_thread_blocked, id=4988, stack(0x0000000019ce0000,0x0000000019de0000)]
  0x00000000189f5800 JavaThread "Service Thread" daemon [_thread_blocked, id=7768, stack(0x0000000018de0000,0x0000000018ee0000)]
  0x00000000171c9800 JavaThread "C1 CompilerThread2" daemon [_thread_blocked, id=8000, stack(0x00000000188e0000,0x00000000189e0000)]
  0x00000000171a8800 JavaThread "C2 CompilerThread1" daemon [_thread_blocked, id=6176, stack(0x00000000187e0000,0x00000000188e0000)]
  0x000000001718d800 JavaThread "C2 CompilerThread0" daemon [_thread_blocked, id=7244, stack(0x00000000186e0000,0x00000000187e0000)]
  0x000000001718c000 JavaThread "Attach Listener" daemon [_thread_blocked, id=2276, stack(0x00000000185e0000,0x00000000186e0000)]
  0x000000001718b000 JavaThread "Signal Dispatcher" daemon [_thread_blocked, id=4332, stack(0x00000000184e0000,0x00000000185e0000)]
  0x0000000002624000 JavaThread "Finalizer" daemon [_thread_blocked, id=716, stack(0x00000000183e0000,0x00000000184e0000)]
  0x0000000017157800 JavaThread "Reference Handler" daemon [_thread_blocked, id=7988, stack(0x00000000182e0000,0x00000000183e0000)]

Other Threads:
  0x0000000017156000 VMThread [stack: 0x00000000181e0000,0x00000000182e0000] [id=8956]
  0x0000000018a10800 WatcherThread [stack: 0x0000000018ee0000,0x0000000018fe0000] [id=9608]

VM state:not at safepoint (normal execution)

VM Mutex/Monitor currently owned by a thread: None

Heap:
 PSYoungGen      total 276992K, used 135005K [0x00000000d5d00000, 0x00000000eff80000, 0x0000000100000000)
  eden space 227328K, 52% used [0x00000000d5d00000,0x00000000dd262a68,0x00000000e3b00000)
  from space 49664K, 29% used [0x00000000e9180000,0x00000000e9ff4be8,0x00000000ec200000)
  to   space 88576K, 0% used [0x00000000e3b00000,0x00000000e3b00000,0x00000000e9180000)
 ParOldGen       total 268288K, used 150489K [0x0000000081600000, 0x0000000091c00000, 0x00000000d5d00000)
  object space 268288K, 56% used [0x0000000081600000,0x000000008a8f6650,0x0000000091c00000)
 Metaspace       used 17701K, capacity 17869K, committed 18048K, reserved 1064960K
  class space    used 1815K, capacity 1887K, committed 1920K, reserved 1048576K

Card table byte_map: [0x00000000119f0000,0x0000000011df0000] byte_map_base: 0x00000000115e5000

Marking Bits: (ParMarkBitMap*) 0x000000006e15d4f0
 Begin Bits: [0x00000000124a0000, 0x0000000014448000)
 End Bits:   [0x0000000014448000, 0x00000000163f0000)

Polling page: 0x0000000000b90000

CodeCache: size=245760Kb used=4971Kb max_used=4971Kb free=240788Kb
 bounds [0x0000000002630000, 0x0000000002b10000, 0x0000000011630000]
 total_blobs=2229 nmethods=1333 adapters=810
 compilation: enabled

Compilation events (10 events):
Event: 9.131 Thread 0x00000000171c9800 1330       3       jogamp.opengl.GLBufferStateTracker::setBoundBufferObject (76 bytes)
Event: 9.131 Thread 0x00000000171c9800 nmethod 1330 0x0000000002b09b50 code [0x0000000002b09cc0, 0x0000000002b09eb8]
Event: 9.131 Thread 0x00000000171c9800 1331       3       processing.opengl.PJOGL::bindBuffer (12 bytes)
Event: 9.131 Thread 0x00000000171c9800 nmethod 1331 0x0000000002b096d0 code [0x0000000002b09840, 0x0000000002b09a68]
Event: 9.228 Thread 0x00000000171c9800 1333   !   3       java.awt.EventQueue::setCurrentEventAndMostRecentTimeImpl (185 bytes)
Event: 9.230 Thread 0x00000000171c9800 nmethod 1333 0x0000000002b0c1d0 code [0x0000000002b0c440, 0x0000000002b0da78]
Event: 9.230 Thread 0x00000000171c9800 1334       3       sun.reflect.UTF8::utf8Length (81 bytes)
Event: 9.232 Thread 0x00000000171c9800 nmethod 1334 0x0000000002b0e150 code [0x0000000002b0e300, 0x0000000002b0e948]
Event: 9.232 Thread 0x00000000171c9800 1335       3       sun.reflect.ClassFileAssembler::cpi (22 bytes)
Event: 9.232 Thread 0x00000000171c9800 nmethod 1335 0x0000000002b09290 code [0x0000000002b09400, 0x0000000002b09628]

GC Heap History (10 events):
Event: 4.196 GC heap before
{Heap before GC invocations=4 (full 0):
 PSYoungGen      total 71680K, used 71664K [0x00000000d5d00000, 0x00000000de900000, 0x0000000100000000)
  eden space 66560K, 100% used [0x00000000d5d00000,0x00000000d9e00000,0x00000000d9e00000)
  from space 5120K, 99% used [0x00000000d9e00000,0x00000000da2fc050,0x00000000da300000)
  to   space 5120K, 0% used [0x00000000de400000,0x00000000de400000,0x00000000de900000)
 ParOldGen       total 87552K, used 800K [0x0000000081600000, 0x0000000086b80000, 0x00000000d5d00000)
  object space 87552K, 0% used [0x0000000081600000,0x00000000816c81e8,0x0000000086b80000)
 Metaspace       used 17373K, capacity 17533K, committed 17792K, reserved 1064960K
  class space    used 1782K, capacity 1821K, committed 1920K, reserved 1048576K
Event: 4.221 GC heap after
Heap after GC invocations=4 (full 0):
 PSYoungGen      total 138240K, used 4944K [0x00000000d5d00000, 0x00000000de900000, 0x0000000100000000)
  eden space 133120K, 0% used [0x00000000d5d00000,0x00000000d5d00000,0x00000000ddf00000)
  from space 5120K, 96% used [0x00000000de400000,0x00000000de8d4050,0x00000000de900000)
  to   space 5120K, 0% used [0x00000000ddf00000,0x00000000ddf00000,0x00000000de400000)
 ParOldGen       total 87552K, used 808K [0x0000000081600000, 0x0000000086b80000, 0x00000000d5d00000)
  object space 87552K, 0% used [0x0000000081600000,0x00000000816ca1e8,0x0000000086b80000)
 Metaspace       used 17373K, capacity 17533K, committed 17792K, reserved 1064960K
  class space    used 1782K, capacity 1821K, committed 1920K, reserved 1048576K
}
Event: 4.439 GC heap before
{Heap before GC invocations=5 (full 0):
 PSYoungGen      total 138240K, used 137959K [0x00000000d5d00000, 0x00000000de900000, 0x0000000100000000)
  eden space 133120K, 99% used [0x00000000d5d00000,0x00000000ddee5f00,0x00000000ddf00000)
  from space 5120K, 96% used [0x00000000de400000,0x00000000de8d4050,0x00000000de900000)
  to   space 5120K, 0% used [0x00000000ddf00000,0x00000000ddf00000,0x00000000de400000)
 ParOldGen       total 87552K, used 808K [0x0000000081600000, 0x0000000086b80000, 0x00000000d5d00000)
  object space 87552K, 0% used [0x0000000081600000,0x00000000816ca1e8,0x0000000086b80000)
 Metaspace       used 17470K, capacity 17597K, committed 17792K, reserved 1064960K
  class space    used 1788K, capacity 1821K, committed 1920K, reserved 1048576K
Event: 4.483 GC heap after
Heap after GC invocations=5 (full 0):
 PSYoungGen      total 138240K, used 5108K [0x00000000d5d00000, 0x00000000ec200000, 0x0000000100000000)
  eden space 133120K, 0% used [0x00000000d5d00000,0x00000000d5d00000,0x00000000ddf00000)
  from space 5120K, 99% used [0x00000000ddf00000,0x00000000de3fd060,0x00000000de400000)
  to   space 49664K, 0% used [0x00000000e9180000,0x00000000e9180000,0x00000000ec200000)
 ParOldGen       total 87552K, used 65188K [0x0000000081600000, 0x0000000086b80000, 0x00000000d5d00000)
  object space 87552K, 74% used [0x0000000081600000,0x00000000855a9158,0x0000000086b80000)
 Metaspace       used 17470K, capacity 17597K, committed 17792K, reserved 1064960K
  class space    used 1788K, capacity 1821K, committed 1920K, reserved 1048576K
}
Event: 4.483 GC heap before
{Heap before GC invocations=6 (full 1):
 PSYoungGen      total 138240K, used 5108K [0x00000000d5d00000, 0x00000000ec200000, 0x0000000100000000)
  eden space 133120K, 0% used [0x00000000d5d00000,0x00000000d5d00000,0x00000000ddf00000)
  from space 5120K, 99% used [0x00000000ddf00000,0x00000000de3fd060,0x00000000de400000)
  to   space 49664K, 0% used [0x00000000e9180000,0x00000000e9180000,0x00000000ec200000)
 ParOldGen       total 87552K, used 65188K [0x0000000081600000, 0x0000000086b80000, 0x00000000d5d00000)
  object space 87552K, 74% used [0x0000000081600000,0x00000000855a9158,0x0000000086b80000)
 Metaspace       used 17470K, capacity 17597K, committed 17792K, reserved 1064960K
  class space    used 1788K, capacity 1821K, committed 1920K, reserved 1048576K
Event: 4.572 GC heap after
Heap after GC invocations=6 (full 1):
 PSYoungGen      total 138240K, used 0K [0x00000000d5d00000, 0x00000000ec200000, 0x0000000100000000)
  eden space 133120K, 0% used [0x00000000d5d00000,0x00000000d5d00000,0x00000000ddf00000)
  from space 5120K, 0% used [0x00000000ddf00000,0x00000000ddf00000,0x00000000de400000)
  to   space 49664K, 0% used [0x00000000e9180000,0x00000000e9180000,0x00000000ec200000)
 ParOldGen       total 150528K, used 69417K [0x0000000081600000, 0x000000008a900000, 0x00000000d5d00000)
  object space 150528K, 46% used [0x0000000081600000,0x00000000859ca560,0x000000008a900000)
 Metaspace       used 17469K, capacity 17595K, committed 17792K, reserved 1064960K
  class space    used 1787K, capacity 1820K, committed 1920K, reserved 1048576K
}
Event: 5.724 GC heap before
{Heap before GC invocations=7 (full 1):
 PSYoungGen      total 138240K, used 132295K [0x00000000d5d00000, 0x00000000ec200000, 0x0000000100000000)
  eden space 133120K, 99% used [0x00000000d5d00000,0x00000000dde31c10,0x00000000ddf00000)
  from space 5120K, 0% used [0x00000000ddf00000,0x00000000ddf00000,0x00000000de400000)
  to   space 49664K, 0% used [0x00000000e9180000,0x00000000e9180000,0x00000000ec200000)
 ParOldGen       total 150528K, used 69417K [0x0000000081600000, 0x000000008a900000, 0x00000000d5d00000)
  object space 150528K, 46% used [0x0000000081600000,0x00000000859ca560,0x000000008a900000)
 Metaspace       used 17575K, capacity 17755K, committed 18048K, reserved 1064960K
  class space    used 1799K, capacity 1852K, committed 1920K, reserved 1048576K
Event: 5.875 GC heap after
Heap after GC invocations=7 (full 1):
 PSYoungGen      total 276992K, used 49640K [0x00000000d5d00000, 0x00000000eff80000, 0x0000000100000000)
  eden space 227328K, 0% used [0x00000000d5d00000,0x00000000d5d00000,0x00000000e3b00000)
  from space 49664K, 99% used [0x00000000e9180000,0x00000000ec1fa0a0,0x00000000ec200000)
  to   space 88576K, 0% used [0x00000000e3b00000,0x00000000e3b00000,0x00000000e9180000)
 ParOldGen       total 150528K, used 115930K [0x0000000081600000, 0x000000008a900000, 0x00000000d5d00000)
  object space 150528K, 77% used [0x0000000081600000,0x0000000088736bb8,0x000000008a900000)
 Metaspace       used 17575K, capacity 17755K, committed 18048K, reserved 1064960K
  class space    used 1799K, capacity 1852K, committed 1920K, reserved 1048576K
}
Event: 5.876 GC heap before
{Heap before GC invocations=8 (full 2):
 PSYoungGen      total 276992K, used 49640K [0x00000000d5d00000, 0x00000000eff80000, 0x0000000100000000)
  eden space 227328K, 0% used [0x00000000d5d00000,0x00000000d5d00000,0x00000000e3b00000)
  from space 49664K, 99% used [0x00000000e9180000,0x00000000ec1fa0a0,0x00000000ec200000)
  to   space 88576K, 0% used [0x00000000e3b00000,0x00000000e3b00000,0x00000000e9180000)
 ParOldGen       total 150528K, used 115930K [0x0000000081600000, 0x000000008a900000, 0x00000000d5d00000)
  object space 150528K, 77% used [0x0000000081600000,0x0000000088736bb8,0x000000008a900000)
 Metaspace       used 17575K, capacity 17755K, committed 18048K, reserved 1064960K
  class space    used 1799K, capacity 1852K, committed 1920K, reserved 1048576K
Event: 6.943 GC heap after
Heap after GC invocations=8 (full 2):
 PSYoungGen      total 276992K, used 14802K [0x00000000d5d00000, 0x00000000eff80000, 0x0000000100000000)
  eden space 227328K, 0% used [0x00000000d5d00000,0x00000000d5d00000,0x00000000e3b00000)
  from space 49664K, 29% used [0x00000000e9180000,0x00000000e9ff4be8,0x00000000ec200000)
  to   space 88576K, 0% used [0x00000000e3b00000,0x00000000e3b00000,0x00000000e9180000)
 ParOldGen       total 268288K, used 150489K [0x0000000081600000, 0x0000000091c00000, 0x00000000d5d00000)
  object space 268288K, 56% used [0x0000000081600000,0x000000008a8f6650,0x0000000091c00000)
 Metaspace       used 17575K, capacity 17755K, committed 18048K, reserved 1064960K
  class space    used 1799K, capacity 1852K, committed 1920K, reserved 1048576K
}

Deoptimization events (10 events):
Event: 5.192 Thread 0x0000000019613800 Uncommon trap: reason=class_check action=maybe_recompile pc=0x00000000029a0340 method=com.jogamp.common.nio.Buffers.isDirect(Ljava/lang/Object;)Z @ 13
Event: 5.192 Thread 0x0000000019613800 Uncommon trap: reason=class_check action=maybe_recompile pc=0x00000000029a1844 method=com.jogamp.common.nio.Buffers.getDirectBufferByteOffset(Ljava/lang/Object;)I @ 7
Event: 5.192 Thread 0x0000000019613800 Uncommon trap: reason=class_check action=maybe_recompile pc=0x00000000029a0340 method=com.jogamp.common.nio.Buffers.isDirect(Ljava/lang/Object;)Z @ 13
Event: 5.192 Thread 0x0000000019613800 Uncommon trap: reason=class_check action=maybe_recompile pc=0x00000000029a1844 method=com.jogamp.common.nio.Buffers.getDirectBufferByteOffset(Ljava/lang/Object;)I @ 7
Event: 5.193 Thread 0x0000000019613800 Uncommon trap: reason=class_check action=maybe_recompile pc=0x00000000029a0340 method=com.jogamp.common.nio.Buffers.isDirect(Ljava/lang/Object;)Z @ 13
Event: 5.193 Thread 0x0000000019613800 Uncommon trap: reason=class_check action=maybe_recompile pc=0x00000000029a1844 method=com.jogamp.common.nio.Buffers.getDirectBufferByteOffset(Ljava/lang/Object;)I @ 7
Event: 5.362 Thread 0x00000000196d2800 Uncommon trap: reason=class_check action=maybe_recompile pc=0x00000000029a0340 method=com.jogamp.common.nio.Buffers.isDirect(Ljava/lang/Object;)Z @ 13
Event: 5.362 Thread 0x00000000196d2800 Uncommon trap: reason=class_check action=maybe_recompile pc=0x00000000029a1844 method=com.jogamp.common.nio.Buffers.getDirectBufferByteOffset(Ljava/lang/Object;)I @ 7
Event: 7.100 Thread 0x0000000019613800 Uncommon trap: reason=null_check action=make_not_entrant pc=0x0000000002ac479c method=aviss.visuals.KinectStarCloudGenerator.renderStars()V @ 29
Event: 7.552 Thread 0x0000000019613800 Uncommon trap: reason=class_check action=maybe_recompile pc=0x0000000002a61c00 method=java.util.LinkedHashMap.afterNodeInsertion(Z)V @ 15

Internal exceptions (10 events):
Event: 4.582 Thread 0x0000000019613800 Exception <a 'java/security/PrivilegedActionException'> (0x00000000d5ec6188) thrown at [C:\workspace\8-2-build-windows-amd64-cygwin\jdk8u31\2394\hotspot\src\share\vm\prims\jvm.cpp, line 1312]
Event: 4.771 Thread 0x0000000019613800 Exception <a 'java/security/PrivilegedActionException'> (0x00000000d5f12ee0) thrown at [C:\workspace\8-2-build-windows-amd64-cygwin\jdk8u31\2394\hotspot\src\share\vm\prims\jvm.cpp, line 1312]
Event: 5.283 Thread 0x00000000196d2800 Exception <a 'java/security/PrivilegedActionException'> (0x00000000dd2bbe78) thrown at [C:\workspace\8-2-build-windows-amd64-cygwin\jdk8u31\2394\hotspot\src\share\vm\prims\jvm.cpp, line 1312]
Event: 5.356 Thread 0x00000000196d2800 Exception <a 'java/security/PrivilegedActionException'> (0x00000000dd2be898) thrown at [C:\workspace\8-2-build-windows-amd64-cygwin\jdk8u31\2394\hotspot\src\share\vm\prims\jvm.cpp, line 1312]
Event: 5.375 Thread 0x00000000196d2800 Exception <a 'java/lang/reflect/InvocationTargetException'> (0x00000000dd2c7650) thrown at [C:\workspace\8-2-build-windows-amd64-cygwin\jdk8u31\2394\hotspot\src\share\vm\runtime\reflection.cpp, line 1080]
Event: 6.943 Thread 0x0000000002624000 Exception <a 'java/security/PrivilegedActionException'> (0x00000000d5fe1ca0) thrown at [C:\workspace\8-2-build-windows-amd64-cygwin\jdk8u31\2394\hotspot\src\share\vm\prims\jvm.cpp, line 1312]
Event: 7.005 Thread 0x0000000019613800 Exception <a 'java/security/PrivilegedActionException'> (0x00000000d66c41a8) thrown at [C:\workspace\8-2-build-windows-amd64-cygwin\jdk8u31\2394\hotspot\src\share\vm\prims\jvm.cpp, line 1312]
Event: 7.100 Thread 0x0000000019613800 Implicit null exception at 0x0000000002ac45fe to 0x0000000002ac4783
Event: 7.449 Thread 0x0000000019613800 Exception <a 'java/security/PrivilegedActionException'> (0x00000000d7c5efe0) thrown at [C:\workspace\8-2-build-windows-amd64-cygwin\jdk8u31\2394\hotspot\src\share\vm\prims\jvm.cpp, line 1312]
Event: 8.616 Thread 0x0000000019613800 Exception <a 'java/security/PrivilegedActionException'> (0x00000000db232d10) thrown at [C:\workspace\8-2-build-windows-amd64-cygwin\jdk8u31\2394\hotspot\src\share\vm\prims\jvm.cpp, line 1312]

Events (10 events):
Event: 8.950 Thread 0x0000000019613800 DEOPT PACKING pc=0x0000000002b020af sp=0x000000001b86dfc0
Event: 8.950 Thread 0x0000000019613800 DEOPT UNPACKING pc=0x00000000026775bf sp=0x000000001b86dda0 mode 0
Event: 8.961 Thread 0x00000000196c0800 Thread added: 0x00000000196c0800
Event: 8.984 Executing VM operation: RevokeBias
Event: 8.985 Executing VM operation: RevokeBias done
Event: 8.985 Thread 0x00000000196c0800 Thread exited: 0x00000000196c0800
Event: 9.130 Thread 0x00000000196be800 Thread added: 0x00000000196be800
Event: 9.135 Executing VM operation: RevokeBias
Event: 9.135 Executing VM operation: RevokeBias done
Event: 9.135 Thread 0x00000000196be800 Thread exited: 0x00000000196be800


Dynamic libraries:
0x00007ff7861d0000 - 0x00007ff786204000 	C:\Program Files\Java\jre1.8.0_31\bin\javaw.exe
0x00007ffe08660000 - 0x00007ffe0880c000 	C:\WINDOWS\SYSTEM32\ntdll.dll
0x00007ffe08510000 - 0x00007ffe0864e000 	C:\WINDOWS\system32\KERNEL32.DLL
0x00007ffe058d0000 - 0x00007ffe059e5000 	C:\WINDOWS\system32\KERNELBASE.dll
0x00007ffe03e60000 - 0x00007ffe03eee000 	C:\WINDOWS\system32\apphelp.dll
0x00007ffde3550000 - 0x00007ffde35a3000 	C:\WINDOWS\AppPatch\AppPatch64\AcGenral.DLL
0x00007ffe063e0000 - 0x00007ffe0648a000 	C:\WINDOWS\system32\msvcrt.dll
0x00007ffe05650000 - 0x00007ffe0567e000 	C:\WINDOWS\SYSTEM32\SspiCli.dll
0x00007ffe06380000 - 0x00007ffe063d4000 	C:\WINDOWS\system32\SHLWAPI.dll
0x00007ffe05ce0000 - 0x00007ffe05e57000 	C:\WINDOWS\system32\USER32.dll
0x00007ffe08220000 - 0x00007ffe083b4000 	C:\WINDOWS\system32\ole32.dll
0x00007ffe06880000 - 0x00007ffe07d98000 	C:\WINDOWS\system32\SHELL32.dll
0x00007ffe04dd0000 - 0x00007ffe04df1000 	C:\WINDOWS\SYSTEM32\USERENV.dll
0x00007ffe07f00000 - 0x00007ffe07faa000 	C:\WINDOWS\system32\ADVAPI32.dll
0x00007ffdfeaf0000 - 0x00007ffdfeb0e000 	C:\WINDOWS\SYSTEM32\MPR.dll
0x00007ffe083c0000 - 0x00007ffe08501000 	C:\WINDOWS\system32\RPCRT4.dll
0x00007ffe062b0000 - 0x00007ffe06309000 	C:\WINDOWS\SYSTEM32\sechost.dll
0x00007ffe06030000 - 0x00007ffe06241000 	C:\WINDOWS\SYSTEM32\combase.dll
0x00007ffe07da0000 - 0x00007ffe07ef1000 	C:\WINDOWS\system32\GDI32.dll
0x00007ffe057b0000 - 0x00007ffe057c5000 	C:\WINDOWS\SYSTEM32\profapi.dll
0x00007ffe01280000 - 0x00007ffe01332000 	C:\WINDOWS\SYSTEM32\SHCORE.dll
0x00007ffe081e0000 - 0x00007ffe08216000 	C:\WINDOWS\system32\IMM32.DLL
0x00007ffe07fb0000 - 0x00007ffe08101000 	C:\WINDOWS\system32\MSCTF.dll
0x00007ffe00c60000 - 0x00007ffe00edb000 	C:\WINDOWS\WinSxS\amd64_microsoft.windows.common-controls_6595b64144ccf1df_6.0.9600.17415_none_6240486fecbd8abb\COMCTL32.dll
0x000000006d800000 - 0x000000006d8d2000 	C:\Program Files\Java\jre1.8.0_31\bin\msvcr100.dll
0x000000006d980000 - 0x000000006e1da000 	C:\Program Files\Java\jre1.8.0_31\bin\server\jvm.dll
0x00007ffdf9af0000 - 0x00007ffdf9af9000 	C:\WINDOWS\SYSTEM32\WSOCK32.dll
0x00007ffe00820000 - 0x00007ffe00842000 	C:\WINDOWS\SYSTEM32\WINMM.dll
0x00007ffe08650000 - 0x00007ffe08657000 	C:\WINDOWS\system32\PSAPI.DLL
0x00007ffe06550000 - 0x00007ffe065aa000 	C:\WINDOWS\system32\WS2_32.dll
0x00007ffe007f0000 - 0x00007ffe0081a000 	C:\WINDOWS\SYSTEM32\WINMMBASE.dll
0x00007ffe081d0000 - 0x00007ffe081d9000 	C:\WINDOWS\system32\NSI.dll
0x00007ffe05880000 - 0x00007ffe058cf000 	C:\WINDOWS\SYSTEM32\cfgmgr32.dll
0x00007ffe045c0000 - 0x00007ffe045e8000 	C:\WINDOWS\SYSTEM32\DEVOBJ.dll
0x000000006d970000 - 0x000000006d97f000 	C:\Program Files\Java\jre1.8.0_31\bin\verify.dll
0x000000006d940000 - 0x000000006d968000 	C:\Program Files\Java\jre1.8.0_31\bin\java.dll
0x000000006d920000 - 0x000000006d936000 	C:\Program Files\Java\jre1.8.0_31\bin\zip.dll
0x000000006d660000 - 0x000000006d7f8000 	C:\Program Files\Java\jre1.8.0_31\bin\awt.dll
0x00007ffe065d0000 - 0x00007ffe06691000 	C:\WINDOWS\system32\OLEAUT32.dll
0x00007ffe01080000 - 0x00007ffe010a1000 	C:\WINDOWS\system32\DWMAPI.DLL
0x00007ffe04420000 - 0x00007ffe04549000 	C:\WINDOWS\system32\uxtheme.dll
0x00007ffdf0120000 - 0x00007ffdf01cb000 	C:\Program Files\Common Files\microsoft shared\ink\tiptsf.dll
0x00007ffe04610000 - 0x00007ffe0461b000 	C:\WINDOWS\SYSTEM32\kernel.appcore.dll
0x00007ffe056f0000 - 0x00007ffe056fb000 	C:\WINDOWS\SYSTEM32\CRYPTBASE.dll
0x00007ffe05680000 - 0x00007ffe056e3000 	C:\WINDOWS\SYSTEM32\bcryptPrimitives.dll
0x00007ffdf1d80000 - 0x00007ffdf1fa1000 	C:\WINDOWS\system32\d3d9.dll
0x00007ffdfef30000 - 0x00007ffdfef3a000 	C:\WINDOWS\SYSTEM32\VERSION.dll
0x00007ffdd8230000 - 0x00007ffdd9b11000 	C:\WINDOWS\SYSTEM32\igdumdim64.dll
0x00007ffe015f0000 - 0x00007ffe01a50000 	C:\WINDOWS\SYSTEM32\igdusc64.dll
0x000000006d610000 - 0x000000006d657000 	C:\Program Files\Java\jre1.8.0_31\bin\fontmanager.dll
0x00007ffdf9170000 - 0x00007ffdf91da000 	C:\WINDOWS\SYSTEM32\oleacc.dll
0x00007ffe06490000 - 0x00007ffe06546000 	C:\WINDOWS\SYSTEM32\clbcatq.dll
0x00007ffe050f0000 - 0x00007ffe05110000 	C:\WINDOWS\SYSTEM32\CRYPTSP.dll
0x00007ffe04cc0000 - 0x00007ffe04cf6000 	C:\WINDOWS\system32\rsaenh.dll
0x00007ffe05340000 - 0x00007ffe05366000 	C:\WINDOWS\SYSTEM32\bcrypt.dll
0x000000006d900000 - 0x000000006d91a000 	C:\Program Files\Java\jre1.8.0_31\bin\net.dll
0x00007ffe05090000 - 0x00007ffe050e9000 	C:\WINDOWS\system32\mswsock.dll
0x00007ffe00780000 - 0x00007ffe007aa000 	C:\WINDOWS\SYSTEM32\IPHLPAPI.DLL
0x00007ffe00750000 - 0x00007ffe0075a000 	C:\WINDOWS\SYSTEM32\WINNSI.DLL
0x00007ffe005d0000 - 0x00007ffe005e6000 	C:\WINDOWS\SYSTEM32\dhcpcsvc6.DLL
0x00007ffe005b0000 - 0x00007ffe005ca000 	C:\WINDOWS\SYSTEM32\dhcpcsvc.DLL
0x000000006d8e0000 - 0x000000006d8f1000 	C:\Program Files\Java\jre1.8.0_31\bin\nio.dll
0x00000000637c0000 - 0x00000000637cd000 	C:\Users\Ian\AppData\Local\Temp\jogamp_0000\file_cache\jln2088702055396160876\jln263315959393380726\gluegen-rt.dll
0x000000006d600000 - 0x000000006d607000 	C:\Program Files\Java\jre1.8.0_31\bin\jawt.dll
0x000000006a440000 - 0x000000006a44d000 	C:\Users\Ian\AppData\Local\Temp\jogamp_0000\file_cache\jln2088702055396160876\jln263315959393380726\nativewindow_awt.dll
0x000000006c100000 - 0x000000006c10f000 	C:\Users\Ian\AppData\Local\Temp\jogamp_0000\file_cache\jln2088702055396160876\jln263315959393380726\nativewindow_win32.dll
0x00007ffdeba50000 - 0x00007ffdebb7b000 	C:\WINDOWS\SYSTEM32\OpenGL32.dll
0x00007ffdeba20000 - 0x00007ffdeba4e000 	C:\WINDOWS\SYSTEM32\GLU32.dll
0x00007ffdeb920000 - 0x00007ffdeba18000 	C:\WINDOWS\SYSTEM32\DDRAW.dll
0x00007ffdeb800000 - 0x00007ffdeb809000 	C:\WINDOWS\SYSTEM32\DCIMAN32.dll
0x0000000064500000 - 0x00000000645a0000 	C:\Users\Ian\AppData\Local\Temp\jogamp_0000\file_cache\jln2088702055396160876\jln263315959393380726\jogl_desktop.dll
0x0000000180000000 - 0x00000001807de000 	C:\WINDOWS\SYSTEM32\ig75icd64.dll
0x00007ffe04e00000 - 0x00007ffe04e46000 	C:\WINDOWS\SYSTEM32\powrprof.dll
0x000000006d5f0000 - 0x000000006d5fc000 	C:\Program Files\Java\jre1.8.0_31\bin\jsound.dll
0x000000006d5e0000 - 0x000000006d5eb000 	C:\Program Files\Java\jre1.8.0_31\bin\jsoundds.dll
0x00007ffde3c80000 - 0x00007ffde3d1d000 	C:\WINDOWS\SYSTEM32\DSOUND.dll
0x00007ffe00bc0000 - 0x00007ffe00c30000 	C:\WINDOWS\SYSTEM32\MMDevAPI.DLL
0x00007ffdf3bd0000 - 0x00007ffdf3c0e000 	C:\WINDOWS\SYSTEM32\wdmaud.drv
0x00007ffe00850000 - 0x00007ffe00858000 	C:\WINDOWS\SYSTEM32\ksuser.dll
0x00007ffe03c50000 - 0x00007ffe03c5c000 	C:\WINDOWS\SYSTEM32\AVRT.dll
0x00007ffdf8dd0000 - 0x00007ffdf8e4e000 	C:\WINDOWS\SYSTEM32\AUDIOSES.DLL
0x00007ffdfa530000 - 0x00007ffdfa53b000 	C:\WINDOWS\SYSTEM32\msacm32.drv
0x00007ffdf9bc0000 - 0x00007ffdf9bdc000 	C:\WINDOWS\SYSTEM32\MSACM32.dll
0x00007ffdf9bb0000 - 0x00007ffdf9bba000 	C:\WINDOWS\SYSTEM32\midimap.dll
0x00007ffde27c0000 - 0x00007ffde295c000 	C:\Users\Ian\workspace\AVISS\lib\Kinect20.Face.dll
0x00007ffdeede0000 - 0x00007ffdeee87000 	C:\WINDOWS\SYSTEM32\MSVCP110.dll
0x00007ffdf8fc0000 - 0x00007ffdf9094000 	C:\WINDOWS\SYSTEM32\MSVCR110.dll
0x00007ffdfa560000 - 0x00007ffdfa570000 	C:\Users\Ian\workspace\AVISS\lib\KinectPV2.dll
0x00007ffde33b0000 - 0x00007ffde346a000 	C:\WINDOWS\SYSTEM32\Kinect20.dll
0x00007ffdeeee0000 - 0x00007ffdeefcb000 	C:\WINDOWS\SYSTEM32\MFPlat.DLL
0x00007ffdeedb0000 - 0x00007ffdeedd7000 	C:\WINDOWS\SYSTEM32\RTWorkQ.DLL
0x00007ffdefbc0000 - 0x00007ffdefd4a000 	C:\WINDOWS\SYSTEM32\dbghelp.dll

VM Arguments:
jvm_args: -Djava.library.path=C:\Users\Ian\workspace\AVISS\lib -Dfile.encoding=Cp1252 
java_command: aviss.applet.AVISSApplet
java_class_path (initial): C:\Users\Ian\workspace\AVISS\bin;C:\Users\Ian\workspace\AVISS\lib\commons-collections4-4.0.jar;C:\Users\Ian\workspace\AVISS\lib\core.jar;C:\Users\Ian\workspace\AVISS\lib\G4P.jar;C:\Users\Ian\workspace\AVISS\lib\gluegen-rt-natives-linux-amd64.jar;C:\Users\Ian\workspace\AVISS\lib\gluegen-rt-natives-linux-armv6hf.jar;C:\Users\Ian\workspace\AVISS\lib\gluegen-rt-natives-linux-i586.jar;C:\Users\Ian\workspace\AVISS\lib\gluegen-rt-natives-macosx-universal.jar;C:\Users\Ian\workspace\AVISS\lib\gluegen-rt-natives-windows-amd64.jar;C:\Users\Ian\workspace\AVISS\lib\gluegen-rt-natives-windows-i586.jar;C:\Users\Ian\workspace\AVISS\lib\gluegen-rt.jar;C:\Users\Ian\workspace\AVISS\lib\il_hemesh.jar;C:\Users\Ian\workspace\AVISS\lib\javolution-6.1.0.jar;C:\Users\Ian\workspace\AVISS\lib\jl1.0.jar;C:\Users\Ian\workspace\AVISS\lib\jogl-all-natives-linux-amd64.jar;C:\Users\Ian\workspace\AVISS\lib\jogl-all-natives-linux-armv6hf.jar;C:\Users\Ian\workspace\AVISS\lib\jogl-all-natives-linux-i586.jar;C:\Users\Ian\workspace\AVISS\lib\jogl-all-natives-macosx-universal.jar;C:\Users\Ian\workspace\AVISS\lib\jogl-all-natives-windows-amd64.jar;C:\Users\Ian\workspace\AVISS\lib\jogl-all-natives-windows-i586.jar;C:\Users\Ian\workspace\AVISS\lib\jogl-all.jar;C:\Users\Ian\workspace\AVISS\lib\jsminim.jar;C:\Users\Ian\workspace\AVISS\lib\jts.jar;C:\Users\Ian\workspace\AVISS\lib\KinectPV2.jar;C:\Users\Ian\workspace\AVISS\lib\log4j-1.2.17.jar;C:\Users\Ian\workspace\AVISS\lib\miglayout15-swing.jar;C:\Users\Ian\workspace\AVISS\lib\minim.jar;C:\Users\Ian\workspace\AVISS\lib\mp3spi1.9.4.jar;C:\Users\Ian\workspace\AVISS\lib\opal-1.0.1.jar;C:\Users\Ian\workspace\AVISS\lib\peasycam.jar;C:\Users\Ian\workspace\AVISS\lib\swt.jar;C:\Users\Ian\workspace\AVISS\lib\tritonus_aos.jar;C:\Users\Ian\workspace\AVISS\lib\tritonus_share.jar;C:\Users\Ian\workspace\AVISS\lib\trove-3.1a1.jar
Launcher Type: SUN_STANDARD

Environment Variables:
PATH=C:/Program Files/Java/jre1.8.0_31/bin/server;C:/Program Files/Java/jre1.8.0_31/bin;C:/Program Files/Java/jre1.8.0_31/lib/amd64;C:\MinGW\bin\;C:\Python34\;C:\Python34\Scripts;C:\ProgramData\Oracle\Java\javapath;c:\Program Files (x86)\Intel\iCLS Client\;c:\Program Files\Intel\iCLS Client\;C:\WINDOWS\system32;C:\WINDOWS;C:\WINDOWS\System32\Wbem;C:\WINDOWS\System32\WindowsPowerShell\v1.0\;C:\Program Files\Intel\Intel(R) Management Engine Components\DAL;C:\Program Files\Intel\Intel(R) Management Engine Components\IPT;C:\Program Files (x86)\Intel\Intel(R) Management Engine Components\DAL;C:\Program Files (x86)\Intel\Intel(R) Management Engine Components\IPT;C:\Program Files (x86)\Intel\OpenCL SDK\3.0\bin\x86;C:\Program Files (x86)\Intel\OpenCL SDK\3.0\bin\x64;C:\Program Files (x86)\Windows Live\Shared;C:\Program Files (x86)\QuickTime\QTSystem\;C:\Program Files (x86)\Windows Kits\8.1\Windows Performance Toolkit\;C:\Program Files\Microsoft SQL Server\110\Tools\Binn\;C:\Program Files (x86)\Microsoft SDKs\TypeScript\1.0\;C:\Program Fil;C:\MinGW\bin\;C:\Program Files (x86)\CMake\bin\;C:\Users\Ian\Documents\2014W2\CPSC_425\Canopy\User;C:\Users\Ian\Documents\2014W2\CPSC_425\Canopy\User\Scripts;C:\Program Files\Eclipse Luna\eclipse;
USERNAME=Ian
OS=Windows_NT
PROCESSOR_IDENTIFIER=Intel64 Family 6 Model 69 Stepping 1, GenuineIntel



---------------  S Y S T E M  ---------------

OS: Windows 8.1 , 64 bit Build 9600 

CPU:total 4 (2 cores per cpu, 2 threads per core) family 6 model 69 stepping 1, cmov, cx8, fxsr, mmx, sse, sse2, sse3, ssse3, sse4.1, sse4.2, popcnt, avx, avx2, aes, clmul, erms, lzcnt, ht, tsc, tscinvbit, bmi1, bmi2

Memory: 4k page, physical 8291748k(1582860k free), swap 11568548k(2555364k free)

vm_info: Java HotSpot(TM) 64-Bit Server VM (25.31-b07) for windows-amd64 JRE (1.8.0_31-b13), built on Dec 17 2014 21:00:28 by "java_re" with MS VC++ 10.0 (VS2010)

time: Tue Apr 07 20:11:25 2015
elapsed time: 9 seconds (0d 0h 0m 9s)

