#
# A fatal error has been detected by the Java Runtime Environment:
#
#  EXCEPTION_ACCESS_VIOLATION (0xc0000005) at pc=0x000000018008adad, pid=5396, tid=7020
#
# JRE version: Java(TM) SE Runtime Environment (8.0_31-b13) (build 1.8.0_31-b13)
# Java VM: Java HotSpot(TM) 64-Bit Server VM (25.31-b07 mixed mode windows-amd64 compressed oops)
# Problematic frame:
# C  [ig75icd64.dll+0x8adad]
#
# Failed to write core dump. Minidumps are not enabled by default on client versions of Windows
#
# If you would like to submit a bug report, please visit:
#   http://bugreport.java.com/bugreport/crash.jsp
# The crash happened outside the Java Virtual Machine in native code.
# See problematic frame for where to report the bug.
#

---------------  T H R E A D  ---------------

Current thread (0x0000000019871800):  JavaThread "AWT-EventQueue-0" [_thread_in_native, id=7020, stack(0x000000001cbd0000,0x000000001ccd0000)]

siginfo: ExceptionCode=0xc0000005, reading address 0x000000002633a000

Registers:
RAX=0x0000000000004fa0, RBX=0x0000000021026980, RCX=0x0000000000000000, RDX=0x0000000026339fc0
RSP=0x000000001cccd710, RBP=0x00000000013e0000, RSI=0x00000000260bd040, RDI=0x00000000392cd000
R8 =0x00000000013e0000, R9 =0x0000000000027c00, R10=0x0000000000004fa0, R11=0x000000001cccd660
R12=0x0000000000000001, R13=0x000000001f4fea80, R14=0x000000001fd40080, R15=0x0000000000000002
RIP=0x000000018008adad, EFLAGS=0x0000000000010207

Top of Stack: (sp=0x000000001cccd710)
0x000000001cccd710:   0000000000000000 0000000000000000
0x000000001cccd720:   0000000000000000 0000000000000000
0x000000001cccd730:   000000001ff3d548 000000018008b090
0x000000001cccd740:   0000000021026980 0000000021026980
0x000000001cccd750:   00000000013e0000 0000000017381101
0x000000001cccd760:   0000000000000001 000000005084eb8b
0x000000001cccd770:   0000000000000000 00000000260bd040
0x000000001cccd780:   000000001fd40080 00000000013e0000
0x000000001cccd790:   000000001ff3d4d0 000000018006bd52
0x000000001cccd7a0:   0000000000000000 0000000100000033
0x000000001cccd7b0:   0000000000000000 0000000050d026f0
0x000000001cccd7c0:   00000000260bd040 000000006450b500
0x000000001cccd7d0:   0000000019871901 000000005091e945
0x000000001cccd7e0:   00000000260bd040 00000000013e0000
0x000000001cccd7f0:   000000001ff3d4d0 000000018006c3ef
0x000000001cccd800:   000000001fd40080 00000000000088e8 

Instructions: (pc=0x000000018008adad)
0x000000018008ad8d:   00 00 00 66 0f 6f 3a 66 0f 6f 72 10 66 0f 6f 6a
0x000000018008ad9d:   20 41 ff c2 48 83 ef 80 41 8b c2 66 0f 6f 62 30
0x000000018008adad:   66 0f 6f 5a 40 66 0f 6f 52 50 66 0f 6f 4a 60 66
0x000000018008adbd:   0f 6f 42 70 66 0f e7 7f 80 48 83 ea 80 66 0f e7 


Register to memory mapping:

RAX=0x0000000000004fa0 is an unknown value
RBX=0x0000000021026980 is an unknown value
RCX=0x0000000000000000 is an unknown value
RDX=0x0000000026339fc0 is an unknown value
RSP=0x000000001cccd710 is pointing into the stack for thread: 0x0000000019871800
RBP=0x00000000013e0000 is an unknown value
RSI=0x00000000260bd040 is an unknown value
RDI=0x00000000392cd000 is an unknown value
R8 =0x00000000013e0000 is an unknown value
R9 =0x0000000000027c00 is an unknown value
R10=0x0000000000004fa0 is an unknown value
R11=0x000000001cccd660 is pointing into the stack for thread: 0x0000000019871800
R12=0x0000000000000001 is an unknown value
R13={method} {0x000000001f4fea88} 'dispatch_glBufferData' '(IJLjava/lang/Object;IZIJ)V' in 'jogamp/opengl/gl4/GL4bcImpl'
R14=0x000000001fd40080 is an unknown value
R15=0x0000000000000002 is an unknown value


Stack: [0x000000001cbd0000,0x000000001ccd0000],  sp=0x000000001cccd710,  free space=1013k
Native frames: (J=compiled Java code, j=interpreted, Vv=VM code, C=native code)
C  [ig75icd64.dll+0x8adad]
C  [ig75icd64.dll+0x8b090]
C  [ig75icd64.dll+0x6bd52]
C  [ig75icd64.dll+0x6c3ef]
C  0x0000000002835b74

Java frames: (J=compiled Java code, j=interpreted, Vv=VM code)
j  jogamp.opengl.gl4.GL4bcImpl.dispatch_glBufferData(IJLjava/lang/Object;IZIJ)V+0
j  jogamp.opengl.gl4.GL4bcImpl.access$000(Ljogamp/opengl/gl4/GL4bcImpl;IJLjava/lang/Object;IZIJ)V+13
j  jogamp.opengl.gl4.GL4bcImpl$1.create(IJLjava/nio/Buffer;IJ)V+52
j  jogamp.opengl.GLBufferObjectTracker.createBufferStorage(Ljogamp/opengl/GLBufferStateTracker;Ljavax/media/opengl/GL;IJLjava/nio/Buffer;IILjogamp/opengl/GLBufferObjectTracker$CreateStorageDispatch;J)V+209
j  jogamp.opengl.gl4.GL4bcImpl.glBufferData(IJLjava/nio/Buffer;I)V+67
j  processing.opengl.PJOGL.bufferData(IILjava/nio/Buffer;I)V+10
J 1087% C1 aviss.visuals.KinectStarCloudGenerator.renderStarsUsingKinectData()V (497 bytes) @ 0x0000000002c33ff4 [0x0000000002c329e0+0x1614]
j  aviss.visuals.KinectStarCloudGenerator.run()V+8
j  aviss.applet.AVISSApplet.draw()V+53
j  processing.core.PApplet.handleDraw()V+231
j  processing.opengl.PJOGL$PGLListener.display(Ljavax/media/opengl/GLAutoDrawable;)V+476
j  jogamp.opengl.GLDrawableHelper.displayImpl(Ljavax/media/opengl/GLAutoDrawable;)V+81
j  jogamp.opengl.GLDrawableHelper.display(Ljavax/media/opengl/GLAutoDrawable;)V+2
j  javax.media.opengl.awt.GLCanvas$10.run()V+118
j  jogamp.opengl.GLDrawableHelper.invokeGLImpl(Ljavax/media/opengl/GLDrawable;Ljavax/media/opengl/GLContext;Ljava/lang/Runnable;Ljava/lang/Runnable;)V+206
j  jogamp.opengl.GLDrawableHelper.invokeGL(Ljavax/media/opengl/GLDrawable;Ljavax/media/opengl/GLContext;Ljava/lang/Runnable;Ljava/lang/Runnable;)V+80
j  javax.media.opengl.awt.GLCanvas$11.run()V+73
j  java.awt.event.InvocationEvent.dispatch()V+11
j  java.awt.EventQueue.dispatchEventImpl(Ljava/awt/AWTEvent;Ljava/lang/Object;)V+21
j  java.awt.EventQueue.access$500(Ljava/awt/EventQueue;Ljava/awt/AWTEvent;Ljava/lang/Object;)V+3
j  java.awt.EventQueue$3.run()Ljava/lang/Void;+32
j  java.awt.EventQueue$3.run()Ljava/lang/Object;+1
v  ~StubRoutines::call_stub
j  java.security.AccessController.doPrivileged(Ljava/security/PrivilegedAction;Ljava/security/AccessControlContext;)Ljava/lang/Object;+0
j  java.security.ProtectionDomain$1.doIntersectionPrivilege(Ljava/security/PrivilegedAction;Ljava/security/AccessControlContext;Ljava/security/AccessControlContext;)Ljava/lang/Object;+28
j  java.awt.EventQueue.dispatchEvent(Ljava/awt/AWTEvent;)V+46
j  java.awt.EventDispatchThread.pumpOneEventForFilters(I)V+245
j  java.awt.EventDispatchThread.pumpEventsForFilter(ILjava/awt/Conditional;Ljava/awt/EventFilter;)V+35
j  java.awt.EventDispatchThread.pumpEventsForHierarchy(ILjava/awt/Conditional;Ljava/awt/Component;)V+11
j  java.awt.EventDispatchThread.pumpEvents(ILjava/awt/Conditional;)V+4
j  java.awt.EventDispatchThread.pumpEvents(Ljava/awt/Conditional;)V+3
j  java.awt.EventDispatchThread.run()V+9
v  ~StubRoutines::call_stub

---------------  P R O C E S S  ---------------

Java Threads: ( => current thread )
  0x00000000198e6800 JavaThread "Thread-371" [_thread_blocked, id=280, stack(0x00000000353f0000,0x00000000354f0000)]
  0x00000000198e8800 JavaThread "Thread-6" [_thread_blocked, id=7328, stack(0x00000000270c0000,0x00000000271c0000)]
  0x00000000198e9800 JavaThread "Java Sound Event Dispatcher" daemon [_thread_blocked, id=10524, stack(0x00000000269c0000,0x0000000026ac0000)]
  0x0000000019dc8800 JavaThread "Animation Thread-SharedResourceRunner" daemon [_thread_blocked, id=7288, stack(0x000000001f670000,0x000000001f770000)]
  0x000000000253d800 JavaThread "DestroyJavaVM" [_thread_blocked, id=3196, stack(0x0000000002620000,0x0000000002720000)]
  0x0000000019927800 JavaThread "Animation Thread" [_thread_blocked, id=8552, stack(0x000000001e0a0000,0x000000001e1a0000)]
  0x000000001990b000 JavaThread "D3D Screen Updater" daemon [_thread_blocked, id=6944, stack(0x000000001d2b0000,0x000000001d3b0000)]
  0x00000000198f6800 JavaThread "Image Fetcher 1" daemon [_thread_blocked, id=8964, stack(0x000000001cdd0000,0x000000001ced0000)]
  0x0000000019875000 JavaThread "Image Fetcher 0" daemon [_thread_blocked, id=9828, stack(0x000000001ccd0000,0x000000001cdd0000)]
=>0x0000000019871800 JavaThread "AWT-EventQueue-0" [_thread_in_native, id=7020, stack(0x000000001cbd0000,0x000000001ccd0000)]
  0x000000001982f000 JavaThread "AWT-Windows" daemon [_thread_in_native, id=5808, stack(0x000000001a120000,0x000000001a220000)]
  0x0000000018fb8000 JavaThread "AWT-Shutdown" [_thread_blocked, id=7684, stack(0x000000001a020000,0x000000001a120000)]
  0x0000000018ffe000 JavaThread "Java2D Disposer" daemon [_thread_blocked, id=276, stack(0x0000000019f20000,0x000000001a020000)]
  0x0000000018c22800 JavaThread "Service Thread" daemon [_thread_blocked, id=10744, stack(0x0000000019000000,0x0000000019100000)]
  0x0000000017385000 JavaThread "C1 CompilerThread2" daemon [_thread_blocked, id=4732, stack(0x0000000018b00000,0x0000000018c00000)]
  0x0000000017384000 JavaThread "C2 CompilerThread1" daemon [_thread_blocked, id=10288, stack(0x0000000018a00000,0x0000000018b00000)]
  0x000000001737f000 JavaThread "C2 CompilerThread0" daemon [_thread_blocked, id=2460, stack(0x0000000018900000,0x0000000018a00000)]
  0x0000000017388000 JavaThread "Attach Listener" daemon [_thread_blocked, id=9020, stack(0x0000000018800000,0x0000000018900000)]
  0x0000000017387000 JavaThread "Signal Dispatcher" daemon [_thread_blocked, id=2240, stack(0x0000000018700000,0x0000000018800000)]
  0x0000000002815800 JavaThread "Finalizer" daemon [_thread_blocked, id=9348, stack(0x0000000018600000,0x0000000018700000)]
  0x0000000017348000 JavaThread "Reference Handler" daemon [_thread_blocked, id=6636, stack(0x0000000018500000,0x0000000018600000)]

Other Threads:
  0x0000000017345800 VMThread [stack: 0x0000000018400000,0x0000000018500000] [id=8012]
  0x0000000018c3c000 WatcherThread [stack: 0x0000000019100000,0x0000000019200000] [id=9740]

VM state:not at safepoint (normal execution)

VM Mutex/Monitor currently owned by a thread: None

Heap:
 PSYoungGen      total 138240K, used 20592K [0x00000000d5d00000, 0x00000000de900000, 0x0000000100000000)
  eden space 133120K, 15% used [0x00000000d5d00000,0x00000000d711c378,0x00000000ddf00000)
  from space 5120K, 0% used [0x00000000de400000,0x00000000de400000,0x00000000de900000)
  to   space 5120K, 0% used [0x00000000ddf00000,0x00000000ddf00000,0x00000000de400000)
 ParOldGen       total 166912K, used 74169K [0x0000000081600000, 0x000000008b900000, 0x00000000d5d00000)
  object space 166912K, 44% used [0x0000000081600000,0x0000000085e6e5b8,0x000000008b900000)
 Metaspace       used 17860K, capacity 18003K, committed 18048K, reserved 1064960K
  class space    used 1853K, capacity 1916K, committed 1920K, reserved 1048576K

Card table byte_map: [0x0000000011be0000,0x0000000011fe0000] byte_map_base: 0x00000000117d5000

Marking Bits: (ParMarkBitMap*) 0x0000000050efd4f0
 Begin Bits: [0x0000000012690000, 0x0000000014638000)
 End Bits:   [0x0000000014638000, 0x00000000165e0000)

Polling page: 0x0000000000ca0000

CodeCache: size=245760Kb used=4180Kb max_used=4187Kb free=241579Kb
 bounds [0x0000000002820000, 0x0000000002c40000, 0x0000000011820000]
 total_blobs=1985 nmethods=1088 adapters=811
 compilation: enabled

Compilation events (10 events):
Event: 2.372 Thread 0x0000000017384000 1085       4       java.nio.DirectFloatBufferU::get (16 bytes)
Event: 2.372 Thread 0x0000000017384000 nmethod 1085 0x0000000002c2b4d0 code [0x0000000002c2b600, 0x0000000002c2b698]
Event: 2.372 Thread 0x0000000017384000 1086       4       java.nio.DirectFloatBufferU::put (18 bytes)
Event: 2.373 Thread 0x0000000017384000 nmethod 1086 0x0000000002c2e450 code [0x0000000002c2e580, 0x0000000002c2e618]
Event: 2.387 Thread 0x0000000017385000 1087 %     3       aviss.visuals.KinectStarCloudGenerator::renderStarsUsingKinectData @ 63 (497 bytes)
Event: 2.388 Thread 0x000000001737f000 nmethod 1078 0x0000000002c30990 code [0x0000000002c30b80, 0x0000000002c31720]
Event: 2.390 Thread 0x0000000017385000 nmethod 1087% 0x0000000002c32510 code [0x0000000002c329e0, 0x0000000002c35758]
Event: 2.390 Thread 0x0000000017385000 1088       3       aviss.visuals.KinectStarCloudGenerator::renderStarsUsingKinectData (497 bytes)
Event: 2.391 Thread 0x0000000017385000 nmethod 1088 0x0000000002c36c50 code [0x0000000002c37120, 0x0000000002c39cd8]
Event: 2.392 Thread 0x0000000017384000 1089 %     4       aviss.visuals.KinectStarCloudGenerator::renderStarsUsingKinectData @ 63 (497 bytes)

GC Heap History (10 events):
Event: 1.290 GC heap before
{Heap before GC invocations=1 (full 0):
 PSYoungGen      total 38400K, used 33280K [0x00000000d5d00000, 0x00000000d8780000, 0x0000000100000000)
  eden space 33280K, 100% used [0x00000000d5d00000,0x00000000d7d80000,0x00000000d7d80000)
  from space 5120K, 0% used [0x00000000d8280000,0x00000000d8280000,0x00000000d8780000)
  to   space 5120K, 0% used [0x00000000d7d80000,0x00000000d7d80000,0x00000000d8280000)
 ParOldGen       total 87552K, used 0K [0x0000000081600000, 0x0000000086b80000, 0x00000000d5d00000)
  object space 87552K, 0% used [0x0000000081600000,0x0000000081600000,0x0000000086b80000)
 Metaspace       used 15741K, capacity 15861K, committed 16000K, reserved 1062912K
  class space    used 1576K, capacity 1629K, committed 1664K, reserved 1048576K
Event: 1.303 GC heap after
Heap after GC invocations=1 (full 0):
 PSYoungGen      total 38400K, used 5118K [0x00000000d5d00000, 0x00000000da800000, 0x0000000100000000)
  eden space 33280K, 0% used [0x00000000d5d00000,0x00000000d5d00000,0x00000000d7d80000)
  from space 5120K, 99% used [0x00000000d7d80000,0x00000000d827fa98,0x00000000d8280000)
  to   space 5120K, 0% used [0x00000000da300000,0x00000000da300000,0x00000000da800000)
 ParOldGen       total 87552K, used 247K [0x0000000081600000, 0x0000000086b80000, 0x00000000d5d00000)
  object space 87552K, 0% used [0x0000000081600000,0x000000008163df68,0x0000000086b80000)
 Metaspace       used 15741K, capacity 15861K, committed 16000K, reserved 1062912K
  class space    used 1576K, capacity 1629K, committed 1664K, reserved 1048576K
}
Event: 1.825 GC heap before
{Heap before GC invocations=2 (full 0):
 PSYoungGen      total 38400K, used 38398K [0x00000000d5d00000, 0x00000000da800000, 0x0000000100000000)
  eden space 33280K, 100% used [0x00000000d5d00000,0x00000000d7d80000,0x00000000d7d80000)
  from space 5120K, 99% used [0x00000000d7d80000,0x00000000d827fa98,0x00000000d8280000)
  to   space 5120K, 0% used [0x00000000da300000,0x00000000da300000,0x00000000da800000)
 ParOldGen       total 87552K, used 247K [0x0000000081600000, 0x0000000086b80000, 0x00000000d5d00000)
  object space 87552K, 0% used [0x0000000081600000,0x000000008163df68,0x0000000086b80000)
 Metaspace       used 17636K, capacity 17845K, committed 18048K, reserved 1064960K
  class space    used 1830K, capacity 1885K, committed 1920K, reserved 1048576K
Event: 1.833 GC heap after
Heap after GC invocations=2 (full 0):
 PSYoungGen      total 71680K, used 5112K [0x00000000d5d00000, 0x00000000da800000, 0x0000000100000000)
  eden space 66560K, 0% used [0x00000000d5d00000,0x00000000d5d00000,0x00000000d9e00000)
  from space 5120K, 99% used [0x00000000da300000,0x00000000da7fe048,0x00000000da800000)
  to   space 5120K, 0% used [0x00000000d9e00000,0x00000000d9e00000,0x00000000da300000)
 ParOldGen       total 87552K, used 464K [0x0000000081600000, 0x0000000086b80000, 0x00000000d5d00000)
  object space 87552K, 0% used [0x0000000081600000,0x0000000081674218,0x0000000086b80000)
 Metaspace       used 17636K, capacity 17845K, committed 18048K, reserved 1064960K
  class space    used 1830K, capacity 1885K, committed 1920K, reserved 1048576K
}
Event: 1.879 GC heap before
{Heap before GC invocations=3 (full 0):
 PSYoungGen      total 71680K, used 69561K [0x00000000d5d00000, 0x00000000da800000, 0x0000000100000000)
  eden space 66560K, 96% used [0x00000000d5d00000,0x00000000d9bf0438,0x00000000d9e00000)
  from space 5120K, 99% used [0x00000000da300000,0x00000000da7fe048,0x00000000da800000)
  to   space 5120K, 0% used [0x00000000d9e00000,0x00000000d9e00000,0x00000000da300000)
 ParOldGen       total 87552K, used 464K [0x0000000081600000, 0x0000000086b80000, 0x00000000d5d00000)
  object space 87552K, 0% used [0x0000000081600000,0x0000000081674218,0x0000000086b80000)
 Metaspace       used 17781K, capacity 17909K, committed 18048K, reserved 1064960K
  class space    used 1841K, capacity 1885K, committed 1920K, reserved 1048576K
Event: 1.893 GC heap after
Heap after GC invocations=3 (full 0):
 PSYoungGen      total 71680K, used 5113K [0x00000000d5d00000, 0x00000000de900000, 0x0000000100000000)
  eden space 66560K, 0% used [0x00000000d5d00000,0x00000000d5d00000,0x00000000d9e00000)
  from space 5120K, 99% used [0x00000000d9e00000,0x00000000da2fe440,0x00000000da300000)
  to   space 5120K, 0% used [0x00000000de400000,0x00000000de400000,0x00000000de900000)
 ParOldGen       total 87552K, used 10193K [0x0000000081600000, 0x0000000086b80000, 0x00000000d5d00000)
  object space 87552K, 11% used [0x0000000081600000,0x0000000081ff4560,0x0000000086b80000)
 Metaspace       used 17781K, capacity 17909K, committed 18048K, reserved 1064960K
  class space    used 1841K, capacity 1885K, committed 1920K, reserved 1048576K
}
Event: 1.993 GC heap before
{Heap before GC invocations=4 (full 0):
 PSYoungGen      total 71680K, used 65495K [0x00000000d5d00000, 0x00000000de900000, 0x0000000100000000)
  eden space 66560K, 90% used [0x00000000d5d00000,0x00000000d97f7b40,0x00000000d9e00000)
  from space 5120K, 99% used [0x00000000d9e00000,0x00000000da2fe440,0x00000000da300000)
  to   space 5120K, 0% used [0x00000000de400000,0x00000000de400000,0x00000000de900000)
 ParOldGen       total 87552K, used 10193K [0x0000000081600000, 0x0000000086b80000, 0x00000000d5d00000)
  object space 87552K, 11% used [0x0000000081600000,0x0000000081ff4560,0x0000000086b80000)
 Metaspace       used 17828K, capacity 17973K, committed 18048K, reserved 1064960K
  class space    used 1850K, capacity 1885K, committed 1920K, reserved 1048576K
Event: 2.048 GC heap after
Heap after GC invocations=4 (full 0):
 PSYoungGen      total 138240K, used 5097K [0x00000000d5d00000, 0x00000000de900000, 0x0000000100000000)
  eden space 133120K, 0% used [0x00000000d5d00000,0x00000000d5d00000,0x00000000ddf00000)
  from space 5120K, 99% used [0x00000000de400000,0x00000000de8fa450,0x00000000de900000)
  to   space 5120K, 0% used [0x00000000ddf00000,0x00000000ddf00000,0x00000000de400000)
 ParOldGen       total 87552K, used 69680K [0x0000000081600000, 0x0000000086b80000, 0x00000000d5d00000)
  object space 87552K, 79% used [0x0000000081600000,0x0000000085a0c198,0x0000000086b80000)
 Metaspace       used 17828K, capacity 17973K, committed 18048K, reserved 1064960K
  class space    used 1850K, capacity 1885K, committed 1920K, reserved 1048576K
}
Event: 2.048 GC heap before
{Heap before GC invocations=5 (full 1):
 PSYoungGen      total 138240K, used 5097K [0x00000000d5d00000, 0x00000000de900000, 0x0000000100000000)
  eden space 133120K, 0% used [0x00000000d5d00000,0x00000000d5d00000,0x00000000ddf00000)
  from space 5120K, 99% used [0x00000000de400000,0x00000000de8fa450,0x00000000de900000)
  to   space 5120K, 0% used [0x00000000ddf00000,0x00000000ddf00000,0x00000000de400000)
 ParOldGen       total 87552K, used 69680K [0x0000000081600000, 0x0000000086b80000, 0x00000000d5d00000)
  object space 87552K, 79% used [0x0000000081600000,0x0000000085a0c198,0x0000000086b80000)
 Metaspace       used 17828K, capacity 17973K, committed 18048K, reserved 1064960K
  class space    used 1850K, capacity 1885K, committed 1920K, reserved 1048576K
Event: 2.109 GC heap after
Heap after GC invocations=5 (full 1):
 PSYoungGen      total 138240K, used 0K [0x00000000d5d00000, 0x00000000de900000, 0x0000000100000000)
  eden space 133120K, 0% used [0x00000000d5d00000,0x00000000d5d00000,0x00000000ddf00000)
  from space 5120K, 0% used [0x00000000de400000,0x00000000de400000,0x00000000de900000)
  to   space 5120K, 0% used [0x00000000ddf00000,0x00000000ddf00000,0x00000000de400000)
 ParOldGen       total 166912K, used 74169K [0x0000000081600000, 0x000000008b900000, 0x00000000d5d00000)
  object space 166912K, 44% used [0x0000000081600000,0x0000000085e6e5b8,0x000000008b900000)
 Metaspace       used 17827K, capacity 17971K, committed 18048K, reserved 1064960K
  class space    used 1849K, capacity 1884K, committed 1920K, reserved 1048576K
}

Deoptimization events (4 events):
Event: 1.578 Thread 0x0000000019871800 Uncommon trap: reason=unreached action=reinterpret pc=0x0000000002b6f748 method=com.jogamp.common.nio.Buffers.isDirect(Ljava/lang/Object;)Z @ 1
Event: 1.578 Thread 0x0000000019871800 Uncommon trap: reason=unreached action=reinterpret pc=0x0000000002b72b0c method=com.jogamp.common.nio.Buffers.getDirectBufferByteOffset(Ljava/lang/Object;)I @ 1
Event: 1.630 Thread 0x0000000019871800 Uncommon trap: reason=unreached action=reinterpret pc=0x0000000002b668d0 method=com.jogamp.common.util.IntIntHashMap.get(I)I @ 19
Event: 1.642 Thread 0x0000000019875000 Uncommon trap: reason=unreached action=reinterpret pc=0x0000000002b29b30 method=java.lang.reflect.AccessibleObject.setAccessible0(Ljava/lang/reflect/AccessibleObject;Z)V @ 4

Internal exceptions (10 events):
Event: 1.908 Thread 0x0000000019871800 Exception <a 'java/security/PrivilegedActionException'> (0x00000000d6d23590) thrown at [C:\workspace\8-2-build-windows-amd64-cygwin\jdk8u31\2394\hotspot\src\share\vm\prims\jvm.cpp, line 1312]
Event: 1.909 Thread 0x0000000019871800 Exception <a 'java/security/PrivilegedActionException'> (0x00000000d6d2fee0) thrown at [C:\workspace\8-2-build-windows-amd64-cygwin\jdk8u31\2394\hotspot\src\share\vm\prims\jvm.cpp, line 1312]
Event: 1.909 Thread 0x0000000019871800 Exception <a 'java/security/PrivilegedActionException'> (0x00000000d6d347f0) thrown at [C:\workspace\8-2-build-windows-amd64-cygwin\jdk8u31\2394\hotspot\src\share\vm\prims\jvm.cpp, line 1312]
Event: 1.910 Thread 0x0000000019871800 Exception <a 'java/security/PrivilegedActionException'> (0x00000000d6d3e5f8) thrown at [C:\workspace\8-2-build-windows-amd64-cygwin\jdk8u31\2394\hotspot\src\share\vm\prims\jvm.cpp, line 1312]
Event: 1.910 Thread 0x0000000019871800 Exception <a 'java/security/PrivilegedActionException'> (0x00000000d6d42740) thrown at [C:\workspace\8-2-build-windows-amd64-cygwin\jdk8u31\2394\hotspot\src\share\vm\prims\jvm.cpp, line 1312]
Event: 1.911 Thread 0x0000000019871800 Exception <a 'java/security/PrivilegedActionException'> (0x00000000d9759a20) thrown at [C:\workspace\8-2-build-windows-amd64-cygwin\jdk8u31\2394\hotspot\src\share\vm\prims\jvm.cpp, line 1312]
Event: 2.229 Thread 0x0000000019927800 Exception <a 'java/security/PrivilegedActionException'> (0x00000000d66f9f38) thrown at [C:\workspace\8-2-build-windows-amd64-cygwin\jdk8u31\2394\hotspot\src\share\vm\prims\jvm.cpp, line 1312]
Event: 2.260 Thread 0x0000000019927800 Exception <a 'java/security/PrivilegedActionException'> (0x00000000d66fc958) thrown at [C:\workspace\8-2-build-windows-amd64-cygwin\jdk8u31\2394\hotspot\src\share\vm\prims\jvm.cpp, line 1312]
Event: 2.263 Thread 0x0000000019927800 Exception <a 'java/lang/reflect/InvocationTargetException'> (0x00000000d6705710) thrown at [C:\workspace\8-2-build-windows-amd64-cygwin\jdk8u31\2394\hotspot\src\share\vm\runtime\reflection.cpp, line 1080]
Event: 2.364 Thread 0x0000000019871800 Exception <a 'java/security/PrivilegedActionException'> (0x00000000d6599768) thrown at [C:\workspace\8-2-build-windows-amd64-cygwin\jdk8u31\2394\hotspot\src\share\vm\prims\jvm.cpp, line 1312]

Events (10 events):
Event: 2.260 loading class com/jogamp/nativewindow/awt/JAWTWindow$JAWTComponentListener$2
Event: 2.260 loading class com/jogamp/nativewindow/awt/JAWTWindow$JAWTComponentListener$2 done
Event: 2.261 loading class java/awt/KeyboardFocusManager$2
Event: 2.261 loading class java/awt/KeyboardFocusManager$2 done
Event: 2.261 loading class sun/awt/SunToolkit$1
Event: 2.261 loading class sun/awt/SunToolkit$1 done
Event: 2.261 loading class sun/awt/im/InputContext$1
Event: 2.261 loading class sun/awt/im/InputContext$1 done
Event: 2.364 loading class org/apache/commons/collections4/queue/CircularFifoQueue$1
Event: 2.364 loading class org/apache/commons/collections4/queue/CircularFifoQueue$1 done


Dynamic libraries:
0x00007ff7695f0000 - 0x00007ff769624000 	C:\Program Files\Java\jre1.8.0_31\bin\javaw.exe
0x00007ff8d6980000 - 0x00007ff8d6b2c000 	C:\WINDOWS\SYSTEM32\ntdll.dll
0x00007ff8d5000000 - 0x00007ff8d513e000 	C:\WINDOWS\system32\KERNEL32.DLL
0x00007ff8d3e30000 - 0x00007ff8d3f45000 	C:\WINDOWS\system32\KERNELBASE.dll
0x00007ff8d2250000 - 0x00007ff8d22de000 	C:\WINDOWS\system32\apphelp.dll
0x00007ff8c0f40000 - 0x00007ff8c0f93000 	C:\WINDOWS\AppPatch\AppPatch64\AcGenral.DLL
0x00007ff8d46b0000 - 0x00007ff8d475a000 	C:\WINDOWS\system32\msvcrt.dll
0x00007ff8d3970000 - 0x00007ff8d399e000 	C:\WINDOWS\SYSTEM32\SspiCli.dll
0x00007ff8d4000000 - 0x00007ff8d4054000 	C:\WINDOWS\system32\SHLWAPI.dll
0x00007ff8d6800000 - 0x00007ff8d6977000 	C:\WINDOWS\system32\USER32.dll
0x00007ff8d4060000 - 0x00007ff8d41f4000 	C:\WINDOWS\system32\ole32.dll
0x00007ff8d5140000 - 0x00007ff8d6658000 	C:\WINDOWS\system32\SHELL32.dll
0x00007ff8d30f0000 - 0x00007ff8d3111000 	C:\WINDOWS\SYSTEM32\USERENV.dll
0x00007ff8d4c20000 - 0x00007ff8d4cca000 	C:\WINDOWS\system32\ADVAPI32.dll
0x00007ff8bd200000 - 0x00007ff8bd21e000 	C:\WINDOWS\SYSTEM32\MPR.dll
0x00007ff8d4370000 - 0x00007ff8d44b1000 	C:\WINDOWS\system32\RPCRT4.dll
0x00007ff8d4b50000 - 0x00007ff8d4ba9000 	C:\WINDOWS\SYSTEM32\sechost.dll
0x00007ff8d47c0000 - 0x00007ff8d49d1000 	C:\WINDOWS\SYSTEM32\combase.dll
0x00007ff8d4210000 - 0x00007ff8d4361000 	C:\WINDOWS\system32\GDI32.dll
0x00007ff8d3ad0000 - 0x00007ff8d3ae5000 	C:\WINDOWS\SYSTEM32\profapi.dll
0x00007ff8cf930000 - 0x00007ff8cf9e2000 	C:\WINDOWS\SYSTEM32\SHCORE.dll
0x00007ff8d67a0000 - 0x00007ff8d67d6000 	C:\WINDOWS\system32\IMM32.DLL
0x00007ff8d49f0000 - 0x00007ff8d4b41000 	C:\WINDOWS\system32\MSCTF.dll
0x00007ff8cf080000 - 0x00007ff8cf2fb000 	C:\WINDOWS\WinSxS\amd64_microsoft.windows.common-controls_6595b64144ccf1df_6.0.9600.17415_none_6240486fecbd8abb\COMCTL32.dll
0x0000000076820000 - 0x00000000768f2000 	C:\Program Files\Java\jre1.8.0_31\bin\msvcr100.dll
0x0000000050720000 - 0x0000000050f7a000 	C:\Program Files\Java\jre1.8.0_31\bin\server\jvm.dll
0x00007ff8ae6e0000 - 0x00007ff8ae6e9000 	C:\WINDOWS\SYSTEM32\WSOCK32.dll
0x00007ff8ceb30000 - 0x00007ff8ceb52000 	C:\WINDOWS\SYSTEM32\WINMM.dll
0x00007ff8d49e0000 - 0x00007ff8d49e7000 	C:\WINDOWS\system32\PSAPI.DLL
0x00007ff8d6740000 - 0x00007ff8d679a000 	C:\WINDOWS\system32\WS2_32.dll
0x00007ff8ceb00000 - 0x00007ff8ceb2a000 	C:\WINDOWS\SYSTEM32\WINMMBASE.dll
0x00007ff8d44c0000 - 0x00007ff8d44c9000 	C:\WINDOWS\system32\NSI.dll
0x00007ff8d3f50000 - 0x00007ff8d3f9f000 	C:\WINDOWS\SYSTEM32\cfgmgr32.dll
0x00007ff8d28c0000 - 0x00007ff8d28e8000 	C:\WINDOWS\SYSTEM32\DEVOBJ.dll
0x0000000050710000 - 0x000000005071f000 	C:\Program Files\Java\jre1.8.0_31\bin\verify.dll
0x00000000506e0000 - 0x0000000050708000 	C:\Program Files\Java\jre1.8.0_31\bin\java.dll
0x00000000506c0000 - 0x00000000506d6000 	C:\Program Files\Java\jre1.8.0_31\bin\zip.dll
0x0000000076680000 - 0x0000000076818000 	C:\Program Files\Java\jre1.8.0_31\bin\awt.dll
0x00007ff8d6670000 - 0x00007ff8d6731000 	C:\WINDOWS\system32\OLEAUT32.dll
0x00007ff8d1fd0000 - 0x00007ff8d1ff1000 	C:\WINDOWS\system32\DWMAPI.DLL
0x00007ff8d2740000 - 0x00007ff8d2869000 	C:\WINDOWS\system32\uxtheme.dll
0x00007ff8bdb00000 - 0x00007ff8bdbab000 	C:\Program Files\Common Files\microsoft shared\ink\tiptsf.dll
0x00007ff8d2910000 - 0x00007ff8d291b000 	C:\WINDOWS\SYSTEM32\kernel.appcore.dll
0x00007ff8d3a10000 - 0x00007ff8d3a1b000 	C:\WINDOWS\SYSTEM32\CRYPTBASE.dll
0x00007ff8d39a0000 - 0x00007ff8d3a03000 	C:\WINDOWS\SYSTEM32\bcryptPrimitives.dll
0x00007ff8c1160000 - 0x00007ff8c1381000 	C:\WINDOWS\system32\d3d9.dll
0x00007ff8caba0000 - 0x00007ff8cabaa000 	C:\WINDOWS\SYSTEM32\VERSION.dll
0x00007ff89fb10000 - 0x00007ff8a13f1000 	C:\WINDOWS\SYSTEM32\igdumdim64.dll
0x00007ff8cf300000 - 0x00007ff8cf760000 	C:\WINDOWS\SYSTEM32\igdusc64.dll
0x0000000076630000 - 0x0000000076677000 	C:\Program Files\Java\jre1.8.0_31\bin\fontmanager.dll
0x00007ff8c7490000 - 0x00007ff8c74fa000 	C:\WINDOWS\SYSTEM32\oleacc.dll
0x00007ff8d4f40000 - 0x00007ff8d4ff6000 	C:\WINDOWS\SYSTEM32\clbcatq.dll
0x00007ff8d3410000 - 0x00007ff8d3430000 	C:\WINDOWS\SYSTEM32\CRYPTSP.dll
0x00007ff8d2fe0000 - 0x00007ff8d3016000 	C:\WINDOWS\system32\rsaenh.dll
0x00007ff8d3660000 - 0x00007ff8d3686000 	C:\WINDOWS\SYSTEM32\bcrypt.dll
0x00000000506a0000 - 0x00000000506ba000 	C:\Program Files\Java\jre1.8.0_31\bin\net.dll
0x00007ff8d33b0000 - 0x00007ff8d3409000 	C:\WINDOWS\system32\mswsock.dll
0x00007ff8ceaa0000 - 0x00007ff8ceaca000 	C:\WINDOWS\SYSTEM32\IPHLPAPI.DLL
0x00007ff8cea70000 - 0x00007ff8cea7a000 	C:\WINDOWS\SYSTEM32\WINNSI.DLL
0x00007ff8ce910000 - 0x00007ff8ce926000 	C:\WINDOWS\SYSTEM32\dhcpcsvc6.DLL
0x00007ff8ce8f0000 - 0x00007ff8ce90a000 	C:\WINDOWS\SYSTEM32\dhcpcsvc.DLL
0x0000000050680000 - 0x0000000050691000 	C:\Program Files\Java\jre1.8.0_31\bin\nio.dll
0x00000000637c0000 - 0x00000000637cd000 	C:\Users\Ian\AppData\Local\Temp\jogamp_0000\file_cache\jln1999360990056491588\jln7034329114266013117\gluegen-rt.dll
0x0000000076620000 - 0x0000000076627000 	C:\Program Files\Java\jre1.8.0_31\bin\jawt.dll
0x000000006a440000 - 0x000000006a44d000 	C:\Users\Ian\AppData\Local\Temp\jogamp_0000\file_cache\jln1999360990056491588\jln7034329114266013117\nativewindow_awt.dll
0x000000006c100000 - 0x000000006c10f000 	C:\Users\Ian\AppData\Local\Temp\jogamp_0000\file_cache\jln1999360990056491588\jln7034329114266013117\nativewindow_win32.dll
0x00007ff8b9d00000 - 0x00007ff8b9e2b000 	C:\WINDOWS\SYSTEM32\OpenGL32.dll
0x00007ff8b9cd0000 - 0x00007ff8b9cfe000 	C:\WINDOWS\SYSTEM32\GLU32.dll
0x00007ff8b9bd0000 - 0x00007ff8b9cc8000 	C:\WINDOWS\SYSTEM32\DDRAW.dll
0x00007ff8bfe20000 - 0x00007ff8bfe29000 	C:\WINDOWS\SYSTEM32\DCIMAN32.dll
0x0000000064500000 - 0x00000000645a0000 	C:\Users\Ian\AppData\Local\Temp\jogamp_0000\file_cache\jln1999360990056491588\jln7034329114266013117\jogl_desktop.dll
0x0000000180000000 - 0x00000001807de000 	C:\WINDOWS\SYSTEM32\ig75icd64.dll
0x00007ff8d3120000 - 0x00007ff8d3166000 	C:\WINDOWS\SYSTEM32\powrprof.dll
0x0000000076610000 - 0x000000007661c000 	C:\Program Files\Java\jre1.8.0_31\bin\jsound.dll
0x0000000076600000 - 0x000000007660b000 	C:\Program Files\Java\jre1.8.0_31\bin\jsoundds.dll
0x00007ff8afcd0000 - 0x00007ff8afd6d000 	C:\WINDOWS\SYSTEM32\DSOUND.dll
0x00007ff8cef60000 - 0x00007ff8cefd0000 	C:\WINDOWS\SYSTEM32\MMDevAPI.DLL
0x00007ff8a82c0000 - 0x00007ff8a82fe000 	C:\WINDOWS\SYSTEM32\wdmaud.drv
0x00007ff8d2140000 - 0x00007ff8d2148000 	C:\WINDOWS\SYSTEM32\ksuser.dll
0x00007ff8d2150000 - 0x00007ff8d215c000 	C:\WINDOWS\SYSTEM32\AVRT.dll
0x00007ff8c6620000 - 0x00007ff8c669e000 	C:\WINDOWS\SYSTEM32\AUDIOSES.DLL
0x00007ff8afe50000 - 0x00007ff8afe5b000 	C:\WINDOWS\SYSTEM32\msacm32.drv
0x00007ff8afe30000 - 0x00007ff8afe4c000 	C:\WINDOWS\SYSTEM32\MSACM32.dll
0x00007ff8acdd0000 - 0x00007ff8acdda000 	C:\WINDOWS\SYSTEM32\midimap.dll
0x00007ff8ae9f0000 - 0x00007ff8aeb8c000 	C:\Users\Ian\workspace\AVISS\lib\Kinect20.Face.dll
0x00007ff8bd250000 - 0x00007ff8bd2f7000 	C:\WINDOWS\SYSTEM32\MSVCP110.dll
0x00007ff8c72e0000 - 0x00007ff8c73b4000 	C:\WINDOWS\SYSTEM32\MSVCR110.dll
0x00007ff8c2bb0000 - 0x00007ff8c2bc0000 	C:\Users\Ian\workspace\AVISS\lib\KinectPV2.dll
0x00007ff8ae930000 - 0x00007ff8ae9ea000 	C:\WINDOWS\SYSTEM32\Kinect20.dll
0x00007ff8bd350000 - 0x00007ff8bd43b000 	C:\WINDOWS\SYSTEM32\MFPlat.DLL
0x00007ff8bd220000 - 0x00007ff8bd247000 	C:\WINDOWS\SYSTEM32\RTWorkQ.DLL
0x00007ff8c8520000 - 0x00007ff8c86aa000 	C:\WINDOWS\SYSTEM32\dbghelp.dll

VM Arguments:
jvm_args: -Djava.library.path=C:\Users\Ian\workspace\AVISS\lib -Dfile.encoding=Cp1252 
java_command: aviss.applet.AVISSApplet
java_class_path (initial): C:\Users\Ian\workspace\AVISS\bin;C:\Users\Ian\workspace\AVISS\lib\commons-collections4-4.0.jar;C:\Users\Ian\workspace\AVISS\lib\core.jar;C:\Users\Ian\workspace\AVISS\lib\G4P.jar;C:\Users\Ian\workspace\AVISS\lib\gluegen-rt-natives-linux-amd64.jar;C:\Users\Ian\workspace\AVISS\lib\gluegen-rt-natives-linux-armv6hf.jar;C:\Users\Ian\workspace\AVISS\lib\gluegen-rt-natives-linux-i586.jar;C:\Users\Ian\workspace\AVISS\lib\gluegen-rt-natives-macosx-universal.jar;C:\Users\Ian\workspace\AVISS\lib\gluegen-rt-natives-windows-amd64.jar;C:\Users\Ian\workspace\AVISS\lib\gluegen-rt-natives-windows-i586.jar;C:\Users\Ian\workspace\AVISS\lib\gluegen-rt.jar;C:\Users\Ian\workspace\AVISS\lib\il_hemesh.jar;C:\Users\Ian\workspace\AVISS\lib\javolution-6.1.0.jar;C:\Users\Ian\workspace\AVISS\lib\jl1.0.jar;C:\Users\Ian\workspace\AVISS\lib\jogl-all-natives-linux-amd64.jar;C:\Users\Ian\workspace\AVISS\lib\jogl-all-natives-linux-armv6hf.jar;C:\Users\Ian\workspace\AVISS\lib\jogl-all-natives-linux-i586.jar;C:\Users\Ian\workspace\AVISS\lib\jogl-all-natives-macosx-universal.jar;C:\Users\Ian\workspace\AVISS\lib\jogl-all-natives-windows-amd64.jar;C:\Users\Ian\workspace\AVISS\lib\jogl-all-natives-windows-i586.jar;C:\Users\Ian\workspace\AVISS\lib\jogl-all.jar;C:\Users\Ian\workspace\AVISS\lib\jsminim.jar;C:\Users\Ian\workspace\AVISS\lib\jts.jar;C:\Users\Ian\workspace\AVISS\lib\KinectPV2.jar;C:\Users\Ian\workspace\AVISS\lib\log4j-1.2.17.jar;C:\Users\Ian\workspace\AVISS\lib\miglayout15-swing.jar;C:\Users\Ian\workspace\AVISS\lib\minim.jar;C:\Users\Ian\workspace\AVISS\lib\mp3spi1.9.4.jar;C:\Users\Ian\workspace\AVISS\lib\opal-1.0.1.jar;C:\Users\Ian\workspace\AVISS\lib\peasycam.jar;C:\Users\Ian\workspace\AVISS\lib\swt.jar;C:\Users\Ian\workspace\AVISS\lib\tritonus_aos.jar;C:\Users\Ian\workspace\AVISS\lib\tritonus_share.jar;C:\Users\Ian\workspace\AVISS\lib\trove-3.1a1.jar
Launcher Type: SUN_STANDARD

Environment Variables:
PATH=C:/Program Files/Java/jre1.8.0_31/bin/server;C:/Program Files/Java/jre1.8.0_31/bin;C:/Program Files/Java/jre1.8.0_31/lib/amd64;C:\MinGW\bin\;C:\Python34\;C:\Python34\Scripts;C:\ProgramData\Oracle\Java\javapath;c:\Program Files (x86)\Intel\iCLS Client\;c:\Program Files\Intel\iCLS Client\;C:\WINDOWS\system32;C:\WINDOWS;C:\WINDOWS\System32\Wbem;C:\WINDOWS\System32\WindowsPowerShell\v1.0\;C:\Program Files\Intel\Intel(R) Management Engine Components\DAL;C:\Program Files\Intel\Intel(R) Management Engine Components\IPT;C:\Program Files (x86)\Intel\Intel(R) Management Engine Components\DAL;C:\Program Files (x86)\Intel\Intel(R) Management Engine Components\IPT;C:\Program Files (x86)\Intel\OpenCL SDK\3.0\bin\x86;C:\Program Files (x86)\Intel\OpenCL SDK\3.0\bin\x64;C:\Program Files (x86)\Windows Live\Shared;C:\Program Files (x86)\QuickTime\QTSystem\;C:\Program Files (x86)\Windows Kits\8.1\Windows Performance Toolkit\;C:\Program Files\Microsoft SQL Server\110\Tools\Binn\;C:\Program Files (x86)\Microsoft SDKs\TypeScript\1.0\;C:\Program Fil;C:\MinGW\bin\;C:\Program Files (x86)\CMake\bin\;C:\Users\Ian\Documents\2014W2\CPSC_425\Canopy\User;C:\Users\Ian\Documents\2014W2\CPSC_425\Canopy\User\Scripts;C:\Program Files\Eclipse Luna\eclipse;
USERNAME=Ian
OS=Windows_NT
PROCESSOR_IDENTIFIER=Intel64 Family 6 Model 69 Stepping 1, GenuineIntel



---------------  S Y S T E M  ---------------

OS: Windows 8.1 , 64 bit Build 9600 

CPU:total 4 (2 cores per cpu, 2 threads per core) family 6 model 69 stepping 1, cmov, cx8, fxsr, mmx, sse, sse2, sse3, ssse3, sse4.1, sse4.2, popcnt, avx, avx2, aes, clmul, erms, lzcnt, ht, tsc, tscinvbit, bmi1, bmi2

Memory: 4k page, physical 8291748k(2663412k free), swap 16680356k(8732344k free)

vm_info: Java HotSpot(TM) 64-Bit Server VM (25.31-b07) for windows-amd64 JRE (1.8.0_31-b13), built on Dec 17 2014 21:00:28 by "java_re" with MS VC++ 10.0 (VS2010)

time: Sun Mar 22 17:58:41 2015
elapsed time: 2 seconds (0d 0h 0m 2s)

