#
# A fatal error has been detected by the Java Runtime Environment:
#
#  EXCEPTION_ACCESS_VIOLATION (0xc0000005) at pc=0x000000018008adad, pid=1736, tid=8328
#
# JRE version: Java(TM) SE Runtime Environment (8.0_31-b13) (build 1.8.0_31-b13)
# Java VM: Java HotSpot(TM) 64-Bit Server VM (25.31-b07 mixed mode windows-amd64 compressed oops)
# Problematic frame:
# C  [ig75icd64.dll+0x8adad]
#
# Failed to write core dump. Minidumps are not enabled by default on client versions of Windows
#
# If you would like to submit a bug report, please visit:
#   http://bugreport.java.com/bugreport/crash.jsp
# The crash happened outside the Java Virtual Machine in native code.
# See problematic frame for where to report the bug.
#

---------------  T H R E A D  ---------------

Current thread (0x0000000019c40000):  JavaThread "AWT-EventQueue-0" [_thread_in_native, id=8328, stack(0x000000001cf90000,0x000000001d090000)]

siginfo: ExceptionCode=0xc0000005, reading address 0x0000000026ddb000

Registers:
RAX=0x0000000000004fa0, RBX=0x000000001becec00, RCX=0x0000000000000000, RDX=0x0000000026ddafc0
RSP=0x000000001d08af20, RBP=0x000000001d08b050, RSI=0x0000000021198828, RDI=0x000000003d4dd000
R8 =0x0000000000774000, R9 =0x000000000000ee80, R10=0x0000000000004fa0, R11=0x000000001d08b9a0
R12=0x0000000000774000, R13=0x00000000211001a8, R14=0x0000000021198800, R15=0x000000000000000c
RIP=0x000000018008adad, EFLAGS=0x0000000000010207

Top of Stack: (sp=0x000000001d08af20)
0x000000001d08af20:   0000000000000000 0000000000000000
0x000000001d08af30:   0000000000000000 0000000000000000
0x000000001d08af40:   000000001beeed18 00000001801740e7
0x000000001d08af50:   000000001becec00 0000000021198828
0x000000001d08af60:   000000001d08b050 0000000000000005
0x000000001d08af70:   0000000000000001 0000000000000005
0x000000001d08af80:   0000000020445ae0 0000000000000000
0x000000001d08af90:   000000001beeed18 0000000000000000
0x000000001d08afa0:   0000000000010000 000000001c6b0e20
0x000000001d08afb0:   0000000000000000 0000000000000000
0x000000001d08afc0:   000000001d08b9a0 0000000000000010
0x000000001d08afd0:   000000001c6b0e40 0000000000000005
0x000000001d08afe0:   0000000000000005 0000000000000005
0x000000001d08aff0:   0000000000000040 0000000000000005
0x000000001d08b000:   0000000000000014 0000000000000e20
0x000000001d08b010:   0000000000000005 000000000000001c 

Instructions: (pc=0x000000018008adad)
0x000000018008ad8d:   00 00 00 66 0f 6f 3a 66 0f 6f 72 10 66 0f 6f 6a
0x000000018008ad9d:   20 41 ff c2 48 83 ef 80 41 8b c2 66 0f 6f 62 30
0x000000018008adad:   66 0f 6f 5a 40 66 0f 6f 52 50 66 0f 6f 4a 60 66
0x000000018008adbd:   0f 6f 42 70 66 0f e7 7f 80 48 83 ea 80 66 0f e7 


Register to memory mapping:

RAX=0x0000000000004fa0 is an unknown value
RBX=0x000000001becec00 is an unknown value
RCX=0x0000000000000000 is an unknown value
RDX=0x0000000026ddafc0 is an unknown value
RSP=0x000000001d08af20 is pointing into the stack for thread: 0x0000000019c40000
RBP=0x000000001d08b050 is pointing into the stack for thread: 0x0000000019c40000
RSI=0x0000000021198828 is an unknown value
RDI=0x000000003d4dd000 is an unknown value
R8 =0x0000000000774000 is an unknown value
R9 =0x000000000000ee80 is an unknown value
R10=0x0000000000004fa0 is an unknown value
R11=0x000000001d08b9a0 is pointing into the stack for thread: 0x0000000019c40000
R12=0x0000000000774000 is an unknown value
R13=0x00000000211001a8 is an unknown value
R14=0x0000000021198800 is an unknown value
R15=0x000000000000000c is an unknown value


Stack: [0x000000001cf90000,0x000000001d090000],  sp=0x000000001d08af20,  free space=1003k
Native frames: (J=compiled Java code, j=interpreted, Vv=VM code, C=native code)
C  [ig75icd64.dll+0x8adad]
C  [ig75icd64.dll+0x1740e7]
C  [ig75icd64.dll+0x23e499]
C  [ig75icd64.dll+0x648da]
C  [ig75icd64.dll+0x2745a5]
C  [ig75icd64.dll+0x89fc5]
C  [ig75icd64.dll+0x161809]
C  0x0000000002ae5b74

Java frames: (J=compiled Java code, j=interpreted, Vv=VM code)
j  jogamp.opengl.gl4.GL4bcImpl.dispatch_glDrawArrays1(IIIJ)V+0
j  jogamp.opengl.gl4.GL4bcImpl.glDrawArrays(III)V+51
j  processing.opengl.PJOGL.drawArrays(III)V+7
J 1209% C1 aviss.visuals.KinectStarCloudGenerator.renderStarsUsingKinectData()V (289 bytes) @ 0x0000000002f6a9ac [0x0000000002f69520+0x148c]
j  aviss.visuals.KinectStarCloudGenerator.run()V+287
j  aviss.applet.AVISSApplet.draw()V+53
j  processing.core.PApplet.handleDraw()V+231
j  processing.opengl.PJOGL$PGLListener.display(Ljavax/media/opengl/GLAutoDrawable;)V+476
j  jogamp.opengl.GLDrawableHelper.displayImpl(Ljavax/media/opengl/GLAutoDrawable;)V+81
j  jogamp.opengl.GLDrawableHelper.display(Ljavax/media/opengl/GLAutoDrawable;)V+2
j  javax.media.opengl.awt.GLCanvas$10.run()V+118
j  jogamp.opengl.GLDrawableHelper.invokeGLImpl(Ljavax/media/opengl/GLDrawable;Ljavax/media/opengl/GLContext;Ljava/lang/Runnable;Ljava/lang/Runnable;)V+206
j  jogamp.opengl.GLDrawableHelper.invokeGL(Ljavax/media/opengl/GLDrawable;Ljavax/media/opengl/GLContext;Ljava/lang/Runnable;Ljava/lang/Runnable;)V+80
j  javax.media.opengl.awt.GLCanvas$11.run()V+73
j  java.awt.event.InvocationEvent.dispatch()V+11
j  java.awt.EventQueue.dispatchEventImpl(Ljava/awt/AWTEvent;Ljava/lang/Object;)V+21
j  java.awt.EventQueue.access$500(Ljava/awt/EventQueue;Ljava/awt/AWTEvent;Ljava/lang/Object;)V+3
j  java.awt.EventQueue$3.run()Ljava/lang/Void;+32
j  java.awt.EventQueue$3.run()Ljava/lang/Object;+1
v  ~StubRoutines::call_stub
j  java.security.AccessController.doPrivileged(Ljava/security/PrivilegedAction;Ljava/security/AccessControlContext;)Ljava/lang/Object;+0
j  java.security.ProtectionDomain$1.doIntersectionPrivilege(Ljava/security/PrivilegedAction;Ljava/security/AccessControlContext;Ljava/security/AccessControlContext;)Ljava/lang/Object;+28
j  java.awt.EventQueue.dispatchEvent(Ljava/awt/AWTEvent;)V+46
j  java.awt.EventDispatchThread.pumpOneEventForFilters(I)V+245
j  java.awt.EventDispatchThread.pumpEventsForFilter(ILjava/awt/Conditional;Ljava/awt/EventFilter;)V+35
j  java.awt.EventDispatchThread.pumpEventsForHierarchy(ILjava/awt/Conditional;Ljava/awt/Component;)V+11
j  java.awt.EventDispatchThread.pumpEvents(ILjava/awt/Conditional;)V+4
j  java.awt.EventDispatchThread.pumpEvents(Ljava/awt/Conditional;)V+3
j  java.awt.EventDispatchThread.run()V+9
v  ~StubRoutines::call_stub

---------------  P R O C E S S  ---------------

Java Threads: ( => current thread )
  0x000000001a2c6800 JavaThread "Thread-367" [_thread_blocked, id=5924, stack(0x0000000034b70000,0x0000000034c70000)]
  0x000000001a2c6000 JavaThread "Thread-6" [_thread_blocked, id=8584, stack(0x0000000026850000,0x0000000026950000)]
  0x000000001a2c7800 JavaThread "Java Sound Event Dispatcher" daemon [_thread_blocked, id=7332, stack(0x000000001cde0000,0x000000001cee0000)]
  0x0000000019f04800 JavaThread "Animation Thread-SharedResourceRunner" daemon [_thread_blocked, id=4120, stack(0x000000001f930000,0x000000001fa30000)]
  0x000000000116e000 JavaThread "DestroyJavaVM" [_thread_blocked, id=1356, stack(0x00000000028d0000,0x00000000029d0000)]
  0x0000000019cdc000 JavaThread "Animation Thread" [_thread_blocked, id=8348, stack(0x000000001e360000,0x000000001e460000)]
  0x0000000019ccf800 JavaThread "D3D Screen Updater" daemon [_thread_blocked, id=8340, stack(0x000000001d670000,0x000000001d770000)]
  0x0000000019cb6000 JavaThread "Image Fetcher 1" daemon [_thread_blocked, id=3748, stack(0x000000001d190000,0x000000001d290000)]
  0x0000000019c36000 JavaThread "Image Fetcher 0" daemon [_thread_blocked, id=1744, stack(0x000000001d090000,0x000000001d190000)]
=>0x0000000019c40000 JavaThread "AWT-EventQueue-0" [_thread_in_native, id=8328, stack(0x000000001cf90000,0x000000001d090000)]
  0x00000000193b8000 JavaThread "AWT-Windows" daemon [_thread_in_native, id=8408, stack(0x000000001a4d0000,0x000000001a5d0000)]
  0x00000000193b6000 JavaThread "AWT-Shutdown" [_thread_blocked, id=8140, stack(0x000000001a3d0000,0x000000001a4d0000)]
  0x00000000193b3000 JavaThread "Java2D Disposer" daemon [_thread_blocked, id=6300, stack(0x000000001a2d0000,0x000000001a3d0000)]
  0x00000000176bd800 JavaThread "Service Thread" daemon [_thread_blocked, id=836, stack(0x0000000018ec0000,0x0000000018fc0000)]
  0x00000000176b4800 JavaThread "C1 CompilerThread2" daemon [_thread_blocked, id=9148, stack(0x0000000018dc0000,0x0000000018ec0000)]
  0x00000000176ab000 JavaThread "C2 CompilerThread1" daemon [_thread_blocked, id=3912, stack(0x0000000018cc0000,0x0000000018dc0000)]
  0x000000001765e000 JavaThread "C2 CompilerThread0" daemon [_thread_blocked, id=3968, stack(0x0000000018bc0000,0x0000000018cc0000)]
  0x000000001765c800 JavaThread "Attach Listener" daemon [_thread_blocked, id=6048, stack(0x0000000018ac0000,0x0000000018bc0000)]
  0x000000001765b800 JavaThread "Signal Dispatcher" daemon [_thread_blocked, id=5964, stack(0x00000000189c0000,0x0000000018ac0000)]
  0x0000000002ac4800 JavaThread "Finalizer" daemon [_thread_blocked, id=8216, stack(0x00000000188c0000,0x00000000189c0000)]
  0x0000000017627800 JavaThread "Reference Handler" daemon [_thread_blocked, id=7216, stack(0x00000000187c0000,0x00000000188c0000)]

Other Threads:
  0x0000000017625000 VMThread [stack: 0x00000000186c0000,0x00000000187c0000] [id=1972]
  0x0000000018fc1800 WatcherThread [stack: 0x00000000193c0000,0x00000000194c0000] [id=8412]

VM state:not at safepoint (normal execution)

VM Mutex/Monitor currently owned by a thread: None

Heap:
 PSYoungGen      total 199168K, used 66672K [0x00000000d5d00000, 0x00000000ed680000, 0x0000000100000000)
  eden space 172544K, 23% used [0x00000000d5d00000,0x00000000d8470fc0,0x00000000e0580000)
  from space 26624K, 98% used [0x00000000ebc80000,0x00000000ed62b070,0x00000000ed680000)
  to   space 99840K, 0% used [0x00000000e1380000,0x00000000e1380000,0x00000000e7500000)
 ParOldGen       total 335360K, used 170749K [0x0000000081600000, 0x0000000095d80000, 0x00000000d5d00000)
  object space 335360K, 50% used [0x0000000081600000,0x000000008bcbf510,0x0000000095d80000)
 Metaspace       used 17637K, capacity 17785K, committed 18048K, reserved 1064960K
  class space    used 1817K, capacity 1885K, committed 1920K, reserved 1048576K

Card table byte_map: [0x0000000011e90000,0x0000000012290000] byte_map_base: 0x0000000011a85000

Marking Bits: (ParMarkBitMap*) 0x0000000070eed4f0
 Begin Bits: [0x0000000012940000, 0x00000000148e8000)
 End Bits:   [0x00000000148e8000, 0x0000000016890000)

Polling page: 0x0000000001120000

CodeCache: size=245760Kb used=4708Kb max_used=4721Kb free=241051Kb
 bounds [0x0000000002ad0000, 0x0000000002f80000, 0x0000000011ad0000]
 total_blobs=2102 nmethods=1209 adapters=807
 compilation: enabled

Compilation events (10 events):
Event: 5.110 Thread 0x00000000176b4800 1205       1       com.jogamp.common.nio.StructAccessor::getBuffer (5 bytes)
Event: 5.110 Thread 0x00000000176b4800 nmethod 1205 0x0000000002f67850 code [0x0000000002f679a0, 0x0000000002f67ab0]
Event: 5.244 Thread 0x00000000176b4800 1206  s!   3       java.lang.Thread::start (71 bytes)
Event: 5.245 Thread 0x00000000176b4800 nmethod 1206 0x0000000002f67e90 code [0x0000000002f68060, 0x0000000002f68778]
Event: 5.264 Thread 0x00000000176b4800 1208       3       java.nio.ByteBuffer::<init> (45 bytes)
Event: 5.264 Thread 0x00000000176b4800 nmethod 1208 0x0000000002f68cd0 code [0x0000000002f68e40, 0x0000000002f69088]
Event: 5.331 Thread 0x00000000176b4800 1209 %     3       aviss.visuals.KinectStarCloudGenerator::renderStarsUsingKinectData @ 46 (289 bytes)
Event: 5.333 Thread 0x00000000176b4800 nmethod 1209% 0x0000000002f69190 code [0x0000000002f69520, 0x0000000002f6b4e8]
Event: 5.333 Thread 0x000000001765e000 1210 %     4       aviss.visuals.KinectStarCloudGenerator::renderStarsUsingKinectData @ 46 (289 bytes)
Event: 5.345 Thread 0x000000001765e000 nmethod 1210% 0x0000000002f6f310 code [0x0000000002f6f500, 0x0000000002f6fab0]

GC Heap History (10 events):
Event: 1.949 GC heap before
{Heap before GC invocations=4 (full 0):
 PSYoungGen      total 71680K, used 70752K [0x00000000d5d00000, 0x00000000de900000, 0x0000000100000000)
  eden space 66560K, 98% used [0x00000000d5d00000,0x00000000d9d38218,0x00000000d9e00000)
  from space 5120K, 97% used [0x00000000d9e00000,0x00000000da2e0070,0x00000000da300000)
  to   space 5120K, 0% used [0x00000000de400000,0x00000000de400000,0x00000000de900000)
 ParOldGen       total 87552K, used 518K [0x0000000081600000, 0x0000000086b80000, 0x00000000d5d00000)
  object space 87552K, 0% used [0x0000000081600000,0x0000000081681b70,0x0000000086b80000)
 Metaspace       used 17413K, capacity 17525K, committed 17792K, reserved 1064960K
  class space    used 1790K, capacity 1821K, committed 1920K, reserved 1048576K
Event: 2.009 GC heap after
Heap after GC invocations=4 (full 0):
 PSYoungGen      total 138240K, used 5108K [0x00000000d5d00000, 0x00000000de900000, 0x0000000100000000)
  eden space 133120K, 0% used [0x00000000d5d00000,0x00000000d5d00000,0x00000000ddf00000)
  from space 5120K, 99% used [0x00000000de400000,0x00000000de8fd080,0x00000000de900000)
  to   space 5120K, 0% used [0x00000000ddf00000,0x00000000ddf00000,0x00000000de400000)
 ParOldGen       total 87552K, used 65938K [0x0000000081600000, 0x0000000086b80000, 0x00000000d5d00000)
  object space 87552K, 75% used [0x0000000081600000,0x0000000085664808,0x0000000086b80000)
 Metaspace       used 17413K, capacity 17525K, committed 17792K, reserved 1064960K
  class space    used 1790K, capacity 1821K, committed 1920K, reserved 1048576K
}
Event: 2.009 GC heap before
{Heap before GC invocations=5 (full 1):
 PSYoungGen      total 138240K, used 5108K [0x00000000d5d00000, 0x00000000de900000, 0x0000000100000000)
  eden space 133120K, 0% used [0x00000000d5d00000,0x00000000d5d00000,0x00000000ddf00000)
  from space 5120K, 99% used [0x00000000de400000,0x00000000de8fd080,0x00000000de900000)
  to   space 5120K, 0% used [0x00000000ddf00000,0x00000000ddf00000,0x00000000de400000)
 ParOldGen       total 87552K, used 65938K [0x0000000081600000, 0x0000000086b80000, 0x00000000d5d00000)
  object space 87552K, 75% used [0x0000000081600000,0x0000000085664808,0x0000000086b80000)
 Metaspace       used 17413K, capacity 17525K, committed 17792K, reserved 1064960K
  class space    used 1790K, capacity 1821K, committed 1920K, reserved 1048576K
Event: 2.061 GC heap after
Heap after GC invocations=5 (full 1):
 PSYoungGen      total 138240K, used 0K [0x00000000d5d00000, 0x00000000de900000, 0x0000000100000000)
  eden space 133120K, 0% used [0x00000000d5d00000,0x00000000d5d00000,0x00000000ddf00000)
  from space 5120K, 0% used [0x00000000de400000,0x00000000de400000,0x00000000de900000)
  to   space 5120K, 0% used [0x00000000ddf00000,0x00000000ddf00000,0x00000000de400000)
 ParOldGen       total 161280K, used 70429K [0x0000000081600000, 0x000000008b380000, 0x00000000d5d00000)
  object space 161280K, 43% used [0x0000000081600000,0x0000000085ac7680,0x000000008b380000)
 Metaspace       used 17411K, capacity 17523K, committed 17792K, reserved 1064960K
  class space    used 1789K, capacity 1820K, committed 1920K, reserved 1048576K
}
Event: 2.363 GC heap before
{Heap before GC invocations=6 (full 1):
 PSYoungGen      total 138240K, used 131626K [0x00000000d5d00000, 0x00000000de900000, 0x0000000100000000)
  eden space 133120K, 98% used [0x00000000d5d00000,0x00000000ddd8a8a8,0x00000000ddf00000)
  from space 5120K, 0% used [0x00000000de400000,0x00000000de400000,0x00000000de900000)
  to   space 5120K, 0% used [0x00000000ddf00000,0x00000000ddf00000,0x00000000de400000)
 ParOldGen       total 161280K, used 70429K [0x0000000081600000, 0x000000008b380000, 0x00000000d5d00000)
  object space 161280K, 43% used [0x0000000081600000,0x0000000085ac7680,0x000000008b380000)
 Metaspace       used 17486K, capacity 17619K, committed 17792K, reserved 1064960K
  class space    used 1799K, capacity 1852K, committed 1920K, reserved 1048576K
Event: 2.454 GC heap after
Heap after GC invocations=6 (full 1):
 PSYoungGen      total 138240K, used 5092K [0x00000000d5d00000, 0x00000000f2600000, 0x0000000100000000)
  eden space 133120K, 0% used [0x00000000d5d00000,0x00000000d5d00000,0x00000000ddf00000)
  from space 5120K, 99% used [0x00000000ddf00000,0x00000000de3f9060,0x00000000de400000)
  to   space 108032K, 0% used [0x00000000ebc80000,0x00000000ebc80000,0x00000000f2600000)
 ParOldGen       total 171008K, used 170164K [0x0000000081600000, 0x000000008bd00000, 0x00000000d5d00000)
  object space 171008K, 99% used [0x0000000081600000,0x000000008bc2d228,0x000000008bd00000)
 Metaspace       used 17486K, capacity 17619K, committed 17792K, reserved 1064960K
  class space    used 1799K, capacity 1852K, committed 1920K, reserved 1048576K
}
Event: 2.454 GC heap before
{Heap before GC invocations=7 (full 2):
 PSYoungGen      total 138240K, used 5092K [0x00000000d5d00000, 0x00000000f2600000, 0x0000000100000000)
  eden space 133120K, 0% used [0x00000000d5d00000,0x00000000d5d00000,0x00000000ddf00000)
  from space 5120K, 99% used [0x00000000ddf00000,0x00000000de3f9060,0x00000000de400000)
  to   space 108032K, 0% used [0x00000000ebc80000,0x00000000ebc80000,0x00000000f2600000)
 ParOldGen       total 171008K, used 170164K [0x0000000081600000, 0x000000008bd00000, 0x00000000d5d00000)
  object space 171008K, 99% used [0x0000000081600000,0x000000008bc2d228,0x000000008bd00000)
 Metaspace       used 17486K, capacity 17619K, committed 17792K, reserved 1064960K
  class space    used 1799K, capacity 1852K, committed 1920K, reserved 1048576K
Event: 3.529 GC heap after
Heap after GC invocations=7 (full 2):
 PSYoungGen      total 138240K, used 2979K [0x00000000d5d00000, 0x00000000f2600000, 0x0000000100000000)
  eden space 133120K, 0% used [0x00000000d5d00000,0x00000000d5d00000,0x00000000ddf00000)
  from space 5120K, 58% used [0x00000000ddf00000,0x00000000de1e8f30,0x00000000de400000)
  to   space 108032K, 0% used [0x00000000ebc80000,0x00000000ebc80000,0x00000000f2600000)
 ParOldGen       total 335360K, used 170749K [0x0000000081600000, 0x0000000095d80000, 0x00000000d5d00000)
  object space 335360K, 50% used [0x0000000081600000,0x000000008bcbf510,0x0000000095d80000)
 Metaspace       used 17486K, capacity 17619K, committed 17792K, reserved 1064960K
  class space    used 1799K, capacity 1852K, committed 1920K, reserved 1048576K
}
Event: 4.884 GC heap before
{Heap before GC invocations=8 (full 2):
 PSYoungGen      total 138240K, used 135917K [0x00000000d5d00000, 0x00000000f2600000, 0x0000000100000000)
  eden space 133120K, 99% used [0x00000000d5d00000,0x00000000dded2760,0x00000000ddf00000)
  from space 5120K, 58% used [0x00000000ddf00000,0x00000000de1e8f30,0x00000000de400000)
  to   space 108032K, 0% used [0x00000000ebc80000,0x00000000ebc80000,0x00000000f2600000)
 ParOldGen       total 335360K, used 170749K [0x0000000081600000, 0x0000000095d80000, 0x00000000d5d00000)
  object space 335360K, 50% used [0x0000000081600000,0x000000008bcbf510,0x0000000095d80000)
 Metaspace       used 17579K, capacity 17747K, committed 18048K, reserved 1064960K
  class space    used 1803K, capacity 1852K, committed 1920K, reserved 1048576K
Event: 4.921 GC heap after
Heap after GC invocations=8 (full 2):
 PSYoungGen      total 199168K, used 26284K [0x00000000d5d00000, 0x00000000ed680000, 0x0000000100000000)
  eden space 172544K, 0% used [0x00000000d5d00000,0x00000000d5d00000,0x00000000e0580000)
  from space 26624K, 98% used [0x00000000ebc80000,0x00000000ed62b070,0x00000000ed680000)
  to   space 99840K, 0% used [0x00000000e1380000,0x00000000e1380000,0x00000000e7500000)
 ParOldGen       total 335360K, used 170749K [0x0000000081600000, 0x0000000095d80000, 0x00000000d5d00000)
  object space 335360K, 50% used [0x0000000081600000,0x000000008bcbf510,0x0000000095d80000)
 Metaspace       used 17579K, capacity 17747K, committed 18048K, reserved 1064960K
  class space    used 1803K, capacity 1852K, committed 1920K, reserved 1048576K
}

Deoptimization events (10 events):
Event: 1.627 Thread 0x0000000019c40000 Uncommon trap: reason=unreached action=reinterpret pc=0x0000000002e0c790 method=com.jogamp.common.util.IntIntHashMap.get(I)I @ 19
Event: 1.643 Thread 0x0000000019c36000 Uncommon trap: reason=unreached action=reinterpret pc=0x0000000002ddb5b0 method=java.lang.reflect.AccessibleObject.setAccessible0(Ljava/lang/reflect/AccessibleObject;Z)V @ 4
Event: 3.671 Thread 0x0000000019c40000 Uncommon trap: reason=class_check action=maybe_recompile pc=0x0000000002e23ac4 method=com.jogamp.common.nio.Buffers.getDirectBufferByteOffset(Ljava/lang/Object;)I @ 7
Event: 3.671 Thread 0x0000000019c40000 Uncommon trap: reason=class_check action=maybe_recompile pc=0x0000000002e23ac4 method=com.jogamp.common.nio.Buffers.getDirectBufferByteOffset(Ljava/lang/Object;)I @ 7
Event: 3.671 Thread 0x0000000019c40000 Uncommon trap: reason=class_check action=maybe_recompile pc=0x0000000002e23ac4 method=com.jogamp.common.nio.Buffers.getDirectBufferByteOffset(Ljava/lang/Object;)I @ 7
Event: 3.852 Thread 0x0000000019cdc000 Uncommon trap: reason=class_check action=maybe_recompile pc=0x0000000002e23ac4 method=com.jogamp.common.nio.Buffers.getDirectBufferByteOffset(Ljava/lang/Object;)I @ 7
Event: 4.109 Thread 0x0000000019c40000 Uncommon trap: reason=null_check action=make_not_entrant pc=0x0000000002f2ae5c method=aviss.visuals.KinectStarCloudGenerator.renderStars()V @ 29
Event: 4.677 Thread 0x0000000019c40000 Uncommon trap: reason=class_check action=maybe_recompile pc=0x0000000002ee5b00 method=java.util.LinkedHashMap.afterNodeInsertion(Z)V @ 15
Event: 4.756 Thread 0x0000000019c40000 Uncommon trap: reason=class_check action=maybe_recompile pc=0x0000000002f34b14 method=com.jogamp.common.nio.Buffers.getDirectBufferByteOffset(Ljava/lang/Object;)I @ 42
Event: 4.821 Thread 0x0000000019c40000 Uncommon trap: reason=class_check action=maybe_recompile pc=0x0000000002f34b14 method=com.jogamp.common.nio.Buffers.getDirectBufferByteOffset(Ljava/lang/Object;)I @ 42

Internal exceptions (10 events):
Event: 2.065 Thread 0x0000000019c40000 Exception <a 'java/security/PrivilegedActionException'> (0x00000000d607d828) thrown at [C:\workspace\8-2-build-windows-amd64-cygwin\jdk8u31\2394\hotspot\src\share\vm\prims\jvm.cpp, line 1312]
Event: 2.066 Thread 0x0000000019c40000 Exception <a 'java/security/PrivilegedActionException'> (0x00000000d6082290) thrown at [C:\workspace\8-2-build-windows-amd64-cygwin\jdk8u31\2394\hotspot\src\share\vm\prims\jvm.cpp, line 1312]
Event: 2.166 Thread 0x0000000019c40000 Exception <a 'java/security/PrivilegedActionException'> (0x00000000d61a2f38) thrown at [C:\workspace\8-2-build-windows-amd64-cygwin\jdk8u31\2394\hotspot\src\share\vm\prims\jvm.cpp, line 1312]
Event: 3.827 Thread 0x0000000019cdc000 Exception <a 'java/security/PrivilegedActionException'> (0x00000000d8bc2b48) thrown at [C:\workspace\8-2-build-windows-amd64-cygwin\jdk8u31\2394\hotspot\src\share\vm\prims\jvm.cpp, line 1312]
Event: 3.845 Thread 0x0000000019cdc000 Exception <a 'java/security/PrivilegedActionException'> (0x00000000d8bc56f0) thrown at [C:\workspace\8-2-build-windows-amd64-cygwin\jdk8u31\2394\hotspot\src\share\vm\prims\jvm.cpp, line 1312]
Event: 3.853 Thread 0x0000000019cdc000 Exception <a 'java/lang/reflect/InvocationTargetException'> (0x00000000d8bce4a8) thrown at [C:\workspace\8-2-build-windows-amd64-cygwin\jdk8u31\2394\hotspot\src\share\vm\runtime\reflection.cpp, line 1080]
Event: 4.005 Thread 0x0000000019c40000 Exception <a 'java/security/PrivilegedActionException'> (0x00000000d6900de8) thrown at [C:\workspace\8-2-build-windows-amd64-cygwin\jdk8u31\2394\hotspot\src\share\vm\prims\jvm.cpp, line 1312]
Event: 4.109 Thread 0x0000000019c40000 Implicit null exception at 0x0000000002f2acbe to 0x0000000002f2ae43
Event: 4.127 Thread 0x0000000019c40000 Exception <a 'java/security/PrivilegedActionException'> (0x00000000dbaf5538) thrown at [C:\workspace\8-2-build-windows-amd64-cygwin\jdk8u31\2394\hotspot\src\share\vm\prims\jvm.cpp, line 1312]
Event: 4.663 Thread 0x0000000019c40000 Exception <a 'java/security/PrivilegedActionException'> (0x00000000dcf8beb0) thrown at [C:\workspace\8-2-build-windows-amd64-cygwin\jdk8u31\2394\hotspot\src\share\vm\prims\jvm.cpp, line 1312]

Events (10 events):
Event: 5.263 loading class java/awt/AWTEvent$2
Event: 5.263 loading class java/awt/AWTEvent$2 done
Event: 5.309 Thread 0x000000001a2c4800 Thread added: 0x000000001a2c4800
Event: 5.309 Thread 0x000000001a2c8000 Thread added: 0x000000001a2c8000
Event: 5.309 Executing VM operation: RevokeBias
Event: 5.309 Executing VM operation: RevokeBias done
Event: 5.309 Thread 0x000000001a2c4800 Thread exited: 0x000000001a2c4800
Event: 5.309 Executing VM operation: RevokeBias
Event: 5.309 Executing VM operation: RevokeBias done
Event: 5.309 Thread 0x000000001a2c8000 Thread exited: 0x000000001a2c8000


Dynamic libraries:
0x00007ff63b3c0000 - 0x00007ff63b3f4000 	C:\Program Files\Java\jre1.8.0_31\bin\javaw.exe
0x00007ffd5d800000 - 0x00007ffd5d9ac000 	C:\WINDOWS\SYSTEM32\ntdll.dll
0x00007ffd5b9e0000 - 0x00007ffd5bb1e000 	C:\WINDOWS\system32\KERNEL32.DLL
0x00007ffd5ad60000 - 0x00007ffd5ae75000 	C:\WINDOWS\system32\KERNELBASE.dll
0x00007ffd58fa0000 - 0x00007ffd5902e000 	C:\WINDOWS\system32\apphelp.dll
0x00007ffd47850000 - 0x00007ffd478a3000 	C:\WINDOWS\AppPatch\AppPatch64\AcGenral.DLL
0x00007ffd5d750000 - 0x00007ffd5d7fa000 	C:\WINDOWS\system32\msvcrt.dll
0x00007ffd5a7f0000 - 0x00007ffd5a81e000 	C:\WINDOWS\SYSTEM32\SspiCli.dll
0x00007ffd5bda0000 - 0x00007ffd5bdf4000 	C:\WINDOWS\system32\SHLWAPI.dll
0x00007ffd5b700000 - 0x00007ffd5b877000 	C:\WINDOWS\system32\USER32.dll
0x00007ffd5bc00000 - 0x00007ffd5bd94000 	C:\WINDOWS\system32\ole32.dll
0x00007ffd5be00000 - 0x00007ffd5d318000 	C:\WINDOWS\system32\SHELL32.dll
0x00007ffd59f70000 - 0x00007ffd59f91000 	C:\WINDOWS\SYSTEM32\USERENV.dll
0x00007ffd5d320000 - 0x00007ffd5d3ca000 	C:\WINDOWS\system32\ADVAPI32.dll
0x00007ffd44540000 - 0x00007ffd4455e000 	C:\WINDOWS\SYSTEM32\MPR.dll
0x00007ffd5b880000 - 0x00007ffd5b9c1000 	C:\WINDOWS\system32\RPCRT4.dll
0x00007ffd5ae80000 - 0x00007ffd5aed9000 	C:\WINDOWS\SYSTEM32\sechost.dll
0x00007ffd5afc0000 - 0x00007ffd5b1d1000 	C:\WINDOWS\SYSTEM32\combase.dll
0x00007ffd5d3d0000 - 0x00007ffd5d521000 	C:\WINDOWS\system32\GDI32.dll
0x00007ffd5a950000 - 0x00007ffd5a965000 	C:\WINDOWS\SYSTEM32\profapi.dll
0x00007ffd58720000 - 0x00007ffd587d2000 	C:\WINDOWS\SYSTEM32\SHCORE.dll
0x00007ffd5b1e0000 - 0x00007ffd5b216000 	C:\WINDOWS\system32\IMM32.DLL
0x00007ffd5b350000 - 0x00007ffd5b4a1000 	C:\WINDOWS\system32\MSCTF.dll
0x00007ffd57e00000 - 0x00007ffd5807b000 	C:\WINDOWS\WinSxS\amd64_microsoft.windows.common-controls_6595b64144ccf1df_6.0.9600.17415_none_6240486fecbd8abb\COMCTL32.dll
0x000000006f9e0000 - 0x000000006fab2000 	C:\Program Files\Java\jre1.8.0_31\bin\msvcr100.dll
0x0000000070710000 - 0x0000000070f6a000 	C:\Program Files\Java\jre1.8.0_31\bin\server\jvm.dll
0x00007ffd4f940000 - 0x00007ffd4f949000 	C:\WINDOWS\SYSTEM32\WSOCK32.dll
0x00007ffd559c0000 - 0x00007ffd559e2000 	C:\WINDOWS\SYSTEM32\WINMM.dll
0x00007ffd5bbe0000 - 0x00007ffd5bbe7000 	C:\WINDOWS\system32\PSAPI.DLL
0x00007ffd5d6f0000 - 0x00007ffd5d74a000 	C:\WINDOWS\system32\WS2_32.dll
0x00007ffd55990000 - 0x00007ffd559ba000 	C:\WINDOWS\SYSTEM32\WINMMBASE.dll
0x00007ffd5d6e0000 - 0x00007ffd5d6e9000 	C:\WINDOWS\system32\NSI.dll
0x00007ffd5acb0000 - 0x00007ffd5acff000 	C:\WINDOWS\SYSTEM32\cfgmgr32.dll
0x00007ffd59760000 - 0x00007ffd59788000 	C:\WINDOWS\SYSTEM32\DEVOBJ.dll
0x0000000070700000 - 0x000000007070f000 	C:\Program Files\Java\jre1.8.0_31\bin\verify.dll
0x00000000706d0000 - 0x00000000706f8000 	C:\Program Files\Java\jre1.8.0_31\bin\java.dll
0x00000000706b0000 - 0x00000000706c6000 	C:\Program Files\Java\jre1.8.0_31\bin\zip.dll
0x000000006f840000 - 0x000000006f9d8000 	C:\Program Files\Java\jre1.8.0_31\bin\awt.dll
0x00007ffd5b280000 - 0x00007ffd5b341000 	C:\WINDOWS\system32\OLEAUT32.dll
0x00007ffd58520000 - 0x00007ffd58541000 	C:\WINDOWS\system32\DWMAPI.DLL
0x00007ffd595c0000 - 0x00007ffd596e9000 	C:\WINDOWS\system32\uxtheme.dll
0x00007ffd44b20000 - 0x00007ffd44bcb000 	C:\Program Files\Common Files\microsoft shared\ink\tiptsf.dll
0x00007ffd59790000 - 0x00007ffd5979b000 	C:\WINDOWS\SYSTEM32\kernel.appcore.dll
0x00007ffd5a890000 - 0x00007ffd5a89b000 	C:\WINDOWS\SYSTEM32\CRYPTBASE.dll
0x00007ffd5a820000 - 0x00007ffd5a883000 	C:\WINDOWS\SYSTEM32\bcryptPrimitives.dll
0x00007ffd47c50000 - 0x00007ffd47e71000 	C:\WINDOWS\system32\d3d9.dll
0x00007ffd4eac0000 - 0x00007ffd4eaca000 	C:\WINDOWS\SYSTEM32\VERSION.dll
0x00007ffd29200000 - 0x00007ffd2aae1000 	C:\WINDOWS\SYSTEM32\igdumdim64.dll
0x00007ffd55ea0000 - 0x00007ffd56300000 	C:\WINDOWS\SYSTEM32\igdusc64.dll
0x000000006f7f0000 - 0x000000006f837000 	C:\Program Files\Java\jre1.8.0_31\bin\fontmanager.dll
0x00007ffd4e390000 - 0x00007ffd4e3fa000 	C:\WINDOWS\SYSTEM32\oleacc.dll
0x00007ffd5a290000 - 0x00007ffd5a2b0000 	C:\WINDOWS\SYSTEM32\CRYPTSP.dll
0x00007ffd59e60000 - 0x00007ffd59e96000 	C:\WINDOWS\system32\rsaenh.dll
0x00007ffd5a4e0000 - 0x00007ffd5a506000 	C:\WINDOWS\SYSTEM32\bcrypt.dll
0x00007ffd5bb20000 - 0x00007ffd5bbd6000 	C:\WINDOWS\SYSTEM32\clbcatq.dll
0x0000000070690000 - 0x00000000706aa000 	C:\Program Files\Java\jre1.8.0_31\bin\net.dll
0x00007ffd5a230000 - 0x00007ffd5a289000 	C:\WINDOWS\system32\mswsock.dll
0x00007ffd55920000 - 0x00007ffd5594a000 	C:\WINDOWS\SYSTEM32\IPHLPAPI.DLL
0x00007ffd558f0000 - 0x00007ffd558fa000 	C:\WINDOWS\SYSTEM32\WINNSI.DLL
0x00007ffd55770000 - 0x00007ffd55786000 	C:\WINDOWS\SYSTEM32\dhcpcsvc6.DLL
0x00007ffd55700000 - 0x00007ffd5571a000 	C:\WINDOWS\SYSTEM32\dhcpcsvc.DLL
0x0000000070670000 - 0x0000000070681000 	C:\Program Files\Java\jre1.8.0_31\bin\nio.dll
0x00000000637c0000 - 0x00000000637cd000 	C:\Users\Ian\AppData\Local\Temp\jogamp_0000\file_cache\jln3285157508436432618\jln3957959263088278488\gluegen-rt.dll
0x000000006f7e0000 - 0x000000006f7e7000 	C:\Program Files\Java\jre1.8.0_31\bin\jawt.dll
0x000000006a440000 - 0x000000006a44d000 	C:\Users\Ian\AppData\Local\Temp\jogamp_0000\file_cache\jln3285157508436432618\jln3957959263088278488\nativewindow_awt.dll
0x000000006c100000 - 0x000000006c10f000 	C:\Users\Ian\AppData\Local\Temp\jogamp_0000\file_cache\jln3285157508436432618\jln3957959263088278488\nativewindow_win32.dll
0x00007ffd3f550000 - 0x00007ffd3f67b000 	C:\WINDOWS\SYSTEM32\OpenGL32.dll
0x00007ffd3f520000 - 0x00007ffd3f54e000 	C:\WINDOWS\SYSTEM32\GLU32.dll
0x00007ffd3f420000 - 0x00007ffd3f518000 	C:\WINDOWS\SYSTEM32\DDRAW.dll
0x00007ffd3f410000 - 0x00007ffd3f419000 	C:\WINDOWS\SYSTEM32\DCIMAN32.dll
0x0000000064500000 - 0x00000000645a0000 	C:\Users\Ian\AppData\Local\Temp\jogamp_0000\file_cache\jln3285157508436432618\jln3957959263088278488\jogl_desktop.dll
0x0000000180000000 - 0x00000001807de000 	C:\WINDOWS\SYSTEM32\ig75icd64.dll
0x00007ffd59fa0000 - 0x00007ffd59fe6000 	C:\WINDOWS\SYSTEM32\powrprof.dll
0x000000006f7d0000 - 0x000000006f7dc000 	C:\Program Files\Java\jre1.8.0_31\bin\jsound.dll
0x000000006f7c0000 - 0x000000006f7cb000 	C:\Program Files\Java\jre1.8.0_31\bin\jsoundds.dll
0x00007ffd35ed0000 - 0x00007ffd35f6d000 	C:\WINDOWS\SYSTEM32\DSOUND.dll
0x00007ffd55e30000 - 0x00007ffd55ea0000 	C:\WINDOWS\SYSTEM32\MMDevAPI.DLL
0x00007ffd47f80000 - 0x00007ffd47fbe000 	C:\WINDOWS\SYSTEM32\wdmaud.drv
0x00007ffd59190000 - 0x00007ffd59198000 	C:\WINDOWS\SYSTEM32\ksuser.dll
0x00007ffd592c0000 - 0x00007ffd592cc000 	C:\WINDOWS\SYSTEM32\AVRT.dll
0x00007ffd4dfa0000 - 0x00007ffd4e01e000 	C:\WINDOWS\SYSTEM32\AUDIOSES.DLL
0x00007ffd4eb40000 - 0x00007ffd4eb4b000 	C:\WINDOWS\SYSTEM32\msacm32.drv
0x00007ffd4df00000 - 0x00007ffd4df1c000 	C:\WINDOWS\SYSTEM32\MSACM32.dll
0x00007ffd4eb30000 - 0x00007ffd4eb3a000 	C:\WINDOWS\SYSTEM32\midimap.dll
0x00007ffd49a20000 - 0x00007ffd49bbc000 	C:\Users\Ian\workspace\AVISS\lib\Kinect20.Face.dll
0x00007ffd42f90000 - 0x00007ffd43037000 	C:\WINDOWS\SYSTEM32\MSVCP110.dll
0x00007ffd4e1d0000 - 0x00007ffd4e2a4000 	C:\WINDOWS\SYSTEM32\MSVCR110.dll
0x00007ffd55c80000 - 0x00007ffd55c90000 	C:\Users\Ian\workspace\AVISS\lib\KinectPV2.dll
0x00007ffd4fa00000 - 0x00007ffd4faba000 	C:\WINDOWS\SYSTEM32\Kinect20.dll
0x00007ffd43090000 - 0x00007ffd4317b000 	C:\WINDOWS\SYSTEM32\MFPlat.DLL
0x00007ffd42f60000 - 0x00007ffd42f87000 	C:\WINDOWS\SYSTEM32\RTWorkQ.DLL
0x00007ffd473b0000 - 0x00007ffd4753a000 	C:\WINDOWS\SYSTEM32\dbghelp.dll

VM Arguments:
jvm_args: -Djava.library.path=C:\Users\Ian\workspace\AVISS\lib -Dfile.encoding=Cp1252 
java_command: aviss.applet.AVISSApplet
java_class_path (initial): C:\Users\Ian\workspace\AVISS\bin;C:\Users\Ian\workspace\AVISS\lib\commons-collections4-4.0.jar;C:\Users\Ian\workspace\AVISS\lib\core.jar;C:\Users\Ian\workspace\AVISS\lib\G4P.jar;C:\Users\Ian\workspace\AVISS\lib\gluegen-rt-natives-linux-amd64.jar;C:\Users\Ian\workspace\AVISS\lib\gluegen-rt-natives-linux-armv6hf.jar;C:\Users\Ian\workspace\AVISS\lib\gluegen-rt-natives-linux-i586.jar;C:\Users\Ian\workspace\AVISS\lib\gluegen-rt-natives-macosx-universal.jar;C:\Users\Ian\workspace\AVISS\lib\gluegen-rt-natives-windows-amd64.jar;C:\Users\Ian\workspace\AVISS\lib\gluegen-rt-natives-windows-i586.jar;C:\Users\Ian\workspace\AVISS\lib\gluegen-rt.jar;C:\Users\Ian\workspace\AVISS\lib\il_hemesh.jar;C:\Users\Ian\workspace\AVISS\lib\javolution-6.1.0.jar;C:\Users\Ian\workspace\AVISS\lib\jl1.0.jar;C:\Users\Ian\workspace\AVISS\lib\jogl-all-natives-linux-amd64.jar;C:\Users\Ian\workspace\AVISS\lib\jogl-all-natives-linux-armv6hf.jar;C:\Users\Ian\workspace\AVISS\lib\jogl-all-natives-linux-i586.jar;C:\Users\Ian\workspace\AVISS\lib\jogl-all-natives-macosx-universal.jar;C:\Users\Ian\workspace\AVISS\lib\jogl-all-natives-windows-amd64.jar;C:\Users\Ian\workspace\AVISS\lib\jogl-all-natives-windows-i586.jar;C:\Users\Ian\workspace\AVISS\lib\jogl-all.jar;C:\Users\Ian\workspace\AVISS\lib\jsminim.jar;C:\Users\Ian\workspace\AVISS\lib\jts.jar;C:\Users\Ian\workspace\AVISS\lib\KinectPV2.jar;C:\Users\Ian\workspace\AVISS\lib\log4j-1.2.17.jar;C:\Users\Ian\workspace\AVISS\lib\miglayout15-swing.jar;C:\Users\Ian\workspace\AVISS\lib\minim.jar;C:\Users\Ian\workspace\AVISS\lib\mp3spi1.9.4.jar;C:\Users\Ian\workspace\AVISS\lib\opal-1.0.1.jar;C:\Users\Ian\workspace\AVISS\lib\peasycam.jar;C:\Users\Ian\workspace\AVISS\lib\swt.jar;C:\Users\Ian\workspace\AVISS\lib\tritonus_aos.jar;C:\Users\Ian\workspace\AVISS\lib\tritonus_share.jar;C:\Users\Ian\workspace\AVISS\lib\trove-3.1a1.jar
Launcher Type: SUN_STANDARD

Environment Variables:
PATH=C:/Program Files/Java/jre1.8.0_31/bin/server;C:/Program Files/Java/jre1.8.0_31/bin;C:/Program Files/Java/jre1.8.0_31/lib/amd64;C:\MinGW\bin\;C:\Python34\;C:\Python34\Scripts;C:\ProgramData\Oracle\Java\javapath;c:\Program Files (x86)\Intel\iCLS Client\;c:\Program Files\Intel\iCLS Client\;C:\WINDOWS\system32;C:\WINDOWS;C:\WINDOWS\System32\Wbem;C:\WINDOWS\System32\WindowsPowerShell\v1.0\;C:\Program Files\Intel\Intel(R) Management Engine Components\DAL;C:\Program Files\Intel\Intel(R) Management Engine Components\IPT;C:\Program Files (x86)\Intel\Intel(R) Management Engine Components\DAL;C:\Program Files (x86)\Intel\Intel(R) Management Engine Components\IPT;C:\Program Files (x86)\Intel\OpenCL SDK\3.0\bin\x86;C:\Program Files (x86)\Intel\OpenCL SDK\3.0\bin\x64;C:\Program Files (x86)\Windows Live\Shared;C:\Program Files (x86)\QuickTime\QTSystem\;C:\Program Files (x86)\Windows Kits\8.1\Windows Performance Toolkit\;C:\Program Files\Microsoft SQL Server\110\Tools\Binn\;C:\Program Files (x86)\Microsoft SDKs\TypeScript\1.0\;C:\Program Fil;C:\MinGW\bin\;C:\Program Files (x86)\CMake\bin\;C:\Users\Ian\Documents\2014W2\CPSC_425\Canopy\User;C:\Users\Ian\Documents\2014W2\CPSC_425\Canopy\User\Scripts;C:\Program Files\Eclipse Luna\eclipse;
USERNAME=Ian
OS=Windows_NT
PROCESSOR_IDENTIFIER=Intel64 Family 6 Model 69 Stepping 1, GenuineIntel



---------------  S Y S T E M  ---------------

OS: Windows 8.1 , 64 bit Build 9600 

CPU:total 4 (2 cores per cpu, 2 threads per core) family 6 model 69 stepping 1, cmov, cx8, fxsr, mmx, sse, sse2, sse3, ssse3, sse4.1, sse4.2, popcnt, avx, avx2, aes, clmul, erms, lzcnt, ht, tsc, tscinvbit, bmi1, bmi2

Memory: 4k page, physical 8291748k(1132020k free), swap 11568548k(1617512k free)

vm_info: Java HotSpot(TM) 64-Bit Server VM (25.31-b07) for windows-amd64 JRE (1.8.0_31-b13), built on Dec 17 2014 21:00:28 by "java_re" with MS VC++ 10.0 (VS2010)

time: Sun Apr 12 12:38:16 2015
elapsed time: 5 seconds (0d 0h 0m 5s)

