#
# A fatal error has been detected by the Java Runtime Environment:
#
#  EXCEPTION_ACCESS_VIOLATION (0xc0000005) at pc=0x000000018008adad, pid=6984, tid=4920
#
# JRE version: Java(TM) SE Runtime Environment (8.0_31-b13) (build 1.8.0_31-b13)
# Java VM: Java HotSpot(TM) 64-Bit Server VM (25.31-b07 mixed mode windows-amd64 compressed oops)
# Problematic frame:
# C  [ig75icd64.dll+0x8adad]
#
# Failed to write core dump. Minidumps are not enabled by default on client versions of Windows
#
# If you would like to submit a bug report, please visit:
#   http://bugreport.java.com/bugreport/crash.jsp
# The crash happened outside the Java Virtual Machine in native code.
# See problematic frame for where to report the bug.
#

---------------  T H R E A D  ---------------

Current thread (0x0000000019610800):  JavaThread "AWT-EventQueue-0" [_thread_in_native, id=4920, stack(0x000000001bbd0000,0x000000001bcd0000)]

siginfo: ExceptionCode=0xc0000005, reading address 0x0000000026800000

Registers:
RAX=0x0000000000004fa0, RBX=0x0000000020087800, RCX=0x0000000000000000, RDX=0x00000000267fffc0
RSP=0x000000001bccdbe0, RBP=0x0000000000774000, RSI=0x0000000026583040, RDI=0x000000003fd9d000
R8 =0x0000000000774000, R9 =0x000000000000ee80, R10=0x0000000000004fa0, R11=0x000000001bccdb30
R12=0x0000000000000001, R13=0x000000001f2bd938, R14=0x000000001b8b3300, R15=0x0000000000000002
RIP=0x000000018008adad, EFLAGS=0x0000000000010207

Top of Stack: (sp=0x000000001bccdbe0)
0x000000001bccdbe0:   0000000000000000 0000000000000000
0x000000001bccdbf0:   0000000000000000 0000000000000000
0x000000001bccdc00:   000000001c37b268 000000018008b090
0x000000001bccdc10:   0000000020087800 0000000020087800
0x000000001bccdc20:   0000000000774000 000000001f936e90
0x000000001bccdc30:   0000000000000001 000000007083eb8b
0x000000001bccdc40:   0000000000000000 0000000026583040
0x000000001bccdc50:   000000001b8b3300 0000000000774000
0x000000001bccdc60:   000000001c37b1f0 000000018006bd52
0x000000001bccdc70:   0000000000000000 0000000100000033
0x000000001bccdc80:   0000000000000000 0000000000000049
0x000000001bccdc90:   0000000026583040 000000006450b500
0x000000001bccdca0:   0000000019610901 0000000085eba118
0x000000001bccdcb0:   0000000026583040 0000000000774000
0x000000001bccdcc0:   000000001c37b1f0 000000018006c3ef
0x000000001bccdcd0:   000000001b8b3300 00000000000088e8 

Instructions: (pc=0x000000018008adad)
0x000000018008ad8d:   00 00 00 66 0f 6f 3a 66 0f 6f 72 10 66 0f 6f 6a
0x000000018008ad9d:   20 41 ff c2 48 83 ef 80 41 8b c2 66 0f 6f 62 30
0x000000018008adad:   66 0f 6f 5a 40 66 0f 6f 52 50 66 0f 6f 4a 60 66
0x000000018008adbd:   0f 6f 42 70 66 0f e7 7f 80 48 83 ea 80 66 0f e7 


Register to memory mapping:

RAX=0x0000000000004fa0 is an unknown value
RBX=0x0000000020087800 is an unknown value
RCX=0x0000000000000000 is an unknown value
RDX=0x00000000267fffc0 is an unknown value
RSP=0x000000001bccdbe0 is pointing into the stack for thread: 0x0000000019610800
RBP=0x0000000000774000 is an unknown value
RSI=0x0000000026583040 is an unknown value
RDI=0x000000003fd9d000 is an unknown value
R8 =0x0000000000774000 is an unknown value
R9 =0x000000000000ee80 is an unknown value
R10=0x0000000000004fa0 is an unknown value
R11=0x000000001bccdb30 is pointing into the stack for thread: 0x0000000019610800
R12=0x0000000000000001 is an unknown value
R13={method} {0x000000001f2bd940} 'dispatch_glBufferData' '(IJLjava/lang/Object;IZIJ)V' in 'jogamp/opengl/gl4/GL4bcImpl'
R14=0x000000001b8b3300 is an unknown value
R15=0x0000000000000002 is an unknown value


Stack: [0x000000001bbd0000,0x000000001bcd0000],  sp=0x000000001bccdbe0,  free space=1014k
Native frames: (J=compiled Java code, j=interpreted, Vv=VM code, C=native code)
C  [ig75icd64.dll+0x8adad]
C  [ig75icd64.dll+0x8b090]
C  [ig75icd64.dll+0x6bd52]
C  [ig75icd64.dll+0x6c3ef]
C  0x00000000025a5b74

Java frames: (J=compiled Java code, j=interpreted, Vv=VM code)
j  jogamp.opengl.gl4.GL4bcImpl.dispatch_glBufferData(IJLjava/lang/Object;IZIJ)V+0
j  jogamp.opengl.gl4.GL4bcImpl.access$000(Ljogamp/opengl/gl4/GL4bcImpl;IJLjava/lang/Object;IZIJ)V+13
j  jogamp.opengl.gl4.GL4bcImpl$1.create(IJLjava/nio/Buffer;IJ)V+52
j  jogamp.opengl.GLBufferObjectTracker.createBufferStorage(Ljogamp/opengl/GLBufferStateTracker;Ljavax/media/opengl/GL;IJLjava/nio/Buffer;IILjogamp/opengl/GLBufferObjectTracker$CreateStorageDispatch;J)V+209
j  jogamp.opengl.gl4.GL4bcImpl.glBufferData(IJLjava/nio/Buffer;I)V+67
j  processing.opengl.PJOGL.bufferData(IILjava/nio/Buffer;I)V+10
j  aviss.visuals.KinectStarCloudGenerator.renderStarsUsingKinectData()V+107
j  aviss.visuals.KinectStarCloudGenerator.run()V+287
j  aviss.applet.AVISSApplet.draw()V+53
j  processing.core.PApplet.handleDraw()V+231
j  processing.opengl.PJOGL$PGLListener.display(Ljavax/media/opengl/GLAutoDrawable;)V+476
j  jogamp.opengl.GLDrawableHelper.displayImpl(Ljavax/media/opengl/GLAutoDrawable;)V+81
j  jogamp.opengl.GLDrawableHelper.display(Ljavax/media/opengl/GLAutoDrawable;)V+2
j  javax.media.opengl.awt.GLCanvas$10.run()V+118
j  jogamp.opengl.GLDrawableHelper.invokeGLImpl(Ljavax/media/opengl/GLDrawable;Ljavax/media/opengl/GLContext;Ljava/lang/Runnable;Ljava/lang/Runnable;)V+206
j  jogamp.opengl.GLDrawableHelper.invokeGL(Ljavax/media/opengl/GLDrawable;Ljavax/media/opengl/GLContext;Ljava/lang/Runnable;Ljava/lang/Runnable;)V+80
j  javax.media.opengl.awt.GLCanvas$11.run()V+73
j  java.awt.event.InvocationEvent.dispatch()V+11
j  java.awt.EventQueue.dispatchEventImpl(Ljava/awt/AWTEvent;Ljava/lang/Object;)V+21
j  java.awt.EventQueue.access$500(Ljava/awt/EventQueue;Ljava/awt/AWTEvent;Ljava/lang/Object;)V+3
j  java.awt.EventQueue$3.run()Ljava/lang/Void;+32
j  java.awt.EventQueue$3.run()Ljava/lang/Object;+1
v  ~StubRoutines::call_stub
j  java.security.AccessController.doPrivileged(Ljava/security/PrivilegedAction;Ljava/security/AccessControlContext;)Ljava/lang/Object;+0
j  java.security.ProtectionDomain$1.doIntersectionPrivilege(Ljava/security/PrivilegedAction;Ljava/security/AccessControlContext;Ljava/security/AccessControlContext;)Ljava/lang/Object;+28
j  java.awt.EventQueue.dispatchEvent(Ljava/awt/AWTEvent;)V+46
j  java.awt.EventDispatchThread.pumpOneEventForFilters(I)V+245
j  java.awt.EventDispatchThread.pumpEventsForFilter(ILjava/awt/Conditional;Ljava/awt/EventFilter;)V+35
j  java.awt.EventDispatchThread.pumpEventsForHierarchy(ILjava/awt/Conditional;Ljava/awt/Component;)V+11
j  java.awt.EventDispatchThread.pumpEvents(ILjava/awt/Conditional;)V+4
j  java.awt.EventDispatchThread.pumpEvents(Ljava/awt/Conditional;)V+3
j  java.awt.EventDispatchThread.run()V+9
v  ~StubRoutines::call_stub

---------------  P R O C E S S  ---------------

Java Threads: ( => current thread )
  0x0000000019ae7800 JavaThread "Thread-390" [_thread_blocked, id=5256, stack(0x00000000345a0000,0x00000000346a0000)]
  0x0000000019aea800 JavaThread "Thread-6" [_thread_blocked, id=8064, stack(0x0000000026280000,0x0000000026380000)]
  0x0000000019aea000 JavaThread "Java Sound Event Dispatcher" daemon [_thread_blocked, id=7992, stack(0x0000000025b80000,0x0000000025c80000)]
  0x0000000019ae9000 JavaThread "Animation Thread-SharedResourceRunner" daemon [_thread_blocked, id=7892, stack(0x000000001f430000,0x000000001f530000)]
  0x000000000248e000 JavaThread "DestroyJavaVM" [_thread_blocked, id=1608, stack(0x0000000002340000,0x0000000002440000)]
  0x00000000196a6000 JavaThread "Animation Thread" [_thread_blocked, id=6940, stack(0x000000001de40000,0x000000001df40000)]
  0x00000000196af800 JavaThread "D3D Screen Updater" daemon [_thread_blocked, id=1824, stack(0x000000001d140000,0x000000001d240000)]
  0x0000000019685800 JavaThread "Image Fetcher 2" daemon [_thread_blocked, id=4320, stack(0x000000001cc60000,0x000000001cd60000)]
  0x0000000019674800 JavaThread "Image Fetcher 1" daemon [_thread_blocked, id=1092, stack(0x000000001cb60000,0x000000001cc60000)]
  0x00000000195fb000 JavaThread "Image Fetcher 0" daemon [_thread_blocked, id=8068, stack(0x000000001ca60000,0x000000001cb60000)]
=>0x0000000019610800 JavaThread "AWT-EventQueue-0" [_thread_in_native, id=4920, stack(0x000000001bbd0000,0x000000001bcd0000)]
  0x00000000195ac800 JavaThread "AWT-Windows" daemon [_thread_in_native, id=4668, stack(0x0000000019ea0000,0x0000000019fa0000)]
  0x0000000018f6e800 JavaThread "AWT-Shutdown" [_thread_blocked, id=3460, stack(0x0000000019da0000,0x0000000019ea0000)]
  0x0000000018f6d800 JavaThread "Java2D Disposer" daemon [_thread_blocked, id=8096, stack(0x0000000019ca0000,0x0000000019da0000)]
  0x0000000017145000 JavaThread "Service Thread" daemon [_thread_blocked, id=1284, stack(0x0000000018970000,0x0000000018a70000)]
  0x000000001713c800 JavaThread "C1 CompilerThread2" daemon [_thread_blocked, id=5424, stack(0x0000000018870000,0x0000000018970000)]
  0x000000001713b800 JavaThread "C2 CompilerThread1" daemon [_thread_blocked, id=2952, stack(0x0000000018770000,0x0000000018870000)]
  0x00000000170ed000 JavaThread "C2 CompilerThread0" daemon [_thread_blocked, id=184, stack(0x0000000018670000,0x0000000018770000)]
  0x00000000170eb800 JavaThread "Attach Listener" daemon [_thread_blocked, id=7028, stack(0x0000000018570000,0x0000000018670000)]
  0x000000000258e800 JavaThread "Signal Dispatcher" daemon [_thread_blocked, id=1736, stack(0x0000000018470000,0x0000000018570000)]
  0x0000000002584000 JavaThread "Finalizer" daemon [_thread_blocked, id=3200, stack(0x0000000018370000,0x0000000018470000)]
  0x00000000170b7800 JavaThread "Reference Handler" daemon [_thread_blocked, id=6968, stack(0x0000000018270000,0x0000000018370000)]

Other Threads:
  0x00000000170b5000 VMThread [stack: 0x0000000018170000,0x0000000018270000] [id=8136]
  0x0000000017147800 WatcherThread [stack: 0x0000000018a70000,0x0000000018b70000] [id=4552]

VM state:not at safepoint (normal execution)

VM Mutex/Monitor currently owned by a thread: None

Heap:
 PSYoungGen      total 183296K, used 110336K [0x00000000d5d00000, 0x00000000efe00000, 0x0000000100000000)
  eden space 113664K, 64% used [0x00000000d5d00000,0x00000000da450d78,0x00000000dcc00000)
  from space 69632K, 53% used [0x00000000dcc00000,0x00000000df06f610,0x00000000e1000000)
  to   space 106496K, 0% used [0x00000000e9600000,0x00000000e9600000,0x00000000efe00000)
 ParOldGen       total 271872K, used 163895K [0x0000000081600000, 0x0000000091f80000, 0x00000000d5d00000)
  object space 271872K, 60% used [0x0000000081600000,0x000000008b60dd08,0x0000000091f80000)
 Metaspace       used 17687K, capacity 17867K, committed 18048K, reserved 1064960K
  class space    used 1818K, capacity 1888K, committed 1920K, reserved 1048576K

Card table byte_map: [0x0000000011950000,0x0000000011d50000] byte_map_base: 0x0000000011545000

Marking Bits: (ParMarkBitMap*) 0x0000000070eed4f0
 Begin Bits: [0x0000000012400000, 0x00000000143a8000)
 End Bits:   [0x00000000143a8000, 0x0000000016350000)

Polling page: 0x0000000000cc0000

CodeCache: size=245760Kb used=4801Kb max_used=4801Kb free=240958Kb
 bounds [0x0000000002590000, 0x0000000002a50000, 0x0000000011590000]
 total_blobs=2168 nmethods=1275 adapters=807
 compilation: enabled

Compilation events (10 events):
Event: 5.776 Thread 0x000000001713c800 1271       3       java.nio.DirectIntBufferU::put (18 bytes)
Event: 5.776 Thread 0x000000001713c800 nmethod 1271 0x0000000002a3ead0 code [0x0000000002a3ec40, 0x0000000002a3eeb0]
Event: 5.818 Thread 0x000000001713c800 1272       1       java.awt.Component::isVisible_NoClientCode (5 bytes)
Event: 5.818 Thread 0x000000001713c800 nmethod 1272 0x0000000002a3e610 code [0x0000000002a3e760, 0x0000000002a3e870]
Event: 5.862 Thread 0x00000000170ed000 1273  s    4       ddf.minim.MAudioBuffer::mix (68 bytes)
Event: 5.867 Thread 0x00000000170ed000 nmethod 1273 0x0000000002a431d0 code [0x0000000002a43340, 0x0000000002a437c8]
Event: 5.870 Thread 0x000000001713c800 1274       3       java.nio.Buffer::rewind (12 bytes)
Event: 5.870 Thread 0x000000001713c800 nmethod 1274 0x0000000002a3e2d0 code [0x0000000002a3e420, 0x0000000002a3e590]
Event: 5.906 Thread 0x000000001713c800 1275   !   3       sun.awt.AWTAutoShutdown::setToolkitBusy (124 bytes)
Event: 5.907 Thread 0x000000001713c800 nmethod 1275 0x0000000002a43950 code [0x0000000002a43b20, 0x0000000002a443a8]

GC Heap History (10 events):
Event: 2.422 GC heap before
{Heap before GC invocations=5 (full 0):
 PSYoungGen      total 71680K, used 71569K [0x00000000d5d00000, 0x00000000da800000, 0x0000000100000000)
  eden space 66560K, 100% used [0x00000000d5d00000,0x00000000d9e00000,0x00000000d9e00000)
  from space 5120K, 97% used [0x00000000da300000,0x00000000da7e4798,0x00000000da800000)
  to   space 5120K, 0% used [0x00000000d9e00000,0x00000000d9e00000,0x00000000da300000)
 ParOldGen       total 87552K, used 9083K [0x0000000081600000, 0x0000000086b80000, 0x00000000d5d00000)
  object space 87552K, 10% used [0x0000000081600000,0x0000000081edee28,0x0000000086b80000)
 Metaspace       used 17507K, capacity 17685K, committed 17792K, reserved 1064960K
  class space    used 1798K, capacity 1853K, committed 1920K, reserved 1048576K
Event: 2.491 GC heap after
Heap after GC invocations=5 (full 0):
 PSYoungGen      total 71680K, used 5104K [0x00000000d5d00000, 0x00000000e4100000, 0x0000000100000000)
  eden space 66560K, 0% used [0x00000000d5d00000,0x00000000d5d00000,0x00000000d9e00000)
  from space 5120K, 99% used [0x00000000d9e00000,0x00000000da2fc060,0x00000000da300000)
  to   space 50176K, 0% used [0x00000000e1000000,0x00000000e1000000,0x00000000e4100000)
 ParOldGen       total 87552K, used 74545K [0x0000000081600000, 0x0000000086b80000, 0x00000000d5d00000)
  object space 87552K, 85% used [0x0000000081600000,0x0000000085ecc608,0x0000000086b80000)
 Metaspace       used 17507K, capacity 17685K, committed 17792K, reserved 1064960K
  class space    used 1798K, capacity 1853K, committed 1920K, reserved 1048576K
}
Event: 2.491 GC heap before
{Heap before GC invocations=6 (full 1):
 PSYoungGen      total 71680K, used 5104K [0x00000000d5d00000, 0x00000000e4100000, 0x0000000100000000)
  eden space 66560K, 0% used [0x00000000d5d00000,0x00000000d5d00000,0x00000000d9e00000)
  from space 5120K, 99% used [0x00000000d9e00000,0x00000000da2fc060,0x00000000da300000)
  to   space 50176K, 0% used [0x00000000e1000000,0x00000000e1000000,0x00000000e4100000)
 ParOldGen       total 87552K, used 74545K [0x0000000081600000, 0x0000000086b80000, 0x00000000d5d00000)
  object space 87552K, 85% used [0x0000000081600000,0x0000000085ecc608,0x0000000086b80000)
 Metaspace       used 17507K, capacity 17685K, committed 17792K, reserved 1064960K
  class space    used 1798K, capacity 1853K, committed 1920K, reserved 1048576K
Event: 2.570 GC heap after
Heap after GC invocations=6 (full 1):
 PSYoungGen      total 71680K, used 0K [0x00000000d5d00000, 0x00000000e4100000, 0x0000000100000000)
  eden space 66560K, 0% used [0x00000000d5d00000,0x00000000d5d00000,0x00000000d9e00000)
  from space 5120K, 0% used [0x00000000d9e00000,0x00000000d9e00000,0x00000000da300000)
  to   space 50176K, 0% used [0x00000000e1000000,0x00000000e1000000,0x00000000e4100000)
 ParOldGen       total 164352K, used 78524K [0x0000000081600000, 0x000000008b680000, 0x00000000d5d00000)
  object space 164352K, 47% used [0x0000000081600000,0x00000000862af370,0x000000008b680000)
 Metaspace       used 17505K, capacity 17683K, committed 17792K, reserved 1064960K
  class space    used 1798K, capacity 1852K, committed 1920K, reserved 1048576K
}
Event: 2.653 GC heap before
{Heap before GC invocations=7 (full 1):
 PSYoungGen      total 71680K, used 66560K [0x00000000d5d00000, 0x00000000e4100000, 0x0000000100000000)
  eden space 66560K, 100% used [0x00000000d5d00000,0x00000000d9e00000,0x00000000d9e00000)
  from space 5120K, 0% used [0x00000000d9e00000,0x00000000d9e00000,0x00000000da300000)
  to   space 50176K, 0% used [0x00000000e1000000,0x00000000e1000000,0x00000000e4100000)
 ParOldGen       total 164352K, used 78524K [0x0000000081600000, 0x000000008b680000, 0x00000000d5d00000)
  object space 164352K, 47% used [0x0000000081600000,0x00000000862af370,0x000000008b680000)
 Metaspace       used 17517K, capacity 17683K, committed 17792K, reserved 1064960K
  class space    used 1798K, capacity 1852K, committed 1920K, reserved 1048576K
Event: 2.729 GC heap after
Heap after GC invocations=7 (full 1):
 PSYoungGen      total 163840K, used 50144K [0x00000000d5d00000, 0x00000000e6100000, 0x0000000100000000)
  eden space 113664K, 0% used [0x00000000d5d00000,0x00000000d5d00000,0x00000000dcc00000)
  from space 50176K, 99% used [0x00000000e1000000,0x00000000e40f8010,0x00000000e4100000)
  to   space 69632K, 0% used [0x00000000dcc00000,0x00000000dcc00000,0x00000000e1000000)
 ParOldGen       total 164352K, used 90132K [0x0000000081600000, 0x000000008b680000, 0x00000000d5d00000)
  object space 164352K, 54% used [0x0000000081600000,0x0000000086e05370,0x000000008b680000)
 Metaspace       used 17517K, capacity 17683K, committed 17792K, reserved 1064960K
  class space    used 1798K, capacity 1852K, committed 1920K, reserved 1048576K
}
Event: 4.026 GC heap before
{Heap before GC invocations=8 (full 1):
 PSYoungGen      total 163840K, used 163808K [0x00000000d5d00000, 0x00000000e6100000, 0x0000000100000000)
  eden space 113664K, 100% used [0x00000000d5d00000,0x00000000dcc00000,0x00000000dcc00000)
  from space 50176K, 99% used [0x00000000e1000000,0x00000000e40f8010,0x00000000e4100000)
  to   space 69632K, 0% used [0x00000000dcc00000,0x00000000dcc00000,0x00000000e1000000)
 ParOldGen       total 164352K, used 90132K [0x0000000081600000, 0x000000008b680000, 0x00000000d5d00000)
  object space 164352K, 54% used [0x0000000081600000,0x0000000086e05370,0x000000008b680000)
 Metaspace       used 17612K, capacity 17747K, committed 18048K, reserved 1064960K
  class space    used 1802K, capacity 1852K, committed 1920K, reserved 1048576K
Event: 4.135 GC heap after
Heap after GC invocations=8 (full 1):
 PSYoungGen      total 183296K, used 69608K [0x00000000d5d00000, 0x00000000efe00000, 0x0000000100000000)
  eden space 113664K, 0% used [0x00000000d5d00000,0x00000000d5d00000,0x00000000dcc00000)
  from space 69632K, 99% used [0x00000000dcc00000,0x00000000e0ffa030,0x00000000e1000000)
  to   space 106496K, 0% used [0x00000000e9600000,0x00000000e9600000,0x00000000efe00000)
 ParOldGen       total 164352K, used 132068K [0x0000000081600000, 0x000000008b680000, 0x00000000d5d00000)
  object space 164352K, 80% used [0x0000000081600000,0x00000000896f9370,0x000000008b680000)
 Metaspace       used 17612K, capacity 17747K, committed 18048K, reserved 1064960K
  class space    used 1802K, capacity 1852K, committed 1920K, reserved 1048576K
}
Event: 4.135 GC heap before
{Heap before GC invocations=9 (full 2):
 PSYoungGen      total 183296K, used 69608K [0x00000000d5d00000, 0x00000000efe00000, 0x0000000100000000)
  eden space 113664K, 0% used [0x00000000d5d00000,0x00000000d5d00000,0x00000000dcc00000)
  from space 69632K, 99% used [0x00000000dcc00000,0x00000000e0ffa030,0x00000000e1000000)
  to   space 106496K, 0% used [0x00000000e9600000,0x00000000e9600000,0x00000000efe00000)
 ParOldGen       total 164352K, used 132068K [0x0000000081600000, 0x000000008b680000, 0x00000000d5d00000)
  object space 164352K, 80% used [0x0000000081600000,0x00000000896f9370,0x000000008b680000)
 Metaspace       used 17612K, capacity 17747K, committed 18048K, reserved 1064960K
  class space    used 1802K, capacity 1852K, committed 1920K, reserved 1048576K
Event: 4.978 GC heap after
Heap after GC invocations=9 (full 2):
 PSYoungGen      total 183296K, used 37309K [0x00000000d5d00000, 0x00000000efe00000, 0x0000000100000000)
  eden space 113664K, 0% used [0x00000000d5d00000,0x00000000d5d00000,0x00000000dcc00000)
  from space 69632K, 53% used [0x00000000dcc00000,0x00000000df06f610,0x00000000e1000000)
  to   space 106496K, 0% used [0x00000000e9600000,0x00000000e9600000,0x00000000efe00000)
 ParOldGen       total 271872K, used 163895K [0x0000000081600000, 0x0000000091f80000, 0x00000000d5d00000)
  object space 271872K, 60% used [0x0000000081600000,0x000000008b60dd08,0x0000000091f80000)
 Metaspace       used 17612K, capacity 17747K, committed 18048K, reserved 1064960K
  class space    used 1802K, capacity 1852K, committed 1920K, reserved 1048576K
}

Deoptimization events (7 events):
Event: 1.922 Thread 0x0000000019610800 Uncommon trap: reason=unreached action=reinterpret pc=0x00000000028ea58c method=com.jogamp.common.nio.Buffers.rangeCheckBytes(Ljava/lang/Object;I)V @ 1
Event: 1.922 Thread 0x0000000019610800 Uncommon trap: reason=unreached action=reinterpret pc=0x00000000028e9088 method=com.jogamp.common.nio.Buffers.isDirect(Ljava/lang/Object;)Z @ 1
Event: 1.922 Thread 0x0000000019610800 Uncommon trap: reason=unreached action=reinterpret pc=0x00000000028ecb0c method=com.jogamp.common.nio.Buffers.getDirectBufferByteOffset(Ljava/lang/Object;)I @ 1
Event: 1.962 Thread 0x0000000019610800 Uncommon trap: reason=unreached action=reinterpret pc=0x00000000028e0310 method=com.jogamp.common.util.IntIntHashMap.get(I)I @ 19
Event: 1.975 Thread 0x0000000019674800 Uncommon trap: reason=unreached action=reinterpret pc=0x00000000028a5db0 method=java.lang.reflect.AccessibleObject.setAccessible0(Ljava/lang/reflect/AccessibleObject;Z)V @ 4
Event: 2.149 Thread 0x0000000019685800 Uncommon trap: reason=predicate action=maybe_recompile pc=0x000000000294b494 method=sun.awt.image.PNGImageDecoder.produceImage()V @ 960
Event: 3.622 Thread 0x0000000019610800 Uncommon trap: reason=class_check action=maybe_recompile pc=0x00000000029b20c0 method=java.util.LinkedHashMap.afterNodeInsertion(Z)V @ 15

Internal exceptions (10 events):
Event: 2.319 Thread 0x0000000019610800 Exception <a 'java/security/PrivilegedActionException'> (0x00000000d98deac0) thrown at [C:\workspace\8-2-build-windows-amd64-cygwin\jdk8u31\2394\hotspot\src\share\vm\prims\jvm.cpp, line 1312]
Event: 2.320 Thread 0x0000000019610800 Exception <a 'java/security/PrivilegedActionException'> (0x00000000d98e2c08) thrown at [C:\workspace\8-2-build-windows-amd64-cygwin\jdk8u31\2394\hotspot\src\share\vm\prims\jvm.cpp, line 1312]
Event: 2.320 Thread 0x0000000019610800 Exception <a 'java/security/PrivilegedActionException'> (0x00000000d98e7670) thrown at [C:\workspace\8-2-build-windows-amd64-cygwin\jdk8u31\2394\hotspot\src\share\vm\prims\jvm.cpp, line 1312]
Event: 2.399 Thread 0x0000000019610800 Exception <a 'java/security/PrivilegedActionException'> (0x00000000d997a7f0) thrown at [C:\workspace\8-2-build-windows-amd64-cygwin\jdk8u31\2394\hotspot\src\share\vm\prims\jvm.cpp, line 1312]
Event: 2.886 Thread 0x00000000196a6000 Exception <a 'java/security/PrivilegedActionException'> (0x00000000d9527880) thrown at [C:\workspace\8-2-build-windows-amd64-cygwin\jdk8u31\2394\hotspot\src\share\vm\prims\jvm.cpp, line 1312]
Event: 2.899 Thread 0x00000000196a6000 Exception <a 'java/security/PrivilegedActionException'> (0x00000000d952a428) thrown at [C:\workspace\8-2-build-windows-amd64-cygwin\jdk8u31\2394\hotspot\src\share\vm\prims\jvm.cpp, line 1312]
Event: 2.902 Thread 0x00000000196a6000 Exception <a 'java/lang/reflect/InvocationTargetException'> (0x00000000d95331e0) thrown at [C:\workspace\8-2-build-windows-amd64-cygwin\jdk8u31\2394\hotspot\src\share\vm\runtime\reflection.cpp, line 1080]
Event: 3.025 Thread 0x0000000019610800 Exception <a 'java/security/PrivilegedActionException'> (0x00000000d8cd8d58) thrown at [C:\workspace\8-2-build-windows-amd64-cygwin\jdk8u31\2394\hotspot\src\share\vm\prims\jvm.cpp, line 1312]
Event: 3.136 Thread 0x0000000019610800 Exception <a 'java/security/PrivilegedActionException'> (0x00000000da3fe9d8) thrown at [C:\workspace\8-2-build-windows-amd64-cygwin\jdk8u31\2394\hotspot\src\share\vm\prims\jvm.cpp, line 1312]
Event: 3.620 Thread 0x0000000019610800 Exception <a 'java/security/PrivilegedActionException'> (0x00000000da806930) thrown at [C:\workspace\8-2-build-windows-amd64-cygwin\jdk8u31\2394\hotspot\src\share\vm\prims\jvm.cpp, line 1312]

Events (10 events):
Event: 5.862 Thread 0x0000000019aea800 DEOPT PACKING pc=0x0000000002a2a67e sp=0x000000002637f270
Event: 5.862 Thread 0x0000000019aea800 DEOPT UNPACKING pc=0x00000000025d75bf sp=0x000000002637efa8 mode 0
Event: 5.870 Thread 0x0000000019aeb800 Thread added: 0x0000000019aeb800
Event: 5.870 Thread 0x0000000019ae8800 Thread added: 0x0000000019ae8800
Event: 5.871 Executing VM operation: RevokeBias
Event: 5.871 Executing VM operation: RevokeBias done
Event: 5.871 Thread 0x0000000019aeb800 Thread exited: 0x0000000019aeb800
Event: 5.871 Executing VM operation: RevokeBias
Event: 5.871 Executing VM operation: RevokeBias done
Event: 5.871 Thread 0x0000000019ae8800 Thread exited: 0x0000000019ae8800


Dynamic libraries:
0x00007ff63b3c0000 - 0x00007ff63b3f4000 	C:\Program Files\Java\jre1.8.0_31\bin\javaw.exe
0x00007ffd5d800000 - 0x00007ffd5d9ac000 	C:\WINDOWS\SYSTEM32\ntdll.dll
0x00007ffd5b9e0000 - 0x00007ffd5bb1e000 	C:\WINDOWS\system32\KERNEL32.DLL
0x00007ffd5ad60000 - 0x00007ffd5ae75000 	C:\WINDOWS\system32\KERNELBASE.dll
0x00007ffd58fa0000 - 0x00007ffd5902e000 	C:\WINDOWS\system32\apphelp.dll
0x00007ffd47850000 - 0x00007ffd478a3000 	C:\WINDOWS\AppPatch\AppPatch64\AcGenral.DLL
0x00007ffd5d750000 - 0x00007ffd5d7fa000 	C:\WINDOWS\system32\msvcrt.dll
0x00007ffd5a7f0000 - 0x00007ffd5a81e000 	C:\WINDOWS\SYSTEM32\SspiCli.dll
0x00007ffd5bda0000 - 0x00007ffd5bdf4000 	C:\WINDOWS\system32\SHLWAPI.dll
0x00007ffd5b700000 - 0x00007ffd5b877000 	C:\WINDOWS\system32\USER32.dll
0x00007ffd5bc00000 - 0x00007ffd5bd94000 	C:\WINDOWS\system32\ole32.dll
0x00007ffd5be00000 - 0x00007ffd5d318000 	C:\WINDOWS\system32\SHELL32.dll
0x00007ffd59f70000 - 0x00007ffd59f91000 	C:\WINDOWS\SYSTEM32\USERENV.dll
0x00007ffd5d320000 - 0x00007ffd5d3ca000 	C:\WINDOWS\system32\ADVAPI32.dll
0x00007ffd44540000 - 0x00007ffd4455e000 	C:\WINDOWS\SYSTEM32\MPR.dll
0x00007ffd5b880000 - 0x00007ffd5b9c1000 	C:\WINDOWS\system32\RPCRT4.dll
0x00007ffd5ae80000 - 0x00007ffd5aed9000 	C:\WINDOWS\SYSTEM32\sechost.dll
0x00007ffd5afc0000 - 0x00007ffd5b1d1000 	C:\WINDOWS\SYSTEM32\combase.dll
0x00007ffd5d3d0000 - 0x00007ffd5d521000 	C:\WINDOWS\system32\GDI32.dll
0x00007ffd5a950000 - 0x00007ffd5a965000 	C:\WINDOWS\SYSTEM32\profapi.dll
0x00007ffd58720000 - 0x00007ffd587d2000 	C:\WINDOWS\SYSTEM32\SHCORE.dll
0x00007ffd5b1e0000 - 0x00007ffd5b216000 	C:\WINDOWS\system32\IMM32.DLL
0x00007ffd5b350000 - 0x00007ffd5b4a1000 	C:\WINDOWS\system32\MSCTF.dll
0x00007ffd57e00000 - 0x00007ffd5807b000 	C:\WINDOWS\WinSxS\amd64_microsoft.windows.common-controls_6595b64144ccf1df_6.0.9600.17415_none_6240486fecbd8abb\COMCTL32.dll
0x000000006f9e0000 - 0x000000006fab2000 	C:\Program Files\Java\jre1.8.0_31\bin\msvcr100.dll
0x0000000070710000 - 0x0000000070f6a000 	C:\Program Files\Java\jre1.8.0_31\bin\server\jvm.dll
0x00007ffd4f940000 - 0x00007ffd4f949000 	C:\WINDOWS\SYSTEM32\WSOCK32.dll
0x00007ffd559c0000 - 0x00007ffd559e2000 	C:\WINDOWS\SYSTEM32\WINMM.dll
0x00007ffd5bbe0000 - 0x00007ffd5bbe7000 	C:\WINDOWS\system32\PSAPI.DLL
0x00007ffd5d6f0000 - 0x00007ffd5d74a000 	C:\WINDOWS\system32\WS2_32.dll
0x00007ffd55990000 - 0x00007ffd559ba000 	C:\WINDOWS\SYSTEM32\WINMMBASE.dll
0x00007ffd5d6e0000 - 0x00007ffd5d6e9000 	C:\WINDOWS\system32\NSI.dll
0x00007ffd5acb0000 - 0x00007ffd5acff000 	C:\WINDOWS\SYSTEM32\cfgmgr32.dll
0x00007ffd59760000 - 0x00007ffd59788000 	C:\WINDOWS\SYSTEM32\DEVOBJ.dll
0x0000000070700000 - 0x000000007070f000 	C:\Program Files\Java\jre1.8.0_31\bin\verify.dll
0x00000000706d0000 - 0x00000000706f8000 	C:\Program Files\Java\jre1.8.0_31\bin\java.dll
0x00000000706b0000 - 0x00000000706c6000 	C:\Program Files\Java\jre1.8.0_31\bin\zip.dll
0x000000006f840000 - 0x000000006f9d8000 	C:\Program Files\Java\jre1.8.0_31\bin\awt.dll
0x00007ffd5b280000 - 0x00007ffd5b341000 	C:\WINDOWS\system32\OLEAUT32.dll
0x00007ffd58520000 - 0x00007ffd58541000 	C:\WINDOWS\system32\DWMAPI.DLL
0x00007ffd595c0000 - 0x00007ffd596e9000 	C:\WINDOWS\system32\uxtheme.dll
0x00007ffd44b20000 - 0x00007ffd44bcb000 	C:\Program Files\Common Files\microsoft shared\ink\tiptsf.dll
0x00007ffd59790000 - 0x00007ffd5979b000 	C:\WINDOWS\SYSTEM32\kernel.appcore.dll
0x00007ffd5a890000 - 0x00007ffd5a89b000 	C:\WINDOWS\SYSTEM32\CRYPTBASE.dll
0x00007ffd5a820000 - 0x00007ffd5a883000 	C:\WINDOWS\SYSTEM32\bcryptPrimitives.dll
0x00007ffd47c50000 - 0x00007ffd47e71000 	C:\WINDOWS\system32\d3d9.dll
0x00007ffd4eac0000 - 0x00007ffd4eaca000 	C:\WINDOWS\SYSTEM32\VERSION.dll
0x00007ffd29200000 - 0x00007ffd2aae1000 	C:\WINDOWS\SYSTEM32\igdumdim64.dll
0x00007ffd55ea0000 - 0x00007ffd56300000 	C:\WINDOWS\SYSTEM32\igdusc64.dll
0x000000006f7f0000 - 0x000000006f837000 	C:\Program Files\Java\jre1.8.0_31\bin\fontmanager.dll
0x00007ffd4e390000 - 0x00007ffd4e3fa000 	C:\WINDOWS\SYSTEM32\oleacc.dll
0x00007ffd5bb20000 - 0x00007ffd5bbd6000 	C:\WINDOWS\SYSTEM32\clbcatq.dll
0x00007ffd5a290000 - 0x00007ffd5a2b0000 	C:\WINDOWS\SYSTEM32\CRYPTSP.dll
0x00007ffd59e60000 - 0x00007ffd59e96000 	C:\WINDOWS\system32\rsaenh.dll
0x00007ffd5a4e0000 - 0x00007ffd5a506000 	C:\WINDOWS\SYSTEM32\bcrypt.dll
0x0000000070690000 - 0x00000000706aa000 	C:\Program Files\Java\jre1.8.0_31\bin\net.dll
0x00007ffd5a230000 - 0x00007ffd5a289000 	C:\WINDOWS\system32\mswsock.dll
0x00007ffd55920000 - 0x00007ffd5594a000 	C:\WINDOWS\SYSTEM32\IPHLPAPI.DLL
0x00007ffd558f0000 - 0x00007ffd558fa000 	C:\WINDOWS\SYSTEM32\WINNSI.DLL
0x00007ffd55770000 - 0x00007ffd55786000 	C:\WINDOWS\SYSTEM32\dhcpcsvc6.DLL
0x00007ffd55700000 - 0x00007ffd5571a000 	C:\WINDOWS\SYSTEM32\dhcpcsvc.DLL
0x0000000070670000 - 0x0000000070681000 	C:\Program Files\Java\jre1.8.0_31\bin\nio.dll
0x00000000637c0000 - 0x00000000637cd000 	C:\Users\Ian\AppData\Local\Temp\jogamp_0000\file_cache\jln1833997424591454128\jln9027793782463415993\gluegen-rt.dll
0x000000006f7e0000 - 0x000000006f7e7000 	C:\Program Files\Java\jre1.8.0_31\bin\jawt.dll
0x000000006a440000 - 0x000000006a44d000 	C:\Users\Ian\AppData\Local\Temp\jogamp_0000\file_cache\jln1833997424591454128\jln9027793782463415993\nativewindow_awt.dll
0x000000006c100000 - 0x000000006c10f000 	C:\Users\Ian\AppData\Local\Temp\jogamp_0000\file_cache\jln1833997424591454128\jln9027793782463415993\nativewindow_win32.dll
0x00007ffd3f550000 - 0x00007ffd3f67b000 	C:\WINDOWS\SYSTEM32\OpenGL32.dll
0x00007ffd3f520000 - 0x00007ffd3f54e000 	C:\WINDOWS\SYSTEM32\GLU32.dll
0x00007ffd3f420000 - 0x00007ffd3f518000 	C:\WINDOWS\SYSTEM32\DDRAW.dll
0x00007ffd3f410000 - 0x00007ffd3f419000 	C:\WINDOWS\SYSTEM32\DCIMAN32.dll
0x0000000064500000 - 0x00000000645a0000 	C:\Users\Ian\AppData\Local\Temp\jogamp_0000\file_cache\jln1833997424591454128\jln9027793782463415993\jogl_desktop.dll
0x0000000180000000 - 0x00000001807de000 	C:\WINDOWS\SYSTEM32\ig75icd64.dll
0x00007ffd59fa0000 - 0x00007ffd59fe6000 	C:\WINDOWS\SYSTEM32\powrprof.dll
0x000000006f7d0000 - 0x000000006f7dc000 	C:\Program Files\Java\jre1.8.0_31\bin\jsound.dll
0x000000006f7c0000 - 0x000000006f7cb000 	C:\Program Files\Java\jre1.8.0_31\bin\jsoundds.dll
0x00007ffd35ed0000 - 0x00007ffd35f6d000 	C:\WINDOWS\SYSTEM32\DSOUND.dll
0x00007ffd55e30000 - 0x00007ffd55ea0000 	C:\WINDOWS\SYSTEM32\MMDevAPI.DLL
0x00007ffd47f80000 - 0x00007ffd47fbe000 	C:\WINDOWS\SYSTEM32\wdmaud.drv
0x00007ffd59190000 - 0x00007ffd59198000 	C:\WINDOWS\SYSTEM32\ksuser.dll
0x00007ffd592c0000 - 0x00007ffd592cc000 	C:\WINDOWS\SYSTEM32\AVRT.dll
0x00007ffd4dfa0000 - 0x00007ffd4e01e000 	C:\WINDOWS\SYSTEM32\AUDIOSES.DLL
0x00007ffd4eb40000 - 0x00007ffd4eb4b000 	C:\WINDOWS\SYSTEM32\msacm32.drv
0x00007ffd4df00000 - 0x00007ffd4df1c000 	C:\WINDOWS\SYSTEM32\MSACM32.dll
0x00007ffd4eb30000 - 0x00007ffd4eb3a000 	C:\WINDOWS\SYSTEM32\midimap.dll
0x00007ffd494d0000 - 0x00007ffd4966c000 	C:\Users\Ian\workspace\AVISS\lib\Kinect20.Face.dll
0x00007ffd42f90000 - 0x00007ffd43037000 	C:\WINDOWS\SYSTEM32\MSVCP110.dll
0x00007ffd4e1d0000 - 0x00007ffd4e2a4000 	C:\WINDOWS\SYSTEM32\MSVCR110.dll
0x00007ffd4f970000 - 0x00007ffd4f980000 	C:\Users\Ian\workspace\AVISS\lib\KinectPV2.dll
0x00007ffd49410000 - 0x00007ffd494ca000 	C:\WINDOWS\SYSTEM32\Kinect20.dll
0x00007ffd43090000 - 0x00007ffd4317b000 	C:\WINDOWS\SYSTEM32\MFPlat.DLL
0x00007ffd42f60000 - 0x00007ffd42f87000 	C:\WINDOWS\SYSTEM32\RTWorkQ.DLL
0x00007ffd473b0000 - 0x00007ffd4753a000 	C:\WINDOWS\SYSTEM32\dbghelp.dll

VM Arguments:
jvm_args: -Djava.library.path=C:\Users\Ian\workspace\AVISS\lib -Dfile.encoding=Cp1252 
java_command: aviss.applet.AVISSApplet
java_class_path (initial): C:\Users\Ian\workspace\AVISS\bin;C:\Users\Ian\workspace\AVISS\lib\commons-collections4-4.0.jar;C:\Users\Ian\workspace\AVISS\lib\core.jar;C:\Users\Ian\workspace\AVISS\lib\G4P.jar;C:\Users\Ian\workspace\AVISS\lib\gluegen-rt-natives-linux-amd64.jar;C:\Users\Ian\workspace\AVISS\lib\gluegen-rt-natives-linux-armv6hf.jar;C:\Users\Ian\workspace\AVISS\lib\gluegen-rt-natives-linux-i586.jar;C:\Users\Ian\workspace\AVISS\lib\gluegen-rt-natives-macosx-universal.jar;C:\Users\Ian\workspace\AVISS\lib\gluegen-rt-natives-windows-amd64.jar;C:\Users\Ian\workspace\AVISS\lib\gluegen-rt-natives-windows-i586.jar;C:\Users\Ian\workspace\AVISS\lib\gluegen-rt.jar;C:\Users\Ian\workspace\AVISS\lib\il_hemesh.jar;C:\Users\Ian\workspace\AVISS\lib\javolution-6.1.0.jar;C:\Users\Ian\workspace\AVISS\lib\jl1.0.jar;C:\Users\Ian\workspace\AVISS\lib\jogl-all-natives-linux-amd64.jar;C:\Users\Ian\workspace\AVISS\lib\jogl-all-natives-linux-armv6hf.jar;C:\Users\Ian\workspace\AVISS\lib\jogl-all-natives-linux-i586.jar;C:\Users\Ian\workspace\AVISS\lib\jogl-all-natives-macosx-universal.jar;C:\Users\Ian\workspace\AVISS\lib\jogl-all-natives-windows-amd64.jar;C:\Users\Ian\workspace\AVISS\lib\jogl-all-natives-windows-i586.jar;C:\Users\Ian\workspace\AVISS\lib\jogl-all.jar;C:\Users\Ian\workspace\AVISS\lib\jsminim.jar;C:\Users\Ian\workspace\AVISS\lib\jts.jar;C:\Users\Ian\workspace\AVISS\lib\KinectPV2.jar;C:\Users\Ian\workspace\AVISS\lib\log4j-1.2.17.jar;C:\Users\Ian\workspace\AVISS\lib\miglayout15-swing.jar;C:\Users\Ian\workspace\AVISS\lib\minim.jar;C:\Users\Ian\workspace\AVISS\lib\mp3spi1.9.4.jar;C:\Users\Ian\workspace\AVISS\lib\opal-1.0.1.jar;C:\Users\Ian\workspace\AVISS\lib\peasycam.jar;C:\Users\Ian\workspace\AVISS\lib\swt.jar;C:\Users\Ian\workspace\AVISS\lib\tritonus_aos.jar;C:\Users\Ian\workspace\AVISS\lib\tritonus_share.jar;C:\Users\Ian\workspace\AVISS\lib\trove-3.1a1.jar
Launcher Type: SUN_STANDARD

Environment Variables:
PATH=C:/Program Files/Java/jre1.8.0_31/bin/server;C:/Program Files/Java/jre1.8.0_31/bin;C:/Program Files/Java/jre1.8.0_31/lib/amd64;C:\MinGW\bin\;C:\Python34\;C:\Python34\Scripts;C:\ProgramData\Oracle\Java\javapath;c:\Program Files (x86)\Intel\iCLS Client\;c:\Program Files\Intel\iCLS Client\;C:\WINDOWS\system32;C:\WINDOWS;C:\WINDOWS\System32\Wbem;C:\WINDOWS\System32\WindowsPowerShell\v1.0\;C:\Program Files\Intel\Intel(R) Management Engine Components\DAL;C:\Program Files\Intel\Intel(R) Management Engine Components\IPT;C:\Program Files (x86)\Intel\Intel(R) Management Engine Components\DAL;C:\Program Files (x86)\Intel\Intel(R) Management Engine Components\IPT;C:\Program Files (x86)\Intel\OpenCL SDK\3.0\bin\x86;C:\Program Files (x86)\Intel\OpenCL SDK\3.0\bin\x64;C:\Program Files (x86)\Windows Live\Shared;C:\Program Files (x86)\QuickTime\QTSystem\;C:\Program Files (x86)\Windows Kits\8.1\Windows Performance Toolkit\;C:\Program Files\Microsoft SQL Server\110\Tools\Binn\;C:\Program Files (x86)\Microsoft SDKs\TypeScript\1.0\;C:\Program Fil;C:\MinGW\bin\;C:\Program Files (x86)\CMake\bin\;C:\Users\Ian\Documents\2014W2\CPSC_425\Canopy\User;C:\Users\Ian\Documents\2014W2\CPSC_425\Canopy\User\Scripts;C:\Program Files\Eclipse Luna\eclipse;
USERNAME=Ian
OS=Windows_NT
PROCESSOR_IDENTIFIER=Intel64 Family 6 Model 69 Stepping 1, GenuineIntel



---------------  S Y S T E M  ---------------

OS: Windows 8.1 , 64 bit Build 9600 

CPU:total 4 (2 cores per cpu, 2 threads per core) family 6 model 69 stepping 1, cmov, cx8, fxsr, mmx, sse, sse2, sse3, ssse3, sse4.1, sse4.2, popcnt, avx, avx2, aes, clmul, erms, lzcnt, ht, tsc, tscinvbit, bmi1, bmi2

Memory: 4k page, physical 8291748k(1027352k free), swap 11568548k(2093500k free)

vm_info: Java HotSpot(TM) 64-Bit Server VM (25.31-b07) for windows-amd64 JRE (1.8.0_31-b13), built on Dec 17 2014 21:00:28 by "java_re" with MS VC++ 10.0 (VS2010)

time: Sun Apr 12 11:24:22 2015
elapsed time: 5 seconds (0d 0h 0m 5s)

