#
# A fatal error has been detected by the Java Runtime Environment:
#
#  EXCEPTION_ACCESS_VIOLATION (0xc0000005) at pc=0x000000018008adad, pid=10628, tid=7896
#
# JRE version: Java(TM) SE Runtime Environment (8.0_31-b13) (build 1.8.0_31-b13)
# Java VM: Java HotSpot(TM) 64-Bit Server VM (25.31-b07 mixed mode windows-amd64 compressed oops)
# Problematic frame:
# C  [ig75icd64.dll+0x8adad]
#
# Failed to write core dump. Minidumps are not enabled by default on client versions of Windows
#
# If you would like to submit a bug report, please visit:
#   http://bugreport.java.com/bugreport/crash.jsp
# The crash happened outside the Java Virtual Machine in native code.
# See problematic frame for where to report the bug.
#

---------------  T H R E A D  ---------------

Current thread (0x0000000019b95800):  JavaThread "AWT-EventQueue-0" [_thread_in_native, id=7896, stack(0x000000001bcf0000,0x000000001bdf0000)]

siginfo: ExceptionCode=0xc0000005, reading address 0x0000000023125000

Registers:
RAX=0x0000000000004fa0, RBX=0x000000003fb1bd10, RCX=0x0000000000000000, RDX=0x0000000023124fc0
RSP=0x000000001bded140, RBP=0x000000000048da30, RSI=0x0000000022ea8040, RDI=0x0000000033ddd000
R8 =0x000000000048da30, R9 =0x00000000000091b4, R10=0x0000000000004fa0, R11=0x000000001bded090
R12=0x0000000000000001, R13=0x000000001e2dc328, R14=0x000000001ec70e40, R15=0x000000000000000a
RIP=0x000000018008adad, EFLAGS=0x0000000000010207

Top of Stack: (sp=0x000000001bded140)
0x000000001bded140:   0000000000000000 0000000000000000
0x000000001bded150:   0000000000000000 0000000000000000
0x000000001bded160:   000000003f8e5808 000000018008b090
0x000000001bded170:   000000003fb1bd10 000000003fb1bd38
0x000000001bded180:   000000006db5e8f0 0000000000000000
0x000000001bded190:   0000000000000000 000000006daaeb8b
0x000000001bded1a0:   0000000000000000 0000000022ea8040
0x000000001bded1b0:   000000001ec70e40 000000000048da30
0x000000001bded1c0:   000000003f8e5790 000000018006bd52
0x000000001bded1d0:   0000000000000000 0000000100000033
0x000000001bded1e0:   0000000000000000 0000000000000000
0x000000001bded1f0:   0000000022ea8040 000000006450b500
0x000000001bded200:   0000000019b95901 0000000000000000
0x000000001bded210:   0000000022ea8040 000000000048da30
0x000000001bded220:   000000003f8e5790 000000018006c3ef
0x000000001bded230:   000000001ec70e40 00000000000088e8 

Instructions: (pc=0x000000018008adad)
0x000000018008ad8d:   00 00 00 66 0f 6f 3a 66 0f 6f 72 10 66 0f 6f 6a
0x000000018008ad9d:   20 41 ff c2 48 83 ef 80 41 8b c2 66 0f 6f 62 30
0x000000018008adad:   66 0f 6f 5a 40 66 0f 6f 52 50 66 0f 6f 4a 60 66
0x000000018008adbd:   0f 6f 42 70 66 0f e7 7f 80 48 83 ea 80 66 0f e7 


Register to memory mapping:

RAX=0x0000000000004fa0 is an unknown value
RBX=0x000000003fb1bd10 is an unknown value
RCX=0x0000000000000000 is an unknown value
RDX=0x0000000023124fc0 is an unknown value
RSP=0x000000001bded140 is pointing into the stack for thread: 0x0000000019b95800
RBP=0x000000000048da30 is an unknown value
RSI=0x0000000022ea8040 is an unknown value
RDI=0x0000000033ddd000 is an unknown value
R8 =0x000000000048da30 is an unknown value
R9 =0x00000000000091b4 is an unknown value
R10=0x0000000000004fa0 is an unknown value
R11=0x000000001bded090 is pointing into the stack for thread: 0x0000000019b95800
R12=0x0000000000000001 is an unknown value
R13={method} {0x000000001e2dc330} 'dispatch_glBufferData' '(IJLjava/lang/Object;IZIJ)V' in 'jogamp/opengl/gl4/GL4bcImpl'
R14=0x000000001ec70e40 is an unknown value
R15=0x000000000000000a is an unknown value


Stack: [0x000000001bcf0000,0x000000001bdf0000],  sp=0x000000001bded140,  free space=1012k
Native frames: (J=compiled Java code, j=interpreted, Vv=VM code, C=native code)
C  [ig75icd64.dll+0x8adad]
C  [ig75icd64.dll+0x8b090]
C  [ig75icd64.dll+0x6bd52]
C  [ig75icd64.dll+0x6c3ef]
C  0x0000000002b25b74

Java frames: (J=compiled Java code, j=interpreted, Vv=VM code)
j  jogamp.opengl.gl4.GL4bcImpl.dispatch_glBufferData(IJLjava/lang/Object;IZIJ)V+0
j  jogamp.opengl.gl4.GL4bcImpl.access$000(Ljogamp/opengl/gl4/GL4bcImpl;IJLjava/lang/Object;IZIJ)V+13
j  jogamp.opengl.gl4.GL4bcImpl$1.create(IJLjava/nio/Buffer;IJ)V+52
j  jogamp.opengl.GLBufferObjectTracker.createBufferStorage(Ljogamp/opengl/GLBufferStateTracker;Ljavax/media/opengl/GL;IJLjava/nio/Buffer;IILjogamp/opengl/GLBufferObjectTracker$CreateStorageDispatch;J)V+209
j  jogamp.opengl.gl4.GL4bcImpl.glBufferData(IJLjava/nio/Buffer;I)V+67
j  processing.opengl.PJOGL.bufferData(IILjava/nio/Buffer;I)V+10
j  aviss.visuals.KinectStarCloudGenerator.renderGLPoints(ILjava/nio/FloatBuffer;)V+65
J 1287% C1 aviss.visuals.KinectStarCloudGenerator.renderStarsUsingKinectData()V (291 bytes) @ 0x0000000002fc9aac [0x0000000002fc7940+0x216c]
j  aviss.visuals.KinectStarCloudGenerator.run()V+311
j  aviss.applet.AVISSApplet.draw()V+53
j  processing.core.PApplet.handleDraw()V+231
j  processing.opengl.PJOGL$PGLListener.display(Ljavax/media/opengl/GLAutoDrawable;)V+476
j  jogamp.opengl.GLDrawableHelper.displayImpl(Ljavax/media/opengl/GLAutoDrawable;)V+81
j  jogamp.opengl.GLDrawableHelper.display(Ljavax/media/opengl/GLAutoDrawable;)V+2
j  javax.media.opengl.awt.GLCanvas$10.run()V+118
j  jogamp.opengl.GLDrawableHelper.invokeGLImpl(Ljavax/media/opengl/GLDrawable;Ljavax/media/opengl/GLContext;Ljava/lang/Runnable;Ljava/lang/Runnable;)V+206
j  jogamp.opengl.GLDrawableHelper.invokeGL(Ljavax/media/opengl/GLDrawable;Ljavax/media/opengl/GLContext;Ljava/lang/Runnable;Ljava/lang/Runnable;)V+80
j  javax.media.opengl.awt.GLCanvas$11.run()V+73
j  java.awt.event.InvocationEvent.dispatch()V+11
j  java.awt.EventQueue.dispatchEventImpl(Ljava/awt/AWTEvent;Ljava/lang/Object;)V+21
j  java.awt.EventQueue.access$500(Ljava/awt/EventQueue;Ljava/awt/AWTEvent;Ljava/lang/Object;)V+3
j  java.awt.EventQueue$3.run()Ljava/lang/Void;+32
j  java.awt.EventQueue$3.run()Ljava/lang/Object;+1
v  ~StubRoutines::call_stub
J 1155  java.security.AccessController.doPrivileged(Ljava/security/PrivilegedAction;Ljava/security/AccessControlContext;)Ljava/lang/Object; (0 bytes) @ 0x0000000002f709e6 [0x0000000002f70980+0x66]
j  java.security.ProtectionDomain$1.doIntersectionPrivilege(Ljava/security/PrivilegedAction;Ljava/security/AccessControlContext;Ljava/security/AccessControlContext;)Ljava/lang/Object;+28
j  java.awt.EventQueue.dispatchEvent(Ljava/awt/AWTEvent;)V+46
j  java.awt.EventDispatchThread.pumpOneEventForFilters(I)V+245
j  java.awt.EventDispatchThread.pumpEventsForFilter(ILjava/awt/Conditional;Ljava/awt/EventFilter;)V+35
j  java.awt.EventDispatchThread.pumpEventsForHierarchy(ILjava/awt/Conditional;Ljava/awt/Component;)V+11
j  java.awt.EventDispatchThread.pumpEvents(ILjava/awt/Conditional;)V+4
j  java.awt.EventDispatchThread.pumpEvents(Ljava/awt/Conditional;)V+3
j  java.awt.EventDispatchThread.run()V+9
v  ~StubRoutines::call_stub

---------------  P R O C E S S  ---------------

Java Threads: ( => current thread )
  0x0000000019e32800 JavaThread "Thread-467" [_thread_blocked, id=9284, stack(0x00000000310d0000,0x00000000311d0000)]
  0x0000000019e35800 JavaThread "Thread-6" [_thread_blocked, id=9052, stack(0x0000000023c10000,0x0000000023d10000)]
  0x0000000019e34800 JavaThread "Java Sound Event Dispatcher" daemon [_thread_blocked, id=6968, stack(0x0000000023510000,0x0000000023610000)]
  0x0000000019e34000 JavaThread "Image Fetcher 2" daemon [_thread_blocked, id=8392, stack(0x0000000023210000,0x0000000023310000)]
  0x0000000019f7d800 JavaThread "Animation Thread-SharedResourceRunner" daemon [_thread_blocked, id=2680, stack(0x000000001e450000,0x000000001e550000)]
  0x000000000290e000 JavaThread "DestroyJavaVM" [_thread_blocked, id=3048, stack(0x0000000002910000,0x0000000002a10000)]
  0x0000000019c58000 JavaThread "Animation Thread" [_thread_blocked, id=7620, stack(0x000000001ce80000,0x000000001cf80000)]
  0x0000000019c45000 JavaThread "D3D Screen Updater" daemon [_thread_blocked, id=2820, stack(0x000000001c3d0000,0x000000001c4d0000)]
  0x0000000019c31000 JavaThread "Image Fetcher 1" daemon [_thread_blocked, id=9272, stack(0x000000001bef0000,0x000000001bff0000)]
  0x0000000019bad800 JavaThread "Image Fetcher 0" daemon [_thread_blocked, id=8568, stack(0x000000001bdf0000,0x000000001bef0000)]
=>0x0000000019b95800 JavaThread "AWT-EventQueue-0" [_thread_in_native, id=7896, stack(0x000000001bcf0000,0x000000001bdf0000)]
  0x00000000193db800 JavaThread "AWT-Windows" daemon [_thread_in_native, id=3268, stack(0x000000001a460000,0x000000001a560000)]
  0x00000000193da000 JavaThread "AWT-Shutdown" [_thread_blocked, id=6756, stack(0x000000001a360000,0x000000001a460000)]
  0x00000000193d7000 JavaThread "Java2D Disposer" daemon [_thread_blocked, id=10372, stack(0x000000001a260000,0x000000001a360000)]
  0x00000000176c5000 JavaThread "Service Thread" daemon [_thread_blocked, id=7336, stack(0x0000000018ec0000,0x0000000018fc0000)]
  0x00000000176bc800 JavaThread "C1 CompilerThread2" daemon [_thread_blocked, id=9632, stack(0x0000000018dc0000,0x0000000018ec0000)]
  0x00000000176bb800 JavaThread "C2 CompilerThread1" daemon [_thread_blocked, id=2244, stack(0x0000000018cc0000,0x0000000018dc0000)]
  0x000000001766d000 JavaThread "C2 CompilerThread0" daemon [_thread_blocked, id=6936, stack(0x0000000018bc0000,0x0000000018cc0000)]
  0x000000001766b800 JavaThread "Attach Listener" daemon [_thread_blocked, id=7512, stack(0x0000000018ac0000,0x0000000018bc0000)]
  0x000000001766a800 JavaThread "Signal Dispatcher" daemon [_thread_blocked, id=8360, stack(0x00000000189c0000,0x0000000018ac0000)]
  0x0000000002b04000 JavaThread "Finalizer" daemon [_thread_blocked, id=2604, stack(0x00000000188c0000,0x00000000189c0000)]
  0x0000000017637800 JavaThread "Reference Handler" daemon [_thread_blocked, id=8376, stack(0x00000000187c0000,0x00000000188c0000)]

Other Threads:
  0x0000000017635000 VMThread [stack: 0x00000000186c0000,0x00000000187c0000] [id=7924]
  0x00000000176c7800 WatcherThread [stack: 0x0000000018fc0000,0x00000000190c0000] [id=9920]

VM state:not at safepoint (normal execution)

VM Mutex/Monitor currently owned by a thread: None

Heap:
 PSYoungGen      total 183296K, used 56604K [0x00000000d5d00000, 0x00000000e9e80000, 0x0000000100000000)
  eden space 166400K, 23% used [0x00000000d5d00000,0x00000000d83ef380,0x00000000dff80000)
  from space 16896K, 99% used [0x00000000e8e00000,0x00000000e9e58010,0x00000000e9e80000)
  to   space 70656K, 0% used [0x00000000e1480000,0x00000000e1480000,0x00000000e5980000)
 ParOldGen       total 281088K, used 157800K [0x0000000081600000, 0x0000000092880000, 0x00000000d5d00000)
  object space 281088K, 56% used [0x0000000081600000,0x000000008b01a2d0,0x0000000092880000)
 Metaspace       used 17686K, capacity 17881K, committed 18048K, reserved 1064960K
  class space    used 1817K, capacity 1889K, committed 1920K, reserved 1048576K

Card table byte_map: [0x0000000011ed0000,0x00000000122d0000] byte_map_base: 0x0000000011ac5000

Marking Bits: (ParMarkBitMap*) 0x000000006e15d4f0
 Begin Bits: [0x0000000012980000, 0x0000000014928000)
 End Bits:   [0x0000000014928000, 0x00000000168d0000)

Polling page: 0x0000000001040000

CodeCache: size=245760Kb used=4832Kb max_used=4838Kb free=240927Kb
 bounds [0x0000000002b10000, 0x0000000002fd0000, 0x0000000011b10000]
 total_blobs=2185 nmethods=1289 adapters=810
 compilation: enabled

Compilation events (10 events):
Event: 5.063 Thread 0x00000000176bc800 nmethod 1285 0x0000000002fbfc90 code [0x0000000002fbfe00, 0x0000000002fbfff8]
Event: 5.067 Thread 0x000000001766d000 1286       4       aviss.data.Star::update (24 bytes)
Event: 5.068 Thread 0x000000001766d000 nmethod 1286 0x0000000002fbe450 code [0x0000000002fbe580, 0x0000000002fbe678]
Event: 5.087 Thread 0x00000000176bb800 nmethod 1284 0x0000000002fc5990 code [0x0000000002fc5b80, 0x0000000002fc6720]
Event: 5.090 Thread 0x00000000176bc800 1287 %     3       aviss.visuals.KinectStarCloudGenerator::renderStarsUsingKinectData @ 57 (291 bytes)
Event: 5.093 Thread 0x00000000176bc800 nmethod 1287% 0x0000000002fc7510 code [0x0000000002fc7940, 0x0000000002fca078]
Event: 5.093 Thread 0x00000000176bc800 1288       3       aviss.visuals.KinectStarCloudGenerator::renderStarsUsingKinectData (291 bytes)
Event: 5.096 Thread 0x00000000176bc800 nmethod 1288 0x0000000002fcb750 code [0x0000000002fcbb80, 0x0000000002fce158]
Event: 5.100 Thread 0x000000001766d000 1289 %     4       aviss.visuals.KinectStarCloudGenerator::renderStarsUsingKinectData @ 57 (291 bytes)
Event: 5.119 Thread 0x000000001766d000 nmethod 1289% 0x0000000002fc3ed0 code [0x0000000002fc40e0, 0x0000000002fc4ce0]

GC Heap History (10 events):
Event: 2.451 GC heap before
{Heap before GC invocations=6 (full 1):
 PSYoungGen      total 71680K, used 5104K [0x00000000d5d00000, 0x00000000e2f00000, 0x0000000100000000)
  eden space 66560K, 0% used [0x00000000d5d00000,0x00000000d5d00000,0x00000000d9e00000)
  from space 5120K, 99% used [0x00000000d9e00000,0x00000000da2fc080,0x00000000da300000)
  to   space 40960K, 0% used [0x00000000e0700000,0x00000000e0700000,0x00000000e2f00000)
 ParOldGen       total 87552K, used 70814K [0x0000000081600000, 0x0000000086b80000, 0x00000000d5d00000)
  object space 87552K, 80% used [0x0000000081600000,0x0000000085b279e0,0x0000000086b80000)
 Metaspace       used 17496K, capacity 17597K, committed 17792K, reserved 1064960K
  class space    used 1798K, capacity 1821K, committed 1920K, reserved 1048576K
Event: 2.501 GC heap after
Heap after GC invocations=6 (full 1):
 PSYoungGen      total 71680K, used 0K [0x00000000d5d00000, 0x00000000e2f00000, 0x0000000100000000)
  eden space 66560K, 0% used [0x00000000d5d00000,0x00000000d5d00000,0x00000000d9e00000)
  from space 5120K, 0% used [0x00000000d9e00000,0x00000000d9e00000,0x00000000da300000)
  to   space 40960K, 0% used [0x00000000e0700000,0x00000000e0700000,0x00000000e2f00000)
 ParOldGen       total 158208K, used 75258K [0x0000000081600000, 0x000000008b080000, 0x00000000d5d00000)
  object space 158208K, 47% used [0x0000000081600000,0x0000000085f7e8f0,0x000000008b080000)
 Metaspace       used 17494K, capacity 17595K, committed 17792K, reserved 1064960K
  class space    used 1797K, capacity 1820K, committed 1920K, reserved 1048576K
}
Event: 2.581 GC heap before
{Heap before GC invocations=7 (full 1):
 PSYoungGen      total 71680K, used 65751K [0x00000000d5d00000, 0x00000000e2f00000, 0x0000000100000000)
  eden space 66560K, 98% used [0x00000000d5d00000,0x00000000d9d35f98,0x00000000d9e00000)
  from space 5120K, 0% used [0x00000000d9e00000,0x00000000d9e00000,0x00000000da300000)
  to   space 40960K, 0% used [0x00000000e0700000,0x00000000e0700000,0x00000000e2f00000)
 ParOldGen       total 158208K, used 75258K [0x0000000081600000, 0x000000008b080000, 0x00000000d5d00000)
  object space 158208K, 47% used [0x0000000081600000,0x0000000085f7e8f0,0x000000008b080000)
 Metaspace       used 17507K, capacity 17691K, committed 17792K, reserved 1064960K
  class space    used 1798K, capacity 1852K, committed 1920K, reserved 1048576K
Event: 2.602 GC heap after
Heap after GC invocations=7 (full 1):
 PSYoungGen      total 150528K, used 15728K [0x00000000d5d00000, 0x00000000e1f80000, 0x0000000100000000)
  eden space 125440K, 0% used [0x00000000d5d00000,0x00000000d5d00000,0x00000000dd780000)
  from space 25088K, 62% used [0x00000000e0700000,0x00000000e165c020,0x00000000e1f80000)
  to   space 36864K, 0% used [0x00000000dd780000,0x00000000dd780000,0x00000000dfb80000)
 ParOldGen       total 158208K, used 75258K [0x0000000081600000, 0x000000008b080000, 0x00000000d5d00000)
  object space 158208K, 47% used [0x0000000081600000,0x0000000085f7e8f0,0x000000008b080000)
 Metaspace       used 17507K, capacity 17691K, committed 17792K, reserved 1064960K
  class space    used 1798K, capacity 1852K, committed 1920K, reserved 1048576K
}
Event: 2.886 GC heap before
{Heap before GC invocations=8 (full 1):
 PSYoungGen      total 150528K, used 140918K [0x00000000d5d00000, 0x00000000e1f80000, 0x0000000100000000)
  eden space 125440K, 99% used [0x00000000d5d00000,0x00000000dd741b00,0x00000000dd780000)
  from space 25088K, 62% used [0x00000000e0700000,0x00000000e165c020,0x00000000e1f80000)
  to   space 36864K, 0% used [0x00000000dd780000,0x00000000dd780000,0x00000000dfb80000)
 ParOldGen       total 158208K, used 75258K [0x0000000081600000, 0x000000008b080000, 0x00000000d5d00000)
  object space 158208K, 47% used [0x0000000081600000,0x0000000085f7e8f0,0x000000008b080000)
 Metaspace       used 17535K, capacity 17691K, committed 17792K, reserved 1064960K
  class space    used 1798K, capacity 1852K, committed 1920K, reserved 1048576K
Event: 2.985 GC heap after
Heap after GC invocations=8 (full 1):
 PSYoungGen      total 162304K, used 36832K [0x00000000d5d00000, 0x00000000ed680000, 0x0000000100000000)
  eden space 125440K, 0% used [0x00000000d5d00000,0x00000000d5d00000,0x00000000dd780000)
  from space 36864K, 99% used [0x00000000dd780000,0x00000000dfb78020,0x00000000dfb80000)
  to   space 74240K, 0% used [0x00000000e8e00000,0x00000000e8e00000,0x00000000ed680000)
 ParOldGen       total 158208K, used 133850K [0x0000000081600000, 0x000000008b080000, 0x00000000d5d00000)
  object space 158208K, 84% used [0x0000000081600000,0x00000000898b68f0,0x000000008b080000)
 Metaspace       used 17535K, capacity 17691K, committed 17792K, reserved 1064960K
  class space    used 1798K, capacity 1852K, committed 1920K, reserved 1048576K
}
Event: 2.985 GC heap before
{Heap before GC invocations=9 (full 2):
 PSYoungGen      total 162304K, used 36832K [0x00000000d5d00000, 0x00000000ed680000, 0x0000000100000000)
  eden space 125440K, 0% used [0x00000000d5d00000,0x00000000d5d00000,0x00000000dd780000)
  from space 36864K, 99% used [0x00000000dd780000,0x00000000dfb78020,0x00000000dfb80000)
  to   space 74240K, 0% used [0x00000000e8e00000,0x00000000e8e00000,0x00000000ed680000)
 ParOldGen       total 158208K, used 133850K [0x0000000081600000, 0x000000008b080000, 0x00000000d5d00000)
  object space 158208K, 84% used [0x0000000081600000,0x00000000898b68f0,0x000000008b080000)
 Metaspace       used 17535K, capacity 17691K, committed 17792K, reserved 1064960K
  class space    used 1798K, capacity 1852K, committed 1920K, reserved 1048576K
Event: 3.561 GC heap after
Heap after GC invocations=9 (full 2):
 PSYoungGen      total 162304K, used 11727K [0x00000000d5d00000, 0x00000000ed680000, 0x0000000100000000)
  eden space 125440K, 0% used [0x00000000d5d00000,0x00000000d5d00000,0x00000000dd780000)
  from space 36864K, 31% used [0x00000000dd780000,0x00000000de2f3df8,0x00000000dfb80000)
  to   space 74240K, 0% used [0x00000000e8e00000,0x00000000e8e00000,0x00000000ed680000)
 ParOldGen       total 281088K, used 157800K [0x0000000081600000, 0x0000000092880000, 0x00000000d5d00000)
  object space 281088K, 56% used [0x0000000081600000,0x000000008b01a2d0,0x0000000092880000)
 Metaspace       used 17535K, capacity 17691K, committed 17792K, reserved 1064960K
  class space    used 1798K, capacity 1852K, committed 1920K, reserved 1048576K
}
Event: 4.701 GC heap before
{Heap before GC invocations=10 (full 2):
 PSYoungGen      total 162304K, used 137167K [0x00000000d5d00000, 0x00000000ed680000, 0x0000000100000000)
  eden space 125440K, 100% used [0x00000000d5d00000,0x00000000dd780000,0x00000000dd780000)
  from space 36864K, 31% used [0x00000000dd780000,0x00000000de2f3df8,0x00000000dfb80000)
  to   space 74240K, 0% used [0x00000000e8e00000,0x00000000e8e00000,0x00000000ed680000)
 ParOldGen       total 281088K, used 157800K [0x0000000081600000, 0x0000000092880000, 0x00000000d5d00000)
  object space 281088K, 56% used [0x0000000081600000,0x000000008b01a2d0,0x0000000092880000)
 Metaspace       used 17622K, capacity 17767K, committed 18048K, reserved 1064960K
  class space    used 1803K, capacity 1854K, committed 1920K, reserved 1048576K
Event: 4.740 GC heap after
Heap after GC invocations=10 (full 2):
 PSYoungGen      total 183296K, used 16736K [0x00000000d5d00000, 0x00000000e9e80000, 0x0000000100000000)
  eden space 166400K, 0% used [0x00000000d5d00000,0x00000000d5d00000,0x00000000dff80000)
  from space 16896K, 99% used [0x00000000e8e00000,0x00000000e9e58010,0x00000000e9e80000)
  to   space 70656K, 0% used [0x00000000e1480000,0x00000000e1480000,0x00000000e5980000)
 ParOldGen       total 281088K, used 157800K [0x0000000081600000, 0x0000000092880000, 0x00000000d5d00000)
  object space 281088K, 56% used [0x0000000081600000,0x000000008b01a2d0,0x0000000092880000)
 Metaspace       used 17622K, capacity 17767K, committed 18048K, reserved 1064960K
  class space    used 1803K, capacity 1854K, committed 1920K, reserved 1048576K
}

Deoptimization events (10 events):
Event: 2.805 Thread 0x0000000019b95800 Uncommon trap: reason=class_check action=maybe_recompile pc=0x0000000002e5c780 method=com.jogamp.common.nio.Buffers.isDirect(Ljava/lang/Object;)Z @ 13
Event: 2.805 Thread 0x0000000019b95800 Uncommon trap: reason=class_check action=maybe_recompile pc=0x0000000002e5c544 method=com.jogamp.common.nio.Buffers.getDirectBufferByteOffset(Ljava/lang/Object;)I @ 7
Event: 2.806 Thread 0x0000000019b95800 Uncommon trap: reason=class_check action=maybe_recompile pc=0x0000000002e5c780 method=com.jogamp.common.nio.Buffers.isDirect(Ljava/lang/Object;)Z @ 13
Event: 2.806 Thread 0x0000000019b95800 Uncommon trap: reason=class_check action=maybe_recompile pc=0x0000000002e5c544 method=com.jogamp.common.nio.Buffers.getDirectBufferByteOffset(Ljava/lang/Object;)I @ 7
Event: 3.595 Thread 0x0000000019c58000 Uncommon trap: reason=class_check action=maybe_recompile pc=0x0000000002e5c780 method=com.jogamp.common.nio.Buffers.isDirect(Ljava/lang/Object;)Z @ 13
Event: 3.595 Thread 0x0000000019c58000 Uncommon trap: reason=class_check action=maybe_recompile pc=0x0000000002e5c544 method=com.jogamp.common.nio.Buffers.getDirectBufferByteOffset(Ljava/lang/Object;)I @ 7
Event: 3.770 Thread 0x0000000019b95800 Uncommon trap: reason=null_check action=make_not_entrant pc=0x0000000002f8931c method=aviss.visuals.KinectStarCloudGenerator.renderStars()V @ 29
Event: 4.116 Thread 0x0000000019b95800 Uncommon trap: reason=class_check action=maybe_recompile pc=0x0000000002f2e440 method=java.util.LinkedHashMap.afterNodeInsertion(Z)V @ 15
Event: 4.172 Thread 0x0000000019b95800 Uncommon trap: reason=class_check action=maybe_recompile pc=0x0000000002f87214 method=com.jogamp.common.nio.Buffers.getDirectBufferByteOffset(Ljava/lang/Object;)I @ 42
Event: 4.214 Thread 0x0000000019b95800 Uncommon trap: reason=class_check action=maybe_recompile pc=0x0000000002f87214 method=com.jogamp.common.nio.Buffers.getDirectBufferByteOffset(Ljava/lang/Object;)I @ 42

Internal exceptions (10 events):
Event: 2.356 Thread 0x0000000019b95800 Exception <a 'java/security/PrivilegedActionException'> (0x00000000d8f43e58) thrown at [C:\workspace\8-2-build-windows-amd64-cygwin\jdk8u31\2394\hotspot\src\share\vm\prims\jvm.cpp, line 1312]
Event: 2.508 Thread 0x0000000019b95800 Exception <a 'java/security/PrivilegedActionException'> (0x00000000d74f2d38) thrown at [C:\workspace\8-2-build-windows-amd64-cygwin\jdk8u31\2394\hotspot\src\share\vm\prims\jvm.cpp, line 1312]
Event: 3.569 Thread 0x0000000019c58000 Exception <a 'java/security/PrivilegedActionException'> (0x00000000d6357dc0) thrown at [C:\workspace\8-2-build-windows-amd64-cygwin\jdk8u31\2394\hotspot\src\share\vm\prims\jvm.cpp, line 1312]
Event: 3.592 Thread 0x0000000019c58000 Exception <a 'java/security/PrivilegedActionException'> (0x00000000d635a7e0) thrown at [C:\workspace\8-2-build-windows-amd64-cygwin\jdk8u31\2394\hotspot\src\share\vm\prims\jvm.cpp, line 1312]
Event: 3.596 Thread 0x0000000019c58000 Exception <a 'java/lang/reflect/InvocationTargetException'> (0x00000000d6363598) thrown at [C:\workspace\8-2-build-windows-amd64-cygwin\jdk8u31\2394\hotspot\src\share\vm\runtime\reflection.cpp, line 1080]
Event: 3.718 Thread 0x0000000019b95800 Exception <a 'java/security/PrivilegedActionException'> (0x00000000d5e073d0) thrown at [C:\workspace\8-2-build-windows-amd64-cygwin\jdk8u31\2394\hotspot\src\share\vm\prims\jvm.cpp, line 1312]
Event: 3.770 Thread 0x0000000019b95800 Implicit null exception at 0x0000000002f8917e to 0x0000000002f89303
Event: 3.785 Thread 0x0000000019b95800 Exception <a 'java/security/PrivilegedActionException'> (0x00000000d89d12d0) thrown at [C:\workspace\8-2-build-windows-amd64-cygwin\jdk8u31\2394\hotspot\src\share\vm\prims\jvm.cpp, line 1312]
Event: 4.079 Thread 0x0000000019b95800 Exception <a 'java/security/PrivilegedActionException'> (0x00000000d9e28ea8) thrown at [C:\workspace\8-2-build-windows-amd64-cygwin\jdk8u31\2394\hotspot\src\share\vm\prims\jvm.cpp, line 1312]
Event: 5.053 Thread 0x0000000019b95800 Exception <a 'java/security/PrivilegedActionException'> (0x00000000d76ac5e0) thrown at [C:\workspace\8-2-build-windows-amd64-cygwin\jdk8u31\2394\hotspot\src\share\vm\prims\jvm.cpp, line 1312]

Events (10 events):
Event: 5.007 Thread 0x0000000019e33000 Thread added: 0x0000000019e33000
Event: 5.007 Executing VM operation: RevokeBias
Event: 5.007 Thread 0x0000000019e38800 Thread added: 0x0000000019e38800
Event: 5.008 Executing VM operation: RevokeBias done
Event: 5.008 Thread 0x0000000019e33000 Thread exited: 0x0000000019e33000
Event: 5.008 Executing VM operation: RevokeBias
Event: 5.008 Executing VM operation: RevokeBias done
Event: 5.008 Thread 0x0000000019e38800 Thread exited: 0x0000000019e38800
Event: 5.053 loading class org/apache/commons/collections4/queue/CircularFifoQueue$1
Event: 5.053 loading class org/apache/commons/collections4/queue/CircularFifoQueue$1 done


Dynamic libraries:
0x00007ff7861d0000 - 0x00007ff786204000 	C:\Program Files\Java\jre1.8.0_31\bin\javaw.exe
0x00007ffe08660000 - 0x00007ffe0880c000 	C:\WINDOWS\SYSTEM32\ntdll.dll
0x00007ffe08510000 - 0x00007ffe0864e000 	C:\WINDOWS\system32\KERNEL32.DLL
0x00007ffe058d0000 - 0x00007ffe059e5000 	C:\WINDOWS\system32\KERNELBASE.dll
0x00007ffe03e60000 - 0x00007ffe03eee000 	C:\WINDOWS\system32\apphelp.dll
0x00007ffde3550000 - 0x00007ffde35a3000 	C:\WINDOWS\AppPatch\AppPatch64\AcGenral.DLL
0x00007ffe063e0000 - 0x00007ffe0648a000 	C:\WINDOWS\system32\msvcrt.dll
0x00007ffe05650000 - 0x00007ffe0567e000 	C:\WINDOWS\SYSTEM32\SspiCli.dll
0x00007ffe06380000 - 0x00007ffe063d4000 	C:\WINDOWS\system32\SHLWAPI.dll
0x00007ffe05ce0000 - 0x00007ffe05e57000 	C:\WINDOWS\system32\USER32.dll
0x00007ffe08220000 - 0x00007ffe083b4000 	C:\WINDOWS\system32\ole32.dll
0x00007ffe06880000 - 0x00007ffe07d98000 	C:\WINDOWS\system32\SHELL32.dll
0x00007ffe04dd0000 - 0x00007ffe04df1000 	C:\WINDOWS\SYSTEM32\USERENV.dll
0x00007ffe07f00000 - 0x00007ffe07faa000 	C:\WINDOWS\system32\ADVAPI32.dll
0x00007ffdfeaf0000 - 0x00007ffdfeb0e000 	C:\WINDOWS\SYSTEM32\MPR.dll
0x00007ffe083c0000 - 0x00007ffe08501000 	C:\WINDOWS\system32\RPCRT4.dll
0x00007ffe062b0000 - 0x00007ffe06309000 	C:\WINDOWS\SYSTEM32\sechost.dll
0x00007ffe06030000 - 0x00007ffe06241000 	C:\WINDOWS\SYSTEM32\combase.dll
0x00007ffe07da0000 - 0x00007ffe07ef1000 	C:\WINDOWS\system32\GDI32.dll
0x00007ffe057b0000 - 0x00007ffe057c5000 	C:\WINDOWS\SYSTEM32\profapi.dll
0x00007ffe01280000 - 0x00007ffe01332000 	C:\WINDOWS\SYSTEM32\SHCORE.dll
0x00007ffe081e0000 - 0x00007ffe08216000 	C:\WINDOWS\system32\IMM32.DLL
0x00007ffe07fb0000 - 0x00007ffe08101000 	C:\WINDOWS\system32\MSCTF.dll
0x00007ffe00c60000 - 0x00007ffe00edb000 	C:\WINDOWS\WinSxS\amd64_microsoft.windows.common-controls_6595b64144ccf1df_6.0.9600.17415_none_6240486fecbd8abb\COMCTL32.dll
0x000000006d800000 - 0x000000006d8d2000 	C:\Program Files\Java\jre1.8.0_31\bin\msvcr100.dll
0x000000006d980000 - 0x000000006e1da000 	C:\Program Files\Java\jre1.8.0_31\bin\server\jvm.dll
0x00007ffdf9af0000 - 0x00007ffdf9af9000 	C:\WINDOWS\SYSTEM32\WSOCK32.dll
0x00007ffe00820000 - 0x00007ffe00842000 	C:\WINDOWS\SYSTEM32\WINMM.dll
0x00007ffe08650000 - 0x00007ffe08657000 	C:\WINDOWS\system32\PSAPI.DLL
0x00007ffe06550000 - 0x00007ffe065aa000 	C:\WINDOWS\system32\WS2_32.dll
0x00007ffe007f0000 - 0x00007ffe0081a000 	C:\WINDOWS\SYSTEM32\WINMMBASE.dll
0x00007ffe081d0000 - 0x00007ffe081d9000 	C:\WINDOWS\system32\NSI.dll
0x00007ffe05880000 - 0x00007ffe058cf000 	C:\WINDOWS\SYSTEM32\cfgmgr32.dll
0x00007ffe045c0000 - 0x00007ffe045e8000 	C:\WINDOWS\SYSTEM32\DEVOBJ.dll
0x000000006d970000 - 0x000000006d97f000 	C:\Program Files\Java\jre1.8.0_31\bin\verify.dll
0x000000006d940000 - 0x000000006d968000 	C:\Program Files\Java\jre1.8.0_31\bin\java.dll
0x000000006d920000 - 0x000000006d936000 	C:\Program Files\Java\jre1.8.0_31\bin\zip.dll
0x000000006d660000 - 0x000000006d7f8000 	C:\Program Files\Java\jre1.8.0_31\bin\awt.dll
0x00007ffe065d0000 - 0x00007ffe06691000 	C:\WINDOWS\system32\OLEAUT32.dll
0x00007ffe01080000 - 0x00007ffe010a1000 	C:\WINDOWS\system32\DWMAPI.DLL
0x00007ffe04420000 - 0x00007ffe04549000 	C:\WINDOWS\system32\uxtheme.dll
0x00007ffdf0120000 - 0x00007ffdf01cb000 	C:\Program Files\Common Files\microsoft shared\ink\tiptsf.dll
0x00007ffe04610000 - 0x00007ffe0461b000 	C:\WINDOWS\SYSTEM32\kernel.appcore.dll
0x00007ffe056f0000 - 0x00007ffe056fb000 	C:\WINDOWS\SYSTEM32\CRYPTBASE.dll
0x00007ffe05680000 - 0x00007ffe056e3000 	C:\WINDOWS\SYSTEM32\bcryptPrimitives.dll
0x00007ffdf1d80000 - 0x00007ffdf1fa1000 	C:\WINDOWS\system32\d3d9.dll
0x00007ffdfef30000 - 0x00007ffdfef3a000 	C:\WINDOWS\SYSTEM32\VERSION.dll
0x00007ffdd8230000 - 0x00007ffdd9b11000 	C:\WINDOWS\SYSTEM32\igdumdim64.dll
0x00007ffe015f0000 - 0x00007ffe01a50000 	C:\WINDOWS\SYSTEM32\igdusc64.dll
0x000000006d610000 - 0x000000006d657000 	C:\Program Files\Java\jre1.8.0_31\bin\fontmanager.dll
0x00007ffdf9170000 - 0x00007ffdf91da000 	C:\WINDOWS\SYSTEM32\oleacc.dll
0x00007ffe06490000 - 0x00007ffe06546000 	C:\WINDOWS\SYSTEM32\clbcatq.dll
0x00007ffe050f0000 - 0x00007ffe05110000 	C:\WINDOWS\SYSTEM32\CRYPTSP.dll
0x00007ffe04cc0000 - 0x00007ffe04cf6000 	C:\WINDOWS\system32\rsaenh.dll
0x00007ffe05340000 - 0x00007ffe05366000 	C:\WINDOWS\SYSTEM32\bcrypt.dll
0x000000006d900000 - 0x000000006d91a000 	C:\Program Files\Java\jre1.8.0_31\bin\net.dll
0x00007ffe05090000 - 0x00007ffe050e9000 	C:\WINDOWS\system32\mswsock.dll
0x00007ffe00780000 - 0x00007ffe007aa000 	C:\WINDOWS\SYSTEM32\IPHLPAPI.DLL
0x00007ffe00750000 - 0x00007ffe0075a000 	C:\WINDOWS\SYSTEM32\WINNSI.DLL
0x00007ffe005d0000 - 0x00007ffe005e6000 	C:\WINDOWS\SYSTEM32\dhcpcsvc6.DLL
0x00007ffe005b0000 - 0x00007ffe005ca000 	C:\WINDOWS\SYSTEM32\dhcpcsvc.DLL
0x000000006d8e0000 - 0x000000006d8f1000 	C:\Program Files\Java\jre1.8.0_31\bin\nio.dll
0x00000000637c0000 - 0x00000000637cd000 	C:\Users\Ian\AppData\Local\Temp\jogamp_0000\file_cache\jln4784148721421334351\jln1712589948637977057\gluegen-rt.dll
0x000000006d600000 - 0x000000006d607000 	C:\Program Files\Java\jre1.8.0_31\bin\jawt.dll
0x000000006a440000 - 0x000000006a44d000 	C:\Users\Ian\AppData\Local\Temp\jogamp_0000\file_cache\jln4784148721421334351\jln1712589948637977057\nativewindow_awt.dll
0x000000006c100000 - 0x000000006c10f000 	C:\Users\Ian\AppData\Local\Temp\jogamp_0000\file_cache\jln4784148721421334351\jln1712589948637977057\nativewindow_win32.dll
0x00007ffdeba50000 - 0x00007ffdebb7b000 	C:\WINDOWS\SYSTEM32\OpenGL32.dll
0x00007ffdeba20000 - 0x00007ffdeba4e000 	C:\WINDOWS\SYSTEM32\GLU32.dll
0x00007ffdeb920000 - 0x00007ffdeba18000 	C:\WINDOWS\SYSTEM32\DDRAW.dll
0x00007ffdeb800000 - 0x00007ffdeb809000 	C:\WINDOWS\SYSTEM32\DCIMAN32.dll
0x0000000064500000 - 0x00000000645a0000 	C:\Users\Ian\AppData\Local\Temp\jogamp_0000\file_cache\jln4784148721421334351\jln1712589948637977057\jogl_desktop.dll
0x0000000180000000 - 0x00000001807de000 	C:\WINDOWS\SYSTEM32\ig75icd64.dll
0x00007ffe04e00000 - 0x00007ffe04e46000 	C:\WINDOWS\SYSTEM32\powrprof.dll
0x000000006d5f0000 - 0x000000006d5fc000 	C:\Program Files\Java\jre1.8.0_31\bin\jsound.dll
0x000000006d5e0000 - 0x000000006d5eb000 	C:\Program Files\Java\jre1.8.0_31\bin\jsoundds.dll
0x00007ffde3c80000 - 0x00007ffde3d1d000 	C:\WINDOWS\SYSTEM32\DSOUND.dll
0x00007ffe00bc0000 - 0x00007ffe00c30000 	C:\WINDOWS\SYSTEM32\MMDevAPI.DLL
0x00007ffdf3bd0000 - 0x00007ffdf3c0e000 	C:\WINDOWS\SYSTEM32\wdmaud.drv
0x00007ffe00850000 - 0x00007ffe00858000 	C:\WINDOWS\SYSTEM32\ksuser.dll
0x00007ffe03c50000 - 0x00007ffe03c5c000 	C:\WINDOWS\SYSTEM32\AVRT.dll
0x00007ffdf8dd0000 - 0x00007ffdf8e4e000 	C:\WINDOWS\SYSTEM32\AUDIOSES.DLL
0x00007ffdfa530000 - 0x00007ffdfa53b000 	C:\WINDOWS\SYSTEM32\msacm32.drv
0x00007ffdf9bc0000 - 0x00007ffdf9bdc000 	C:\WINDOWS\SYSTEM32\MSACM32.dll
0x00007ffdf9bb0000 - 0x00007ffdf9bba000 	C:\WINDOWS\SYSTEM32\midimap.dll
0x00007ffde27c0000 - 0x00007ffde295c000 	C:\Users\Ian\workspace\AVISS\lib\Kinect20.Face.dll
0x00007ffdeede0000 - 0x00007ffdeee87000 	C:\WINDOWS\SYSTEM32\MSVCP110.dll
0x00007ffdf8fc0000 - 0x00007ffdf9094000 	C:\WINDOWS\SYSTEM32\MSVCR110.dll
0x00007ffdfa560000 - 0x00007ffdfa570000 	C:\Users\Ian\workspace\AVISS\lib\KinectPV2.dll
0x00007ffde33b0000 - 0x00007ffde346a000 	C:\WINDOWS\SYSTEM32\Kinect20.dll
0x00007ffdeeee0000 - 0x00007ffdeefcb000 	C:\WINDOWS\SYSTEM32\MFPlat.DLL
0x00007ffdeedb0000 - 0x00007ffdeedd7000 	C:\WINDOWS\SYSTEM32\RTWorkQ.DLL
0x00007ffdefbc0000 - 0x00007ffdefd4a000 	C:\WINDOWS\SYSTEM32\dbghelp.dll

VM Arguments:
jvm_args: -Djava.library.path=C:\Users\Ian\workspace\AVISS\lib -Dfile.encoding=Cp1252 
java_command: aviss.applet.AVISSApplet
java_class_path (initial): C:\Users\Ian\workspace\AVISS\bin;C:\Users\Ian\workspace\AVISS\lib\commons-collections4-4.0.jar;C:\Users\Ian\workspace\AVISS\lib\core.jar;C:\Users\Ian\workspace\AVISS\lib\G4P.jar;C:\Users\Ian\workspace\AVISS\lib\gluegen-rt-natives-linux-amd64.jar;C:\Users\Ian\workspace\AVISS\lib\gluegen-rt-natives-linux-armv6hf.jar;C:\Users\Ian\workspace\AVISS\lib\gluegen-rt-natives-linux-i586.jar;C:\Users\Ian\workspace\AVISS\lib\gluegen-rt-natives-macosx-universal.jar;C:\Users\Ian\workspace\AVISS\lib\gluegen-rt-natives-windows-amd64.jar;C:\Users\Ian\workspace\AVISS\lib\gluegen-rt-natives-windows-i586.jar;C:\Users\Ian\workspace\AVISS\lib\gluegen-rt.jar;C:\Users\Ian\workspace\AVISS\lib\il_hemesh.jar;C:\Users\Ian\workspace\AVISS\lib\javolution-6.1.0.jar;C:\Users\Ian\workspace\AVISS\lib\jl1.0.jar;C:\Users\Ian\workspace\AVISS\lib\jogl-all-natives-linux-amd64.jar;C:\Users\Ian\workspace\AVISS\lib\jogl-all-natives-linux-armv6hf.jar;C:\Users\Ian\workspace\AVISS\lib\jogl-all-natives-linux-i586.jar;C:\Users\Ian\workspace\AVISS\lib\jogl-all-natives-macosx-universal.jar;C:\Users\Ian\workspace\AVISS\lib\jogl-all-natives-windows-amd64.jar;C:\Users\Ian\workspace\AVISS\lib\jogl-all-natives-windows-i586.jar;C:\Users\Ian\workspace\AVISS\lib\jogl-all.jar;C:\Users\Ian\workspace\AVISS\lib\jsminim.jar;C:\Users\Ian\workspace\AVISS\lib\jts.jar;C:\Users\Ian\workspace\AVISS\lib\KinectPV2.jar;C:\Users\Ian\workspace\AVISS\lib\log4j-1.2.17.jar;C:\Users\Ian\workspace\AVISS\lib\miglayout15-swing.jar;C:\Users\Ian\workspace\AVISS\lib\minim.jar;C:\Users\Ian\workspace\AVISS\lib\mp3spi1.9.4.jar;C:\Users\Ian\workspace\AVISS\lib\opal-1.0.1.jar;C:\Users\Ian\workspace\AVISS\lib\peasycam.jar;C:\Users\Ian\workspace\AVISS\lib\swt.jar;C:\Users\Ian\workspace\AVISS\lib\tritonus_aos.jar;C:\Users\Ian\workspace\AVISS\lib\tritonus_share.jar;C:\Users\Ian\workspace\AVISS\lib\trove-3.1a1.jar
Launcher Type: SUN_STANDARD

Environment Variables:
PATH=C:/Program Files/Java/jre1.8.0_31/bin/server;C:/Program Files/Java/jre1.8.0_31/bin;C:/Program Files/Java/jre1.8.0_31/lib/amd64;C:\MinGW\bin\;C:\Python34\;C:\Python34\Scripts;C:\ProgramData\Oracle\Java\javapath;c:\Program Files (x86)\Intel\iCLS Client\;c:\Program Files\Intel\iCLS Client\;C:\WINDOWS\system32;C:\WINDOWS;C:\WINDOWS\System32\Wbem;C:\WINDOWS\System32\WindowsPowerShell\v1.0\;C:\Program Files\Intel\Intel(R) Management Engine Components\DAL;C:\Program Files\Intel\Intel(R) Management Engine Components\IPT;C:\Program Files (x86)\Intel\Intel(R) Management Engine Components\DAL;C:\Program Files (x86)\Intel\Intel(R) Management Engine Components\IPT;C:\Program Files (x86)\Intel\OpenCL SDK\3.0\bin\x86;C:\Program Files (x86)\Intel\OpenCL SDK\3.0\bin\x64;C:\Program Files (x86)\Windows Live\Shared;C:\Program Files (x86)\QuickTime\QTSystem\;C:\Program Files (x86)\Windows Kits\8.1\Windows Performance Toolkit\;C:\Program Files\Microsoft SQL Server\110\Tools\Binn\;C:\Program Files (x86)\Microsoft SDKs\TypeScript\1.0\;C:\Program Fil;C:\MinGW\bin\;C:\Program Files (x86)\CMake\bin\;C:\Users\Ian\Documents\2014W2\CPSC_425\Canopy\User;C:\Users\Ian\Documents\2014W2\CPSC_425\Canopy\User\Scripts;C:\Program Files\Eclipse Luna\eclipse;
USERNAME=Ian
OS=Windows_NT
PROCESSOR_IDENTIFIER=Intel64 Family 6 Model 69 Stepping 1, GenuineIntel



---------------  S Y S T E M  ---------------

OS: Windows 8.1 , 64 bit Build 9600 

CPU:total 4 (2 cores per cpu, 2 threads per core) family 6 model 69 stepping 1, cmov, cx8, fxsr, mmx, sse, sse2, sse3, ssse3, sse4.1, sse4.2, popcnt, avx, avx2, aes, clmul, erms, lzcnt, ht, tsc, tscinvbit, bmi1, bmi2

Memory: 4k page, physical 8291748k(2648508k free), swap 11568548k(4171016k free)

vm_info: Java HotSpot(TM) 64-Bit Server VM (25.31-b07) for windows-amd64 JRE (1.8.0_31-b13), built on Dec 17 2014 21:00:28 by "java_re" with MS VC++ 10.0 (VS2010)

time: Tue Apr 07 20:01:37 2015
elapsed time: 5 seconds (0d 0h 0m 5s)

