#
# A fatal error has been detected by the Java Runtime Environment:
#
#  EXCEPTION_ACCESS_VIOLATION (0xc0000005) at pc=0x000000018008adad, pid=1052, tid=10260
#
# JRE version: Java(TM) SE Runtime Environment (8.0_31-b13) (build 1.8.0_31-b13)
# Java VM: Java HotSpot(TM) 64-Bit Server VM (25.31-b07 mixed mode windows-amd64 compressed oops)
# Problematic frame:
# C  [ig75icd64.dll+0x8adad]
#
# Failed to write core dump. Minidumps are not enabled by default on client versions of Windows
#
# If you would like to submit a bug report, please visit:
#   http://bugreport.java.com/bugreport/crash.jsp
# The crash happened outside the Java Virtual Machine in native code.
# See problematic frame for where to report the bug.
#

---------------  T H R E A D  ---------------

Current thread (0x0000000019bd7800):  JavaThread "AWT-EventQueue-0" [_thread_in_native, id=10260, stack(0x000000001bd20000,0x000000001be20000)]

siginfo: ExceptionCode=0xc0000005, reading address 0x00000000239e7000

Registers:
RAX=0x0000000000004fa0, RBX=0x000000001fd6afc0, RCX=0x0000000000000000, RDX=0x00000000239e6fc0
RSP=0x000000001be1d5c0, RBP=0x000000000048dffc, RSI=0x000000002376a040, RDI=0x000000003516d000
R8 =0x000000000048dffc, R9 =0x00000000000091bf, R10=0x0000000000004fa0, R11=0x000000001be1d510
R12=0x0000000000000001, R13=0x000000001e60c178, R14=0x000000001cc07dc0, R15=0x0000000000000002
RIP=0x000000018008adad, EFLAGS=0x0000000000010207

Top of Stack: (sp=0x000000001be1d5c0)
0x000000001be1d5c0:   0000000040d51688 0000000000000000
0x000000001be1d5d0:   0000000000000000 0000000000000000
0x000000001be1d5e0:   000000001f4f1c98 000000018008b090
0x000000001be1d5f0:   000000001fd6afc0 000000001fd6afc0
0x000000001be1d600:   000000000048dffc 000000006da33ce9
0x000000001be1d610:   000000001be1d601 000000006daaeb8b
0x000000001be1d620:   0000000000000000 000000002376a040
0x000000001be1d630:   000000001cc07dc0 000000000048dffc
0x000000001be1d640:   000000001f4f1c20 000000018006bd52
0x000000001be1d650:   0000000000000000 0000000100000033
0x000000001be1d660:   0000000000000000 0000000019bd7800
0x000000001be1d670:   000000002376a040 000000006450b500
0x000000001be1d680:   0000000019bd7901 000000006d9a6265
0x000000001be1d690:   000000002376a040 000000000048dffc
0x000000001be1d6a0:   000000001f4f1c20 000000018006c3ef
0x000000001be1d6b0:   000000001cc07dc0 00000000000088e8 

Instructions: (pc=0x000000018008adad)
0x000000018008ad8d:   00 00 00 66 0f 6f 3a 66 0f 6f 72 10 66 0f 6f 6a
0x000000018008ad9d:   20 41 ff c2 48 83 ef 80 41 8b c2 66 0f 6f 62 30
0x000000018008adad:   66 0f 6f 5a 40 66 0f 6f 52 50 66 0f 6f 4a 60 66
0x000000018008adbd:   0f 6f 42 70 66 0f e7 7f 80 48 83 ea 80 66 0f e7 


Register to memory mapping:

RAX=0x0000000000004fa0 is an unknown value
RBX=0x000000001fd6afc0 is an unknown value
RCX=0x0000000000000000 is an unknown value
RDX=0x00000000239e6fc0 is an unknown value
RSP=0x000000001be1d5c0 is pointing into the stack for thread: 0x0000000019bd7800
RBP=0x000000000048dffc is an unknown value
RSI=0x000000002376a040 is an unknown value
RDI=0x000000003516d000 is an unknown value
R8 =0x000000000048dffc is an unknown value
R9 =0x00000000000091bf is an unknown value
R10=0x0000000000004fa0 is an unknown value
R11=0x000000001be1d510 is pointing into the stack for thread: 0x0000000019bd7800
R12=0x0000000000000001 is an unknown value
R13={method} {0x000000001e60c180} 'dispatch_glBufferData' '(IJLjava/lang/Object;IZIJ)V' in 'jogamp/opengl/gl4/GL4bcImpl'
R14=0x000000001cc07dc0 is an unknown value
R15=0x0000000000000002 is an unknown value


Stack: [0x000000001bd20000,0x000000001be20000],  sp=0x000000001be1d5c0,  free space=1013k
Native frames: (J=compiled Java code, j=interpreted, Vv=VM code, C=native code)
C  [ig75icd64.dll+0x8adad]
C  [ig75icd64.dll+0x8b090]
C  [ig75icd64.dll+0x6bd52]
C  [ig75icd64.dll+0x6c3ef]
C  0x0000000002b85b74

Java frames: (J=compiled Java code, j=interpreted, Vv=VM code)
j  jogamp.opengl.gl4.GL4bcImpl.dispatch_glBufferData(IJLjava/lang/Object;IZIJ)V+0
j  jogamp.opengl.gl4.GL4bcImpl.access$000(Ljogamp/opengl/gl4/GL4bcImpl;IJLjava/lang/Object;IZIJ)V+13
j  jogamp.opengl.gl4.GL4bcImpl$1.create(IJLjava/nio/Buffer;IJ)V+52
j  jogamp.opengl.GLBufferObjectTracker.createBufferStorage(Ljogamp/opengl/GLBufferStateTracker;Ljavax/media/opengl/GL;IJLjava/nio/Buffer;IILjogamp/opengl/GLBufferObjectTracker$CreateStorageDispatch;J)V+209
j  jogamp.opengl.gl4.GL4bcImpl.glBufferData(IJLjava/nio/Buffer;I)V+67
j  processing.opengl.PJOGL.bufferData(IILjava/nio/Buffer;I)V+10
j  aviss.visuals.KinectStarCloudGenerator.renderGLPoints(ILjava/nio/FloatBuffer;)V+65
J 1198% C2 aviss.visuals.KinectStarCloudGenerator.renderStarsUsingKinectData()V (291 bytes) @ 0x0000000002ff3454 [0x0000000002ff2d60+0x6f4]
j  aviss.visuals.KinectStarCloudGenerator.run()V+304
j  aviss.applet.AVISSApplet.draw()V+53
j  processing.core.PApplet.handleDraw()V+231
j  processing.opengl.PJOGL$PGLListener.display(Ljavax/media/opengl/GLAutoDrawable;)V+476
j  jogamp.opengl.GLDrawableHelper.displayImpl(Ljavax/media/opengl/GLAutoDrawable;)V+81
j  jogamp.opengl.GLDrawableHelper.display(Ljavax/media/opengl/GLAutoDrawable;)V+2
j  javax.media.opengl.awt.GLCanvas$10.run()V+118
j  jogamp.opengl.GLDrawableHelper.invokeGLImpl(Ljavax/media/opengl/GLDrawable;Ljavax/media/opengl/GLContext;Ljava/lang/Runnable;Ljava/lang/Runnable;)V+206
j  jogamp.opengl.GLDrawableHelper.invokeGL(Ljavax/media/opengl/GLDrawable;Ljavax/media/opengl/GLContext;Ljava/lang/Runnable;Ljava/lang/Runnable;)V+80
j  javax.media.opengl.awt.GLCanvas$11.run()V+73
j  java.awt.event.InvocationEvent.dispatch()V+11
j  java.awt.EventQueue.dispatchEventImpl(Ljava/awt/AWTEvent;Ljava/lang/Object;)V+21
j  java.awt.EventQueue.access$500(Ljava/awt/EventQueue;Ljava/awt/AWTEvent;Ljava/lang/Object;)V+3
j  java.awt.EventQueue$3.run()Ljava/lang/Void;+32
j  java.awt.EventQueue$3.run()Ljava/lang/Object;+1
v  ~StubRoutines::call_stub
J 819  java.security.AccessController.doPrivileged(Ljava/security/PrivilegedAction;Ljava/security/AccessControlContext;)Ljava/lang/Object; (0 bytes) @ 0x0000000002ea55a6 [0x0000000002ea5540+0x66]
j  java.security.ProtectionDomain$1.doIntersectionPrivilege(Ljava/security/PrivilegedAction;Ljava/security/AccessControlContext;Ljava/security/AccessControlContext;)Ljava/lang/Object;+28
j  java.awt.EventQueue.dispatchEvent(Ljava/awt/AWTEvent;)V+46
j  java.awt.EventDispatchThread.pumpOneEventForFilters(I)V+245
j  java.awt.EventDispatchThread.pumpEventsForFilter(ILjava/awt/Conditional;Ljava/awt/EventFilter;)V+35
j  java.awt.EventDispatchThread.pumpEventsForHierarchy(ILjava/awt/Conditional;Ljava/awt/Component;)V+11
j  java.awt.EventDispatchThread.pumpEvents(ILjava/awt/Conditional;)V+4
j  java.awt.EventDispatchThread.pumpEvents(Ljava/awt/Conditional;)V+3
j  java.awt.EventDispatchThread.run()V+9
v  ~StubRoutines::call_stub

---------------  P R O C E S S  ---------------

Java Threads: ( => current thread )
  0x0000000019c45800 JavaThread "Thread-569" [_thread_blocked, id=9068, stack(0x0000000032a10000,0x0000000032b10000)]
  0x0000000019c44000 JavaThread "Thread-6" [_thread_blocked, id=4020, stack(0x00000000246d0000,0x00000000247d0000)]
  0x0000000019c42800 JavaThread "Java Sound Event Dispatcher" daemon [_thread_blocked, id=732, stack(0x0000000023fd0000,0x00000000240d0000)]
  0x0000000019c43800 JavaThread "Image Fetcher 3" daemon [_thread_blocked, id=7128, stack(0x0000000023bd0000,0x0000000023cd0000)]
  0x0000000019c45000 JavaThread "Image Fetcher 2" daemon [_thread_blocked, id=5408, stack(0x0000000023ad0000,0x0000000023bd0000)]
  0x000000001a132800 JavaThread "Animation Thread-SharedResourceRunner" daemon [_thread_blocked, id=5216, stack(0x000000001e780000,0x000000001e880000)]
  0x0000000002a6e000 JavaThread "DestroyJavaVM" [_thread_blocked, id=10476, stack(0x0000000002920000,0x0000000002a20000)]
  0x0000000019c81000 JavaThread "Animation Thread" [_thread_blocked, id=8292, stack(0x000000001d1b0000,0x000000001d2b0000)]
  0x0000000019c6d000 JavaThread "D3D Screen Updater" daemon [_thread_blocked, id=8512, stack(0x000000001c700000,0x000000001c800000)]
  0x0000000019c52800 JavaThread "Image Fetcher 1" daemon [_thread_blocked, id=2200, stack(0x000000001bf20000,0x000000001c020000)]
  0x0000000019bd8000 JavaThread "Image Fetcher 0" daemon [_thread_blocked, id=10248, stack(0x000000001be20000,0x000000001bf20000)]
=>0x0000000019bd7800 JavaThread "AWT-EventQueue-0" [_thread_in_native, id=10260, stack(0x000000001bd20000,0x000000001be20000)]
  0x0000000019b94800 JavaThread "AWT-Windows" daemon [_thread_in_native, id=9076, stack(0x000000001a490000,0x000000001a590000)]
  0x0000000019b93800 JavaThread "AWT-Shutdown" [_thread_blocked, id=10496, stack(0x000000001a390000,0x000000001a490000)]
  0x0000000019318000 JavaThread "Java2D Disposer" daemon [_thread_blocked, id=10504, stack(0x000000001a290000,0x000000001a390000)]
  0x0000000018f37000 JavaThread "Service Thread" daemon [_thread_blocked, id=10576, stack(0x0000000019320000,0x0000000019420000)]
  0x0000000017725800 JavaThread "C1 CompilerThread2" daemon [_thread_blocked, id=10732, stack(0x0000000018e20000,0x0000000018f20000)]
  0x0000000017714800 JavaThread "C2 CompilerThread1" daemon [_thread_blocked, id=2088, stack(0x0000000018d20000,0x0000000018e20000)]
  0x00000000176ce000 JavaThread "C2 CompilerThread0" daemon [_thread_blocked, id=8160, stack(0x0000000018c20000,0x0000000018d20000)]
  0x00000000176cc800 JavaThread "Attach Listener" daemon [_thread_blocked, id=10744, stack(0x0000000018b20000,0x0000000018c20000)]
  0x00000000176cb800 JavaThread "Signal Dispatcher" daemon [_thread_blocked, id=7072, stack(0x0000000018a20000,0x0000000018b20000)]
  0x0000000002b64000 JavaThread "Finalizer" daemon [_thread_blocked, id=10300, stack(0x0000000018920000,0x0000000018a20000)]
  0x0000000017697800 JavaThread "Reference Handler" daemon [_thread_blocked, id=10412, stack(0x0000000018820000,0x0000000018920000)]

Other Threads:
  0x0000000017695000 VMThread [stack: 0x0000000018720000,0x0000000018820000] [id=7696]
  0x0000000018f39800 WatcherThread [stack: 0x0000000019420000,0x0000000019520000] [id=1456]

VM state:not at safepoint (normal execution)

VM Mutex/Monitor currently owned by a thread: None

Heap:
 PSYoungGen      total 138240K, used 120363K [0x00000000d5d00000, 0x00000000ef900000, 0x0000000100000000)
  eden space 133120K, 87% used [0x00000000d5d00000,0x00000000dce95210,0x00000000ddf00000)
  from space 5120K, 79% used [0x00000000ddf00000,0x00000000de2f5d58,0x00000000de400000)
  to   space 77824K, 0% used [0x00000000ead00000,0x00000000ead00000,0x00000000ef900000)
 ParOldGen       total 259072K, used 124890K [0x0000000081600000, 0x0000000091300000, 0x00000000d5d00000)
  object space 259072K, 48% used [0x0000000081600000,0x0000000088ff69a0,0x0000000091300000)
 Metaspace       used 17582K, capacity 17747K, committed 18048K, reserved 1064960K
  class space    used 1800K, capacity 1852K, committed 1920K, reserved 1048576K

Card table byte_map: [0x0000000011f30000,0x0000000012330000] byte_map_base: 0x0000000011b25000

Marking Bits: (ParMarkBitMap*) 0x000000006e15d4f0
 Begin Bits: [0x00000000129e0000, 0x0000000014988000)
 End Bits:   [0x0000000014988000, 0x0000000016930000)

Polling page: 0x00000000010d0000

CodeCache: size=245760Kb used=4604Kb max_used=4610Kb free=241155Kb
 bounds [0x0000000002b70000, 0x0000000003000000, 0x0000000011b70000]
 total_blobs=2093 nmethods=1198 adapters=809
 compilation: enabled

Compilation events (10 events):
Event: 3.551 Thread 0x00000000176ce000 nmethod 1195 0x0000000002fe7510 code [0x0000000002fe7660, 0x0000000002fe7718]
Event: 3.551 Thread 0x00000000176ce000 1194       4       aviss.data.Star::update (24 bytes)
Event: 3.552 Thread 0x00000000176ce000 nmethod 1194 0x0000000002fe6a90 code [0x0000000002fe6bc0, 0x0000000002fe6cb8]
Event: 3.563 Thread 0x0000000017714800 nmethod 1185 0x0000000002febc50 code [0x0000000002febe40, 0x0000000002fec9e0]
Event: 3.567 Thread 0x0000000017725800 1196 %     3       aviss.visuals.KinectStarCloudGenerator::renderStarsUsingKinectData @ 57 (291 bytes)
Event: 3.569 Thread 0x0000000017725800 nmethod 1196% 0x0000000002fe7a10 code [0x0000000002fe7e40, 0x0000000002fea578]
Event: 3.570 Thread 0x0000000017725800 1197       3       aviss.visuals.KinectStarCloudGenerator::renderStarsUsingKinectData (291 bytes)
Event: 3.573 Thread 0x0000000017725800 nmethod 1197 0x0000000002fed7d0 code [0x0000000002fedc00, 0x0000000002ff01f8]
Event: 3.578 Thread 0x00000000176ce000 1198 %     4       aviss.visuals.KinectStarCloudGenerator::renderStarsUsingKinectData @ 57 (291 bytes)
Event: 3.595 Thread 0x00000000176ce000 nmethod 1198% 0x0000000002ff2b50 code [0x0000000002ff2d60, 0x0000000002ff3960]

GC Heap History (10 events):
Event: 2.084 GC heap before
{Heap before GC invocations=2 (full 0):
 PSYoungGen      total 38400K, used 38386K [0x00000000d5d00000, 0x00000000da800000, 0x0000000100000000)
  eden space 33280K, 100% used [0x00000000d5d00000,0x00000000d7d80000,0x00000000d7d80000)
  from space 5120K, 99% used [0x00000000d7d80000,0x00000000d827c8b0,0x00000000d8280000)
  to   space 5120K, 0% used [0x00000000da300000,0x00000000da300000,0x00000000da800000)
 ParOldGen       total 87552K, used 270K [0x0000000081600000, 0x0000000086b80000, 0x00000000d5d00000)
  object space 87552K, 0% used [0x0000000081600000,0x00000000816439f0,0x0000000086b80000)
 Metaspace       used 17357K, capacity 17525K, committed 17792K, reserved 1064960K
  class space    used 1782K, capacity 1821K, committed 1920K, reserved 1048576K
Event: 2.094 GC heap after
Heap after GC invocations=2 (full 0):
 PSYoungGen      total 71680K, used 5089K [0x00000000d5d00000, 0x00000000da800000, 0x0000000100000000)
  eden space 66560K, 0% used [0x00000000d5d00000,0x00000000d5d00000,0x00000000d9e00000)
  from space 5120K, 99% used [0x00000000da300000,0x00000000da7f87b8,0x00000000da800000)
  to   space 5120K, 0% used [0x00000000d9e00000,0x00000000d9e00000,0x00000000da300000)
 ParOldGen       total 87552K, used 598K [0x0000000081600000, 0x0000000086b80000, 0x00000000d5d00000)
  object space 87552K, 0% used [0x0000000081600000,0x0000000081695a80,0x0000000086b80000)
 Metaspace       used 17357K, capacity 17525K, committed 17792K, reserved 1064960K
  class space    used 1782K, capacity 1821K, committed 1920K, reserved 1048576K
}
Event: 2.138 GC heap before
{Heap before GC invocations=3 (full 0):
 PSYoungGen      total 71680K, used 71649K [0x00000000d5d00000, 0x00000000da800000, 0x0000000100000000)
  eden space 66560K, 100% used [0x00000000d5d00000,0x00000000d9e00000,0x00000000d9e00000)
  from space 5120K, 99% used [0x00000000da300000,0x00000000da7f87b8,0x00000000da800000)
  to   space 5120K, 0% used [0x00000000d9e00000,0x00000000d9e00000,0x00000000da300000)
 ParOldGen       total 87552K, used 598K [0x0000000081600000, 0x0000000086b80000, 0x00000000d5d00000)
  object space 87552K, 0% used [0x0000000081600000,0x0000000081695a80,0x0000000086b80000)
 Metaspace       used 17361K, capacity 17525K, committed 17792K, reserved 1064960K
  class space    used 1782K, capacity 1821K, committed 1920K, reserved 1048576K
Event: 2.148 GC heap after
Heap after GC invocations=3 (full 0):
 PSYoungGen      total 71680K, used 5105K [0x00000000d5d00000, 0x00000000de900000, 0x0000000100000000)
  eden space 66560K, 0% used [0x00000000d5d00000,0x00000000d5d00000,0x00000000d9e00000)
  from space 5120K, 99% used [0x00000000d9e00000,0x00000000da2fc798,0x00000000da300000)
  to   space 5120K, 0% used [0x00000000de400000,0x00000000de400000,0x00000000de900000)
 ParOldGen       total 87552K, used 630K [0x0000000081600000, 0x0000000086b80000, 0x00000000d5d00000)
  object space 87552K, 0% used [0x0000000081600000,0x000000008169da80,0x0000000086b80000)
 Metaspace       used 17361K, capacity 17525K, committed 17792K, reserved 1064960K
  class space    used 1782K, capacity 1821K, committed 1920K, reserved 1048576K
}
Event: 2.232 GC heap before
{Heap before GC invocations=4 (full 0):
 PSYoungGen      total 71680K, used 67102K [0x00000000d5d00000, 0x00000000de900000, 0x0000000100000000)
  eden space 66560K, 93% used [0x00000000d5d00000,0x00000000d998b3b8,0x00000000d9e00000)
  from space 5120K, 99% used [0x00000000d9e00000,0x00000000da2fc798,0x00000000da300000)
  to   space 5120K, 0% used [0x00000000de400000,0x00000000de400000,0x00000000de900000)
 ParOldGen       total 87552K, used 630K [0x0000000081600000, 0x0000000086b80000, 0x00000000d5d00000)
  object space 87552K, 0% used [0x0000000081600000,0x000000008169da80,0x0000000086b80000)
 Metaspace       used 17460K, capacity 17589K, committed 17792K, reserved 1064960K
  class space    used 1788K, capacity 1821K, committed 1920K, reserved 1048576K
Event: 2.260 GC heap after
Heap after GC invocations=4 (full 0):
 PSYoungGen      total 138240K, used 4992K [0x00000000d5d00000, 0x00000000de900000, 0x0000000100000000)
  eden space 133120K, 0% used [0x00000000d5d00000,0x00000000d5d00000,0x00000000ddf00000)
  from space 5120K, 97% used [0x00000000de400000,0x00000000de8e0070,0x00000000de900000)
  to   space 5120K, 0% used [0x00000000ddf00000,0x00000000ddf00000,0x00000000de400000)
 ParOldGen       total 87552K, used 18863K [0x0000000081600000, 0x0000000086b80000, 0x00000000d5d00000)
  object space 87552K, 21% used [0x0000000081600000,0x000000008286beb0,0x0000000086b80000)
 Metaspace       used 17460K, capacity 17589K, committed 17792K, reserved 1064960K
  class space    used 1788K, capacity 1821K, committed 1920K, reserved 1048576K
}
Event: 2.549 GC heap before
{Heap before GC invocations=5 (full 0):
 PSYoungGen      total 138240K, used 138112K [0x00000000d5d00000, 0x00000000de900000, 0x0000000100000000)
  eden space 133120K, 100% used [0x00000000d5d00000,0x00000000ddf00000,0x00000000ddf00000)
  from space 5120K, 97% used [0x00000000de400000,0x00000000de8e0070,0x00000000de900000)
  to   space 5120K, 0% used [0x00000000ddf00000,0x00000000ddf00000,0x00000000de400000)
 ParOldGen       total 87552K, used 18863K [0x0000000081600000, 0x0000000086b80000, 0x00000000d5d00000)
  object space 87552K, 21% used [0x0000000081600000,0x000000008286beb0,0x0000000086b80000)
 Metaspace       used 17541K, capacity 17685K, committed 17792K, reserved 1064960K
  class space    used 1797K, capacity 1853K, committed 1920K, reserved 1048576K
Event: 2.624 GC heap after
Heap after GC invocations=5 (full 0):
 PSYoungGen      total 138240K, used 5104K [0x00000000d5d00000, 0x00000000ef900000, 0x0000000100000000)
  eden space 133120K, 0% used [0x00000000d5d00000,0x00000000d5d00000,0x00000000ddf00000)
  from space 5120K, 99% used [0x00000000ddf00000,0x00000000de3fc040,0x00000000de400000)
  to   space 77824K, 0% used [0x00000000ead00000,0x00000000ead00000,0x00000000ef900000)
 ParOldGen       total 124928K, used 124738K [0x0000000081600000, 0x0000000089000000, 0x00000000d5d00000)
  object space 124928K, 99% used [0x0000000081600000,0x0000000088fd0a58,0x0000000089000000)
 Metaspace       used 17541K, capacity 17685K, committed 17792K, reserved 1064960K
  class space    used 1797K, capacity 1853K, committed 1920K, reserved 1048576K
}
Event: 2.624 GC heap before
{Heap before GC invocations=6 (full 1):
 PSYoungGen      total 138240K, used 5104K [0x00000000d5d00000, 0x00000000ef900000, 0x0000000100000000)
  eden space 133120K, 0% used [0x00000000d5d00000,0x00000000d5d00000,0x00000000ddf00000)
  from space 5120K, 99% used [0x00000000ddf00000,0x00000000de3fc040,0x00000000de400000)
  to   space 77824K, 0% used [0x00000000ead00000,0x00000000ead00000,0x00000000ef900000)
 ParOldGen       total 124928K, used 124738K [0x0000000081600000, 0x0000000089000000, 0x00000000d5d00000)
  object space 124928K, 99% used [0x0000000081600000,0x0000000088fd0a58,0x0000000089000000)
 Metaspace       used 17541K, capacity 17685K, committed 17792K, reserved 1064960K
  class space    used 1797K, capacity 1853K, committed 1920K, reserved 1048576K
Event: 3.151 GC heap after
Heap after GC invocations=6 (full 1):
 PSYoungGen      total 138240K, used 4055K [0x00000000d5d00000, 0x00000000ef900000, 0x0000000100000000)
  eden space 133120K, 0% used [0x00000000d5d00000,0x00000000d5d00000,0x00000000ddf00000)
  from space 5120K, 79% used [0x00000000ddf00000,0x00000000de2f5d58,0x00000000de400000)
  to   space 77824K, 0% used [0x00000000ead00000,0x00000000ead00000,0x00000000ef900000)
 ParOldGen       total 259072K, used 124890K [0x0000000081600000, 0x0000000091300000, 0x00000000d5d00000)
  object space 259072K, 48% used [0x0000000081600000,0x0000000088ff69a0,0x0000000091300000)
 Metaspace       used 17539K, capacity 17683K, committed 17792K, reserved 1064960K
  class space    used 1797K, capacity 1852K, committed 1920K, reserved 1048576K
}

Deoptimization events (10 events):
Event: 1.849 Thread 0x0000000019bd8000 Uncommon trap: reason=unreached action=reinterpret pc=0x0000000002e872b0 method=java.lang.reflect.AccessibleObject.setAccessible0(Ljava/lang/reflect/AccessibleObject;Z)V @ 4
Event: 2.364 Thread 0x0000000019bd7800 Uncommon trap: reason=unreached action=reinterpret pc=0x0000000002f93c58 method=aviss.visuals.KinectStarCloudGenerator.kinectPointCloudInit()I @ 89
Event: 3.279 Thread 0x0000000019bd7800 Uncommon trap: reason=class_check action=maybe_recompile pc=0x0000000002ed1c80 method=com.jogamp.common.nio.Buffers.isDirect(Ljava/lang/Object;)Z @ 13
Event: 3.279 Thread 0x0000000019bd7800 Uncommon trap: reason=class_check action=maybe_recompile pc=0x0000000002ed5604 method=com.jogamp.common.nio.Buffers.getDirectBufferByteOffset(Ljava/lang/Object;)I @ 7
Event: 3.279 Thread 0x0000000019bd7800 Uncommon trap: reason=class_check action=maybe_recompile pc=0x0000000002ed1c80 method=com.jogamp.common.nio.Buffers.isDirect(Ljava/lang/Object;)Z @ 13
Event: 3.280 Thread 0x0000000019bd7800 Uncommon trap: reason=class_check action=maybe_recompile pc=0x0000000002ed5604 method=com.jogamp.common.nio.Buffers.getDirectBufferByteOffset(Ljava/lang/Object;)I @ 7
Event: 3.280 Thread 0x0000000019bd7800 Uncommon trap: reason=class_check action=maybe_recompile pc=0x0000000002ed1c80 method=com.jogamp.common.nio.Buffers.isDirect(Ljava/lang/Object;)Z @ 13
Event: 3.280 Thread 0x0000000019bd7800 Uncommon trap: reason=class_check action=maybe_recompile pc=0x0000000002ed5604 method=com.jogamp.common.nio.Buffers.getDirectBufferByteOffset(Ljava/lang/Object;)I @ 7
Event: 3.437 Thread 0x0000000019c81000 Uncommon trap: reason=class_check action=maybe_recompile pc=0x0000000002ed1c80 method=com.jogamp.common.nio.Buffers.isDirect(Ljava/lang/Object;)Z @ 13
Event: 3.437 Thread 0x0000000019c81000 Uncommon trap: reason=class_check action=maybe_recompile pc=0x0000000002ed5604 method=com.jogamp.common.nio.Buffers.getDirectBufferByteOffset(Ljava/lang/Object;)I @ 7

Internal exceptions (10 events):
Event: 2.271 Thread 0x0000000019bd7800 Exception <a 'java/security/PrivilegedActionException'> (0x00000000d90116c8) thrown at [C:\workspace\8-2-build-windows-amd64-cygwin\jdk8u31\2394\hotspot\src\share\vm\prims\jvm.cpp, line 1312]
Event: 2.273 Thread 0x0000000019bd7800 Exception <a 'java/security/PrivilegedActionException'> (0x00000000d901b4d0) thrown at [C:\workspace\8-2-build-windows-amd64-cygwin\jdk8u31\2394\hotspot\src\share\vm\prims\jvm.cpp, line 1312]
Event: 2.274 Thread 0x0000000019bd7800 Exception <a 'java/security/PrivilegedActionException'> (0x00000000d901f618) thrown at [C:\workspace\8-2-build-windows-amd64-cygwin\jdk8u31\2394\hotspot\src\share\vm\prims\jvm.cpp, line 1312]
Event: 2.274 Thread 0x0000000019bd7800 Exception <a 'java/security/PrivilegedActionException'> (0x00000000d9024080) thrown at [C:\workspace\8-2-build-windows-amd64-cygwin\jdk8u31\2394\hotspot\src\share\vm\prims\jvm.cpp, line 1312]
Event: 2.366 Thread 0x0000000019bd7800 Exception <a 'java/security/PrivilegedActionException'> (0x00000000d9070dd8) thrown at [C:\workspace\8-2-build-windows-amd64-cygwin\jdk8u31\2394\hotspot\src\share\vm\prims\jvm.cpp, line 1312]
Event: 3.390 Thread 0x0000000019c81000 Exception <a 'java/security/PrivilegedActionException'> (0x00000000da3fabc0) thrown at [C:\workspace\8-2-build-windows-amd64-cygwin\jdk8u31\2394\hotspot\src\share\vm\prims\jvm.cpp, line 1312]
Event: 3.415 Thread 0x0000000019c81000 Exception <a 'java/security/PrivilegedActionException'> (0x00000000da3fd5e0) thrown at [C:\workspace\8-2-build-windows-amd64-cygwin\jdk8u31\2394\hotspot\src\share\vm\prims\jvm.cpp, line 1312]
Event: 3.437 Thread 0x0000000019c81000 Exception <a 'java/lang/reflect/InvocationTargetException'> (0x00000000da406398) thrown at [C:\workspace\8-2-build-windows-amd64-cygwin\jdk8u31\2394\hotspot\src\share\vm\runtime\reflection.cpp, line 1080]
Event: 3.533 Thread 0x0000000019bd7800 Exception <a 'java/security/PrivilegedActionException'> (0x00000000d8961d90) thrown at [C:\workspace\8-2-build-windows-amd64-cygwin\jdk8u31\2394\hotspot\src\share\vm\prims\jvm.cpp, line 1312]
Event: 3.534 Thread 0x0000000019bd7800 Exception <a 'java/security/PrivilegedActionException'> (0x00000000d8963b18) thrown at [C:\workspace\8-2-build-windows-amd64-cygwin\jdk8u31\2394\hotspot\src\share\vm\prims\jvm.cpp, line 1312]

Events (10 events):
Event: 3.437 Thread 0x0000000019c81000 DEOPT UNPACKING pc=0x0000000002bb556a sp=0x000000001d2ae938 mode 2
Event: 3.437 Thread 0x0000000019c81000 Uncommon trap: trap_request=0xffffffde fr.pc=0x0000000002ed5604
Event: 3.437 Thread 0x0000000019c81000 DEOPT PACKING pc=0x0000000002ed5604 sp=0x000000001d2ae960
Event: 3.437 Thread 0x0000000019c81000 DEOPT UNPACKING pc=0x0000000002bb556a sp=0x000000001d2ae900 mode 2
Event: 3.533 loading class aviss/data/KinectHand
Event: 3.533 loading class aviss/data/KinectHand done
Event: 3.534 loading class org/apache/commons/collections4/queue/CircularFifoQueue$1
Event: 3.534 loading class org/apache/commons/collections4/queue/CircularFifoQueue$1 done
Event: 3.595 Thread 0x0000000019bd7800 DEOPT PACKING pc=0x0000000002fea158 sp=0x000000001be1daf0
Event: 3.595 Thread 0x0000000019bd7800 DEOPT UNPACKING pc=0x0000000002bb75bf sp=0x000000001be1d920 mode 0


Dynamic libraries:
0x00007ff7861d0000 - 0x00007ff786204000 	C:\Program Files\Java\jre1.8.0_31\bin\javaw.exe
0x00007ffe08660000 - 0x00007ffe0880c000 	C:\WINDOWS\SYSTEM32\ntdll.dll
0x00007ffe08510000 - 0x00007ffe0864e000 	C:\WINDOWS\system32\KERNEL32.DLL
0x00007ffe058d0000 - 0x00007ffe059e5000 	C:\WINDOWS\system32\KERNELBASE.dll
0x00007ffe03e60000 - 0x00007ffe03eee000 	C:\WINDOWS\system32\apphelp.dll
0x00007ffde3550000 - 0x00007ffde35a3000 	C:\WINDOWS\AppPatch\AppPatch64\AcGenral.DLL
0x00007ffe063e0000 - 0x00007ffe0648a000 	C:\WINDOWS\system32\msvcrt.dll
0x00007ffe05650000 - 0x00007ffe0567e000 	C:\WINDOWS\SYSTEM32\SspiCli.dll
0x00007ffe06380000 - 0x00007ffe063d4000 	C:\WINDOWS\system32\SHLWAPI.dll
0x00007ffe05ce0000 - 0x00007ffe05e57000 	C:\WINDOWS\system32\USER32.dll
0x00007ffe08220000 - 0x00007ffe083b4000 	C:\WINDOWS\system32\ole32.dll
0x00007ffe06880000 - 0x00007ffe07d98000 	C:\WINDOWS\system32\SHELL32.dll
0x00007ffe04dd0000 - 0x00007ffe04df1000 	C:\WINDOWS\SYSTEM32\USERENV.dll
0x00007ffe07f00000 - 0x00007ffe07faa000 	C:\WINDOWS\system32\ADVAPI32.dll
0x00007ffdfeaf0000 - 0x00007ffdfeb0e000 	C:\WINDOWS\SYSTEM32\MPR.dll
0x00007ffe083c0000 - 0x00007ffe08501000 	C:\WINDOWS\system32\RPCRT4.dll
0x00007ffe062b0000 - 0x00007ffe06309000 	C:\WINDOWS\SYSTEM32\sechost.dll
0x00007ffe06030000 - 0x00007ffe06241000 	C:\WINDOWS\SYSTEM32\combase.dll
0x00007ffe07da0000 - 0x00007ffe07ef1000 	C:\WINDOWS\system32\GDI32.dll
0x00007ffe057b0000 - 0x00007ffe057c5000 	C:\WINDOWS\SYSTEM32\profapi.dll
0x00007ffe01280000 - 0x00007ffe01332000 	C:\WINDOWS\SYSTEM32\SHCORE.dll
0x00007ffe081e0000 - 0x00007ffe08216000 	C:\WINDOWS\system32\IMM32.DLL
0x00007ffe07fb0000 - 0x00007ffe08101000 	C:\WINDOWS\system32\MSCTF.dll
0x00007ffe00c60000 - 0x00007ffe00edb000 	C:\WINDOWS\WinSxS\amd64_microsoft.windows.common-controls_6595b64144ccf1df_6.0.9600.17415_none_6240486fecbd8abb\COMCTL32.dll
0x000000006d800000 - 0x000000006d8d2000 	C:\Program Files\Java\jre1.8.0_31\bin\msvcr100.dll
0x000000006d980000 - 0x000000006e1da000 	C:\Program Files\Java\jre1.8.0_31\bin\server\jvm.dll
0x00007ffdf9af0000 - 0x00007ffdf9af9000 	C:\WINDOWS\SYSTEM32\WSOCK32.dll
0x00007ffe00820000 - 0x00007ffe00842000 	C:\WINDOWS\SYSTEM32\WINMM.dll
0x00007ffe08650000 - 0x00007ffe08657000 	C:\WINDOWS\system32\PSAPI.DLL
0x00007ffe06550000 - 0x00007ffe065aa000 	C:\WINDOWS\system32\WS2_32.dll
0x00007ffe007f0000 - 0x00007ffe0081a000 	C:\WINDOWS\SYSTEM32\WINMMBASE.dll
0x00007ffe081d0000 - 0x00007ffe081d9000 	C:\WINDOWS\system32\NSI.dll
0x00007ffe05880000 - 0x00007ffe058cf000 	C:\WINDOWS\SYSTEM32\cfgmgr32.dll
0x00007ffe045c0000 - 0x00007ffe045e8000 	C:\WINDOWS\SYSTEM32\DEVOBJ.dll
0x000000006d970000 - 0x000000006d97f000 	C:\Program Files\Java\jre1.8.0_31\bin\verify.dll
0x000000006d940000 - 0x000000006d968000 	C:\Program Files\Java\jre1.8.0_31\bin\java.dll
0x000000006d920000 - 0x000000006d936000 	C:\Program Files\Java\jre1.8.0_31\bin\zip.dll
0x000000006d660000 - 0x000000006d7f8000 	C:\Program Files\Java\jre1.8.0_31\bin\awt.dll
0x00007ffe065d0000 - 0x00007ffe06691000 	C:\WINDOWS\system32\OLEAUT32.dll
0x00007ffe01080000 - 0x00007ffe010a1000 	C:\WINDOWS\system32\DWMAPI.DLL
0x00007ffe04420000 - 0x00007ffe04549000 	C:\WINDOWS\system32\uxtheme.dll
0x00007ffdf0120000 - 0x00007ffdf01cb000 	C:\Program Files\Common Files\microsoft shared\ink\tiptsf.dll
0x00007ffe04610000 - 0x00007ffe0461b000 	C:\WINDOWS\SYSTEM32\kernel.appcore.dll
0x00007ffe056f0000 - 0x00007ffe056fb000 	C:\WINDOWS\SYSTEM32\CRYPTBASE.dll
0x00007ffe05680000 - 0x00007ffe056e3000 	C:\WINDOWS\SYSTEM32\bcryptPrimitives.dll
0x00007ffdf1d80000 - 0x00007ffdf1fa1000 	C:\WINDOWS\system32\d3d9.dll
0x00007ffdfef30000 - 0x00007ffdfef3a000 	C:\WINDOWS\SYSTEM32\VERSION.dll
0x00007ffdd8230000 - 0x00007ffdd9b11000 	C:\WINDOWS\SYSTEM32\igdumdim64.dll
0x00007ffe015f0000 - 0x00007ffe01a50000 	C:\Program Files\Java\jre1.8.0_31\bin\javaw.exe
0x000000006d610000 - 0x000000006d657000 	C:\WINDOWS\system32\USER32.dll
0x00007ffdf9170000 - 0x00007ffdf91da000 	C:\WINDOWS\system32\ADVAPI32.dll
0x00007ffe06490000 - 0x00007ffe06546000 	C:\WINDOWS\SYSTEM32\profapi.dll
0x00007ffe050f0000 - 0x00007ffe05110000 	C:\WINDOWS\WinSxS\amd64_microsoft.windows.commodll0x00007ffe04cc0000 - 0x00007ffe04cf6000 	C:\WINDOWS\SYSTEM32\WINMM.dll
0x00007ffe05340000 - 0x00007ffe05366000 	C:\WINDOWS\SYSTEM32\WINMMBASE.dll
0x000000006d900000 - 0x000000006d91a000 	C:\WINDOWS\SYSTEM32\cfgmgr32.dll
0x00007ffe05090000 - 0x00007ffe050e9000 	C:\Program Files\Java\jre1.8.0_31\bin\verify.dll
0x00007ffe00780000 - 0x00007ffe007aa000 	C:\WINDOWS\SYSTEM32\IPHLPAPI.DLL
0x00007ffe00750000 - 0x00007ffe0075a000 	C:\WINDOWS\SYSTEM32\WINNSI.DLL
0x00007ffe005d0000 - 0x00007ffe005e6000 	C:\WINDOWS\system32\SHLWAPI.dll
0x00007ffe005b0000 - 0x00007ffe005ca000 	C:\WINDOWS\SYSTEM32\USERENV.dll
0x000000006d8e0000 - 0x000000006d8f1000 	C:\WINDOWS\SYSTEM32\sechost.dll
0x00000000637c0000 - 0x00000000637cd000 	C:\WINDOWS\SYSTEM32\SHCORE.dll
0x000000006d600000 - 0x000000006d607000 	C:\WINDOWS\WinSxS\amd64_microsoft.windows.common-controls_6595b64144ccf1df_6.0.9600.17415_none_6240486fecbd8abb\COMCTL32.dll
0x000000006a440000 - 0x000000006a44d000 	C:\ProgrWS\SYSTEM32\WSOCK32.dll0x000000006c100000 - 0x000000006c10f000 	C:\WINDOWS\system32\PSAPI.DLL
0x00007ffdeba50000 - 0x00007ffdebb7b000 	C:\WINDOWS\SYSTEM32\WINMMBASE.dll
0x00007ffdeba20000 - 0x00007ffdeba4e000 	C:\WINDOWS\SYSTEM32\DEVOBJ.dll
0x00007ffdeb920000 - 0x00007ffdeba18000 	C:\Program Files\Java\jre1.8.0_31\bin\java.dll
0x00007ffdeb800000 - 0x00007ffdeb809000 	C:\WINDOWS\system32\KERNEL32.DLL
0x0000000064500000 - 0x00000000645a0000 	C:\WINDOWS\system32\ole32.dll0x0000000180000000 - 0x00000001807de000 	C:\WINDOWS\system32\RPCRT4.
0x00007ffe04e00000 - 0x00007ffe04e46000 	C:\WINDOWS\SYSTEM32\profapi.dll
0x000000006d5f0000 - 0x000000006d5fc000 	C:\WINDOWS\system32\MSCTF.dll
0x000000006d5e0000 - 0x000000006d5eb000 	C:\Program Files\Java\jre1.8.0_31\bin\server\jvm.dll
0x00007ffde3c80000 - 0x00007ffde3d1d000 	C:\WINDOWS\system32\PSAPI.DLL
0x00007ffe00bc0000 - 0x00007ffe00c30000 	C:\WINDOWS\system32\NSI.dll
0x00007ffdf3bd0000 - 0x00007ffdf3c0e000 	C:\WINDOWS\SYSTEM32\DEVOBJ.dll
0x00007ffe00850000 - 0x00007ffe00858000 	C:\WINDOWS\SYSTEM32\ksuser.dll
0x00007ffe03c50000 - 0x00007ffe03c5c000 	C:\WINDOWS\system32\msvcrt.dll
0x00007ffdf8dd0000 - 0x00007ffdf8e4e000 	C:\WINDOWS\system32\SHELL32.dll
0x00007ffdfa530000 - 0x00007ffdfa53b000 	C:\WINDOWS\system32\RPCRT4..dl
0x00007ffdf9bc0000 - 0x00007ffdf9bdc000 	C:\WINDOWS\SYSTEM32\SHCORE.dll
0x00007ffdf9bb0000 - 0x00007ffdf9bba000 	C:\WINDOWS\SYSTEM32\WINMM.dll
0x00007ffde27c0000 - 0x00007ffde295c000 	C:\WINDOWS\system32\NSI.dll
0x00007ffdeede0000 - 0x00007ffdeee87000 	C:\WINDOWS\SYSTEM32\DEVOBJ.dll
0x00007ffdf8fc0000 - 0x00007ffdf9094000 	C:\WINDOWS\SYSTEM32\MSVCR110.dll
0x00007ffdfa560000 - 0x00007ffdfa570000 	C:\Users\Ian\workspace\AVISS\lib\KinectPV2.dll
0x00007ffde33b0000 - 0x00007ffde346a000 	C:\WINDOWS\SYSTEM32\Kinect20.dll
0x00007ffdeeee0000 - 0x00007ffdeefcb000 	C:\WINDOWS\SYSTEM32\MFPlat.DLL
0x00007ffdeedb0000 - 0x00007ffdeedd7000 	C:\WINDOWS\SYSTEM32\RTWorkQ.DLL
0x00007ffdefbc0000 - 0x00007ffdefd4a000 	C:\WINDOWS\SYSTEM32\dbghelp.dll

VM Arguments:
jvm_args: -Djava.library.path=C:\Users\Ian\workspace\AVISS\lib -Dfile.encoding=Cp1252 
java_command: aviss.applet.AVISSApplet
java_class_path (initial): C:\Users\Ian\workspace\AVISS\bin;C:\Users\Ian\workspace\AVISS\lib\commons-collections4-4.0.jar;C:\Users\Ian\workspace\AVISS\lib\core.jar;C:\Users\Ian\workspace\AVISS\lib\G4P.jar;C:\Users\Ian\workspace\AVISS\lib\gluegen-rt-natives-linux-amd64.jar;C:\Users\Ian\workspace\AVISS\lib\gluegen-rt-natives-linux-armv6hf.jar;C:\Users\Ian\workspace\AVISS\lib\gluegen-rt-natives-linux-i586.jar;C:\Users\Ian\workspace\AVISS\lib\gluegen-rt-natives-macosx-universal.jar;C:\Users\Ian\workspace\AVISS\lib\gluegen-rt-natives-windows-amd64.jar;C:\Users\Ian\workspace\AVISS\lib\gluegen-rt-natives-windows-i586.jar;C:\Users\Ian\workspace\AVISS\lib\gluegen-rt.jar;C:\Users\Ian\workspace\AVISS\lib\il_hemesh.jar;C:\Users\Ian\workspace\AVISS\lib\javolution-6.1.0.jar;C:\Users\Ian\workspace\AVISS\lib\jl1.0.jar;C:\Users\Ian\workspace\AVISS\lib\jogl-all-natives-linux-amd64.jar;C:\Users\Ian\workspace\AVISS\lib\jogl-all-natives-linux-armv6hf.jar;C:\Users\Ian\workspace\AVISS\lib\jogl-all-natives-linux-i586.jar;C:\Users\Ian\workspace\AVISS\lib\jogl-all-natives-macosx-universal.jar;C:\Users\Ian\workspace\AVISS\lib\jogl-all-natives-windows-amd64.jar;C:\Users\Ian\workspace\AVISS\lib\jogl-all-natives-windows-i586.jar;C:\Users\Ian\workspace\AVISS\lib\jogl-all.jar;C:\Users\Ian\workspace\AVISS\lib\jsminim.jar;C:\Users\Ian\workspace\AVISS\lib\jts.jar;C:\Users\Ian\workspace\AVISS\lib\KinectPV2.jar;C:\Users\Ian\workspace\AVISS\lib\log4j-1.2.17.jar;C:\Users\Ian\workspace\AVISS\lib\miglayout15-swing.jar;C:\Users\Ian\workspace\AVISS\lib\minim.jar;C:\Users\Ian\workspace\AVISS\lib\mp3spi1.9.4.jar;C:\Users\Ian\workspace\AVISS\lib\opal-1.0.1.jar;C:\Users\Ian\workspace\AVISS\lib\peasycam.jar;C:\Users\Ian\workspace\AVISS\lib\swt.jar;C:\Users\Ian\workspace\AVISS\lib\tritonus_aos.jar;C:\Users\Ian\workspace\AVISS\lib\tritonus_share.jar;C:\Users\Ian\workspace\AVISS\lib\trove-3.1a1.jar
Launcher Type: SUN_STANDARD

Environment Variables:
PATH=C:/Program Files/Java/jre1.8.0_31/bin/server;C:/Program Files/Java/jre1.8.0_31/bin;C:/Program Files/Java/jre1.8.0_31/lib/amd64;C:\MinGW\bin\;C:\Python34\;C:\Python34\Scripts;C:\ProgramData\Oracle\Java\javapath;c:\Program Files (x86)\Intel\iCLS Client\;c:\Program Files\Intel\iCLS Client\;C:\WINDOWS\system32;C:\WINDOWS;C:\WINDOWS\System32\Wbem;C:\WINDOWS\System32\WindowsPowerShell\v1.0\;C:\Program Files\Intel\Intel(R) Management Engine Components\DAL;C:\Program Files\Intel\Intel(R) Management Engine Components\IPT;C:\Program Files (x86)\Intel\Intel(R) Management Engine Components\DAL;C:\Program Files (x86)\Intel\Intel(R) Management Engine Components\IPT;C:\Program Files (x86)\Intel\OpenCL SDK\3.0\bin\x86;C:\Program Files (x86)\Intel\OpenCL SDK\3.0\bin\x64;C:\Program Files (x86)\Windows Live\Shared;C:\Program Files (x86)\QuickTime\QTSystem\;C:\Program Files (x86)\Windows Kits\8.1\Windows Performance Toolkit\;C:\Program Files\Microsoft SQL Server\110\Tools\Binn\;C:\Program Files (x86)\Microsoft SDKs\TypeScript\1.0\;C:\Program Fil;C:\MinGW\bin\;C:\Program Files (x86)\CMake\bin\;C:\Users\Ian\Documents\2014W2\CPSC_425\Canopy\User;C:\Users\Ian\Documents\2014W2\CPSC_425\Canopy\User\Scripts;C:\Program Files\Eclipse Luna\eclipse;
USERNAME=Ian
OS=Windows_NT
PROCESSOR_IDENTIFIER=Intel64 Family 6 Model 69 Stepping 1, GenuineIntel



---------------  S Y S T E M  ---------------

OS: Windows 8.1 , 64 bit Build 9600 

CPU:total 4 (2 cores per cpu, 2 threads per core) family 6 model 69 stepping 1, cmov, cx8, fxsr, mmx, sse, sse2, sse3, ssse3, sse4.1, sse4.2, popcnt, avx, avx2, aes, clmul, erms, lzcnt, ht, tsc, tscinvbit, bmi1, bmi2

Memory: 4k page, physical 8291748k(3048188k free), swap 11568548k(4170472k free)

vm_info: Java HotSpot(TM) 64-Bit Server VM (25.31-b07) for windows-amd64 JRE (1.8.0_31-b13), built on Dec 17 2014 21:00:28 by "java_re" with MS VC++ 10.0 (VS2010)

time: Tue Apr 07 20:02:18 2015
elapsed time: 3 seconds (0d 0h 0m 3s)

