#
# A fatal error has been detected by the Java Runtime Environment:
#
#  EXCEPTION_ACCESS_VIOLATION (0xc0000005) at pc=0x000000018008adad, pid=2348, tid=8644
#
# JRE version: Java(TM) SE Runtime Environment (8.0_31-b13) (build 1.8.0_31-b13)
# Java VM: Java HotSpot(TM) 64-Bit Server VM (25.31-b07 mixed mode windows-amd64 compressed oops)
# Problematic frame:
# C  [ig75icd64.dll+0x8adad]
#
# Failed to write core dump. Minidumps are not enabled by default on client versions of Windows
#
# If you would like to submit a bug report, please visit:
#   http://bugreport.java.com/bugreport/crash.jsp
# The crash happened outside the Java Virtual Machine in native code.
# See problematic frame for where to report the bug.
#

---------------  T H R E A D  ---------------

Current thread (0x00000000199fa800):  JavaThread "AWT-EventQueue-0" [_thread_in_native, id=8644, stack(0x000000001cd60000,0x000000001ce60000)]

siginfo: ExceptionCode=0xc0000005, reading address 0x00000000263a2000

Registers:
RAX=0x0000000000004fa0, RBX=0x000000001bd1b290, RCX=0x0000000000000000, RDX=0x00000000263a1fc0
RSP=0x000000001ce5d360, RBP=0x0000000000774000, RSI=0x0000000026125040, RDI=0x00000000359ad000
R8 =0x0000000000774000, R9 =0x000000000000ee80, R10=0x0000000000004fa0, R11=0x000000001ce5d2b0
R12=0x0000000000000001, R13=0x000000001f58d410, R14=0x000000001bcab280, R15=0x0000000000000002
RIP=0x000000018008adad, EFLAGS=0x0000000000010207

Top of Stack: (sp=0x000000001ce5d360)
0x000000001ce5d360:   0000000000000000 0000000000000000
0x000000001ce5d370:   0000000000000000 0000000000000000
0x000000001ce5d380:   000000001ffe4518 000000018008b090
0x000000001ce5d390:   000000001bd1b290 000000001bd1b290
0x000000001ce5d3a0:   0000000000774000 000000000294e801
0x000000001ce5d3b0:   0000000000000001 000000005084eb8b
0x000000001ce5d3c0:   0000000000000000 0000000026125040
0x000000001ce5d3d0:   000000001bcab280 0000000000774000
0x000000001ce5d3e0:   000000001ffe44a0 000000018006bd52
0x000000001ce5d3f0:   0000000000000000 0000000100000033
0x000000001ce5d400:   0000000000000000 0000000050d026f0
0x000000001ce5d410:   0000000026125040 000000006450b500
0x000000001ce5d420:   00000000199fa901 000000005091e945
0x000000001ce5d430:   0000000026125040 0000000000774000
0x000000001ce5d440:   000000001ffe44a0 000000018006c3ef
0x000000001ce5d450:   000000001bcab280 00000000000088e8 

Instructions: (pc=0x000000018008adad)
0x000000018008ad8d:   00 00 00 66 0f 6f 3a 66 0f 6f 72 10 66 0f 6f 6a
0x000000018008ad9d:   20 41 ff c2 48 83 ef 80 41 8b c2 66 0f 6f 62 30
0x000000018008adad:   66 0f 6f 5a 40 66 0f 6f 52 50 66 0f 6f 4a 60 66
0x000000018008adbd:   0f 6f 42 70 66 0f e7 7f 80 48 83 ea 80 66 0f e7 


Register to memory mapping:

RAX=0x0000000000004fa0 is an unknown value
RBX=0x000000001bd1b290 is an unknown value
RCX=0x0000000000000000 is an unknown value
RDX=0x00000000263a1fc0 is an unknown value
RSP=0x000000001ce5d360 is pointing into the stack for thread: 0x00000000199fa800
RBP=0x0000000000774000 is an unknown value
RSI=0x0000000026125040 is an unknown value
RDI=0x00000000359ad000 is an unknown value
R8 =0x0000000000774000 is an unknown value
R9 =0x000000000000ee80 is an unknown value
R10=0x0000000000004fa0 is an unknown value
R11=0x000000001ce5d2b0 is pointing into the stack for thread: 0x00000000199fa800
R12=0x0000000000000001 is an unknown value
R13={method} {0x000000001f58d418} 'dispatch_glBufferData' '(IJLjava/lang/Object;IZIJ)V' in 'jogamp/opengl/gl4/GL4bcImpl'
R14=0x000000001bcab280 is an unknown value
R15=0x0000000000000002 is an unknown value


Stack: [0x000000001cd60000,0x000000001ce60000],  sp=0x000000001ce5d360,  free space=1012k
Native frames: (J=compiled Java code, j=interpreted, Vv=VM code, C=native code)
C  [ig75icd64.dll+0x8adad]
C  [ig75icd64.dll+0x8b090]
C  [ig75icd64.dll+0x6bd52]
C  [ig75icd64.dll+0x6c3ef]
C  0x0000000002975b74

Java frames: (J=compiled Java code, j=interpreted, Vv=VM code)
j  jogamp.opengl.gl4.GL4bcImpl.dispatch_glBufferData(IJLjava/lang/Object;IZIJ)V+0
j  jogamp.opengl.gl4.GL4bcImpl.access$000(Ljogamp/opengl/gl4/GL4bcImpl;IJLjava/lang/Object;IZIJ)V+13
j  jogamp.opengl.gl4.GL4bcImpl$1.create(IJLjava/nio/Buffer;IJ)V+52
j  jogamp.opengl.GLBufferObjectTracker.createBufferStorage(Ljogamp/opengl/GLBufferStateTracker;Ljavax/media/opengl/GL;IJLjava/nio/Buffer;IILjogamp/opengl/GLBufferObjectTracker$CreateStorageDispatch;J)V+209
j  jogamp.opengl.gl4.GL4bcImpl.glBufferData(IJLjava/nio/Buffer;I)V+67
j  processing.opengl.PJOGL.bufferData(IILjava/nio/Buffer;I)V+10
J 1087% C1 aviss.visuals.KinectStarCloudGenerator.renderStarsUsingKinectData()V (496 bytes) @ 0x0000000002d7403c [0x0000000002d72a20+0x161c]
j  aviss.visuals.KinectStarCloudGenerator.run()V+8
j  aviss.applet.AVISSApplet.draw()V+53
j  processing.core.PApplet.handleDraw()V+231
j  processing.opengl.PJOGL$PGLListener.display(Ljavax/media/opengl/GLAutoDrawable;)V+476
j  jogamp.opengl.GLDrawableHelper.displayImpl(Ljavax/media/opengl/GLAutoDrawable;)V+81
j  jogamp.opengl.GLDrawableHelper.display(Ljavax/media/opengl/GLAutoDrawable;)V+2
j  javax.media.opengl.awt.GLCanvas$10.run()V+118
j  jogamp.opengl.GLDrawableHelper.invokeGLImpl(Ljavax/media/opengl/GLDrawable;Ljavax/media/opengl/GLContext;Ljava/lang/Runnable;Ljava/lang/Runnable;)V+206
j  jogamp.opengl.GLDrawableHelper.invokeGL(Ljavax/media/opengl/GLDrawable;Ljavax/media/opengl/GLContext;Ljava/lang/Runnable;Ljava/lang/Runnable;)V+80
j  javax.media.opengl.awt.GLCanvas$11.run()V+73
j  java.awt.event.InvocationEvent.dispatch()V+11
j  java.awt.EventQueue.dispatchEventImpl(Ljava/awt/AWTEvent;Ljava/lang/Object;)V+21
j  java.awt.EventQueue.access$500(Ljava/awt/EventQueue;Ljava/awt/AWTEvent;Ljava/lang/Object;)V+3
j  java.awt.EventQueue$3.run()Ljava/lang/Void;+32
j  java.awt.EventQueue$3.run()Ljava/lang/Object;+1
v  ~StubRoutines::call_stub
j  java.security.AccessController.doPrivileged(Ljava/security/PrivilegedAction;Ljava/security/AccessControlContext;)Ljava/lang/Object;+0
j  java.security.ProtectionDomain$1.doIntersectionPrivilege(Ljava/security/PrivilegedAction;Ljava/security/AccessControlContext;Ljava/security/AccessControlContext;)Ljava/lang/Object;+28
j  java.awt.EventQueue.dispatchEvent(Ljava/awt/AWTEvent;)V+46
j  java.awt.EventDispatchThread.pumpOneEventForFilters(I)V+245
j  java.awt.EventDispatchThread.pumpEventsForFilter(ILjava/awt/Conditional;Ljava/awt/EventFilter;)V+35
j  java.awt.EventDispatchThread.pumpEventsForHierarchy(ILjava/awt/Conditional;Ljava/awt/Component;)V+11
j  java.awt.EventDispatchThread.pumpEvents(ILjava/awt/Conditional;)V+4
j  java.awt.EventDispatchThread.pumpEvents(Ljava/awt/Conditional;)V+3
j  java.awt.EventDispatchThread.run()V+9
v  ~StubRoutines::call_stub

---------------  P R O C E S S  ---------------

Java Threads: ( => current thread )
  0x0000000019a8d800 JavaThread "Thread-343" [_thread_blocked, id=11004, stack(0x0000000035630000,0x0000000035730000)]
  0x0000000019a8f000 JavaThread "Thread-6" [_thread_blocked, id=11044, stack(0x00000000271f0000,0x00000000272f0000)]
  0x0000000019a8e000 JavaThread "Java Sound Event Dispatcher" daemon [_thread_blocked, id=1852, stack(0x0000000026af0000,0x0000000026bf0000)]
  0x0000000019f11000 JavaThread "Animation Thread-SharedResourceRunner" daemon [_thread_blocked, id=8672, stack(0x000000001f700000,0x000000001f800000)]
  0x000000000284d800 JavaThread "DestroyJavaVM" [_thread_blocked, id=11216, stack(0x0000000002670000,0x0000000002770000)]
  0x0000000019a9c800 JavaThread "Animation Thread" [_thread_blocked, id=2936, stack(0x000000001e130000,0x000000001e230000)]
  0x0000000019a9b800 JavaThread "D3D Screen Updater" daemon [_thread_blocked, id=10836, stack(0x000000001d440000,0x000000001d540000)]
  0x0000000019a84000 JavaThread "Image Fetcher 1" daemon [_thread_blocked, id=8944, stack(0x000000001cf60000,0x000000001d060000)]
  0x0000000019a5f000 JavaThread "Image Fetcher 0" daemon [_thread_blocked, id=9420, stack(0x000000001ce60000,0x000000001cf60000)]
=>0x00000000199fa800 JavaThread "AWT-EventQueue-0" [_thread_in_native, id=8644, stack(0x000000001cd60000,0x000000001ce60000)]
  0x000000001912d800 JavaThread "AWT-Windows" daemon [_thread_in_native, id=2672, stack(0x000000001a2a0000,0x000000001a3a0000)]
  0x000000001912c000 JavaThread "AWT-Shutdown" [_thread_blocked, id=10372, stack(0x000000001a1a0000,0x000000001a2a0000)]
  0x0000000019129000 JavaThread "Java2D Disposer" daemon [_thread_blocked, id=6964, stack(0x000000001a0a0000,0x000000001a1a0000)]
  0x0000000018d4a800 JavaThread "Service Thread" daemon [_thread_blocked, id=10580, stack(0x0000000019130000,0x0000000019230000)]
  0x00000000174c5000 JavaThread "C1 CompilerThread2" daemon [_thread_blocked, id=8700, stack(0x0000000018c30000,0x0000000018d30000)]
  0x00000000174c0000 JavaThread "C2 CompilerThread1" daemon [_thread_blocked, id=8780, stack(0x0000000018b30000,0x0000000018c30000)]
  0x00000000174bc000 JavaThread "C2 CompilerThread0" daemon [_thread_blocked, id=3808, stack(0x0000000018a30000,0x0000000018b30000)]
  0x00000000174bb000 JavaThread "Attach Listener" daemon [_thread_blocked, id=5624, stack(0x0000000018930000,0x0000000018a30000)]
  0x00000000174c6800 JavaThread "Signal Dispatcher" daemon [_thread_blocked, id=1524, stack(0x0000000018830000,0x0000000018930000)]
  0x0000000002955800 JavaThread "Finalizer" daemon [_thread_blocked, id=8908, stack(0x0000000018730000,0x0000000018830000)]
  0x0000000017487800 JavaThread "Reference Handler" daemon [_thread_blocked, id=9796, stack(0x0000000018630000,0x0000000018730000)]

Other Threads:
  0x0000000017485800 VMThread [stack: 0x0000000018530000,0x0000000018630000] [id=1684]
  0x0000000018d5e800 WatcherThread [stack: 0x0000000019230000,0x0000000019330000] [id=7576]

VM state:not at safepoint (normal execution)

VM Mutex/Monitor currently owned by a thread: None

Heap:
 PSYoungGen      total 71680K, used 66461K [0x00000000d5d00000, 0x00000000da800000, 0x0000000100000000)
  eden space 66560K, 92% used [0x00000000d5d00000,0x00000000d994ef50,0x00000000d9e00000)
  from space 5120K, 91% used [0x00000000da300000,0x00000000da7987b8,0x00000000da800000)
  to   space 5120K, 0% used [0x00000000d9e00000,0x00000000d9e00000,0x00000000da300000)
 ParOldGen       total 87552K, used 26738K [0x0000000081600000, 0x0000000086b80000, 0x00000000d5d00000)
  object space 87552K, 30% used [0x0000000081600000,0x000000008301c8e0,0x0000000086b80000)
 Metaspace       used 17870K, capacity 18005K, committed 18048K, reserved 1064960K
  class space    used 1853K, capacity 1917K, committed 1920K, reserved 1048576K

Card table byte_map: [0x0000000011d20000,0x0000000012120000] byte_map_base: 0x0000000011915000

Marking Bits: (ParMarkBitMap*) 0x0000000050efd4f0
 Begin Bits: [0x00000000127d0000, 0x0000000014778000)
 End Bits:   [0x0000000014778000, 0x0000000016720000)

Polling page: 0x0000000000ef0000

CodeCache: size=245760Kb used=4179Kb max_used=4185Kb free=241580Kb
 bounds [0x0000000002960000, 0x0000000002d80000, 0x0000000011960000]
 total_blobs=1987 nmethods=1090 adapters=811
 compilation: enabled

Compilation events (10 events):
Event: 2.403 Thread 0x00000000174bc000 1085       4       java.nio.DirectFloatBufferU::get (16 bytes)
Event: 2.404 Thread 0x00000000174bc000 nmethod 1085 0x0000000002d6b050 code [0x0000000002d6b180, 0x0000000002d6b218]
Event: 2.404 Thread 0x00000000174bc000 1086       4       java.nio.DirectFloatBufferU::put (18 bytes)
Event: 2.405 Thread 0x00000000174bc000 nmethod 1086 0x0000000002d6add0 code [0x0000000002d6af00, 0x0000000002d6af98]
Event: 2.423 Thread 0x00000000174c5000 1087 %     3       aviss.visuals.KinectStarCloudGenerator::renderStarsUsingKinectData @ 63 (496 bytes)
Event: 2.425 Thread 0x00000000174c0000 nmethod 1077 0x0000000002d709d0 code [0x0000000002d70bc0, 0x0000000002d71760]
Event: 2.426 Thread 0x00000000174c5000 nmethod 1087% 0x0000000002d72550 code [0x0000000002d72a20, 0x0000000002d757b8]
Event: 2.426 Thread 0x00000000174c5000 1088       3       aviss.visuals.KinectStarCloudGenerator::renderStarsUsingKinectData (496 bytes)
Event: 2.428 Thread 0x00000000174c5000 nmethod 1088 0x0000000002d76c90 code [0x0000000002d77160, 0x0000000002d79d18]
Event: 2.428 Thread 0x00000000174bc000 1089 %     4       aviss.visuals.KinectStarCloudGenerator::renderStarsUsingKinectData @ 63 (496 bytes)

GC Heap History (8 events):
Event: 1.314 GC heap before
{Heap before GC invocations=1 (full 0):
 PSYoungGen      total 38400K, used 33280K [0x00000000d5d00000, 0x00000000d8780000, 0x0000000100000000)
  eden space 33280K, 100% used [0x00000000d5d00000,0x00000000d7d80000,0x00000000d7d80000)
  from space 5120K, 0% used [0x00000000d8280000,0x00000000d8280000,0x00000000d8780000)
  to   space 5120K, 0% used [0x00000000d7d80000,0x00000000d7d80000,0x00000000d8280000)
 ParOldGen       total 87552K, used 0K [0x0000000081600000, 0x0000000086b80000, 0x00000000d5d00000)
  object space 87552K, 0% used [0x0000000081600000,0x0000000081600000,0x0000000086b80000)
 Metaspace       used 15745K, capacity 15925K, committed 16000K, reserved 1062912K
  class space    used 1576K, capacity 1629K, committed 1664K, reserved 1048576K
Event: 1.327 GC heap after
Heap after GC invocations=1 (full 0):
 PSYoungGen      total 38400K, used 5119K [0x00000000d5d00000, 0x00000000d8780000, 0x0000000100000000)
  eden space 33280K, 0% used [0x00000000d5d00000,0x00000000d5d00000,0x00000000d7d80000)
  from space 5120K, 99% used [0x00000000d7d80000,0x00000000d827fdc8,0x00000000d8280000)
  to   space 5120K, 0% used [0x00000000d8280000,0x00000000d8280000,0x00000000d8780000)
 ParOldGen       total 87552K, used 231K [0x0000000081600000, 0x0000000086b80000, 0x00000000d5d00000)
  object space 87552K, 0% used [0x0000000081600000,0x0000000081639d50,0x0000000086b80000)
 Metaspace       used 15745K, capacity 15925K, committed 16000K, reserved 1062912K
  class space    used 1576K, capacity 1629K, committed 1664K, reserved 1048576K
}
Event: 1.857 GC heap before
{Heap before GC invocations=2 (full 0):
 PSYoungGen      total 38400K, used 38399K [0x00000000d5d00000, 0x00000000d8780000, 0x0000000100000000)
  eden space 33280K, 100% used [0x00000000d5d00000,0x00000000d7d80000,0x00000000d7d80000)
  from space 5120K, 99% used [0x00000000d7d80000,0x00000000d827fdc8,0x00000000d8280000)
  to   space 5120K, 0% used [0x00000000d8280000,0x00000000d8280000,0x00000000d8780000)
 ParOldGen       total 87552K, used 231K [0x0000000081600000, 0x0000000086b80000, 0x00000000d5d00000)
  object space 87552K, 0% used [0x0000000081600000,0x0000000081639d50,0x0000000086b80000)
 Metaspace       used 17710K, capacity 17909K, committed 18048K, reserved 1064960K
  class space    used 1835K, capacity 1885K, committed 1920K, reserved 1048576K
Event: 1.864 GC heap after
Heap after GC invocations=2 (full 0):
 PSYoungGen      total 38400K, used 5119K [0x00000000d5d00000, 0x00000000da800000, 0x0000000100000000)
  eden space 33280K, 0% used [0x00000000d5d00000,0x00000000d5d00000,0x00000000d7d80000)
  from space 5120K, 99% used [0x00000000d8280000,0x00000000d877fcf0,0x00000000d8780000)
  to   space 5120K, 0% used [0x00000000d7d80000,0x00000000d7d80000,0x00000000d8280000)
 ParOldGen       total 87552K, used 397K [0x0000000081600000, 0x0000000086b80000, 0x00000000d5d00000)
  object space 87552K, 0% used [0x0000000081600000,0x00000000816634a0,0x0000000086b80000)
 Metaspace       used 17710K, capacity 17909K, committed 18048K, reserved 1064960K
  class space    used 1835K, capacity 1885K, committed 1920K, reserved 1048576K
}
Event: 1.909 GC heap before
{Heap before GC invocations=3 (full 0):
 PSYoungGen      total 38400K, used 30484K [0x00000000d5d00000, 0x00000000da800000, 0x0000000100000000)
  eden space 33280K, 76% used [0x00000000d5d00000,0x00000000d75c55e0,0x00000000d7d80000)
  from space 5120K, 99% used [0x00000000d8280000,0x00000000d877fcf0,0x00000000d8780000)
  to   space 5120K, 0% used [0x00000000d7d80000,0x00000000d7d80000,0x00000000d8280000)
 ParOldGen       total 87552K, used 397K [0x0000000081600000, 0x0000000086b80000, 0x00000000d5d00000)
  object space 87552K, 0% used [0x0000000081600000,0x00000000816634a0,0x0000000086b80000)
 Metaspace       used 17786K, capacity 17909K, committed 18048K, reserved 1064960K
  class space    used 1841K, capacity 1885K, committed 1920K, reserved 1048576K
Event: 1.913 GC heap after
Heap after GC invocations=3 (full 0):
 PSYoungGen      total 38400K, used 4768K [0x00000000d5d00000, 0x00000000da800000, 0x0000000100000000)
  eden space 33280K, 0% used [0x00000000d5d00000,0x00000000d5d00000,0x00000000d7d80000)
  from space 5120K, 93% used [0x00000000d7d80000,0x00000000d8228060,0x00000000d8280000)
  to   space 5120K, 0% used [0x00000000da300000,0x00000000da300000,0x00000000da800000)
 ParOldGen       total 87552K, used 405K [0x0000000081600000, 0x0000000086b80000, 0x00000000d5d00000)
  object space 87552K, 0% used [0x0000000081600000,0x00000000816654a0,0x0000000086b80000)
 Metaspace       used 17786K, capacity 17909K, committed 18048K, reserved 1064960K
  class space    used 1841K, capacity 1885K, committed 1920K, reserved 1048576K
}
Event: 1.916 GC heap before
{Heap before GC invocations=4 (full 0):
 PSYoungGen      total 38400K, used 31251K [0x00000000d5d00000, 0x00000000da800000, 0x0000000100000000)
  eden space 33280K, 79% used [0x00000000d5d00000,0x00000000d76dce50,0x00000000d7d80000)
  from space 5120K, 93% used [0x00000000d7d80000,0x00000000d8228060,0x00000000d8280000)
  to   space 5120K, 0% used [0x00000000da300000,0x00000000da300000,0x00000000da800000)
 ParOldGen       total 87552K, used 405K [0x0000000081600000, 0x0000000086b80000, 0x00000000d5d00000)
  object space 87552K, 0% used [0x0000000081600000,0x00000000816654a0,0x0000000086b80000)
 Metaspace       used 17786K, capacity 17909K, committed 18048K, reserved 1064960K
  class space    used 1841K, capacity 1885K, committed 1920K, reserved 1048576K
Event: 1.928 GC heap after
Heap after GC invocations=4 (full 0):
 PSYoungGen      total 71680K, used 4705K [0x00000000d5d00000, 0x00000000da800000, 0x0000000100000000)
  eden space 66560K, 0% used [0x00000000d5d00000,0x00000000d5d00000,0x00000000d9e00000)
  from space 5120K, 91% used [0x00000000da300000,0x00000000da7987b8,0x00000000da800000)
  to   space 5120K, 0% used [0x00000000d9e00000,0x00000000d9e00000,0x00000000da300000)
 ParOldGen       total 87552K, used 26738K [0x0000000081600000, 0x0000000086b80000, 0x00000000d5d00000)
  object space 87552K, 30% used [0x0000000081600000,0x000000008301c8e0,0x0000000086b80000)
 Metaspace       used 17786K, capacity 17909K, committed 18048K, reserved 1064960K
  class space    used 1841K, capacity 1885K, committed 1920K, reserved 1048576K
}

Deoptimization events (5 events):
Event: 1.608 Thread 0x00000000199fa800 Uncommon trap: reason=unreached action=reinterpret pc=0x0000000002cafe8c method=com.jogamp.common.nio.Buffers.rangeCheckBytes(Ljava/lang/Object;I)V @ 1
Event: 1.608 Thread 0x00000000199fa800 Uncommon trap: reason=unreached action=reinterpret pc=0x0000000002ca3108 method=com.jogamp.common.nio.Buffers.isDirect(Ljava/lang/Object;)Z @ 1
Event: 1.608 Thread 0x00000000199fa800 Uncommon trap: reason=unreached action=reinterpret pc=0x0000000002cb044c method=com.jogamp.common.nio.Buffers.getDirectBufferByteOffset(Ljava/lang/Object;)I @ 1
Event: 1.652 Thread 0x00000000199fa800 Uncommon trap: reason=unreached action=reinterpret pc=0x0000000002ca5e90 method=com.jogamp.common.util.IntIntHashMap.get(I)I @ 19
Event: 1.663 Thread 0x0000000019a5f000 Uncommon trap: reason=unreached action=reinterpret pc=0x0000000002c68cf0 method=java.lang.reflect.AccessibleObject.setAccessible0(Ljava/lang/reflect/AccessibleObject;Z)V @ 4

Internal exceptions (10 events):
Event: 1.932 Thread 0x00000000199fa800 Exception <a 'java/security/PrivilegedActionException'> (0x00000000d867cc10) thrown at [C:\workspace\8-2-build-windows-amd64-cygwin\jdk8u31\2394\hotspot\src\share\vm\prims\jvm.cpp, line 1312]
Event: 1.932 Thread 0x00000000199fa800 Exception <a 'java/security/PrivilegedActionException'> (0x00000000d8689560) thrown at [C:\workspace\8-2-build-windows-amd64-cygwin\jdk8u31\2394\hotspot\src\share\vm\prims\jvm.cpp, line 1312]
Event: 1.933 Thread 0x00000000199fa800 Exception <a 'java/security/PrivilegedActionException'> (0x00000000d868de70) thrown at [C:\workspace\8-2-build-windows-amd64-cygwin\jdk8u31\2394\hotspot\src\share\vm\prims\jvm.cpp, line 1312]
Event: 1.933 Thread 0x00000000199fa800 Exception <a 'java/security/PrivilegedActionException'> (0x00000000d8697c78) thrown at [C:\workspace\8-2-build-windows-amd64-cygwin\jdk8u31\2394\hotspot\src\share\vm\prims\jvm.cpp, line 1312]
Event: 1.933 Thread 0x00000000199fa800 Exception <a 'java/security/PrivilegedActionException'> (0x00000000d869bdc0) thrown at [C:\workspace\8-2-build-windows-amd64-cygwin\jdk8u31\2394\hotspot\src\share\vm\prims\jvm.cpp, line 1312]
Event: 1.934 Thread 0x00000000199fa800 Exception <a 'java/security/PrivilegedActionException'> (0x00000000d86a0828) thrown at [C:\workspace\8-2-build-windows-amd64-cygwin\jdk8u31\2394\hotspot\src\share\vm\prims\jvm.cpp, line 1312]
Event: 2.252 Thread 0x0000000019a9c800 Exception <a 'java/security/PrivilegedActionException'> (0x00000000d9039ae0) thrown at [C:\workspace\8-2-build-windows-amd64-cygwin\jdk8u31\2394\hotspot\src\share\vm\prims\jvm.cpp, line 1312]
Event: 2.266 Thread 0x0000000019a9c800 Exception <a 'java/security/PrivilegedActionException'> (0x00000000d903c688) thrown at [C:\workspace\8-2-build-windows-amd64-cygwin\jdk8u31\2394\hotspot\src\share\vm\prims\jvm.cpp, line 1312]
Event: 2.269 Thread 0x0000000019a9c800 Exception <a 'java/lang/reflect/InvocationTargetException'> (0x00000000d9045440) thrown at [C:\workspace\8-2-build-windows-amd64-cygwin\jdk8u31\2394\hotspot\src\share\vm\runtime\reflection.cpp, line 1080]
Event: 2.397 Thread 0x00000000199fa800 Exception <a 'java/security/PrivilegedActionException'> (0x00000000d86f5b48) thrown at [C:\workspace\8-2-build-windows-amd64-cygwin\jdk8u31\2394\hotspot\src\share\vm\prims\jvm.cpp, line 1312]

Events (10 events):
Event: 2.266 loading class java/awt/KeyboardFocusManager$2
Event: 2.266 loading class java/awt/KeyboardFocusManager$2 done
Event: 2.267 loading class sun/awt/SunToolkit$1
Event: 2.267 loading class sun/awt/SunToolkit$1 done
Event: 2.267 loading class sun/awt/im/InputContext$1
Event: 2.267 loading class sun/awt/im/InputContext$1 done
Event: 2.387 Thread 0x00000000199fa800 DEOPT PACKING pc=0x0000000002d609f5 sp=0x000000001ce5d910
Event: 2.387 Thread 0x00000000199fa800 DEOPT UNPACKING pc=0x00000000029a75bf sp=0x000000001ce5d640 mode 0
Event: 2.397 loading class org/apache/commons/collections4/queue/CircularFifoQueue$1
Event: 2.397 loading class org/apache/commons/collections4/queue/CircularFifoQueue$1 done


Dynamic libraries:
0x00007ff7695f0000 - 0x00007ff769624000 	C:\Program Files\Java\jre1.8.0_31\bin\javaw.exe
0x00007ff8d6980000 - 0x00007ff8d6b2c000 	C:\WINDOWS\SYSTEM32\ntdll.dll
0x00007ff8d5000000 - 0x00007ff8d513e000 	C:\WINDOWS\system32\KERNEL32.DLL
0x00007ff8d3e30000 - 0x00007ff8d3f45000 	C:\WINDOWS\system32\KERNELBASE.dll
0x00007ff8d2250000 - 0x00007ff8d22de000 	C:\WINDOWS\system32\apphelp.dll
0x00007ff8c0f40000 - 0x00007ff8c0f93000 	C:\WINDOWS\AppPatch\AppPatch64\AcGenral.DLL
0x00007ff8d46b0000 - 0x00007ff8d475a000 	C:\WINDOWS\system32\msvcrt.dll
0x00007ff8d3970000 - 0x00007ff8d399e000 	C:\WINDOWS\SYSTEM32\SspiCli.dll
0x00007ff8d4000000 - 0x00007ff8d4054000 	C:\WINDOWS\system32\SHLWAPI.dll
0x00007ff8d6800000 - 0x00007ff8d6977000 	C:\WINDOWS\system32\USER32.dll
0x00007ff8d4060000 - 0x00007ff8d41f4000 	C:\WINDOWS\system32\ole32.dll
0x00007ff8d5140000 - 0x00007ff8d6658000 	C:\WINDOWS\system32\SHELL32.dll
0x00007ff8d30f0000 - 0x00007ff8d3111000 	C:\WINDOWS\SYSTEM32\USERENV.dll
0x00007ff8d4c20000 - 0x00007ff8d4cca000 	C:\WINDOWS\system32\ADVAPI32.dll
0x00007ff8bd200000 - 0x00007ff8bd21e000 	C:\WINDOWS\SYSTEM32\MPR.dll
0x00007ff8d4370000 - 0x00007ff8d44b1000 	C:\WINDOWS\system32\RPCRT4.dll
0x00007ff8d4b50000 - 0x00007ff8d4ba9000 	C:\WINDOWS\SYSTEM32\sechost.dll
0x00007ff8d47c0000 - 0x00007ff8d49d1000 	C:\WINDOWS\SYSTEM32\combase.dll
0x00007ff8d4210000 - 0x00007ff8d4361000 	C:\WINDOWS\system32\GDI32.dll
0x00007ff8d3ad0000 - 0x00007ff8d3ae5000 	C:\WINDOWS\SYSTEM32\profapi.dll
0x00007ff8cf930000 - 0x00007ff8cf9e2000 	C:\WINDOWS\SYSTEM32\SHCORE.dll
0x00007ff8d67a0000 - 0x00007ff8d67d6000 	C:\WINDOWS\system32\IMM32.DLL
0x00007ff8d49f0000 - 0x00007ff8d4b41000 	C:\WINDOWS\system32\MSCTF.dll
0x00007ff8cf080000 - 0x00007ff8cf2fb000 	C:\WINDOWS\WinSxS\amd64_microsoft.windows.common-controls_6595b64144ccf1df_6.0.9600.17415_none_6240486fecbd8abb\COMCTL32.dll
0x0000000076820000 - 0x00000000768f2000 	C:\Program Files\Java\jre1.8.0_31\bin\msvcr100.dll
0x0000000050720000 - 0x0000000050f7a000 	C:\Program Files\Java\jre1.8.0_31\bin\server\jvm.dll
0x00007ff8ae6e0000 - 0x00007ff8ae6e9000 	C:\WINDOWS\SYSTEM32\WSOCK32.dll
0x00007ff8ceb30000 - 0x00007ff8ceb52000 	C:\WINDOWS\SYSTEM32\WINMM.dll
0x00007ff8d49e0000 - 0x00007ff8d49e7000 	C:\WINDOWS\system32\PSAPI.DLL
0x00007ff8d6740000 - 0x00007ff8d679a000 	C:\WINDOWS\system32\WS2_32.dll
0x00007ff8ceb00000 - 0x00007ff8ceb2a000 	C:\WINDOWS\SYSTEM32\WINMMBASE.dll
0x00007ff8d44c0000 - 0x00007ff8d44c9000 	C:\WINDOWS\system32\NSI.dll
0x00007ff8d3f50000 - 0x00007ff8d3f9f000 	C:\WINDOWS\SYSTEM32\cfgmgr32.dll
0x00007ff8d28c0000 - 0x00007ff8d28e8000 	C:\WINDOWS\SYSTEM32\DEVOBJ.dll
0x0000000050710000 - 0x000000005071f000 	C:\Program Files\Java\jre1.8.0_31\bin\verify.dll
0x00000000506e0000 - 0x0000000050708000 	C:\Program Files\Java\jre1.8.0_31\bin\java.dll
0x00000000506c0000 - 0x00000000506d6000 	C:\Program Files\Java\jre1.8.0_31\bin\zip.dll
0x0000000076680000 - 0x0000000076818000 	C:\Program Files\Java\jre1.8.0_31\bin\awt.dll
0x00007ff8d6670000 - 0x00007ff8d6731000 	C:\WINDOWS\system32\OLEAUT32.dll
0x00007ff8d1fd0000 - 0x00007ff8d1ff1000 	C:\WINDOWS\system32\DWMAPI.DLL
0x00007ff8d2740000 - 0x00007ff8d2869000 	C:\WINDOWS\system32\uxtheme.dll
0x00007ff8bdb00000 - 0x00007ff8bdbab000 	C:\Program Files\Common Files\microsoft shared\ink\tiptsf.dll
0x00007ff8d2910000 - 0x00007ff8d291b000 	C:\WINDOWS\SYSTEM32\kernel.appcore.dll
0x00007ff8d3a10000 - 0x00007ff8d3a1b000 	C:\WINDOWS\SYSTEM32\CRYPTBASE.dll
0x00007ff8d39a0000 - 0x00007ff8d3a03000 	C:\WINDOWS\SYSTEM32\bcryptPrimitives.dll
0x00007ff8c1160000 - 0x00007ff8c1381000 	C:\WINDOWS\system32\d3d9.dll
0x00007ff8caba0000 - 0x00007ff8cabaa000 	C:\WINDOWS\SYSTEM32\VERSION.dll
0x00007ff89fb10000 - 0x00007ff8a13f1000 	C:\WINDOWS\SYSTEM32\igdumdim64.dll
0x00007ff8cf300000 - 0x00007ff8cf760000 	C:\WINDOWS\SYSTEM32\igdusc64.dll
0x0000000076630000 - 0x0000000076677000 	C:\Program Files\Java\jre1.8.0_31\bin\fontmanager.dll
0x00007ff8c7490000 - 0x00007ff8c74fa000 	C:\WINDOWS\SYSTEM32\oleacc.dll
0x00007ff8d3410000 - 0x00007ff8d3430000 	C:\WINDOWS\SYSTEM32\CRYPTSP.dll
0x00007ff8d2fe0000 - 0x00007ff8d3016000 	C:\WINDOWS\system32\rsaenh.dll
0x00007ff8d3660000 - 0x00007ff8d3686000 	C:\WINDOWS\SYSTEM32\bcrypt.dll
0x00007ff8d4f40000 - 0x00007ff8d4ff6000 	C:\WINDOWS\SYSTEM32\clbcatq.dll
0x00000000506a0000 - 0x00000000506ba000 	C:\Program Files\Java\jre1.8.0_31\bin\net.dll
0x00007ff8d33b0000 - 0x00007ff8d3409000 	C:\WINDOWS\system32\mswsock.dll
0x00007ff8ceaa0000 - 0x00007ff8ceaca000 	C:\WINDOWS\SYSTEM32\IPHLPAPI.DLL
0x00007ff8cea70000 - 0x00007ff8cea7a000 	C:\WINDOWS\SYSTEM32\WINNSI.DLL
0x00007ff8ce910000 - 0x00007ff8ce926000 	C:\WINDOWS\SYSTEM32\dhcpcsvc6.DLL
0x00007ff8ce8f0000 - 0x00007ff8ce90a000 	C:\WINDOWS\SYSTEM32\dhcpcsvc.DLL
0x0000000050680000 - 0x0000000050691000 	C:\Program Files\Java\jre1.8.0_31\bin\nio.dll
0x00000000637c0000 - 0x00000000637cd000 	C:\Users\Ian\AppData\Local\Temp\jogamp_0000\file_cache\jln7568139966783832932\jln336506051815928066\gluegen-rt.dll
0x0000000076620000 - 0x0000000076627000 	C:\Program Files\Java\jre1.8.0_31\bin\jawt.dll
0x000000006a440000 - 0x000000006a44d000 	C:\Users\Ian\AppData\Local\Temp\jogamp_0000\file_cache\jln7568139966783832932\jln336506051815928066\nativewindow_awt.dll
0x000000006c100000 - 0x000000006c10f000 	C:\Users\Ian\AppData\Local\Temp\jogamp_0000\file_cache\jln7568139966783832932\jln336506051815928066\nativewindow_win32.dll
0x00007ff8b9d00000 - 0x00007ff8b9e2b000 	C:\WINDOWS\SYSTEM32\OpenGL32.dll
0x00007ff8b9cd0000 - 0x00007ff8b9cfe000 	C:\WINDOWS\SYSTEM32\GLU32.dll
0x00007ff8b9bd0000 - 0x00007ff8b9cc8000 	C:\WINDOWS\SYSTEM32\DDRAW.dll
0x00007ff8bfe20000 - 0x00007ff8bfe29000 	C:\WINDOWS\SYSTEM32\DCIMAN32.dll
0x0000000064500000 - 0x00000000645a0000 	C:\Users\Ian\AppData\Local\Temp\jogamp_0000\file_cache\jln7568139966783832932\jln336506051815928066\jogl_desktop.dll
0x0000000180000000 - 0x00000001807de000 	C:\WINDOWS\SYSTEM32\ig75icd64.dll
0x00007ff8d3120000 - 0x00007ff8d3166000 	C:\WINDOWS\SYSTEM32\powrprof.dll
0x0000000076610000 - 0x000000007661c000 	C:\Program Files\Java\jre1.8.0_31\bin\jsound.dll
0x0000000076600000 - 0x000000007660b000 	C:\Program Files\Java\jre1.8.0_31\bin\jsoundds.dll
0x00007ff8afcd0000 - 0x00007ff8afd6d000 	C:\WINDOWS\SYSTEM32\DSOUND.dll
0x00007ff8cef60000 - 0x00007ff8cefd0000 	C:\WINDOWS\SYSTEM32\MMDevAPI.DLL
0x00007ff8a82c0000 - 0x00007ff8a82fe000 	C:\WINDOWS\SYSTEM32\wdmaud.drv
0x00007ff8d2140000 - 0x00007ff8d2148000 	C:\WINDOWS\SYSTEM32\ksuser.dll
0x00007ff8d2150000 - 0x00007ff8d215c000 	C:\WINDOWS\SYSTEM32\AVRT.dll
0x00007ff8c6620000 - 0x00007ff8c669e000 	C:\WINDOWS\SYSTEM32\AUDIOSES.DLL
0x00007ff8afe50000 - 0x00007ff8afe5b000 	C:\WINDOWS\SYSTEM32\msacm32.drv
0x00007ff8afe30000 - 0x00007ff8afe4c000 	C:\WINDOWS\SYSTEM32\MSACM32.dll
0x00007ff8acdd0000 - 0x00007ff8acdda000 	C:\WINDOWS\SYSTEM32\midimap.dll
0x00007ff8aead0000 - 0x00007ff8aec6c000 	C:\Users\Ian\workspace\AVISS\lib\Kinect20.Face.dll
0x00007ff8bd250000 - 0x00007ff8bd2f7000 	C:\WINDOWS\SYSTEM32\MSVCP110.dll
0x00007ff8c72e0000 - 0x00007ff8c73b4000 	C:\WINDOWS\SYSTEM32\MSVCR110.dll
0x00007ff8ccf30000 - 0x00007ff8ccf40000 	C:\Users\Ian\workspace\AVISS\lib\KinectPV2.dll
0x00007ff8af190000 - 0x00007ff8af24a000 	C:\WINDOWS\SYSTEM32\Kinect20.dll
0x00007ff8bd350000 - 0x00007ff8bd43b000 	C:\WINDOWS\SYSTEM32\MFPlat.DLL
0x00007ff8bd220000 - 0x00007ff8bd247000 	C:\WINDOWS\SYSTEM32\RTWorkQ.DLL
0x00007ff8c8520000 - 0x00007ff8c86aa000 	C:\WINDOWS\SYSTEM32\dbghelp.dll

VM Arguments:
jvm_args: -Djava.library.path=C:\Users\Ian\workspace\AVISS\lib -Dfile.encoding=Cp1252 
java_command: aviss.applet.AVISSApplet
java_class_path (initial): C:\Users\Ian\workspace\AVISS\bin;C:\Users\Ian\workspace\AVISS\lib\commons-collections4-4.0.jar;C:\Users\Ian\workspace\AVISS\lib\core.jar;C:\Users\Ian\workspace\AVISS\lib\G4P.jar;C:\Users\Ian\workspace\AVISS\lib\gluegen-rt-natives-linux-amd64.jar;C:\Users\Ian\workspace\AVISS\lib\gluegen-rt-natives-linux-armv6hf.jar;C:\Users\Ian\workspace\AVISS\lib\gluegen-rt-natives-linux-i586.jar;C:\Users\Ian\workspace\AVISS\lib\gluegen-rt-natives-macosx-universal.jar;C:\Users\Ian\workspace\AVISS\lib\gluegen-rt-natives-windows-amd64.jar;C:\Users\Ian\workspace\AVISS\lib\gluegen-rt-natives-windows-i586.jar;C:\Users\Ian\workspace\AVISS\lib\gluegen-rt.jar;C:\Users\Ian\workspace\AVISS\lib\il_hemesh.jar;C:\Users\Ian\workspace\AVISS\lib\javolution-6.1.0.jar;C:\Users\Ian\workspace\AVISS\lib\jl1.0.jar;C:\Users\Ian\workspace\AVISS\lib\jogl-all-natives-linux-amd64.jar;C:\Users\Ian\workspace\AVISS\lib\jogl-all-natives-linux-armv6hf.jar;C:\Users\Ian\workspace\AVISS\lib\jogl-all-natives-linux-i586.jar;C:\Users\Ian\workspace\AVISS\lib\jogl-all-natives-macosx-universal.jar;C:\Users\Ian\workspace\AVISS\lib\jogl-all-natives-windows-amd64.jar;C:\Users\Ian\workspace\AVISS\lib\jogl-all-natives-windows-i586.jar;C:\Users\Ian\workspace\AVISS\lib\jogl-all.jar;C:\Users\Ian\workspace\AVISS\lib\jsminim.jar;C:\Users\Ian\workspace\AVISS\lib\jts.jar;C:\Users\Ian\workspace\AVISS\lib\KinectPV2.jar;C:\Users\Ian\workspace\AVISS\lib\log4j-1.2.17.jar;C:\Users\Ian\workspace\AVISS\lib\miglayout15-swing.jar;C:\Users\Ian\workspace\AVISS\lib\minim.jar;C:\Users\Ian\workspace\AVISS\lib\mp3spi1.9.4.jar;C:\Users\Ian\workspace\AVISS\lib\opal-1.0.1.jar;C:\Users\Ian\workspace\AVISS\lib\peasycam.jar;C:\Users\Ian\workspace\AVISS\lib\swt.jar;C:\Users\Ian\workspace\AVISS\lib\tritonus_aos.jar;C:\Users\Ian\workspace\AVISS\lib\tritonus_share.jar;C:\Users\Ian\workspace\AVISS\lib\trove-3.1a1.jar
Launcher Type: SUN_STANDARD

Environment Variables:
PATH=C:/Program Files/Java/jre1.8.0_31/bin/server;C:/Program Files/Java/jre1.8.0_31/bin;C:/Program Files/Java/jre1.8.0_31/lib/amd64;C:\MinGW\bin\;C:\Python34\;C:\Python34\Scripts;C:\ProgramData\Oracle\Java\javapath;c:\Program Files (x86)\Intel\iCLS Client\;c:\Program Files\Intel\iCLS Client\;C:\WINDOWS\system32;C:\WINDOWS;C:\WINDOWS\System32\Wbem;C:\WINDOWS\System32\WindowsPowerShell\v1.0\;C:\Program Files\Intel\Intel(R) Management Engine Components\DAL;C:\Program Files\Intel\Intel(R) Management Engine Components\IPT;C:\Program Files (x86)\Intel\Intel(R) Management Engine Components\DAL;C:\Program Files (x86)\Intel\Intel(R) Management Engine Components\IPT;C:\Program Files (x86)\Intel\OpenCL SDK\3.0\bin\x86;C:\Program Files (x86)\Intel\OpenCL SDK\3.0\bin\x64;C:\Program Files (x86)\Windows Live\Shared;C:\Program Files (x86)\QuickTime\QTSystem\;C:\Program Files (x86)\Windows Kits\8.1\Windows Performance Toolkit\;C:\Program Files\Microsoft SQL Server\110\Tools\Binn\;C:\Program Files (x86)\Microsoft SDKs\TypeScript\1.0\;C:\Program Fil;C:\MinGW\bin\;C:\Program Files (x86)\CMake\bin\;C:\Users\Ian\Documents\2014W2\CPSC_425\Canopy\User;C:\Users\Ian\Documents\2014W2\CPSC_425\Canopy\User\Scripts;C:\Program Files\Eclipse Luna\eclipse;
USERNAME=Ian
OS=Windows_NT
PROCESSOR_IDENTIFIER=Intel64 Family 6 Model 69 Stepping 1, GenuineIntel



---------------  S Y S T E M  ---------------

OS: Windows 8.1 , 64 bit Build 9600 

CPU:total 4 (2 cores per cpu, 2 threads per core) family 6 model 69 stepping 1, cmov, cx8, fxsr, mmx, sse, sse2, sse3, ssse3, sse4.1, sse4.2, popcnt, avx, avx2, aes, clmul, erms, lzcnt, ht, tsc, tscinvbit, bmi1, bmi2

Memory: 4k page, physical 8291748k(2532120k free), swap 16680356k(8833540k free)

vm_info: Java HotSpot(TM) 64-Bit Server VM (25.31-b07) for windows-amd64 JRE (1.8.0_31-b13), built on Dec 17 2014 21:00:28 by "java_re" with MS VC++ 10.0 (VS2010)

time: Sun Mar 22 18:07:13 2015
elapsed time: 2 seconds (0d 0h 0m 2s)

