#
# A fatal error has been detected by the Java Runtime Environment:
#
#  EXCEPTION_ACCESS_VIOLATION (0xc0000005) at pc=0x000000018008adad, pid=10012, tid=10396
#
# JRE version: Java(TM) SE Runtime Environment (8.0_31-b13) (build 1.8.0_31-b13)
# Java VM: Java HotSpot(TM) 64-Bit Server VM (25.31-b07 mixed mode windows-amd64 compressed oops)
# Problematic frame:
# C  [ig75icd64.dll+0x8adad]
#
# Failed to write core dump. Minidumps are not enabled by default on client versions of Windows
#
# If you would like to submit a bug report, please visit:
#   http://bugreport.java.com/bugreport/crash.jsp
# The crash happened outside the Java Virtual Machine in native code.
# See problematic frame for where to report the bug.
#

---------------  T H R E A D  ---------------

Current thread (0x0000000019556800):  JavaThread "AWT-EventQueue-0" [_thread_in_native, id=10396, stack(0x000000001b6a0000,0x000000001b7a0000)]

siginfo: ExceptionCode=0xc0000005, reading address 0x0000000022acf000

Registers:
RAX=0x0000000000004fa0, RBX=0x000000001ed6baf0, RCX=0x0000000000000000, RDX=0x0000000022acefc0
RSP=0x000000001b79d930, RBP=0x000000000048fb70, RSI=0x0000000022852040, RDI=0x0000000034e7d000
R8 =0x000000000048fb70, R9 =0x00000000000091f6, R10=0x0000000000004fa0, R11=0x000000001b79d880
R12=0x0000000000000001, R13=0x000000001dc8ca40, R14=0x000000001e530f80, R15=0x000000000000000a
RIP=0x000000018008adad, EFLAGS=0x0000000000010207

Top of Stack: (sp=0x000000001b79d930)
0x000000001b79d930:   0000000000000000 0000000000000000
0x000000001b79d940:   00000000ff800000 0000000000000000
0x000000001b79d950:   000000001ed8eba8 000000018008b090
0x000000001b79d960:   000000001ed6baf0 000000001ed6bb18
0x000000001b79d970:   000000001b79dd50 000000001b79da20
0x000000001b79d980:   0000000018b24e50 000000006daaeb8b
0x000000001b79d990:   0000000000000000 0000000022852040
0x000000001b79d9a0:   000000001e530f80 000000000048fb70
0x000000001b79d9b0:   000000001ed8eb30 000000018006bd52
0x000000001b79d9c0:   0000000000000000 0000000100000033
0x000000001b79d9d0:   0000000000000000 000000006da31fb3
0x000000001b79d9e0:   0000000022852040 000000006450b500
0x000000001b79d9f0:   0000000019556901 0000000019556800
0x000000001b79da00:   0000000022852040 000000000048fb70
0x000000001b79da10:   000000001ed8eb30 000000018006c3ef
0x000000001b79da20:   000000001e530f80 00000000000088e8 

Instructions: (pc=0x000000018008adad)
0x000000018008ad8d:   00 00 00 66 0f 6f 3a 66 0f 6f 72 10 66 0f 6f 6a
0x000000018008ad9d:   20 41 ff c2 48 83 ef 80 41 8b c2 66 0f 6f 62 30
0x000000018008adad:   66 0f 6f 5a 40 66 0f 6f 52 50 66 0f 6f 4a 60 66
0x000000018008adbd:   0f 6f 42 70 66 0f e7 7f 80 48 83 ea 80 66 0f e7 


Register to memory mapping:

RAX=0x0000000000004fa0 is an unknown value
RBX=0x000000001ed6baf0 is an unknown value
RCX=0x0000000000000000 is an unknown value
RDX=0x0000000022acefc0 is an unknown value
RSP=0x000000001b79d930 is pointing into the stack for thread: 0x0000000019556800
RBP=0x000000000048fb70 is an unknown value
RSI=0x0000000022852040 is an unknown value
RDI=0x0000000034e7d000 is an unknown value
R8 =0x000000000048fb70 is an unknown value
R9 =0x00000000000091f6 is an unknown value
R10=0x0000000000004fa0 is an unknown value
R11=0x000000001b79d880 is pointing into the stack for thread: 0x0000000019556800
R12=0x0000000000000001 is an unknown value
R13={method} {0x000000001dc8ca48} 'dispatch_glBufferData' '(IJLjava/lang/Object;IZIJ)V' in 'jogamp/opengl/gl4/GL4bcImpl'
R14=0x000000001e530f80 is an unknown value
R15=0x000000000000000a is an unknown value


Stack: [0x000000001b6a0000,0x000000001b7a0000],  sp=0x000000001b79d930,  free space=1014k
Native frames: (J=compiled Java code, j=interpreted, Vv=VM code, C=native code)
C  [ig75icd64.dll+0x8adad]
C  [ig75icd64.dll+0x8b090]
C  [ig75icd64.dll+0x6bd52]
C  [ig75icd64.dll+0x6c3ef]
C  0x0000000002465b74

Java frames: (J=compiled Java code, j=interpreted, Vv=VM code)
j  jogamp.opengl.gl4.GL4bcImpl.dispatch_glBufferData(IJLjava/lang/Object;IZIJ)V+0
j  jogamp.opengl.gl4.GL4bcImpl.access$000(Ljogamp/opengl/gl4/GL4bcImpl;IJLjava/lang/Object;IZIJ)V+13
j  jogamp.opengl.gl4.GL4bcImpl$1.create(IJLjava/nio/Buffer;IJ)V+52
j  jogamp.opengl.GLBufferObjectTracker.createBufferStorage(Ljogamp/opengl/GLBufferStateTracker;Ljavax/media/opengl/GL;IJLjava/nio/Buffer;IILjogamp/opengl/GLBufferObjectTracker$CreateStorageDispatch;J)V+209
j  jogamp.opengl.gl4.GL4bcImpl.glBufferData(IJLjava/nio/Buffer;I)V+67
j  processing.opengl.PJOGL.bufferData(IILjava/nio/Buffer;I)V+10
j  aviss.visuals.KinectStarCloudGenerator.renderGLPoints(ILjava/nio/FloatBuffer;)V+65
J 1256% C2 aviss.visuals.KinectStarCloudGenerator.renderStarsUsingKinectData()V (357 bytes) @ 0x000000000290ce4c [0x000000000290c6a0+0x7ac]
j  aviss.visuals.KinectStarCloudGenerator.run()V+311
j  aviss.applet.AVISSApplet.draw()V+53
j  processing.core.PApplet.handleDraw()V+231
j  processing.opengl.PJOGL$PGLListener.display(Ljavax/media/opengl/GLAutoDrawable;)V+476
j  jogamp.opengl.GLDrawableHelper.displayImpl(Ljavax/media/opengl/GLAutoDrawable;)V+81
j  jogamp.opengl.GLDrawableHelper.display(Ljavax/media/opengl/GLAutoDrawable;)V+2
j  javax.media.opengl.awt.GLCanvas$10.run()V+118
j  jogamp.opengl.GLDrawableHelper.invokeGLImpl(Ljavax/media/opengl/GLDrawable;Ljavax/media/opengl/GLContext;Ljava/lang/Runnable;Ljava/lang/Runnable;)V+206
j  jogamp.opengl.GLDrawableHelper.invokeGL(Ljavax/media/opengl/GLDrawable;Ljavax/media/opengl/GLContext;Ljava/lang/Runnable;Ljava/lang/Runnable;)V+80
j  javax.media.opengl.awt.GLCanvas$11.run()V+73
j  java.awt.event.InvocationEvent.dispatch()V+11
j  java.awt.EventQueue.dispatchEventImpl(Ljava/awt/AWTEvent;Ljava/lang/Object;)V+21
j  java.awt.EventQueue.access$500(Ljava/awt/EventQueue;Ljava/awt/AWTEvent;Ljava/lang/Object;)V+3
j  java.awt.EventQueue$3.run()Ljava/lang/Void;+32
j  java.awt.EventQueue$3.run()Ljava/lang/Object;+1
v  ~StubRoutines::call_stub
j  java.security.AccessController.doPrivileged(Ljava/security/PrivilegedAction;Ljava/security/AccessControlContext;)Ljava/lang/Object;+0
j  java.security.ProtectionDomain$1.doIntersectionPrivilege(Ljava/security/PrivilegedAction;Ljava/security/AccessControlContext;Ljava/security/AccessControlContext;)Ljava/lang/Object;+28
j  java.awt.EventQueue.dispatchEvent(Ljava/awt/AWTEvent;)V+46
j  java.awt.EventDispatchThread.pumpOneEventForFilters(I)V+245
j  java.awt.EventDispatchThread.pumpEventsForFilter(ILjava/awt/Conditional;Ljava/awt/EventFilter;)V+35
j  java.awt.EventDispatchThread.pumpEventsForHierarchy(ILjava/awt/Conditional;Ljava/awt/Component;)V+11
j  java.awt.EventDispatchThread.pumpEvents(ILjava/awt/Conditional;)V+4
j  java.awt.EventDispatchThread.pumpEvents(Ljava/awt/Conditional;)V+3
j  java.awt.EventDispatchThread.run()V+9
v  ~StubRoutines::call_stub

---------------  P R O C E S S  ---------------

Java Threads: ( => current thread )
  0x00000000195b8800 JavaThread "Thread-963" [_thread_blocked, id=9396, stack(0x0000000030b40000,0x0000000030c40000)]
  0x00000000195b6000 JavaThread "Thread-6" [_thread_blocked, id=2080, stack(0x00000000234d0000,0x00000000235d0000)]
  0x00000000195b7800 JavaThread "Java Sound Event Dispatcher" daemon [_thread_blocked, id=9016, stack(0x0000000022dc0000,0x0000000022ec0000)]
  0x0000000019a37000 JavaThread "Animation Thread-SharedResourceRunner" daemon [_thread_blocked, id=7792, stack(0x000000001de00000,0x000000001df00000)]
  0x0000000000a2e000 JavaThread "DestroyJavaVM" [_thread_blocked, id=2104, stack(0x00000000021a0000,0x00000000022a0000)]
  0x00000000195f3800 JavaThread "Animation Thread" [_thread_blocked, id=2364, stack(0x000000001c830000,0x000000001c930000)]
  0x00000000195de800 JavaThread "D3D Screen Updater" daemon [_thread_blocked, id=7224, stack(0x000000001bd80000,0x000000001be80000)]
  0x00000000195cd800 JavaThread "Image Fetcher 1" daemon [_thread_blocked, id=4196, stack(0x000000001b8a0000,0x000000001b9a0000)]
  0x0000000019536000 JavaThread "Image Fetcher 0" daemon [_thread_blocked, id=8640, stack(0x000000001b7a0000,0x000000001b8a0000)]
=>0x0000000019556800 JavaThread "AWT-EventQueue-0" [_thread_in_native, id=10396, stack(0x000000001b6a0000,0x000000001b7a0000)]
  0x0000000019507000 JavaThread "AWT-Windows" daemon [_thread_in_native, id=7984, stack(0x0000000019e00000,0x0000000019f00000)]
  0x0000000019506000 JavaThread "AWT-Shutdown" [_thread_blocked, id=2700, stack(0x0000000019d00000,0x0000000019e00000)]
  0x0000000019503000 JavaThread "Java2D Disposer" daemon [_thread_blocked, id=4972, stack(0x0000000019c00000,0x0000000019d00000)]
  0x0000000017004000 JavaThread "Service Thread" daemon [_thread_blocked, id=7988, stack(0x0000000018820000,0x0000000018920000)]
  0x0000000016ffb800 JavaThread "C1 CompilerThread2" daemon [_thread_blocked, id=5960, stack(0x0000000018720000,0x0000000018820000)]
  0x0000000016ffa800 JavaThread "C2 CompilerThread1" daemon [_thread_blocked, id=3356, stack(0x0000000018620000,0x0000000018720000)]
  0x0000000016fad000 JavaThread "C2 CompilerThread0" daemon [_thread_blocked, id=1948, stack(0x0000000018520000,0x0000000018620000)]
  0x0000000016fac000 JavaThread "Attach Listener" daemon [_thread_blocked, id=7752, stack(0x0000000018420000,0x0000000018520000)]
  0x0000000016fab000 JavaThread "Signal Dispatcher" daemon [_thread_blocked, id=7840, stack(0x0000000018320000,0x0000000018420000)]
  0x0000000002443800 JavaThread "Finalizer" daemon [_thread_blocked, id=3480, stack(0x0000000018220000,0x0000000018320000)]
  0x000000000243a800 JavaThread "Reference Handler" daemon [_thread_blocked, id=8688, stack(0x0000000018120000,0x0000000018220000)]

Other Threads:
  0x0000000016f74800 VMThread [stack: 0x0000000018020000,0x0000000018120000] [id=9320]
  0x0000000017006800 WatcherThread [stack: 0x0000000018920000,0x0000000018a20000] [id=7004]

VM state:not at safepoint (normal execution)

VM Mutex/Monitor currently owned by a thread: None

Heap:
 PSYoungGen      total 136704K, used 24299K [0x00000000d5d00000, 0x00000000e6000000, 0x0000000100000000)
  eden space 122880K, 8% used [0x00000000d5d00000,0x00000000d6752d90,0x00000000dd500000)
  from space 13824K, 99% used [0x00000000e5280000,0x00000000e5fe8020,0x00000000e6000000)
  to   space 68608K, 0% used [0x00000000dda00000,0x00000000dda00000,0x00000000e1d00000)
 ParOldGen       total 275456K, used 159100K [0x0000000081600000, 0x0000000092300000, 0x00000000d5d00000)
  object space 275456K, 57% used [0x0000000081600000,0x000000008b15f0f8,0x0000000092300000)
 Metaspace       used 17651K, capacity 17789K, committed 18048K, reserved 1064960K
  class space    used 1815K, capacity 1885K, committed 1920K, reserved 1048576K

Card table byte_map: [0x0000000011810000,0x0000000011c10000] byte_map_base: 0x0000000011405000

Marking Bits: (ParMarkBitMap*) 0x000000006e15d4f0
 Begin Bits: [0x00000000122c0000, 0x0000000014268000)
 End Bits:   [0x0000000014268000, 0x0000000016210000)

Polling page: 0x0000000000a10000

CodeCache: size=245760Kb used=4834Kb max_used=4841Kb free=240925Kb
 bounds [0x0000000002450000, 0x0000000002910000, 0x0000000011450000]
 total_blobs=2151 nmethods=1255 adapters=810
 compilation: enabled

Compilation events (10 events):
Event: 8.761 Thread 0x0000000016ffb800 1252 %     3       aviss.visuals.KinectStarCloudGenerator::renderStarsUsingKinectData @ 57 (357 bytes)
Event: 8.766 Thread 0x0000000016ffb800 nmethod 1252% 0x0000000002903790 code [0x0000000002903c00, 0x00000000029066b8]
Event: 8.766 Thread 0x0000000016ffb800 1253       3       aviss.visuals.KinectStarCloudGenerator::renderStarsUsingKinectData (357 bytes)
Event: 8.770 Thread 0x0000000016ffb800 nmethod 1253 0x0000000002907f10 code [0x0000000002908380, 0x000000000290acf8]
Event: 8.770 Thread 0x0000000016ffb800 1255       3       ddf.minim.javasound.FloatSampleTools::getFormatType (174 bytes)
Event: 8.772 Thread 0x0000000016ffb800 nmethod 1255 0x00000000028fc710 code [0x00000000028fc960, 0x00000000028fd8d8]
Event: 8.772 Thread 0x0000000016ffb800 1254       1       ddf.minim.MultiChannelBuffer::getBufferSize (5 bytes)
Event: 8.772 Thread 0x0000000016ffb800 nmethod 1254 0x0000000002901ad0 code [0x0000000002901c20, 0x0000000002901d30]
Event: 8.823 Thread 0x0000000016fad000 1256 %     4       aviss.visuals.KinectStarCloudGenerator::renderStarsUsingKinectData @ 57 (357 bytes)
Event: 8.859 Thread 0x0000000016fad000 nmethod 1256% 0x000000000290c490 code [0x000000000290c6a0, 0x000000000290d4a0]

GC Heap History (10 events):
Event: 4.805 GC heap before
{Heap before GC invocations=6 (full 0):
 PSYoungGen      total 71680K, used 71584K [0x00000000d5d00000, 0x00000000deb00000, 0x0000000100000000)
  eden space 66560K, 100% used [0x00000000d5d00000,0x00000000d9e00000,0x00000000d9e00000)
  from space 5120K, 98% used [0x00000000d9e00000,0x00000000da2e8070,0x00000000da300000)
  to   space 6144K, 0% used [0x00000000de500000,0x00000000de500000,0x00000000deb00000)
 ParOldGen       total 87552K, used 8888K [0x0000000081600000, 0x0000000086b80000, 0x00000000d5d00000)
  object space 87552K, 10% used [0x0000000081600000,0x0000000081eae328,0x0000000086b80000)
 Metaspace       used 17504K, capacity 17689K, committed 17792K, reserved 1064960K
  class space    used 1799K, capacity 1853K, committed 1920K, reserved 1048576K
Event: 4.888 GC heap after
Heap after GC invocations=6 (full 0):
 PSYoungGen      total 102400K, used 6128K [0x00000000d5d00000, 0x00000000e3300000, 0x0000000100000000)
  eden space 96256K, 0% used [0x00000000d5d00000,0x00000000d5d00000,0x00000000dbb00000)
  from space 6144K, 99% used [0x00000000de500000,0x00000000deafc040,0x00000000deb00000)
  to   space 43008K, 0% used [0x00000000dbb00000,0x00000000dbb00000,0x00000000de500000)
 ParOldGen       total 87552K, used 73489K [0x0000000081600000, 0x0000000086b80000, 0x00000000d5d00000)
  object space 87552K, 83% used [0x0000000081600000,0x0000000085dc4410,0x0000000086b80000)
 Metaspace       used 17504K, capacity 17689K, committed 17792K, reserved 1064960K
  class space    used 1799K, capacity 1853K, committed 1920K, reserved 1048576K
}
Event: 4.888 GC heap before
{Heap before GC invocations=7 (full 1):
 PSYoungGen      total 102400K, used 6128K [0x00000000d5d00000, 0x00000000e3300000, 0x0000000100000000)
  eden space 96256K, 0% used [0x00000000d5d00000,0x00000000d5d00000,0x00000000dbb00000)
  from space 6144K, 99% used [0x00000000de500000,0x00000000deafc040,0x00000000deb00000)
  to   space 43008K, 0% used [0x00000000dbb00000,0x00000000dbb00000,0x00000000de500000)
 ParOldGen       total 87552K, used 73489K [0x0000000081600000, 0x0000000086b80000, 0x00000000d5d00000)
  object space 87552K, 83% used [0x0000000081600000,0x0000000085dc4410,0x0000000086b80000)
 Metaspace       used 17504K, capacity 17689K, committed 17792K, reserved 1064960K
  class space    used 1799K, capacity 1853K, committed 1920K, reserved 1048576K
Event: 5.043 GC heap after
Heap after GC invocations=7 (full 1):
 PSYoungGen      total 102400K, used 0K [0x00000000d5d00000, 0x00000000e3300000, 0x0000000100000000)
  eden space 96256K, 0% used [0x00000000d5d00000,0x00000000d5d00000,0x00000000dbb00000)
  from space 6144K, 0% used [0x00000000de500000,0x00000000de500000,0x00000000deb00000)
  to   space 43008K, 0% used [0x00000000dbb00000,0x00000000dbb00000,0x00000000de500000)
 ParOldGen       total 159232K, used 78750K [0x0000000081600000, 0x000000008b180000, 0x00000000d5d00000)
  object space 159232K, 49% used [0x0000000081600000,0x00000000862e7a70,0x000000008b180000)
 Metaspace       used 17503K, capacity 17687K, committed 17792K, reserved 1064960K
  class space    used 1798K, capacity 1852K, committed 1920K, reserved 1048576K
}
Event: 5.265 GC heap before
{Heap before GC invocations=8 (full 1):
 PSYoungGen      total 102400K, used 96256K [0x00000000d5d00000, 0x00000000e3300000, 0x0000000100000000)
  eden space 96256K, 100% used [0x00000000d5d00000,0x00000000dbb00000,0x00000000dbb00000)
  from space 6144K, 0% used [0x00000000de500000,0x00000000de500000,0x00000000deb00000)
  to   space 43008K, 0% used [0x00000000dbb00000,0x00000000dbb00000,0x00000000de500000)
 ParOldGen       total 159232K, used 78750K [0x0000000081600000, 0x000000008b180000, 0x00000000d5d00000)
  object space 159232K, 49% used [0x0000000081600000,0x00000000862e7a70,0x000000008b180000)
 Metaspace       used 17515K, capacity 17687K, committed 17792K, reserved 1064960K
  class space    used 1798K, capacity 1852K, committed 1920K, reserved 1048576K
Event: 5.423 GC heap after
Heap after GC invocations=8 (full 1):
 PSYoungGen      total 139264K, used 42976K [0x00000000d5d00000, 0x00000000e9900000, 0x0000000100000000)
  eden space 96256K, 0% used [0x00000000d5d00000,0x00000000d5d00000,0x00000000dbb00000)
  from space 43008K, 99% used [0x00000000dbb00000,0x00000000de4f8010,0x00000000de500000)
  to   space 72192K, 0% used [0x00000000e5280000,0x00000000e5280000,0x00000000e9900000)
 ParOldGen       total 159232K, used 117422K [0x0000000081600000, 0x000000008b180000, 0x00000000d5d00000)
  object space 159232K, 73% used [0x0000000081600000,0x00000000888aba70,0x000000008b180000)
 Metaspace       used 17515K, capacity 17687K, committed 17792K, reserved 1064960K
  class space    used 1798K, capacity 1852K, committed 1920K, reserved 1048576K
}
Event: 5.423 GC heap before
{Heap before GC invocations=9 (full 2):
 PSYoungGen      total 139264K, used 42976K [0x00000000d5d00000, 0x00000000e9900000, 0x0000000100000000)
  eden space 96256K, 0% used [0x00000000d5d00000,0x00000000d5d00000,0x00000000dbb00000)
  from space 43008K, 99% used [0x00000000dbb00000,0x00000000de4f8010,0x00000000de500000)
  to   space 72192K, 0% used [0x00000000e5280000,0x00000000e5280000,0x00000000e9900000)
 ParOldGen       total 159232K, used 117422K [0x0000000081600000, 0x000000008b180000, 0x00000000d5d00000)
  object space 159232K, 73% used [0x0000000081600000,0x00000000888aba70,0x000000008b180000)
 Metaspace       used 17515K, capacity 17687K, committed 17792K, reserved 1064960K
  class space    used 1798K, capacity 1852K, committed 1920K, reserved 1048576K
Event: 6.433 GC heap after
Heap after GC invocations=9 (full 2):
 PSYoungGen      total 139264K, used 990K [0x00000000d5d00000, 0x00000000e9900000, 0x0000000100000000)
  eden space 96256K, 0% used [0x00000000d5d00000,0x00000000d5d00000,0x00000000dbb00000)
  from space 43008K, 2% used [0x00000000dbb00000,0x00000000dbbf7a58,0x00000000de500000)
  to   space 72192K, 0% used [0x00000000e5280000,0x00000000e5280000,0x00000000e9900000)
 ParOldGen       total 275456K, used 159092K [0x0000000081600000, 0x0000000092300000, 0x00000000d5d00000)
  object space 275456K, 57% used [0x0000000081600000,0x000000008b15d0f8,0x0000000092300000)
 Metaspace       used 17515K, capacity 17687K, committed 17792K, reserved 1064960K
  class space    used 1798K, capacity 1852K, committed 1920K, reserved 1048576K
}
Event: 8.777 GC heap before
{Heap before GC invocations=10 (full 2):
 PSYoungGen      total 139264K, used 97246K [0x00000000d5d00000, 0x00000000e9900000, 0x0000000100000000)
  eden space 96256K, 100% used [0x00000000d5d00000,0x00000000dbb00000,0x00000000dbb00000)
  from space 43008K, 2% used [0x00000000dbb00000,0x00000000dbbf7a58,0x00000000de500000)
  to   space 72192K, 0% used [0x00000000e5280000,0x00000000e5280000,0x00000000e9900000)
 ParOldGen       total 275456K, used 159092K [0x0000000081600000, 0x0000000092300000, 0x00000000d5d00000)
  object space 275456K, 57% used [0x0000000081600000,0x000000008b15d0f8,0x0000000092300000)
 Metaspace       used 17651K, capacity 17789K, committed 18048K, reserved 1064960K
  class space    used 1815K, capacity 1885K, committed 1920K, reserved 1048576K
Event: 8.822 GC heap after
Heap after GC invocations=10 (full 2):
 PSYoungGen      total 136704K, used 13728K [0x00000000d5d00000, 0x00000000e6000000, 0x0000000100000000)
  eden space 122880K, 0% used [0x00000000d5d00000,0x00000000d5d00000,0x00000000dd500000)
  from space 13824K, 99% used [0x00000000e5280000,0x00000000e5fe8020,0x00000000e6000000)
  to   space 68608K, 0% used [0x00000000dda00000,0x00000000dda00000,0x00000000e1d00000)
 ParOldGen       total 275456K, used 159100K [0x0000000081600000, 0x0000000092300000, 0x00000000d5d00000)
  object space 275456K, 57% used [0x0000000081600000,0x000000008b15f0f8,0x0000000092300000)
 Metaspace       used 17651K, capacity 17789K, committed 18048K, reserved 1064960K
  class space    used 1815K, capacity 1885K, committed 1920K, reserved 1048576K
}

Deoptimization events (10 events):
Event: 3.694 Thread 0x00000000195cd800 Uncommon trap: reason=unreached action=reinterpret pc=0x0000000002765830 method=java.lang.reflect.AccessibleObject.setAccessible0(Ljava/lang/reflect/AccessibleObject;Z)V @ 4
Event: 6.562 Thread 0x0000000019556800 Uncommon trap: reason=class_check action=maybe_recompile pc=0x000000000279d900 method=com.jogamp.common.nio.Buffers.isDirect(Ljava/lang/Object;)Z @ 13
Event: 6.562 Thread 0x0000000019556800 Uncommon trap: reason=class_check action=maybe_recompile pc=0x00000000027ab744 method=com.jogamp.common.nio.Buffers.getDirectBufferByteOffset(Ljava/lang/Object;)I @ 7
Event: 6.562 Thread 0x0000000019556800 Uncommon trap: reason=class_check action=maybe_recompile pc=0x000000000279d900 method=com.jogamp.common.nio.Buffers.isDirect(Ljava/lang/Object;)Z @ 13
Event: 6.562 Thread 0x0000000019556800 Uncommon trap: reason=class_check action=maybe_recompile pc=0x00000000027ab744 method=com.jogamp.common.nio.Buffers.getDirectBufferByteOffset(Ljava/lang/Object;)I @ 7
Event: 6.563 Thread 0x0000000019556800 Uncommon trap: reason=class_check action=maybe_recompile pc=0x000000000279d900 method=com.jogamp.common.nio.Buffers.isDirect(Ljava/lang/Object;)Z @ 13
Event: 6.563 Thread 0x0000000019556800 Uncommon trap: reason=class_check action=maybe_recompile pc=0x00000000027ab744 method=com.jogamp.common.nio.Buffers.getDirectBufferByteOffset(Ljava/lang/Object;)I @ 7
Event: 6.859 Thread 0x00000000195f3800 Uncommon trap: reason=class_check action=maybe_recompile pc=0x000000000279d900 method=com.jogamp.common.nio.Buffers.isDirect(Ljava/lang/Object;)Z @ 13
Event: 6.859 Thread 0x00000000195f3800 Uncommon trap: reason=class_check action=maybe_recompile pc=0x00000000027ab744 method=com.jogamp.common.nio.Buffers.getDirectBufferByteOffset(Ljava/lang/Object;)I @ 7
Event: 7.374 Thread 0x0000000019556800 Uncommon trap: reason=null_check action=make_not_entrant pc=0x00000000028e0c1c method=aviss.visuals.KinectStarCloudGenerator.renderStars()V @ 29

Internal exceptions (10 events):
Event: 4.614 Thread 0x0000000019556800 Exception <a 'java/security/PrivilegedActionException'> (0x00000000d99109f8) thrown at [C:\workspace\8-2-build-windows-amd64-cygwin\jdk8u31\2394\hotspot\src\share\vm\prims\jvm.cpp, line 1312]
Event: 4.765 Thread 0x0000000019556800 Exception <a 'java/security/PrivilegedActionException'> (0x00000000d995d760) thrown at [C:\workspace\8-2-build-windows-amd64-cygwin\jdk8u31\2394\hotspot\src\share\vm\prims\jvm.cpp, line 1312]
Event: 6.672 Thread 0x00000000195f3800 Exception <a 'java/security/PrivilegedActionException'> (0x00000000d6e5c140) thrown at [C:\workspace\8-2-build-windows-amd64-cygwin\jdk8u31\2394\hotspot\src\share\vm\prims\jvm.cpp, line 1312]
Event: 6.836 Thread 0x00000000195f3800 Exception <a 'java/security/PrivilegedActionException'> (0x00000000d6e5eb60) thrown at [C:\workspace\8-2-build-windows-amd64-cygwin\jdk8u31\2394\hotspot\src\share\vm\prims\jvm.cpp, line 1312]
Event: 6.860 Thread 0x00000000195f3800 Exception <a 'java/lang/reflect/InvocationTargetException'> (0x00000000d6e67918) thrown at [C:\workspace\8-2-build-windows-amd64-cygwin\jdk8u31\2394\hotspot\src\share\vm\runtime\reflection.cpp, line 1080]
Event: 7.284 Thread 0x0000000019556800 Exception <a 'java/security/PrivilegedActionException'> (0x00000000d60481f8) thrown at [C:\workspace\8-2-build-windows-amd64-cygwin\jdk8u31\2394\hotspot\src\share\vm\prims\jvm.cpp, line 1312]
Event: 7.374 Thread 0x0000000019556800 Implicit null exception at 0x00000000028e0a7e to 0x00000000028e0c03
Event: 7.390 Thread 0x0000000019556800 Exception <a 'java/security/PrivilegedActionException'> (0x00000000d84d5658) thrown at [C:\workspace\8-2-build-windows-amd64-cygwin\jdk8u31\2394\hotspot\src\share\vm\prims\jvm.cpp, line 1312]
Event: 7.668 Thread 0x0000000019556800 Exception <a 'java/security/PrivilegedActionException'> (0x00000000d8c986c0) thrown at [C:\workspace\8-2-build-windows-amd64-cygwin\jdk8u31\2394\hotspot\src\share\vm\prims\jvm.cpp, line 1312]
Event: 8.687 Thread 0x0000000019556800 Exception <a 'java/security/PrivilegedActionException'> (0x00000000db31cc50) thrown at [C:\workspace\8-2-build-windows-amd64-cygwin\jdk8u31\2394\hotspot\src\share\vm\prims\jvm.cpp, line 1312]

Events (10 events):
Event: 8.551 Executing VM operation: RevokeBias done
Event: 8.551 Thread 0x00000000195b5800 Thread exited: 0x00000000195b5800
Event: 8.687 loading class org/apache/commons/collections4/queue/CircularFifoQueue$1
Event: 8.687 loading class org/apache/commons/collections4/queue/CircularFifoQueue$1 done
Event: 8.776 Executing VM operation: ParallelGCFailedAllocation
Event: 8.822 Executing VM operation: ParallelGCFailedAllocation done
Event: 8.828 Executing VM operation: RevokeBias
Event: 8.828 Executing VM operation: RevokeBias done
Event: 8.861 Thread 0x0000000019556800 DEOPT PACKING pc=0x0000000002906250 sp=0x000000001b79de60
Event: 8.861 Thread 0x0000000019556800 DEOPT UNPACKING pc=0x00000000024975bf sp=0x000000001b79dc90 mode 0


Dynamic libraries:
0x00007ff7861d0000 - 0x00007ff786204000 	C:\Program Files\Java\jre1.8.0_31\bin\javaw.exe
0x00007ffe08660000 - 0x00007ffe0880c000 	C:\WINDOWS\SYSTEM32\ntdll.dll
0x00007ffe08510000 - 0x00007ffe0864e000 	C:\WINDOWS\system32\KERNEL32.DLL
0x00007ffe058d0000 - 0x00007ffe059e5000 	C:\WINDOWS\system32\KERNELBASE.dll
0x00007ffe03e60000 - 0x00007ffe03eee000 	C:\WINDOWS\system32\apphelp.dll
0x00007ffde3550000 - 0x00007ffde35a3000 	C:\WINDOWS\AppPatch\AppPatch64\AcGenral.DLL
0x00007ffe063e0000 - 0x00007ffe0648a000 	C:\WINDOWS\system32\msvcrt.dll
0x00007ffe05650000 - 0x00007ffe0567e000 	C:\WINDOWS\SYSTEM32\SspiCli.dll
0x00007ffe06380000 - 0x00007ffe063d4000 	C:\WINDOWS\system32\SHLWAPI.dll
0x00007ffe05ce0000 - 0x00007ffe05e57000 	C:\WINDOWS\system32\USER32.dll
0x00007ffe08220000 - 0x00007ffe083b4000 	C:\WINDOWS\system32\ole32.dll
0x00007ffe06880000 - 0x00007ffe07d98000 	C:\WINDOWS\system32\SHELL32.dll
0x00007ffe04dd0000 - 0x00007ffe04df1000 	C:\WINDOWS\SYSTEM32\USERENV.dll
0x00007ffe07f00000 - 0x00007ffe07faa000 	C:\WINDOWS\system32\ADVAPI32.dll
0x00007ffdfeaf0000 - 0x00007ffdfeb0e000 	C:\WINDOWS\SYSTEM32\MPR.dll
0x00007ffe083c0000 - 0x00007ffe08501000 	C:\WINDOWS\system32\RPCRT4.dll
0x00007ffe062b0000 - 0x00007ffe06309000 	C:\WINDOWS\SYSTEM32\sechost.dll
0x00007ffe06030000 - 0x00007ffe06241000 	C:\WINDOWS\SYSTEM32\combase.dll
0x00007ffe07da0000 - 0x00007ffe07ef1000 	C:\WINDOWS\system32\GDI32.dll
0x00007ffe057b0000 - 0x00007ffe057c5000 	C:\WINDOWS\SYSTEM32\profapi.dll
0x00007ffe01280000 - 0x00007ffe01332000 	C:\WINDOWS\SYSTEM32\SHCORE.dll
0x00007ffe081e0000 - 0x00007ffe08216000 	C:\WINDOWS\system32\IMM32.DLL
0x00007ffe07fb0000 - 0x00007ffe08101000 	C:\WINDOWS\system32\MSCTF.dll
0x00007ffe00c60000 - 0x00007ffe00edb000 	C:\WINDOWS\WinSxS\amd64_microsoft.windows.common-controls_6595b64144ccf1df_6.0.9600.17415_none_6240486fecbd8abb\COMCTL32.dll
0x000000006d800000 - 0x000000006d8d2000 	C:\Program Files\Java\jre1.8.0_31\bin\msvcr100.dll
0x000000006d980000 - 0x000000006e1da000 	C:\Program Files\Java\jre1.8.0_31\bin\server\jvm.dll
0x00007ffdf9af0000 - 0x00007ffdf9af9000 	C:\WINDOWS\SYSTEM32\WSOCK32.dll
0x00007ffe00820000 - 0x00007ffe00842000 	C:\WINDOWS\SYSTEM32\WINMM.dll
0x00007ffe08650000 - 0x00007ffe08657000 	C:\WINDOWS\system32\PSAPI.DLL
0x00007ffe06550000 - 0x00007ffe065aa000 	C:\WINDOWS\system32\WS2_32.dll
0x00007ffe007f0000 - 0x00007ffe0081a000 	C:\WINDOWS\SYSTEM32\WINMMBASE.dll
0x00007ffe081d0000 - 0x00007ffe081d9000 	C:\WINDOWS\system32\NSI.dll
0x00007ffe05880000 - 0x00007ffe058cf000 	C:\WINDOWS\SYSTEM32\cfgmgr32.dll
0x00007ffe045c0000 - 0x00007ffe045e8000 	C:\WINDOWS\SYSTEM32\DEVOBJ.dll
0x000000006d970000 - 0x000000006d97f000 	C:\Program Files\Java\jre1.8.0_31\bin\verify.dll
0x000000006d940000 - 0x000000006d968000 	C:\Program Files\Java\jre1.8.0_31\bin\java.dll
0x000000006d920000 - 0x000000006d936000 	C:\Program Files\Java\jre1.8.0_31\bin\zip.dll
0x000000006d660000 - 0x000000006d7f8000 	C:\Program Files\Java\jre1.8.0_31\bin\awt.dll
0x00007ffe065d0000 - 0x00007ffe06691000 	C:\WINDOWS\system32\OLEAUT32.dll
0x00007ffe01080000 - 0x00007ffe010a1000 	C:\WINDOWS\system32\DWMAPI.DLL
0x00007ffe04420000 - 0x00007ffe04549000 	C:\WINDOWS\system32\uxtheme.dll
0x00007ffdf0120000 - 0x00007ffdf01cb000 	C:\Program Files\Common Files\microsoft shared\ink\tiptsf.dll
0x00007ffe04610000 - 0x00007ffe0461b000 	C:\WINDOWS\SYSTEM32\kernel.appcore.dll
0x00007ffe056f0000 - 0x00007ffe056fb000 	C:\WINDOWS\SYSTEM32\CRYPTBASE.dll
0x00007ffe05680000 - 0x00007ffe056e3000 	C:\WINDOWS\SYSTEM32\bcryptPrimitives.dll
0x00007ffdf1d80000 - 0x00007ffdf1fa1000 	C:\WINDOWS\system32\d3d9.dll
0x00007ffdfef30000 - 0x00007ffdfef3a000 	C:\WINDOWS\SYSTEM32\VERSION.dll
0x00007ffdd8230000 - 0x00007ffdd9b11000 	C:\WINDOWS\SYSTEM32\igdumdim64.dll
0x00007ffe015f0000 - 0x00007ffe01a50000 	C:\WINDOWS\SYSTEM32\igdusc64.dll
0x000000006d610000 - 0x000000006d657000 	C:\Program Files\Java\jre1.8.0_31\bin\fontmanager.dll
0x00007ffdf9170000 - 0x00007ffdf91da000 	C:\WINDOWS\SYSTEM32\oleacc.dll
0x00007ffe06490000 - 0x00007ffe06546000 	C:\WINDOWS\SYSTEM32\clbcatq.dll
0x00007ffe050f0000 - 0x00007ffe05110000 	C:\WINDOWS\SYSTEM32\CRYPTSP.dll
0x00007ffe04cc0000 - 0x00007ffe04cf6000 	C:\WINDOWS\system32\rsaenh.dll
0x00007ffe05340000 - 0x00007ffe05366000 	C:\WINDOWS\SYSTEM32\bcrypt.dll
0x000000006d900000 - 0x000000006d91a000 	C:\Program Files\Java\jre1.8.0_31\bin\net.dll
0x00007ffe05090000 - 0x00007ffe050e9000 	C:\WINDOWS\system32\mswsock.dll
0x00007ffe00780000 - 0x00007ffe007aa000 	C:\WINDOWS\SYSTEM32\IPHLPAPI.DLL
0x00007ffe00750000 - 0x00007ffe0075a000 	C:\WINDOWS\SYSTEM32\WINNSI.DLL
0x00007ffe005d0000 - 0x00007ffe005e6000 	C:\WINDOWS\SYSTEM32\dhcpcsvc6.DLL
0x00007ffe005b0000 - 0x00007ffe005ca000 	C:\WINDOWS\SYSTEM32\dhcpcsvc.DLL
0x000000006d8e0000 - 0x000000006d8f1000 	C:\Program Files\Java\jre1.8.0_31\bin\nio.dll
0x00000000637c0000 - 0x00000000637cd000 	C:\Users\Ian\AppData\Local\Temp\jogamp_0000\file_cache\jln3369783087096133290\jln7851654611333000322\gluegen-rt.dll
0x000000006d600000 - 0x000000006d607000 	C:\Program Files\Java\jre1.8.0_31\bin\jawt.dll
0x000000006a440000 - 0x000000006a44d000 	C:\Users\Ian\AppData\Local\Temp\jogamp_0000\file_cache\jln3369783087096133290\jln7851654611333000322\nativewindow_awt.dll
0x000000006c100000 - 0x000000006c10f000 	C:\Users\Ian\AppData\Local\Temp\jogamp_0000\file_cache\jln3369783087096133290\jln7851654611333000322\nativewindow_win32.dll
0x00007ffdeba50000 - 0x00007ffdebb7b000 	C:\WINDOWS\SYSTEM32\OpenGL32.dll
0x00007ffdeba20000 - 0x00007ffdeba4e000 	C:\WINDOWS\SYSTEM32\GLU32.dll
0x00007ffdeb920000 - 0x00007ffdeba18000 	C:\WINDOWS\SYSTEM32\DDRAW.dll
0x00007ffdeb800000 - 0x00007ffdeb809000 	C:\WINDOWS\SYSTEM32\DCIMAN32.dll
0x0000000064500000 - 0x00000000645a0000 	C:\Users\Ian\AppData\Local\Temp\jogamp_0000\file_cache\jln3369783087096133290\jln7851654611333000322\jogl_desktop.dll
0x0000000180000000 - 0x00000001807de000 	C:\WINDOWS\SYSTEM32\ig75icd64.dll
0x00007ffe04e00000 - 0x00007ffe04e46000 	C:\WINDOWS\SYSTEM32\powrprof.dll
0x000000006d5f0000 - 0x000000006d5fc000 	C:\Program Files\Java\jre1.8.0_31\bin\jsound.dll
0x000000006d5e0000 - 0x000000006d5eb000 	C:\Program Files\Java\jre1.8.0_31\bin\jsoundds.dll
0x00007ffde3c80000 - 0x00007ffde3d1d000 	C:\WINDOWS\SYSTEM32\DSOUND.dll
0x00007ffe00bc0000 - 0x00007ffe00c30000 	C:\WINDOWS\SYSTEM32\MMDevAPI.DLL
0x00007ffdf3bd0000 - 0x00007ffdf3c0e000 	C:\WINDOWS\SYSTEM32\wdmaud.drv
0x00007ffe00850000 - 0x00007ffe00858000 	C:\WINDOWS\SYSTEM32\ksuser.dll
0x00007ffe03c50000 - 0x00007ffe03c5c000 	C:\WINDOWS\SYSTEM32\AVRT.dll
0x00007ffdf8dd0000 - 0x00007ffdf8e4e000 	C:\WINDOWS\SYSTEM32\AUDIOSES.DLL
0x00007ffdfa530000 - 0x00007ffdfa53b000 	C:\WINDOWS\SYSTEM32\msacm32.drv
0x00007ffdf9bc0000 - 0x00007ffdf9bdc000 	C:\WINDOWS\SYSTEM32\MSACM32.dll
0x00007ffdf9bb0000 - 0x00007ffdf9bba000 	C:\WINDOWS\SYSTEM32\midimap.dll
0x00007ffde27c0000 - 0x00007ffde295c000 	C:\Users\Ian\workspace\AVISS\lib\Kinect20.Face.dll
0x00007ffdeede0000 - 0x00007ffdeee87000 	C:\WINDOWS\SYSTEM32\MSVCP110.dll
0x00007ffdf8fc0000 - 0x00007ffdf9094000 	C:\WINDOWS\SYSTEM32\MSVCR110.dll
0x00007ffdfa560000 - 0x00007ffdfa570000 	C:\Users\Ian\workspace\AVISS\lib\KinectPV2.dll
0x00007ffde33b0000 - 0x00007ffde346a000 	C:\WINDOWS\SYSTEM32\Kinect20.dll
0x00007ffdeeee0000 - 0x00007ffdeefcb000 	C:\WINDOWS\SYSTEM32\MFPlat.DLL
0x00007ffdeedb0000 - 0x00007ffdeedd7000 	C:\WINDOWS\SYSTEM32\RTWorkQ.DLL
0x00007ffdefbc0000 - 0x00007ffdefd4a000 	C:\WINDOWS\SYSTEM32\dbghelp.dll

VM Arguments:
jvm_args: -Djava.library.path=C:\Users\Ian\workspace\AVISS\lib -Dfile.encoding=Cp1252 
java_command: aviss.applet.AVISSApplet
java_class_path (initial): C:\Users\Ian\workspace\AVISS\bin;C:\Users\Ian\workspace\AVISS\lib\commons-collections4-4.0.jar;C:\Users\Ian\workspace\AVISS\lib\core.jar;C:\Users\Ian\workspace\AVISS\lib\G4P.jar;C:\Users\Ian\workspace\AVISS\lib\gluegen-rt-natives-linux-amd64.jar;C:\Users\Ian\workspace\AVISS\lib\gluegen-rt-natives-linux-armv6hf.jar;C:\Users\Ian\workspace\AVISS\lib\gluegen-rt-natives-linux-i586.jar;C:\Users\Ian\workspace\AVISS\lib\gluegen-rt-natives-macosx-universal.jar;C:\Users\Ian\workspace\AVISS\lib\gluegen-rt-natives-windows-amd64.jar;C:\Users\Ian\workspace\AVISS\lib\gluegen-rt-natives-windows-i586.jar;C:\Users\Ian\workspace\AVISS\lib\gluegen-rt.jar;C:\Users\Ian\workspace\AVISS\lib\il_hemesh.jar;C:\Users\Ian\workspace\AVISS\lib\javolution-6.1.0.jar;C:\Users\Ian\workspace\AVISS\lib\jl1.0.jar;C:\Users\Ian\workspace\AVISS\lib\jogl-all-natives-linux-amd64.jar;C:\Users\Ian\workspace\AVISS\lib\jogl-all-natives-linux-armv6hf.jar;C:\Users\Ian\workspace\AVISS\lib\jogl-all-natives-linux-i586.jar;C:\Users\Ian\workspace\AVISS\lib\jogl-all-natives-macosx-universal.jar;C:\Users\Ian\workspace\AVISS\lib\jogl-all-natives-windows-amd64.jar;C:\Users\Ian\workspace\AVISS\lib\jogl-all-natives-windows-i586.jar;C:\Users\Ian\workspace\AVISS\lib\jogl-all.jar;C:\Users\Ian\workspace\AVISS\lib\jsminim.jar;C:\Users\Ian\workspace\AVISS\lib\jts.jar;C:\Users\Ian\workspace\AVISS\lib\KinectPV2.jar;C:\Users\Ian\workspace\AVISS\lib\log4j-1.2.17.jar;C:\Users\Ian\workspace\AVISS\lib\miglayout15-swing.jar;C:\Users\Ian\workspace\AVISS\lib\minim.jar;C:\Users\Ian\workspace\AVISS\lib\mp3spi1.9.4.jar;C:\Users\Ian\workspace\AVISS\lib\opal-1.0.1.jar;C:\Users\Ian\workspace\AVISS\lib\peasycam.jar;C:\Users\Ian\workspace\AVISS\lib\swt.jar;C:\Users\Ian\workspace\AVISS\lib\tritonus_aos.jar;C:\Users\Ian\workspace\AVISS\lib\tritonus_share.jar;C:\Users\Ian\workspace\AVISS\lib\trove-3.1a1.jar
Launcher Type: SUN_STANDARD

Environment Variables:
PATH=C:/Program Files/Java/jre1.8.0_31/bin/server;C:/Program Files/Java/jre1.8.0_31/bin;C:/Program Files/Java/jre1.8.0_31/lib/amd64;C:\MinGW\bin\;C:\Python34\;C:\Python34\Scripts;C:\ProgramData\Oracle\Java\javapath;c:\Program Files (x86)\Intel\iCLS Client\;c:\Program Files\Intel\iCLS Client\;C:\WINDOWS\system32;C:\WINDOWS;C:\WINDOWS\System32\Wbem;C:\WINDOWS\System32\WindowsPowerShell\v1.0\;C:\Program Files\Intel\Intel(R) Management Engine Components\DAL;C:\Program Files\Intel\Intel(R) Management Engine Components\IPT;C:\Program Files (x86)\Intel\Intel(R) Management Engine Components\DAL;C:\Program Files (x86)\Intel\Intel(R) Management Engine Components\IPT;C:\Program Files (x86)\Intel\OpenCL SDK\3.0\bin\x86;C:\Program Files (x86)\Intel\OpenCL SDK\3.0\bin\x64;C:\Program Files (x86)\Windows Live\Shared;C:\Program Files (x86)\QuickTime\QTSystem\;C:\Program Files (x86)\Windows Kits\8.1\Windows Performance Toolkit\;C:\Program Files\Microsoft SQL Server\110\Tools\Binn\;C:\Program Files (x86)\Microsoft SDKs\TypeScript\1.0\;C:\Program Fil;C:\MinGW\bin\;C:\Program Files (x86)\CMake\bin\;C:\Users\Ian\Documents\2014W2\CPSC_425\Canopy\User;C:\Users\Ian\Documents\2014W2\CPSC_425\Canopy\User\Scripts;C:\Program Files\Eclipse Luna\eclipse;
USERNAME=Ian
OS=Windows_NT
PROCESSOR_IDENTIFIER=Intel64 Family 6 Model 69 Stepping 1, GenuineIntel



---------------  S Y S T E M  ---------------

OS: Windows 8.1 , 64 bit Build 9600 

CPU:total 4 (2 cores per cpu, 2 threads per core) family 6 model 69 stepping 1, cmov, cx8, fxsr, mmx, sse, sse2, sse3, ssse3, sse4.1, sse4.2, popcnt, avx, avx2, aes, clmul, erms, lzcnt, ht, tsc, tscinvbit, bmi1, bmi2

Memory: 4k page, physical 8291748k(1564112k free), swap 11568548k(2624988k free)

vm_info: Java HotSpot(TM) 64-Bit Server VM (25.31-b07) for windows-amd64 JRE (1.8.0_31-b13), built on Dec 17 2014 21:00:28 by "java_re" with MS VC++ 10.0 (VS2010)

time: Tue Apr 07 20:06:45 2015
elapsed time: 8 seconds (0d 0h 0m 8s)

