#
# A fatal error has been detected by the Java Runtime Environment:
#
#  EXCEPTION_ACCESS_VIOLATION (0xc0000005) at pc=0x000000018001d5ed, pid=8404, tid=1820
#
# JRE version: Java(TM) SE Runtime Environment (8.0_31-b13) (build 1.8.0_31-b13)
# Java VM: Java HotSpot(TM) 64-Bit Server VM (25.31-b07 mixed mode windows-amd64 compressed oops)
# Problematic frame:
# C  [ig75icd64.dll+0x1d5ed]
#
# Failed to write core dump. Minidumps are not enabled by default on client versions of Windows
#
# If you would like to submit a bug report, please visit:
#   http://bugreport.java.com/bugreport/crash.jsp
# The crash happened outside the Java Virtual Machine in native code.
# See problematic frame for where to report the bug.
#

---------------  T H R E A D  ---------------

Current thread (0x0000000019ea6000):  JavaThread "AWT-EventQueue-0" [_thread_in_native, id=1820, stack(0x000000001d200000,0x000000001d300000)]

siginfo: ExceptionCode=0xc0000005, reading address 0x0000000027067000

Registers:
RAX=0x0000000000000020, RBX=0x00000000000215c0, RCX=0x000000003dd425c0, RDX=0x0000000027066fc0
RSP=0x000000001d2fd720, RBP=0x000000001d2fd880, RSI=0x000000000027c000, RDI=0x000000001cab0080
R8 =0x000000000000ffa0, R9 =0x0000000000000000, R10=0x00000000000001ff, R11=0x0000000000000020
R12=0x0000000000000000, R13=0x0000000000000000, R14=0x000000001c0e89f0, R15=0x000000000000ffa0
RIP=0x000000018001d5ed, EFLAGS=0x0000000000010207

Top of Stack: (sp=0x000000001d2fd720)
0x000000001d2fd720:   00000000000088e4 000000001cce2ee0
0x000000001d2fd730:   0000000019ea6000 0000000000000001
0x000000001d2fd740:   000000004469d3ad 0000000000000000
0x000000001d2fd750:   0000000000000000 0000000000000000
0x000000001d2fd760:   000000001cab0080 000000018025d321
0x000000001d2fd770:   0000000000000000 0000000000000000
0x000000001d2fd780:   0000000000000001 00000000000088e4
0x000000001d2fd790:   00000000dfd0ab60 00000000dfd0ab60
0x000000001d2fd7a0:   0000000000000000 0000000000000000
0x000000001d2fd7b0:   0000000000000000 0000000000000000
0x000000001d2fd7c0:   0000000000000000 0000000000000000
0x000000001d2fd7d0:   000000001d2fdcc8 000000000332eeac
0x000000001d2fd7e0:   00000000000088e4 00000001804b8f40
0x000000001d2fd7f0:   0000000000000000 0000000000000000
0x000000001d2fd800:   0000000000000000 0000000000000000
0x000000001d2fd810:   0000000000000000 0000000000000000 

Instructions: (pc=0x000000018001d5ed)
0x000000018001d5cd:   00 00 00 66 0f 6f 3a 66 0f 6f 72 10 66 0f 6f 6a
0x000000018001d5dd:   20 41 ff c3 48 83 e9 80 41 8b c3 66 0f 6f 62 30
0x000000018001d5ed:   66 0f 6f 5a 40 66 0f 6f 52 50 66 0f 6f 4a 60 66
0x000000018001d5fd:   0f 6f 42 70 66 0f 7f 79 80 48 83 ea 80 66 0f 7f 


Register to memory mapping:

RAX=0x0000000000000020 is an unknown value
RBX=0x00000000000215c0 is an unknown value
RCX=0x000000003dd425c0 is an unknown value
RDX=0x0000000027066fc0 is an unknown value
RSP=0x000000001d2fd720 is pointing into the stack for thread: 0x0000000019ea6000
RBP=0x000000001d2fd880 is pointing into the stack for thread: 0x0000000019ea6000
RSI=0x000000000027c000 is an unknown value
RDI=0x000000001cab0080 is an unknown value
R8 =0x000000000000ffa0 is an unknown value
R9 =0x0000000000000000 is an unknown value
R10=0x00000000000001ff is an unknown value
R11=0x0000000000000020 is an unknown value
R12=0x0000000000000000 is an unknown value
R13=0x0000000000000000 is an unknown value
R14=0x000000001c0e89f0 is an unknown value
R15=0x000000000000ffa0 is an unknown value


Stack: [0x000000001d200000,0x000000001d300000],  sp=0x000000001d2fd720,  free space=1013k
Native frames: (J=compiled Java code, j=interpreted, Vv=VM code, C=native code)
C  [ig75icd64.dll+0x1d5ed]
C  [ig75icd64.dll+0x25d321]
C  [ig75icd64.dll+0x8b17c]
C  [ig75icd64.dll+0x6c76f]
C  0x0000000002e95b74

Java frames: (J=compiled Java code, j=interpreted, Vv=VM code)
j  jogamp.opengl.gl4.GL4bcImpl.dispatch_glBufferSubData1(IJJLjava/lang/Object;IZJ)V+0
j  jogamp.opengl.gl4.GL4bcImpl.glBufferSubData(IJJLjava/nio/Buffer;)V+93
j  processing.opengl.PJOGL.bufferSubData(IIILjava/nio/Buffer;)V+11
j  aviss.visuals.KinectStarCloudGenerator.renderStarsUsingKinectData()V+135
j  aviss.visuals.KinectStarCloudGenerator.run()V+287
j  aviss.applet.AVISSApplet.draw()V+53
j  processing.core.PApplet.handleDraw()V+231
j  processing.opengl.PJOGL$PGLListener.display(Ljavax/media/opengl/GLAutoDrawable;)V+476
j  jogamp.opengl.GLDrawableHelper.displayImpl(Ljavax/media/opengl/GLAutoDrawable;)V+81
j  jogamp.opengl.GLDrawableHelper.display(Ljavax/media/opengl/GLAutoDrawable;)V+2
j  javax.media.opengl.awt.GLCanvas$10.run()V+118
j  jogamp.opengl.GLDrawableHelper.invokeGLImpl(Ljavax/media/opengl/GLDrawable;Ljavax/media/opengl/GLContext;Ljava/lang/Runnable;Ljava/lang/Runnable;)V+206
j  jogamp.opengl.GLDrawableHelper.invokeGL(Ljavax/media/opengl/GLDrawable;Ljavax/media/opengl/GLContext;Ljava/lang/Runnable;Ljava/lang/Runnable;)V+80
j  javax.media.opengl.awt.GLCanvas$11.run()V+73
j  java.awt.event.InvocationEvent.dispatch()V+11
j  java.awt.EventQueue.dispatchEventImpl(Ljava/awt/AWTEvent;Ljava/lang/Object;)V+21
j  java.awt.EventQueue.access$500(Ljava/awt/EventQueue;Ljava/awt/AWTEvent;Ljava/lang/Object;)V+3
j  java.awt.EventQueue$3.run()Ljava/lang/Void;+32
j  java.awt.EventQueue$3.run()Ljava/lang/Object;+1
v  ~StubRoutines::call_stub
J 1312  java.security.AccessController.doPrivileged(Ljava/security/PrivilegedAction;Ljava/security/AccessControlContext;)Ljava/lang/Object; (0 bytes) @ 0x0000000003351366 [0x0000000003351300+0x66]
j  java.security.ProtectionDomain$1.doIntersectionPrivilege(Ljava/security/PrivilegedAction;Ljava/security/AccessControlContext;Ljava/security/AccessControlContext;)Ljava/lang/Object;+28
j  java.awt.EventQueue.dispatchEvent(Ljava/awt/AWTEvent;)V+46
j  java.awt.EventDispatchThread.pumpOneEventForFilters(I)V+245
j  java.awt.EventDispatchThread.pumpEventsForFilter(ILjava/awt/Conditional;Ljava/awt/EventFilter;)V+35
j  java.awt.EventDispatchThread.pumpEventsForHierarchy(ILjava/awt/Conditional;Ljava/awt/Component;)V+11
j  java.awt.EventDispatchThread.pumpEvents(ILjava/awt/Conditional;)V+4
j  java.awt.EventDispatchThread.pumpEvents(Ljava/awt/Conditional;)V+3
j  java.awt.EventDispatchThread.run()V+9
v  ~StubRoutines::call_stub

---------------  P R O C E S S  ---------------

Java Threads: ( => current thread )
  0x000000001eac5800 JavaThread "Thread-258" [_thread_blocked, id=8748, stack(0x0000000034e20000,0x0000000034f20000)]
  0x000000001eac3800 JavaThread "Thread-6" [_thread_blocked, id=5992, stack(0x0000000026ad0000,0x0000000026bd0000)]
  0x000000001eac2800 JavaThread "Java Sound Event Dispatcher" daemon [_thread_blocked, id=7936, stack(0x00000000263d0000,0x00000000264d0000)]
  0x000000001a23c000 JavaThread "Animation Thread-SharedResourceRunner" daemon [_thread_blocked, id=1336, stack(0x000000001fba0000,0x000000001fca0000)]
  0x000000000141e000 JavaThread "DestroyJavaVM" [_thread_blocked, id=9200, stack(0x0000000002c80000,0x0000000002d80000)]
  0x0000000019f48000 JavaThread "Animation Thread" [_thread_blocked, id=4820, stack(0x000000001e5d0000,0x000000001e6d0000)]
  0x0000000019f3c800 JavaThread "D3D Screen Updater" daemon [_thread_blocked, id=3752, stack(0x000000001d7e0000,0x000000001d8e0000)]
=>0x0000000019ea6000 JavaThread "AWT-EventQueue-0" [_thread_in_native, id=1820, stack(0x000000001d200000,0x000000001d300000)]
  0x000000001964e800 JavaThread "AWT-Windows" daemon [_thread_in_native, id=6164, stack(0x000000001a750000,0x000000001a850000)]
  0x000000001964d800 JavaThread "AWT-Shutdown" [_thread_blocked, id=7688, stack(0x000000001a650000,0x000000001a750000)]
  0x000000001964c800 JavaThread "Java2D Disposer" daemon [_thread_blocked, id=3924, stack(0x000000001a550000,0x000000001a650000)]
  0x000000001926d000 JavaThread "Service Thread" daemon [_thread_blocked, id=3036, stack(0x0000000019650000,0x0000000019750000)]
  0x00000000179ef000 JavaThread "C1 CompilerThread2" daemon [_thread_blocked, id=4632, stack(0x0000000019150000,0x0000000019250000)]
  0x00000000179ed000 JavaThread "C2 CompilerThread1" daemon [_thread_blocked, id=5648, stack(0x0000000019050000,0x0000000019150000)]
  0x00000000179df000 JavaThread "C2 CompilerThread0" daemon [_thread_blocked, id=1380, stack(0x0000000018f50000,0x0000000019050000)]
  0x00000000179de000 JavaThread "Attach Listener" daemon [_thread_blocked, id=7932, stack(0x0000000018e50000,0x0000000018f50000)]
  0x00000000179dd000 JavaThread "Signal Dispatcher" daemon [_thread_blocked, id=436, stack(0x0000000018d50000,0x0000000018e50000)]
  0x0000000002e75000 JavaThread "Finalizer" daemon [_thread_blocked, id=5520, stack(0x0000000018c50000,0x0000000018d50000)]
  0x0000000002e6c000 JavaThread "Reference Handler" daemon [_thread_blocked, id=1392, stack(0x0000000018b50000,0x0000000018c50000)]

Other Threads:
  0x00000000179a5000 VMThread [stack: 0x0000000018a50000,0x0000000018b50000] [id=2952]
  0x0000000019287000 WatcherThread [stack: 0x0000000019750000,0x0000000019850000] [id=4120]

VM state:not at safepoint (normal execution)

VM Mutex/Monitor currently owned by a thread: None

Heap:
 PSYoungGen      total 216576K, used 142361K [0x00000000d5d00000, 0x00000000e7e80000, 0x0000000100000000)
  eden space 161280K, 84% used [0x00000000d5d00000,0x00000000de21a528,0x00000000dfa80000)
  from space 55296K, 10% used [0x00000000dfa80000,0x00000000e006c020,0x00000000e3080000)
  to   space 53248K, 0% used [0x00000000e4a80000,0x00000000e4a80000,0x00000000e7e80000)
 ParOldGen       total 311808K, used 196193K [0x0000000081600000, 0x0000000094680000, 0x00000000d5d00000)
  object space 311808K, 62% used [0x0000000081600000,0x000000008d5984f0,0x0000000094680000)
 Metaspace       used 17763K, capacity 17941K, committed 18048K, reserved 1064960K
  class space    used 1817K, capacity 1889K, committed 1920K, reserved 1048576K

Card table byte_map: [0x0000000012240000,0x0000000012640000] byte_map_base: 0x0000000011e35000

Marking Bits: (ParMarkBitMap*) 0x0000000070eed4f0
 Begin Bits: [0x0000000012cf0000, 0x0000000014c98000)
 End Bits:   [0x0000000014c98000, 0x0000000016c40000)

Polling page: 0x0000000001260000

CodeCache: size=245760Kb used=5173Kb max_used=5173Kb free=240586Kb
 bounds [0x0000000002e80000, 0x00000000033a0000, 0x0000000011e80000]
 total_blobs=2320 nmethods=1424 adapters=810
 compilation: enabled

Compilation events (10 events):
Event: 7.397 Thread 0x00000000179ef000 1419       3       KinectPV2.Skeleton::createSkeleton3D (284 bytes)
Event: 7.398 Thread 0x00000000179ef000 nmethod 1419 0x000000000338f290 code [0x000000000338f460, 0x000000000338f9d0]
Event: 7.398 Thread 0x00000000179ef000 1420       3       com.jogamp.nativewindow.awt.JAWTWindow::getGraphicsConfiguration (8 bytes)
Event: 7.398 Thread 0x00000000179ef000 nmethod 1420 0x000000000338fdd0 code [0x000000000338ff40, 0x0000000003390170]
Event: 7.398 Thread 0x00000000179ef000 1422       3       sun.awt.EventQueueItem::<init> (10 bytes)
Event: 7.398 Thread 0x00000000179ef000 nmethod 1422 0x0000000003390250 code [0x00000000033903a0, 0x0000000003390570]
Event: 7.442 Thread 0x00000000179ef000 1424       3       sun.awt.AWTAutoShutdown::notifyToolkitThreadBusy (8 bytes)
Event: 7.442 Thread 0x00000000179ef000 nmethod 1424 0x00000000033909d0 code [0x0000000003390b40, 0x0000000003390d08]
Event: 7.460 Thread 0x00000000179ef000 1425       3       java.util.AbstractSequentialList::iterator (5 bytes)
Event: 7.461 Thread 0x00000000179ef000 nmethod 1425 0x0000000003390dd0 code [0x0000000003390f40, 0x0000000003391228]

GC Heap History (10 events):
Event: 2.820 GC heap before
{Heap before GC invocations=6 (full 1):
 PSYoungGen      total 138240K, used 126206K [0x00000000d5d00000, 0x00000000de900000, 0x0000000100000000)
  eden space 133120K, 94% used [0x00000000d5d00000,0x00000000dd83fa18,0x00000000ddf00000)
  from space 5120K, 0% used [0x00000000de400000,0x00000000de400000,0x00000000de900000)
  to   space 5120K, 0% used [0x00000000ddf00000,0x00000000ddf00000,0x00000000de400000)
 ParOldGen       total 177152K, used 79835K [0x0000000081600000, 0x000000008c300000, 0x00000000d5d00000)
  object space 177152K, 45% used [0x0000000081600000,0x00000000863f6fd0,0x000000008c300000)
 Metaspace       used 17529K, capacity 17687K, committed 17792K, reserved 1064960K
  class space    used 1801K, capacity 1852K, committed 1920K, reserved 1048576K
Event: 2.952 GC heap after
Heap after GC invocations=6 (full 1):
 PSYoungGen      total 138240K, used 126206K [0x00000000d5d00000, 0x00000000de900000, 0x0000000100000000)
  eden space 133120K, 94% used [0x00000000d5d00000,0x00000000dd83fa18,0x00000000ddf00000)
  from space 5120K, 0% used [0x00000000de400000,0x00000000de400000,0x00000000de900000)
  to   space 5120K, 99% used [0x00000000ddf00000,0x00000000de3f8010,0x00000000de400000)
 ParOldGen       total 185856K, used 185823K [0x0000000081600000, 0x000000008cb80000, 0x00000000d5d00000)
  object space 185856K, 99% used [0x0000000081600000,0x000000008cb77fe0,0x000000008cb80000)
 Metaspace       used 17529K, capacity 17687K, committed 17792K, reserved 1064960K
  class space    used 1801K, capacity 1852K, committed 1920K, reserved 1048576K
}
Event: 2.952 GC heap before
{Heap before GC invocations=7 (full 2):
 PSYoungGen      total 138240K, used 126206K [0x00000000d5d00000, 0x00000000de900000, 0x0000000100000000)
  eden space 133120K, 94% used [0x00000000d5d00000,0x00000000dd83fa18,0x00000000ddf00000)
  from space 5120K, 0% used [0x00000000de400000,0x00000000de400000,0x00000000de900000)
  to   space 5120K, 99% used [0x00000000ddf00000,0x00000000de3f8010,0x00000000de400000)
 ParOldGen       total 185856K, used 185823K [0x0000000081600000, 0x000000008cb80000, 0x00000000d5d00000)
  object space 185856K, 99% used [0x0000000081600000,0x000000008cb77fe0,0x000000008cb80000)
 Metaspace       used 17529K, capacity 17687K, committed 17792K, reserved 1064960K
  class space    used 1801K, capacity 1852K, committed 1920K, reserved 1048576K
Event: 4.114 GC heap after
Heap after GC invocations=7 (full 2):
 PSYoungGen      total 138240K, used 7313K [0x00000000d5d00000, 0x00000000de900000, 0x0000000100000000)
  eden space 133120K, 5% used [0x00000000d5d00000,0x00000000d6424750,0x00000000ddf00000)
  from space 5120K, 0% used [0x00000000de400000,0x00000000de400000,0x00000000de900000)
  to   space 5120K, 0% used [0x00000000ddf00000,0x00000000ddf00000,0x00000000de400000)
 ParOldGen       total 311808K, used 185761K [0x0000000081600000, 0x0000000094680000, 0x00000000d5d00000)
  object space 311808K, 59% used [0x0000000081600000,0x000000008cb684d0,0x0000000094680000)
 Metaspace       used 17529K, capacity 17687K, committed 17792K, reserved 1064960K
  class space    used 1801K, capacity 1852K, committed 1920K, reserved 1048576K
}
Event: 5.487 GC heap before
{Heap before GC invocations=8 (full 2):
 PSYoungGen      total 138240K, used 133120K [0x00000000d5d00000, 0x00000000de900000, 0x0000000100000000)
  eden space 133120K, 100% used [0x00000000d5d00000,0x00000000ddf00000,0x00000000ddf00000)
  from space 5120K, 0% used [0x00000000de400000,0x00000000de400000,0x00000000de900000)
  to   space 5120K, 0% used [0x00000000ddf00000,0x00000000ddf00000,0x00000000de400000)
 ParOldGen       total 311808K, used 185761K [0x0000000081600000, 0x0000000094680000, 0x00000000d5d00000)
  object space 311808K, 59% used [0x0000000081600000,0x000000008cb684d0,0x0000000094680000)
 Metaspace       used 17621K, capacity 17763K, committed 18048K, reserved 1064960K
  class space    used 1804K, capacity 1854K, committed 1920K, reserved 1048576K
Event: 5.521 GC heap after
Heap after GC invocations=8 (full 2):
 PSYoungGen      total 138240K, used 5088K [0x00000000d5d00000, 0x00000000e6e80000, 0x0000000100000000)
  eden space 133120K, 0% used [0x00000000d5d00000,0x00000000d5d00000,0x00000000ddf00000)
  from space 5120K, 99% used [0x00000000ddf00000,0x00000000de3f8010,0x00000000de400000)
  to   space 56320K, 0% used [0x00000000e3780000,0x00000000e3780000,0x00000000e6e80000)
 ParOldGen       total 311808K, used 196185K [0x0000000081600000, 0x0000000094680000, 0x00000000d5d00000)
  object space 311808K, 62% used [0x0000000081600000,0x000000008d5964f0,0x0000000094680000)
 Metaspace       used 17621K, capacity 17763K, committed 18048K, reserved 1064960K
  class space    used 1804K, capacity 1854K, committed 1920K, reserved 1048576K
}
Event: 6.579 GC heap before
{Heap before GC invocations=9 (full 2):
 PSYoungGen      total 138240K, used 136783K [0x00000000d5d00000, 0x00000000e6e80000, 0x0000000100000000)
  eden space 133120K, 98% used [0x00000000d5d00000,0x00000000ddd9bfe0,0x00000000ddf00000)
  from space 5120K, 99% used [0x00000000ddf00000,0x00000000de3f8010,0x00000000de400000)
  to   space 56320K, 0% used [0x00000000e3780000,0x00000000e3780000,0x00000000e6e80000)
 ParOldGen       total 311808K, used 196185K [0x0000000081600000, 0x0000000094680000, 0x00000000d5d00000)
  object space 311808K, 62% used [0x0000000081600000,0x000000008d5964f0,0x0000000094680000)
 Metaspace       used 17696K, capacity 17877K, committed 18048K, reserved 1064960K
  class space    used 1817K, capacity 1889K, committed 1920K, reserved 1048576K
Event: 6.590 GC heap after
Heap after GC invocations=9 (full 2):
 PSYoungGen      total 209408K, used 5280K [0x00000000d5d00000, 0x00000000e6680000, 0x0000000100000000)
  eden space 161280K, 0% used [0x00000000d5d00000,0x00000000d5d00000,0x00000000dfa80000)
  from space 48128K, 10% used [0x00000000e3780000,0x00000000e3ca8010,0x00000000e6680000)
  to   space 55296K, 0% used [0x00000000dfa80000,0x00000000dfa80000,0x00000000e3080000)
 ParOldGen       total 311808K, used 196185K [0x0000000081600000, 0x0000000094680000, 0x00000000d5d00000)
  object space 311808K, 62% used [0x0000000081600000,0x000000008d5964f0,0x0000000094680000)
 Metaspace       used 17696K, capacity 17877K, committed 18048K, reserved 1064960K
  class space    used 1817K, capacity 1889K, committed 1920K, reserved 1048576K
}
Event: 7.153 GC heap before
{Heap before GC invocations=10 (full 2):
 PSYoungGen      total 209408K, used 164490K [0x00000000d5d00000, 0x00000000e6680000, 0x0000000100000000)
  eden space 161280K, 98% used [0x00000000d5d00000,0x00000000df87aa00,0x00000000dfa80000)
  from space 48128K, 10% used [0x00000000e3780000,0x00000000e3ca8010,0x00000000e6680000)
  to   space 55296K, 0% used [0x00000000dfa80000,0x00000000dfa80000,0x00000000e3080000)
 ParOldGen       total 311808K, used 196185K [0x0000000081600000, 0x0000000094680000, 0x00000000d5d00000)
  object space 311808K, 62% used [0x0000000081600000,0x000000008d5964f0,0x0000000094680000)
 Metaspace       used 17746K, capacity 17941K, committed 18048K, reserved 1064960K
  class space    used 1817K, capacity 1889K, committed 1920K, reserved 1048576K
Event: 7.165 GC heap after
Heap after GC invocations=10 (full 2):
 PSYoungGen      total 216576K, used 6064K [0x00000000d5d00000, 0x00000000e7e80000, 0x0000000100000000)
  eden space 161280K, 0% used [0x00000000d5d00000,0x00000000d5d00000,0x00000000dfa80000)
  from space 55296K, 10% used [0x00000000dfa80000,0x00000000e006c020,0x00000000e3080000)
  to   space 53248K, 0% used [0x00000000e4a80000,0x00000000e4a80000,0x00000000e7e80000)
 ParOldGen       total 311808K, used 196193K [0x0000000081600000, 0x0000000094680000, 0x00000000d5d00000)
  object space 311808K, 62% used [0x0000000081600000,0x000000008d5984f0,0x0000000094680000)
 Metaspace       used 17746K, capacity 17941K, committed 18048K, reserved 1064960K
  class space    used 1817K, capacity 1889K, committed 1920K, reserved 1048576K
}

Deoptimization events (5 events):
Event: 1.631 Thread 0x0000000019ea6000 Uncommon trap: reason=unreached action=reinterpret pc=0x00000000031d1088 method=com.jogamp.common.nio.Buffers.isDirect(Ljava/lang/Object;)Z @ 1
Event: 1.631 Thread 0x0000000019ea6000 Uncommon trap: reason=unreached action=reinterpret pc=0x00000000031d360c method=com.jogamp.common.nio.Buffers.getDirectBufferByteOffset(Ljava/lang/Object;)I @ 1
Event: 1.667 Thread 0x0000000019ea6000 Uncommon trap: reason=unreached action=reinterpret pc=0x00000000031c8310 method=com.jogamp.common.util.IntIntHashMap.get(I)I @ 19
Event: 1.687 Thread 0x0000000019ea0800 Uncommon trap: reason=unreached action=reinterpret pc=0x0000000003183970 method=java.lang.reflect.AccessibleObject.setAccessible0(Ljava/lang/reflect/AccessibleObject;Z)V @ 4
Event: 4.870 Thread 0x0000000019ea6000 Uncommon trap: reason=class_check action=maybe_recompile pc=0x000000000329c1c0 method=java.util.LinkedHashMap.afterNodeInsertion(Z)V @ 15

Internal exceptions (10 events):
Event: 2.008 Thread 0x0000000019ea6000 Exception <a 'java/security/PrivilegedActionException'> (0x00000000d8f6ec90) thrown at [C:\workspace\8-2-build-windows-amd64-cygwin\jdk8u31\2394\hotspot\src\share\vm\prims\jvm.cpp, line 1312]
Event: 2.009 Thread 0x0000000019ea6000 Exception <a 'java/security/PrivilegedActionException'> (0x00000000d8f736f8) thrown at [C:\workspace\8-2-build-windows-amd64-cygwin\jdk8u31\2394\hotspot\src\share\vm\prims\jvm.cpp, line 1312]
Event: 2.097 Thread 0x0000000019ea6000 Exception <a 'java/security/PrivilegedActionException'> (0x00000000d8fc0338) thrown at [C:\workspace\8-2-build-windows-amd64-cygwin\jdk8u31\2394\hotspot\src\share\vm\prims\jvm.cpp, line 1312]
Event: 2.674 Thread 0x0000000019f48000 Exception <a 'java/security/PrivilegedActionException'> (0x00000000dd5893f0) thrown at [C:\workspace\8-2-build-windows-amd64-cygwin\jdk8u31\2394\hotspot\src\share\vm\prims\jvm.cpp, line 1312]
Event: 2.701 Thread 0x0000000019f48000 Exception <a 'java/security/PrivilegedActionException'> (0x00000000dd58be10) thrown at [C:\workspace\8-2-build-windows-amd64-cygwin\jdk8u31\2394\hotspot\src\share\vm\prims\jvm.cpp, line 1312]
Event: 2.724 Thread 0x0000000019f48000 Exception <a 'java/lang/reflect/InvocationTargetException'> (0x00000000dd594bc8) thrown at [C:\workspace\8-2-build-windows-amd64-cygwin\jdk8u31\2394\hotspot\src\share\vm\runtime\reflection.cpp, line 1080]
Event: 4.115 Thread 0x0000000002e75000 Exception <a 'java/security/PrivilegedActionException'> (0x00000000d6c69310) thrown at [C:\workspace\8-2-build-windows-amd64-cygwin\jdk8u31\2394\hotspot\src\share\vm\prims\jvm.cpp, line 1312]
Event: 4.156 Thread 0x0000000019ea6000 Exception <a 'java/security/PrivilegedActionException'> (0x00000000d7658600) thrown at [C:\workspace\8-2-build-windows-amd64-cygwin\jdk8u31\2394\hotspot\src\share\vm\prims\jvm.cpp, line 1312]
Event: 4.801 Thread 0x0000000019ea6000 Exception <a 'java/security/PrivilegedActionException'> (0x00000000d87a5c20) thrown at [C:\workspace\8-2-build-windows-amd64-cygwin\jdk8u31\2394\hotspot\src\share\vm\prims\jvm.cpp, line 1312]
Event: 4.862 Thread 0x0000000019ea6000 Exception <a 'java/security/PrivilegedActionException'> (0x00000000daa3a1f8) thrown at [C:\workspace\8-2-build-windows-amd64-cygwin\jdk8u31\2394\hotspot\src\share\vm\prims\jvm.cpp, line 1312]

Events (10 events):
Event: 7.371 Thread 0x000000001eac5000 Thread added: 0x000000001eac5000
Event: 7.371 Thread 0x000000001eac5000 Thread exited: 0x000000001eac5000
Event: 7.389 Thread 0x000000001eac7000 Thread added: 0x000000001eac7000
Event: 7.389 Thread 0x000000001eac7000 Thread exited: 0x000000001eac7000
Event: 7.413 Thread 0x000000001eac4000 Thread added: 0x000000001eac4000
Event: 7.414 Thread 0x000000001eac4000 Thread exited: 0x000000001eac4000
Event: 7.440 Thread 0x000000001eac7000 Thread added: 0x000000001eac7000
Event: 7.441 Thread 0x000000001eac7000 Thread exited: 0x000000001eac7000
Event: 7.460 Thread 0x000000001eac5000 Thread added: 0x000000001eac5000
Event: 7.462 Thread 0x000000001eac5000 Thread exited: 0x000000001eac5000


Dynamic libraries:
0x00007ff63b3c0000 - 0x00007ff63b3f4000 	C:\Program Files\Java\jre1.8.0_31\bin\javaw.exe
0x00007ffd5d800000 - 0x00007ffd5d9ac000 	C:\WINDOWS\SYSTEM32\ntdll.dll
0x00007ffd5b9e0000 - 0x00007ffd5bb1e000 	C:\WINDOWS\system32\KERNEL32.DLL
0x00007ffd5ad60000 - 0x00007ffd5ae75000 	C:\WINDOWS\system32\KERNELBASE.dll
0x00007ffd58fa0000 - 0x00007ffd5902e000 	C:\WINDOWS\system32\apphelp.dll
0x00007ffd47850000 - 0x00007ffd478a3000 	C:\WINDOWS\AppPatch\AppPatch64\AcGenral.DLL
0x00007ffd5d750000 - 0x00007ffd5d7fa000 	C:\WINDOWS\system32\msvcrt.dll
0x00007ffd5a7f0000 - 0x00007ffd5a81e000 	C:\WINDOWS\SYSTEM32\SspiCli.dll
0x00007ffd5bda0000 - 0x00007ffd5bdf4000 	C:\WINDOWS\system32\SHLWAPI.dll
0x00007ffd5b700000 - 0x00007ffd5b877000 	C:\WINDOWS\system32\USER32.dll
0x00007ffd5bc00000 - 0x00007ffd5bd94000 	C:\WINDOWS\system32\ole32.dll
0x00007ffd5be00000 - 0x00007ffd5d318000 	C:\WINDOWS\system32\SHELL32.dll
0x00007ffd59f70000 - 0x00007ffd59f91000 	C:\WINDOWS\SYSTEM32\USERENV.dll
0x00007ffd5d320000 - 0x00007ffd5d3ca000 	C:\WINDOWS\system32\ADVAPI32.dll
0x00007ffd44540000 - 0x00007ffd4455e000 	C:\WINDOWS\SYSTEM32\MPR.dll
0x00007ffd5b880000 - 0x00007ffd5b9c1000 	C:\WINDOWS\system32\RPCRT4.dll
0x00007ffd5ae80000 - 0x00007ffd5aed9000 	C:\WINDOWS\SYSTEM32\sechost.dll
0x00007ffd5afc0000 - 0x00007ffd5b1d1000 	C:\WINDOWS\SYSTEM32\combase.dll
0x00007ffd5d3d0000 - 0x00007ffd5d521000 	C:\WINDOWS\system32\GDI32.dll
0x00007ffd5a950000 - 0x00007ffd5a965000 	C:\WINDOWS\SYSTEM32\profapi.dll
0x00007ffd58720000 - 0x00007ffd587d2000 	C:\WINDOWS\SYSTEM32\SHCORE.dll
0x00007ffd5b1e0000 - 0x00007ffd5b216000 	C:\WINDOWS\system32\IMM32.DLL
0x00007ffd5b350000 - 0x00007ffd5b4a1000 	C:\WINDOWS\system32\MSCTF.dll
0x00007ffd57e00000 - 0x00007ffd5807b000 	C:\WINDOWS\WinSxS\amd64_microsoft.windows.common-controls_6595b64144ccf1df_6.0.9600.17415_none_6240486fecbd8abb\COMCTL32.dll
0x000000006f9e0000 - 0x000000006fab2000 	C:\Program Files\Java\jre1.8.0_31\bin\msvcr100.dll
0x0000000070710000 - 0x0000000070f6a000 	C:\Program Files\Java\jre1.8.0_31\bin\server\jvm.dll
0x00007ffd4f940000 - 0x00007ffd4f949000 	C:\WINDOWS\SYSTEM32\WSOCK32.dll
0x00007ffd559c0000 - 0x00007ffd559e2000 	C:\WINDOWS\SYSTEM32\WINMM.dll
0x00007ffd5bbe0000 - 0x00007ffd5bbe7000 	C:\WINDOWS\system32\PSAPI.DLL
0x00007ffd5d6f0000 - 0x00007ffd5d74a000 	C:\WINDOWS\system32\WS2_32.dll
0x00007ffd55990000 - 0x00007ffd559ba000 	C:\WINDOWS\SYSTEM32\WINMMBASE.dll
0x00007ffd5d6e0000 - 0x00007ffd5d6e9000 	C:\WINDOWS\system32\NSI.dll
0x00007ffd5acb0000 - 0x00007ffd5acff000 	C:\WINDOWS\SYSTEM32\cfgmgr32.dll
0x00007ffd59760000 - 0x00007ffd59788000 	C:\WINDOWS\SYSTEM32\DEVOBJ.dll
0x0000000070700000 - 0x000000007070f000 	C:\Program Files\Java\jre1.8.0_31\bin\verify.dll
0x00000000706d0000 - 0x00000000706f8000 	C:\Program Files\Java\jre1.8.0_31\bin\java.dll
0x00000000706b0000 - 0x00000000706c6000 	C:\Program Files\Java\jre1.8.0_31\bin\zip.dll
0x000000006f840000 - 0x000000006f9d8000 	C:\Program Files\Java\jre1.8.0_31\bin\awt.dll
0x00007ffd5b280000 - 0x00007ffd5b341000 	C:\WINDOWS\system32\OLEAUT32.dll
0x00007ffd58520000 - 0x00007ffd58541000 	C:\WINDOWS\system32\DWMAPI.DLL
0x00007ffd595c0000 - 0x00007ffd596e9000 	C:\WINDOWS\system32\uxtheme.dll
0x00007ffd44b20000 - 0x00007ffd44bcb000 	C:\Program Files\Common Files\microsoft shared\ink\tiptsf.dll
0x00007ffd59790000 - 0x00007ffd5979b000 	C:\WINDOWS\SYSTEM32\kernel.appcore.dll
0x00007ffd5a890000 - 0x00007ffd5a89b000 	C:\WINDOWS\SYSTEM32\CRYPTBASE.dll
0x00007ffd5a820000 - 0x00007ffd5a883000 	C:\WINDOWS\SYSTEM32\bcryptPrimitives.dll
0x00007ffd47c50000 - 0x00007ffd47e71000 	C:\WINDOWS\system32\d3d9.dll
0x00007ffd4eac0000 - 0x00007ffd4eaca000 	C:\WINDOWS\SYSTEM32\VERSION.dll
0x00007ffd29200000 - 0x00007ffd2aae1000 	C:\WINDOWS\SYSTEM32\igdumdim64.dll
0x00007ffd55ea0000 - 0x00007ffd56300000 	C:\WINDOWS\SYSTEM32\igdusc64.dll
0x000000006f7f0000 - 0x000000006f837000 	C:\Program Files\Java\jre1.8.0_31\bin\fontmanager.dll
0x00007ffd4e390000 - 0x00007ffd4e3fa000 	C:\WINDOWS\SYSTEM32\oleacc.dll
0x00007ffd5a290000 - 0x00007ffd5a2b0000 	C:\WINDOWS\SYSTEM32\CRYPTSP.dll
0x00007ffd59e60000 - 0x00007ffd59e96000 	C:\WINDOWS\system32\rsaenh.dll
0x00007ffd5a4e0000 - 0x00007ffd5a506000 	C:\WINDOWS\SYSTEM32\bcrypt.dll
0x0000000070690000 - 0x00000000706aa000 	C:\Program Files\Java\jre1.8.0_31\bin\net.dll
0x00007ffd5a230000 - 0x00007ffd5a289000 	C:\WINDOWS\system32\mswsock.dll
0x00007ffd5bb20000 - 0x00007ffd5bbd6000 	C:\WINDOWS\SYSTEM32\clbcatq.dll
0x00007ffd55920000 - 0x00007ffd5594a000 	C:\WINDOWS\SYSTEM32\IPHLPAPI.DLL
0x00007ffd558f0000 - 0x00007ffd558fa000 	C:\WINDOWS\SYSTEM32\WINNSI.DLL
0x00007ffd55770000 - 0x00007ffd55786000 	C:\WINDOWS\SYSTEM32\dhcpcsvc6.DLL
0x00007ffd55700000 - 0x00007ffd5571a000 	C:\WINDOWS\SYSTEM32\dhcpcsvc.DLL
0x0000000070670000 - 0x0000000070681000 	C:\Program Files\Java\jre1.8.0_31\bin\nio.dll
0x00000000637c0000 - 0x00000000637cd000 	C:\Users\Ian\AppData\Local\Temp\jogamp_0000\file_cache\jln7095179823110358450\jln8695883881399633921\gluegen-rt.dll
0x000000006f7e0000 - 0x000000006f7e7000 	C:\Program Files\Java\jre1.8.0_31\bin\jawt.dll
0x000000006a440000 - 0x000000006a44d000 	C:\Users\Ian\AppData\Local\Temp\jogamp_0000\file_cache\jln7095179823110358450\jln8695883881399633921\nativewindow_awt.dll
0x000000006c100000 - 0x000000006c10f000 	C:\Users\Ian\AppData\Local\Temp\jogamp_0000\file_cache\jln7095179823110358450\jln8695883881399633921\nativewindow_win32.dll
0x00007ffd3f550000 - 0x00007ffd3f67b000 	C:\WINDOWS\SYSTEM32\OpenGL32.dll
0x00007ffd3f520000 - 0x00007ffd3f54e000 	C:\WINDOWS\SYSTEM32\GLU32.dll
0x00007ffd3f420000 - 0x00007ffd3f518000 	C:\WINDOWS\SYSTEM32\DDRAW.dll
0x00007ffd3f410000 - 0x00007ffd3f419000 	C:\WINDOWS\SYSTEM32\DCIMAN32.dll
0x0000000064500000 - 0x00000000645a0000 	C:\Users\Ian\AppData\Local\Temp\jogamp_0000\file_cache\jln7095179823110358450\jln8695883881399633921\jogl_desktop.dll
0x0000000180000000 - 0x00000001807de000 	C:\WINDOWS\SYSTEM32\ig75icd64.dll
0x00007ffd59fa0000 - 0x00007ffd59fe6000 	C:\WINDOWS\SYSTEM32\powrprof.dll
0x000000006f7d0000 - 0x000000006f7dc000 	C:\Program Files\Java\jre1.8.0_31\bin\jsound.dll
0x000000006f7c0000 - 0x000000006f7cb000 	C:\Program Files\Java\jre1.8.0_31\bin\jsoundds.dll
0x00007ffd35ed0000 - 0x00007ffd35f6d000 	C:\WINDOWS\SYSTEM32\DSOUND.dll
0x00007ffd55e30000 - 0x00007ffd55ea0000 	C:\WINDOWS\SYSTEM32\MMDevAPI.DLL
0x00007ffd47f80000 - 0x00007ffd47fbe000 	C:\WINDOWS\SYSTEM32\wdmaud.drv
0x00007ffd59190000 - 0x00007ffd59198000 	C:\WINDOWS\SYSTEM32\ksuser.dll
0x00007ffd592c0000 - 0x00007ffd592cc000 	C:\WINDOWS\SYSTEM32\AVRT.dll
0x00007ffd4dfa0000 - 0x00007ffd4e01e000 	C:\WINDOWS\SYSTEM32\AUDIOSES.DLL
0x00007ffd4eb40000 - 0x00007ffd4eb4b000 	C:\WINDOWS\SYSTEM32\msacm32.drv
0x00007ffd4df00000 - 0x00007ffd4df1c000 	C:\WINDOWS\SYSTEM32\MSACM32.dll
0x00007ffd4eb30000 - 0x00007ffd4eb3a000 	C:\WINDOWS\SYSTEM32\midimap.dll
0x00007ffd498a0000 - 0x00007ffd49a3c000 	C:\Users\Ian\workspace\AVISS\lib\Kinect20.Face.dll
0x00007ffd42f90000 - 0x00007ffd43037000 	C:\WINDOWS\SYSTEM32\MSVCP110.dll
0x00007ffd4e1d0000 - 0x00007ffd4e2a4000 	C:\WINDOWS\SYSTEM32\MSVCR110.dll
0x00007ffd55c80000 - 0x00007ffd55c90000 	C:\Users\Ian\workspace\AVISS\lib\KinectPV2.dll
0x00007ffd497e0000 - 0x00007ffd4989a000 	C:\WINDOWS\SYSTEM32\Kinect20.dll
0x00007ffd43090000 - 0x00007ffd4317b000 	C:\WINDOWS\SYSTEM32\MFPlat.DLL
0x00007ffd42f60000 - 0x00007ffd42f87000 	C:\WINDOWS\SYSTEM32\RTWorkQ.DLL
0x00007ffd473b0000 - 0x00007ffd4753a000 	C:\WINDOWS\SYSTEM32\dbghelp.dll

VM Arguments:
jvm_args: -Djava.library.path=C:\Users\Ian\workspace\AVISS\lib -Dfile.encoding=Cp1252 
java_command: aviss.applet.AVISSApplet
java_class_path (initial): C:\Users\Ian\workspace\AVISS\bin;C:\Users\Ian\workspace\AVISS\lib\commons-collections4-4.0.jar;C:\Users\Ian\workspace\AVISS\lib\core.jar;C:\Users\Ian\workspace\AVISS\lib\G4P.jar;C:\Users\Ian\workspace\AVISS\lib\gluegen-rt-natives-linux-amd64.jar;C:\Users\Ian\workspace\AVISS\lib\gluegen-rt-natives-linux-armv6hf.jar;C:\Users\Ian\workspace\AVISS\lib\gluegen-rt-natives-linux-i586.jar;C:\Users\Ian\workspace\AVISS\lib\gluegen-rt-natives-macosx-universal.jar;C:\Users\Ian\workspace\AVISS\lib\gluegen-rt-natives-windows-amd64.jar;C:\Users\Ian\workspace\AVISS\lib\gluegen-rt-natives-windows-i586.jar;C:\Users\Ian\workspace\AVISS\lib\gluegen-rt.jar;C:\Users\Ian\workspace\AVISS\lib\il_hemesh.jar;C:\Users\Ian\workspace\AVISS\lib\javolution-6.1.0.jar;C:\Users\Ian\workspace\AVISS\lib\jl1.0.jar;C:\Users\Ian\workspace\AVISS\lib\jogl-all-natives-linux-amd64.jar;C:\Users\Ian\workspace\AVISS\lib\jogl-all-natives-linux-armv6hf.jar;C:\Users\Ian\workspace\AVISS\lib\jogl-all-natives-linux-i586.jar;C:\Users\Ian\workspace\AVISS\lib\jogl-all-natives-macosx-universal.jar;C:\Users\Ian\workspace\AVISS\lib\jogl-all-natives-windows-amd64.jar;C:\Users\Ian\workspace\AVISS\lib\jogl-all-natives-windows-i586.jar;C:\Users\Ian\workspace\AVISS\lib\jogl-all.jar;C:\Users\Ian\workspace\AVISS\lib\jsminim.jar;C:\Users\Ian\workspace\AVISS\lib\jts.jar;C:\Users\Ian\workspace\AVISS\lib\KinectPV2.jar;C:\Users\Ian\workspace\AVISS\lib\log4j-1.2.17.jar;C:\Users\Ian\workspace\AVISS\lib\miglayout15-swing.jar;C:\Users\Ian\workspace\AVISS\lib\minim.jar;C:\Users\Ian\workspace\AVISS\lib\mp3spi1.9.4.jar;C:\Users\Ian\workspace\AVISS\lib\opal-1.0.1.jar;C:\Users\Ian\workspace\AVISS\lib\peasycam.jar;C:\Users\Ian\workspace\AVISS\lib\swt.jar;C:\Users\Ian\workspace\AVISS\lib\tritonus_aos.jar;C:\Users\Ian\workspace\AVISS\lib\tritonus_share.jar;C:\Users\Ian\workspace\AVISS\lib\trove-3.1a1.jar
Launcher Type: SUN_STANDARD

Environment Variables:
PATH=C:/Program Files/Java/jre1.8.0_31/bin/server;C:/Program Files/Java/jre1.8.0_31/bin;C:/Program Files/Java/jre1.8.0_31/lib/amd64;C:\MinGW\bin\;C:\Python34\;C:\Python34\Scripts;C:\ProgramData\Oracle\Java\javapath;c:\Program Files (x86)\Intel\iCLS Client\;c:\Program Files\Intel\iCLS Client\;C:\WINDOWS\system32;C:\WINDOWS;C:\WINDOWS\System32\Wbem;C:\WINDOWS\System32\WindowsPowerShell\v1.0\;C:\Program Files\Intel\Intel(R) Management Engine Components\DAL;C:\Program Files\Intel\Intel(R) Management Engine Components\IPT;C:\Program Files (x86)\Intel\Intel(R) Management Engine Components\DAL;C:\Program Files (x86)\Intel\Intel(R) Management Engine Components\IPT;C:\Program Files (x86)\Intel\OpenCL SDK\3.0\bin\x86;C:\Program Files (x86)\Intel\OpenCL SDK\3.0\bin\x64;C:\Program Files (x86)\Windows Live\Shared;C:\Program Files (x86)\QuickTime\QTSystem\;C:\Program Files (x86)\Windows Kits\8.1\Windows Performance Toolkit\;C:\Program Files\Microsoft SQL Server\110\Tools\Binn\;C:\Program Files (x86)\Microsoft SDKs\TypeScript\1.0\;C:\Program Fil;C:\MinGW\bin\;C:\Program Files (x86)\CMake\bin\;C:\Users\Ian\Documents\2014W2\CPSC_425\Canopy\User;C:\Users\Ian\Documents\2014W2\CPSC_425\Canopy\User\Scripts;C:\Program Files\Eclipse Luna\eclipse;
USERNAME=Ian
OS=Windows_NT
PROCESSOR_IDENTIFIER=Intel64 Family 6 Model 69 Stepping 1, GenuineIntel



---------------  S Y S T E M  ---------------

OS: Windows 8.1 , 64 bit Build 9600 

CPU:total 4 (2 cores per cpu, 2 threads per core) family 6 model 69 stepping 1, cmov, cx8, fxsr, mmx, sse, sse2, sse3, ssse3, sse4.1, sse4.2, popcnt, avx, avx2, aes, clmul, erms, lzcnt, ht, tsc, tscinvbit, bmi1, bmi2

Memory: 4k page, physical 8291748k(1107192k free), swap 11568548k(1732104k free)

vm_info: Java HotSpot(TM) 64-Bit Server VM (25.31-b07) for windows-amd64 JRE (1.8.0_31-b13), built on Dec 17 2014 21:00:28 by "java_re" with MS VC++ 10.0 (VS2010)

time: Sun Apr 12 12:31:21 2015
elapsed time: 7 seconds (0d 0h 0m 7s)

