#
# A fatal error has been detected by the Java Runtime Environment:
#
#  EXCEPTION_ACCESS_VIOLATION (0xc0000005) at pc=0x000000018008adad, pid=11040, tid=11144
#
# JRE version: Java(TM) SE Runtime Environment (8.0_31-b13) (build 1.8.0_31-b13)
# Java VM: Java HotSpot(TM) 64-Bit Server VM (25.31-b07 mixed mode windows-amd64 compressed oops)
# Problematic frame:
# C  [ig75icd64.dll+0x8adad]
#
# Failed to write core dump. Minidumps are not enabled by default on client versions of Windows
#
# If you would like to submit a bug report, please visit:
#   http://bugreport.java.com/bugreport/crash.jsp
# The crash happened outside the Java Virtual Machine in native code.
# See problematic frame for where to report the bug.
#

---------------  T H R E A D  ---------------

Current thread (0x0000000019cd3000):  JavaThread "AWT-EventQueue-0" [_thread_in_native, id=11144, stack(0x000000001d020000,0x000000001d120000)]

siginfo: ExceptionCode=0xc0000005, reading address 0x000000001c894000

Registers:
RAX=0x0000000000004fa0, RBX=0x0000000020e805d0, RCX=0x0000000000000000, RDX=0x000000001c893fc0
RSP=0x000000001d11d9f0, RBP=0x00000000013e0000, RSI=0x000000001c617040, RDI=0x0000000038c0d000
R8 =0x00000000013e0000, R9 =0x0000000000027c00, R10=0x0000000000004fa0, R11=0x000000001d11d940
R12=0x0000000000000001, R13=0x000000001f6df808, R14=0x000000001ff13900, R15=0x0000000000000002
RIP=0x000000018008adad, EFLAGS=0x0000000000010207

Top of Stack: (sp=0x000000001d11d9f0)
0x000000001d11d9f0:   0000000000000000 0000000000000000
0x000000001d11da00:   0000000000000000 0000000000000000
0x000000001d11da10:   0000000020009288 000000018008b090
0x000000001d11da20:   0000000020e805d0 0000000020e805d0
0x000000001d11da30:   00000000013e0000 00000000508e0725
0x000000001d11da40:   0000000019cd3001 000000005084eb8b
0x000000001d11da50:   0000000000000000 000000001c617040
0x000000001d11da60:   000000001ff13900 00000000013e0000
0x000000001d11da70:   0000000020009210 000000018006bd52
0x000000001d11da80:   0000000000000000 0000000100000033
0x000000001d11da90:   0000000000000000 00000000508c65b6
0x000000001d11daa0:   000000001c617040 000000006450b500
0x000000001d11dab0:   0000000019cd3101 00000001804b8f40
0x000000001d11dac0:   000000001c617040 00000000013e0000
0x000000001d11dad0:   0000000020009210 000000018006c3ef
0x000000001d11dae0:   000000001ff13900 00000000000088e8 

Instructions: (pc=0x000000018008adad)
0x000000018008ad8d:   00 00 00 66 0f 6f 3a 66 0f 6f 72 10 66 0f 6f 6a
0x000000018008ad9d:   20 41 ff c2 48 83 ef 80 41 8b c2 66 0f 6f 62 30
0x000000018008adad:   66 0f 6f 5a 40 66 0f 6f 52 50 66 0f 6f 4a 60 66
0x000000018008adbd:   0f 6f 42 70 66 0f e7 7f 80 48 83 ea 80 66 0f e7 


Register to memory mapping:

RAX=0x0000000000004fa0 is an unknown value
RBX=0x0000000020e805d0 is an unknown value
RCX=0x0000000000000000 is an unknown value
RDX=0x000000001c893fc0 is an unknown value
RSP=0x000000001d11d9f0 is pointing into the stack for thread: 0x0000000019cd3000
RBP=0x00000000013e0000 is an unknown value
RSI=0x000000001c617040 is an unknown value
RDI=0x0000000038c0d000 is an unknown value
R8 =0x00000000013e0000 is an unknown value
R9 =0x0000000000027c00 is an unknown value
R10=0x0000000000004fa0 is an unknown value
R11=0x000000001d11d940 is pointing into the stack for thread: 0x0000000019cd3000
R12=0x0000000000000001 is an unknown value
R13={method} {0x000000001f6df810} 'dispatch_glBufferData' '(IJLjava/lang/Object;IZIJ)V' in 'jogamp/opengl/gl4/GL4bcImpl'
R14=0x000000001ff13900 is an unknown value
R15=0x0000000000000002 is an unknown value


Stack: [0x000000001d020000,0x000000001d120000],  sp=0x000000001d11d9f0,  free space=1014k
Native frames: (J=compiled Java code, j=interpreted, Vv=VM code, C=native code)
C  [ig75icd64.dll+0x8adad]
C  [ig75icd64.dll+0x8b090]
C  [ig75icd64.dll+0x6bd52]
C  [ig75icd64.dll+0x6c3ef]
C  0x000000000259dd0c

Java frames: (J=compiled Java code, j=interpreted, Vv=VM code)
j  jogamp.opengl.gl4.GL4bcImpl.dispatch_glBufferData(IJLjava/lang/Object;IZIJ)V+0
j  jogamp.opengl.gl4.GL4bcImpl.access$000(Ljogamp/opengl/gl4/GL4bcImpl;IJLjava/lang/Object;IZIJ)V+13
j  jogamp.opengl.gl4.GL4bcImpl$1.create(IJLjava/nio/Buffer;IJ)V+52
j  jogamp.opengl.GLBufferObjectTracker.createBufferStorage(Ljogamp/opengl/GLBufferStateTracker;Ljavax/media/opengl/GL;IJLjava/nio/Buffer;IILjogamp/opengl/GLBufferObjectTracker$CreateStorageDispatch;J)V+209
j  jogamp.opengl.gl4.GL4bcImpl.glBufferData(IJLjava/nio/Buffer;I)V+67
j  processing.opengl.PJOGL.bufferData(IILjava/nio/Buffer;I)V+10
j  aviss.visuals.KinectStarCloudGenerator.renderStarsUsingKinectData()V+230
j  aviss.visuals.KinectStarCloudGenerator.run()V+8
j  aviss.applet.AVISSApplet.draw()V+53
j  processing.core.PApplet.handleDraw()V+231
j  processing.opengl.PJOGL$PGLListener.display(Ljavax/media/opengl/GLAutoDrawable;)V+476
j  jogamp.opengl.GLDrawableHelper.displayImpl(Ljavax/media/opengl/GLAutoDrawable;)V+81
j  jogamp.opengl.GLDrawableHelper.display(Ljavax/media/opengl/GLAutoDrawable;)V+2
j  javax.media.opengl.awt.GLCanvas$10.run()V+118
j  jogamp.opengl.GLDrawableHelper.invokeGLImpl(Ljavax/media/opengl/GLDrawable;Ljavax/media/opengl/GLContext;Ljava/lang/Runnable;Ljava/lang/Runnable;)V+206
j  jogamp.opengl.GLDrawableHelper.invokeGL(Ljavax/media/opengl/GLDrawable;Ljavax/media/opengl/GLContext;Ljava/lang/Runnable;Ljava/lang/Runnable;)V+80
j  javax.media.opengl.awt.GLCanvas$11.run()V+73
j  java.awt.event.InvocationEvent.dispatch()V+11
j  java.awt.EventQueue.dispatchEventImpl(Ljava/awt/AWTEvent;Ljava/lang/Object;)V+21
j  java.awt.EventQueue.access$500(Ljava/awt/EventQueue;Ljava/awt/AWTEvent;Ljava/lang/Object;)V+3
j  java.awt.EventQueue$3.run()Ljava/lang/Void;+32
j  java.awt.EventQueue$3.run()Ljava/lang/Object;+1
v  ~StubRoutines::call_stub
j  java.security.AccessController.doPrivileged(Ljava/security/PrivilegedAction;Ljava/security/AccessControlContext;)Ljava/lang/Object;+0
j  java.security.ProtectionDomain$1.doIntersectionPrivilege(Ljava/security/PrivilegedAction;Ljava/security/AccessControlContext;Ljava/security/AccessControlContext;)Ljava/lang/Object;+28
j  java.awt.EventQueue.dispatchEvent(Ljava/awt/AWTEvent;)V+46
j  java.awt.EventDispatchThread.pumpOneEventForFilters(I)V+245
j  java.awt.EventDispatchThread.pumpEventsForFilter(ILjava/awt/Conditional;Ljava/awt/EventFilter;)V+35
j  java.awt.EventDispatchThread.pumpEventsForHierarchy(ILjava/awt/Conditional;Ljava/awt/Component;)V+11
j  java.awt.EventDispatchThread.pumpEvents(ILjava/awt/Conditional;)V+4
j  java.awt.EventDispatchThread.pumpEvents(Ljava/awt/Conditional;)V+3
j  java.awt.EventDispatchThread.run()V+9
v  ~StubRoutines::call_stub

---------------  P R O C E S S  ---------------

Java Threads: ( => current thread )
  0x000000001eb4e800 JavaThread "Thread-542" [_thread_blocked, id=9356, stack(0x00000000358f0000,0x00000000359f0000)]
  0x000000001e6bd800 JavaThread "Thread-6" [_thread_blocked, id=4796, stack(0x0000000027400000,0x0000000027500000)]
  0x000000001e7b5000 JavaThread "Java Sound Event Dispatcher" daemon [_thread_blocked, id=11100, stack(0x0000000026cd0000,0x0000000026dd0000)]
  0x000000001a238800 JavaThread "Animation Thread-SharedResourceRunner" daemon [_thread_blocked, id=9260, stack(0x000000001f830000,0x000000001f930000)]
  0x0000000000d1e800 JavaThread "DestroyJavaVM" [_thread_blocked, id=7788, stack(0x0000000002380000,0x0000000002480000)]
  0x0000000019d2f000 JavaThread "Animation Thread" [_thread_blocked, id=5224, stack(0x000000001e340000,0x000000001e440000)]
  0x0000000019d28800 JavaThread "D3D Screen Updater" daemon [_thread_blocked, id=8332, stack(0x000000001d420000,0x000000001d520000)]
=>0x0000000019cd3000 JavaThread "AWT-EventQueue-0" [_thread_in_native, id=11144, stack(0x000000001d020000,0x000000001d120000)]
  0x0000000019c38800 JavaThread "AWT-Windows" daemon [_thread_in_native, id=7832, stack(0x000000001a4e0000,0x000000001a5e0000)]
  0x000000001938e800 JavaThread "AWT-Shutdown" [_thread_blocked, id=7864, stack(0x000000001a3e0000,0x000000001a4e0000)]
  0x000000001938d800 JavaThread "Java2D Disposer" daemon [_thread_blocked, id=7220, stack(0x000000001a2e0000,0x000000001a3e0000)]
  0x0000000018fdd800 JavaThread "Service Thread" daemon [_thread_blocked, id=3080, stack(0x0000000019390000,0x0000000019490000)]
  0x000000001713e800 JavaThread "C1 CompilerThread2" daemon [_thread_blocked, id=7304, stack(0x0000000018e90000,0x0000000018f90000)]
  0x000000001713d000 JavaThread "C2 CompilerThread1" daemon [_thread_blocked, id=8656, stack(0x0000000018d90000,0x0000000018e90000)]
  0x000000001713b800 JavaThread "C2 CompilerThread0" daemon [_thread_blocked, id=11256, stack(0x0000000018c90000,0x0000000018d90000)]
  0x0000000017127800 JavaThread "JDWP Command Reader" daemon [_thread_in_native, id=6528, stack(0x0000000018b90000,0x0000000018c90000)]
  0x0000000017126000 JavaThread "JDWP Event Helper Thread" daemon [_thread_blocked, id=8616, stack(0x0000000018a90000,0x0000000018b90000)]
  0x0000000017120800 JavaThread "JDWP Transport Listener: dt_socket" daemon [_thread_blocked, id=2988, stack(0x0000000018990000,0x0000000018a90000)]
  0x0000000017118000 JavaThread "Attach Listener" daemon [_thread_blocked, id=2656, stack(0x0000000018580000,0x0000000018680000)]
  0x0000000017116800 JavaThread "Signal Dispatcher" daemon [_thread_blocked, id=1052, stack(0x0000000018480000,0x0000000018580000)]
  0x0000000002574000 JavaThread "Finalizer" daemon [_thread_blocked, id=8060, stack(0x0000000018370000,0x0000000018470000)]
  0x00000000170d8000 JavaThread "Reference Handler" daemon [_thread_blocked, id=5408, stack(0x0000000018270000,0x0000000018370000)]

Other Threads:
  0x00000000170d6000 VMThread [stack: 0x0000000018170000,0x0000000018270000] [id=9220]
  0x0000000018fe7800 WatcherThread [stack: 0x0000000019490000,0x0000000019590000] [id=2012]

VM state:not at safepoint (normal execution)

VM Mutex/Monitor currently owned by a thread: None

Heap:
 PSYoungGen      total 665088K, used 93961K [0x00000000d5d00000, 0x0000000100000000, 0x0000000100000000)
  eden space 646144K, 12% used [0x00000000d5d00000,0x00000000da8d05b8,0x00000000fd400000)
  from space 18944K, 86% used [0x00000000fed80000,0x00000000ffd72020,0x0000000100000000)
  to   space 22528K, 0% used [0x00000000fd400000,0x00000000fd400000,0x00000000fea00000)
 ParOldGen       total 151040K, used 74411K [0x0000000081600000, 0x000000008a980000, 0x00000000d5d00000)
  object space 151040K, 49% used [0x0000000081600000,0x0000000085eaaf18,0x000000008a980000)
 Metaspace       used 18112K, capacity 18323K, committed 18560K, reserved 1067008K
  class space    used 1849K, capacity 1916K, committed 1920K, reserved 1048576K

Card table byte_map: [0x0000000011940000,0x0000000011d40000] byte_map_base: 0x0000000011535000

Marking Bits: (ParMarkBitMap*) 0x0000000050efd4f0
 Begin Bits: [0x00000000123f0000, 0x0000000014398000)
 End Bits:   [0x0000000014398000, 0x0000000016340000)

Polling page: 0x0000000002340000

CodeCache: size=245760Kb used=4592Kb max_used=4606Kb free=241168Kb
 bounds [0x0000000002580000, 0x0000000002a10000, 0x0000000011580000]
 total_blobs=2091 nmethods=1200 adapters=813
 compilation: enabled

Compilation events (10 events):
Event: 64.995 Thread 0x000000001713e800 nmethod 1203 0x00000000029f7b90 code [0x00000000029f7d00, 0x00000000029f7f70]
Event: 64.995 Thread 0x000000001713d000 1206       4       java.nio.DirectFloatBufferU::get (16 bytes)
Event: 64.995 Thread 0x000000001713e800 1208       3       java.nio.DirectFloatBufferU::put (18 bytes)
Event: 64.996 Thread 0x000000001713e800 nmethod 1208 0x00000000029f72d0 code [0x00000000029f7440, 0x00000000029f76b0]
Event: 64.996 Thread 0x000000001713d000 nmethod 1206 0x00000000029fac10 code [0x00000000029fad40, 0x00000000029fadd8]
Event: 64.997 Thread 0x000000001713d000 1209       4       java.nio.DirectFloatBufferU::put (18 bytes)
Event: 64.998 Thread 0x000000001713d000 nmethod 1209 0x00000000029f7050 code [0x00000000029f7180, 0x00000000029f7238]
Event: 65.020 Thread 0x000000001713b800 nmethod 1201 0x0000000002a01ed0 code [0x0000000002a02100, 0x0000000002a03370]
Event: 66.234 Thread 0x000000001713d000 1210  s    4       ddf.minim.MAudioBuffer::set (65 bytes)
Event: 66.237 Thread 0x000000001713d000 nmethod 1210 0x00000000029fff90 code [0x0000000002a000e0, 0x0000000002a00398]

GC Heap History (10 events):
Event: 49.263 GC heap before
{Heap before GC invocations=21 (full 1):
 PSYoungGen      total 660480K, used 634890K [0x00000000d5d00000, 0x0000000100000000, 0x0000000100000000)
  eden space 634368K, 99% used [0x00000000d5d00000,0x00000000fc81eaf0,0x00000000fc880000)
  from space 26112K, 3% used [0x00000000fc880000,0x00000000fc964010,0x00000000fe200000)
  to   space 24576K, 0% used [0x00000000fe800000,0x00000000fe800000,0x0000000100000000)
 ParOldGen       total 151040K, used 74403K [0x0000000081600000, 0x000000008a980000, 0x00000000d5d00000)
  object space 151040K, 49% used [0x0000000081600000,0x0000000085ea8f18,0x000000008a980000)
 Metaspace       used 18070K, capacity 18227K, committed 18304K, reserved 1064960K
  class space    used 1845K, capacity 1884K, committed 1920K, reserved 1048576K
Event: 49.265 GC heap after
Heap after GC invocations=21 (full 1):
 PSYoungGen      total 660480K, used 128K [0x00000000d5d00000, 0x00000000ffb80000, 0x0000000100000000)
  eden space 640512K, 0% used [0x00000000d5d00000,0x00000000d5d00000,0x00000000fce80000)
  from space 19968K, 0% used [0x00000000fe800000,0x00000000fe820000,0x00000000ffb80000)
  to   space 23040K, 0% used [0x00000000fce80000,0x00000000fce80000,0x00000000fe500000)
 ParOldGen       total 151040K, used 74411K [0x0000000081600000, 0x000000008a980000, 0x00000000d5d00000)
  object space 151040K, 49% used [0x0000000081600000,0x0000000085eaaf18,0x000000008a980000)
 Metaspace       used 18070K, capacity 18227K, committed 18304K, reserved 1064960K
  class space    used 1845K, capacity 1884K, committed 1920K, reserved 1048576K
}
Event: 54.225 GC heap before
{Heap before GC invocations=22 (full 1):
 PSYoungGen      total 660480K, used 640568K [0x00000000d5d00000, 0x00000000ffb80000, 0x0000000100000000)
  eden space 640512K, 99% used [0x00000000d5d00000,0x00000000fce6e058,0x00000000fce80000)
  from space 19968K, 0% used [0x00000000fe800000,0x00000000fe820000,0x00000000ffb80000)
  to   space 23040K, 0% used [0x00000000fce80000,0x00000000fce80000,0x00000000fe500000)
 ParOldGen       total 151040K, used 74411K [0x0000000081600000, 0x000000008a980000, 0x00000000d5d00000)
  object space 151040K, 49% used [0x0000000081600000,0x0000000085eaaf18,0x000000008a980000)
 Metaspace       used 18070K, capacity 18227K, committed 18304K, reserved 1064960K
  class space    used 1845K, capacity 1884K, committed 1920K, reserved 1048576K
Event: 54.227 GC heap after
Heap after GC invocations=22 (full 1):
 PSYoungGen      total 663552K, used 3520K [0x00000000d5d00000, 0x0000000100000000, 0x0000000100000000)
  eden space 640512K, 0% used [0x00000000d5d00000,0x00000000d5d00000,0x00000000fce80000)
  from space 23040K, 15% used [0x00000000fce80000,0x00000000fd1f0020,0x00000000fe500000)
  to   space 21504K, 0% used [0x00000000feb00000,0x00000000feb00000,0x0000000100000000)
 ParOldGen       total 151040K, used 74411K [0x0000000081600000, 0x000000008a980000, 0x00000000d5d00000)
  object space 151040K, 49% used [0x0000000081600000,0x0000000085eaaf18,0x000000008a980000)
 Metaspace       used 18070K, capacity 18227K, committed 18304K, reserved 1064960K
  class space    used 1845K, capacity 1884K, committed 1920K, reserved 1048576K
}
Event: 59.236 GC heap before
{Heap before GC invocations=23 (full 1):
 PSYoungGen      total 663552K, used 642243K [0x00000000d5d00000, 0x0000000100000000, 0x0000000100000000)
  eden space 640512K, 99% used [0x00000000d5d00000,0x00000000fccc0c00,0x00000000fce80000)
  from space 23040K, 15% used [0x00000000fce80000,0x00000000fd1f0020,0x00000000fe500000)
  to   space 21504K, 0% used [0x00000000feb00000,0x00000000feb00000,0x0000000100000000)
 ParOldGen       total 151040K, used 74411K [0x0000000081600000, 0x000000008a980000, 0x00000000d5d00000)
  object space 151040K, 49% used [0x0000000081600000,0x0000000085eaaf18,0x000000008a980000)
 Metaspace       used 18070K, capacity 18227K, committed 18304K, reserved 1064960K
  class space    used 1845K, capacity 1884K, committed 1920K, reserved 1048576K
Event: 59.239 GC heap after
Heap after GC invocations=23 (full 1):
 PSYoungGen      total 663552K, used 976K [0x00000000d5d00000, 0x00000000ffb80000, 0x0000000100000000)
  eden space 646656K, 0% used [0x00000000d5d00000,0x00000000d5d00000,0x00000000fd480000)
  from space 16896K, 5% used [0x00000000feb00000,0x00000000febf4010,0x00000000ffb80000)
  to   space 19968K, 0% used [0x00000000fd480000,0x00000000fd480000,0x00000000fe800000)
 ParOldGen       total 151040K, used 74411K [0x0000000081600000, 0x000000008a980000, 0x00000000d5d00000)
  object space 151040K, 49% used [0x0000000081600000,0x0000000085eaaf18,0x000000008a980000)
 Metaspace       used 18070K, capacity 18227K, committed 18304K, reserved 1064960K
  class space    used 1845K, capacity 1884K, committed 1920K, reserved 1048576K
}
Event: 64.136 GC heap before
{Heap before GC invocations=24 (full 1):
 PSYoungGen      total 663552K, used 647632K [0x00000000d5d00000, 0x00000000ffb80000, 0x0000000100000000)
  eden space 646656K, 100% used [0x00000000d5d00000,0x00000000fd480000,0x00000000fd480000)
  from space 16896K, 5% used [0x00000000feb00000,0x00000000febf4010,0x00000000ffb80000)
  to   space 19968K, 0% used [0x00000000fd480000,0x00000000fd480000,0x00000000fe800000)
 ParOldGen       total 151040K, used 74411K [0x0000000081600000, 0x000000008a980000, 0x00000000d5d00000)
  object space 151040K, 49% used [0x0000000081600000,0x0000000085eaaf18,0x000000008a980000)
 Metaspace       used 18071K, capacity 18227K, committed 18304K, reserved 1064960K
  class space    used 1845K, capacity 1884K, committed 1920K, reserved 1048576K
Event: 64.137 GC heap after
Heap after GC invocations=24 (full 1):
 PSYoungGen      total 666624K, used 128K [0x00000000d5d00000, 0x0000000100000000, 0x0000000100000000)
  eden space 646656K, 0% used [0x00000000d5d00000,0x00000000d5d00000,0x00000000fd480000)
  from space 19968K, 0% used [0x00000000fd480000,0x00000000fd4a0000,0x00000000fe800000)
  to   space 18944K, 0% used [0x00000000fed80000,0x00000000fed80000,0x0000000100000000)
 ParOldGen       total 151040K, used 74411K [0x0000000081600000, 0x000000008a980000, 0x00000000d5d00000)
  object space 151040K, 49% used [0x0000000081600000,0x0000000085eaaf18,0x000000008a980000)
 Metaspace       used 18071K, capacity 18227K, committed 18304K, reserved 1064960K
  class space    used 1845K, capacity 1884K, committed 1920K, reserved 1048576K
}
Event: 68.997 GC heap before
{Heap before GC invocations=25 (full 1):
 PSYoungGen      total 666624K, used 646784K [0x00000000d5d00000, 0x0000000100000000, 0x0000000100000000)
  eden space 646656K, 100% used [0x00000000d5d00000,0x00000000fd480000,0x00000000fd480000)
  from space 19968K, 0% used [0x00000000fd480000,0x00000000fd4a0000,0x00000000fe800000)
  to   space 18944K, 0% used [0x00000000fed80000,0x00000000fed80000,0x0000000100000000)
 ParOldGen       total 151040K, used 74411K [0x0000000081600000, 0x000000008a980000, 0x00000000d5d00000)
  object space 151040K, 49% used [0x0000000081600000,0x0000000085eaaf18,0x000000008a980000)
 Metaspace       used 18112K, capacity 18323K, committed 18560K, reserved 1067008K
  class space    used 1849K, capacity 1916K, committed 1920K, reserved 1048576K
Event: 69.012 GC heap after
Heap after GC invocations=25 (full 1):
 PSYoungGen      total 665088K, used 16328K [0x00000000d5d00000, 0x0000000100000000, 0x0000000100000000)
  eden space 646144K, 0% used [0x00000000d5d00000,0x00000000d5d00000,0x00000000fd400000)
  from space 18944K, 86% used [0x00000000fed80000,0x00000000ffd72020,0x0000000100000000)
  to   space 22528K, 0% used [0x00000000fd400000,0x00000000fd400000,0x00000000fea00000)
 ParOldGen       total 151040K, used 74411K [0x0000000081600000, 0x000000008a980000, 0x00000000d5d00000)
  object space 151040K, 49% used [0x0000000081600000,0x0000000085eaaf18,0x000000008a980000)
 Metaspace       used 18112K, capacity 18323K, committed 18560K, reserved 1067008K
  class space    used 1849K, capacity 1916K, committed 1920K, reserved 1048576K
}

Deoptimization events (4 events):
Event: 1.762 Thread 0x0000000019cd3000 Uncommon trap: reason=unreached action=reinterpret pc=0x00000000028e2308 method=com.jogamp.common.nio.Buffers.isDirect(Ljava/lang/Object;)Z @ 1
Event: 1.762 Thread 0x0000000019cd3000 Uncommon trap: reason=unreached action=reinterpret pc=0x00000000028e208c method=com.jogamp.common.nio.Buffers.getDirectBufferByteOffset(Ljava/lang/Object;)I @ 1
Event: 1.806 Thread 0x0000000019cd3000 Uncommon trap: reason=unreached action=reinterpret pc=0x00000000028d98c0 method=com.jogamp.common.util.IntIntHashMap.get(I)I @ 19
Event: 1.819 Thread 0x0000000019cd4800 Uncommon trap: reason=unreached action=reinterpret pc=0x0000000002898870 method=java.lang.reflect.AccessibleObject.setAccessible0(Ljava/lang/reflect/AccessibleObject;Z)V @ 4

Internal exceptions (10 events):
Event: 2.188 Thread 0x0000000019cd3000 Exception <a 'java/security/PrivilegedActionException'> (0x00000000d678df08) thrown at [C:\workspace\8-2-build-windows-amd64-cygwin\jdk8u31\2394\hotspot\src\share\vm\prims\jvm.cpp, line 1312]
Event: 2.189 Thread 0x0000000019cd3000 Exception <a 'java/security/PrivilegedActionException'> (0x00000000d679a858) thrown at [C:\workspace\8-2-build-windows-amd64-cygwin\jdk8u31\2394\hotspot\src\share\vm\prims\jvm.cpp, line 1312]
Event: 2.191 Thread 0x0000000019cd3000 Exception <a 'java/security/PrivilegedActionException'> (0x00000000d679f168) thrown at [C:\workspace\8-2-build-windows-amd64-cygwin\jdk8u31\2394\hotspot\src\share\vm\prims\jvm.cpp, line 1312]
Event: 2.193 Thread 0x0000000019cd3000 Exception <a 'java/security/PrivilegedActionException'> (0x00000000d8fd8a30) thrown at [C:\workspace\8-2-build-windows-amd64-cygwin\jdk8u31\2394\hotspot\src\share\vm\prims\jvm.cpp, line 1312]
Event: 2.193 Thread 0x0000000019cd3000 Exception <a 'java/security/PrivilegedActionException'> (0x00000000d8fdcb78) thrown at [C:\workspace\8-2-build-windows-amd64-cygwin\jdk8u31\2394\hotspot\src\share\vm\prims\jvm.cpp, line 1312]
Event: 2.194 Thread 0x0000000019cd3000 Exception <a 'java/security/PrivilegedActionException'> (0x00000000d8fe15e0) thrown at [C:\workspace\8-2-build-windows-amd64-cygwin\jdk8u31\2394\hotspot\src\share\vm\prims\jvm.cpp, line 1312]
Event: 64.796 Thread 0x0000000019d2f000 Exception <a 'java/security/PrivilegedActionException'> (0x00000000db95bd50) thrown at [C:\workspace\8-2-build-windows-amd64-cygwin\jdk8u31\2394\hotspot\src\share\vm\prims\jvm.cpp, line 1312]
Event: 64.823 Thread 0x0000000019d2f000 Exception <a 'java/security/PrivilegedActionException'> (0x00000000db95e770) thrown at [C:\workspace\8-2-build-windows-amd64-cygwin\jdk8u31\2394\hotspot\src\share\vm\prims\jvm.cpp, line 1312]
Event: 64.826 Thread 0x0000000019d2f000 Exception <a 'java/lang/reflect/InvocationTargetException'> (0x00000000db965d90) thrown at [C:\workspace\8-2-build-windows-amd64-cygwin\jdk8u31\2394\hotspot\src\share\vm\runtime\reflection.cpp, line 1080]
Event: 64.985 Thread 0x0000000019cd3000 Exception <a 'java/security/PrivilegedActionException'> (0x00000000d9448f68) thrown at [C:\workspace\8-2-build-windows-amd64-cygwin\jdk8u31\2394\hotspot\src\share\vm\prims\jvm.cpp, line 1312]

Events (10 events):
Event: 69.579 Executing VM operation: ChangeSingleStep
Event: 69.579 Executing VM operation: ChangeSingleStep done
Event: 69.581 Executing VM operation: ChangeSingleStep
Event: 69.581 Executing VM operation: ChangeSingleStep done
Event: 69.581 Executing VM operation: GetCurrentLocation
Event: 69.582 Executing VM operation: GetCurrentLocation done
Event: 69.582 Executing VM operation: ChangeSingleStep
Event: 69.582 Executing VM operation: ChangeSingleStep done
Event: 69.582 Executing VM operation: ChangeSingleStep
Event: 69.582 Executing VM operation: ChangeSingleStep done


Dynamic libraries:
0x00007ff7695f0000 - 0x00007ff769624000 	C:\Program Files\Java\jre1.8.0_31\bin\javaw.exe
0x00007ff8d6980000 - 0x00007ff8d6b2c000 	C:\WINDOWS\SYSTEM32\ntdll.dll
0x00007ff8d5000000 - 0x00007ff8d513e000 	C:\WINDOWS\system32\KERNEL32.DLL
0x00007ff8d3e30000 - 0x00007ff8d3f45000 	C:\WINDOWS\system32\KERNELBASE.dll
0x00007ff8d2250000 - 0x00007ff8d22de000 	C:\WINDOWS\system32\apphelp.dll
0x00007ff8c0f40000 - 0x00007ff8c0f93000 	C:\WINDOWS\AppPatch\AppPatch64\AcGenral.DLL
0x00007ff8d46b0000 - 0x00007ff8d475a000 	C:\WINDOWS\system32\msvcrt.dll
0x00007ff8d3970000 - 0x00007ff8d399e000 	C:\WINDOWS\SYSTEM32\SspiCli.dll
0x00007ff8d4000000 - 0x00007ff8d4054000 	C:\WINDOWS\system32\SHLWAPI.dll
0x00007ff8d6800000 - 0x00007ff8d6977000 	C:\WINDOWS\system32\USER32.dll
0x00007ff8d4060000 - 0x00007ff8d41f4000 	C:\WINDOWS\system32\ole32.dll
0x00007ff8d5140000 - 0x00007ff8d6658000 	C:\WINDOWS\system32\SHELL32.dll
0x00007ff8d30f0000 - 0x00007ff8d3111000 	C:\WINDOWS\SYSTEM32\USERENV.dll
0x00007ff8d4c20000 - 0x00007ff8d4cca000 	C:\WINDOWS\system32\ADVAPI32.dll
0x00007ff8bd200000 - 0x00007ff8bd21e000 	C:\WINDOWS\SYSTEM32\MPR.dll
0x00007ff8d4370000 - 0x00007ff8d44b1000 	C:\WINDOWS\system32\RPCRT4.dll
0x00007ff8d4b50000 - 0x00007ff8d4ba9000 	C:\WINDOWS\SYSTEM32\sechost.dll
0x00007ff8d47c0000 - 0x00007ff8d49d1000 	C:\WINDOWS\SYSTEM32\combase.dll
0x00007ff8d4210000 - 0x00007ff8d4361000 	C:\WINDOWS\system32\GDI32.dll
0x00007ff8d3ad0000 - 0x00007ff8d3ae5000 	C:\WINDOWS\SYSTEM32\profapi.dll
0x00007ff8cf930000 - 0x00007ff8cf9e2000 	C:\WINDOWS\SYSTEM32\SHCORE.dll
0x00007ff8d67a0000 - 0x00007ff8d67d6000 	C:\WINDOWS\system32\IMM32.DLL
0x00007ff8d49f0000 - 0x00007ff8d4b41000 	C:\WINDOWS\system32\MSCTF.dll
0x00007ff8cf080000 - 0x00007ff8cf2fb000 	C:\WINDOWS\WinSxS\amd64_microsoft.windows.common-controls_6595b64144ccf1df_6.0.9600.17415_none_6240486fecbd8abb\COMCTL32.dll
0x0000000076820000 - 0x00000000768f2000 	C:\Program Files\Java\jre1.8.0_31\bin\msvcr100.dll
0x0000000050720000 - 0x0000000050f7a000 	C:\Program Files\Java\jre1.8.0_31\bin\server\jvm.dll
0x00007ff8ae6e0000 - 0x00007ff8ae6e9000 	C:\WINDOWS\SYSTEM32\WSOCK32.dll
0x00007ff8ceb30000 - 0x00007ff8ceb52000 	C:\WINDOWS\SYSTEM32\WINMM.dll
0x00007ff8d49e0000 - 0x00007ff8d49e7000 	C:\WINDOWS\system32\PSAPI.DLL
0x00007ff8d6740000 - 0x00007ff8d679a000 	C:\WINDOWS\system32\WS2_32.dll
0x00007ff8ceb00000 - 0x00007ff8ceb2a000 	C:\WINDOWS\SYSTEM32\WINMMBASE.dll
0x00007ff8d44c0000 - 0x00007ff8d44c9000 	C:\WINDOWS\system32\NSI.dll
0x00007ff8d3f50000 - 0x00007ff8d3f9f000 	C:\WINDOWS\SYSTEM32\cfgmgr32.dll
0x00007ff8d28c0000 - 0x00007ff8d28e8000 	C:\WINDOWS\SYSTEM32\DEVOBJ.dll
0x0000000050710000 - 0x000000005071f000 	C:\Program Files\Java\jre1.8.0_31\bin\verify.dll
0x00000000506e0000 - 0x0000000050708000 	C:\Program Files\Java\jre1.8.0_31\bin\java.dll
0x00000000767e0000 - 0x0000000076815000 	C:\Program Files\Java\jre1.8.0_31\bin\jdwp.dll
0x00000000767d0000 - 0x00000000767d8000 	C:\Program Files\Java\jre1.8.0_31\bin\npt.dll
0x00000000506c0000 - 0x00000000506d6000 	C:\Program Files\Java\jre1.8.0_31\bin\zip.dll
0x00000000767c0000 - 0x00000000767c9000 	C:\Program Files\Java\jre1.8.0_31\bin\dt_socket.dll
0x00007ff8c4250000 - 0x00007ff8c4265000 	C:\WINDOWS\system32\napinsp.dll
0x00007ff8c4230000 - 0x00007ff8c424a000 	C:\WINDOWS\system32\pnrpnsp.dll
0x00007ff8d2230000 - 0x00007ff8d224b000 	C:\WINDOWS\system32\NLAapi.dll
0x00007ff8d33b0000 - 0x00007ff8d3409000 	C:\WINDOWS\System32\mswsock.dll
0x00007ff8d31b0000 - 0x00007ff8d3254000 	C:\WINDOWS\SYSTEM32\DNSAPI.dll
0x00007ff8c4220000 - 0x00007ff8c422d000 	C:\WINDOWS\System32\winrnr.dll
0x0000000051650000 - 0x0000000051676000 	C:\Program Files\Bonjour\mdnsNSP.dll
0x00007ff8ceaa0000 - 0x00007ff8ceaca000 	C:\WINDOWS\SYSTEM32\Iphlpapi.DLL
0x00007ff8cea70000 - 0x00007ff8cea7a000 	C:\WINDOWS\SYSTEM32\WINNSI.DLL
0x00007ff8c4200000 - 0x00007ff8c4214000 	C:\WINDOWS\system32\wshbth.dll
0x00007ff8ce5e0000 - 0x00007ff8ce64b000 	C:\WINDOWS\System32\fwpuclnt.dll
0x00007ff8c3730000 - 0x00007ff8c373a000 	C:\Windows\System32\rasadhlp.dll
0x0000000076620000 - 0x00000000767b8000 	C:\Program Files\Java\jre1.8.0_31\bin\awt.dll
0x00007ff8d6670000 - 0x00007ff8d6731000 	C:\WINDOWS\system32\OLEAUT32.dll
0x00007ff8d1fd0000 - 0x00007ff8d1ff1000 	C:\WINDOWS\system32\DWMAPI.DLL
0x00007ff8d2740000 - 0x00007ff8d2869000 	C:\WINDOWS\system32\uxtheme.dll
0x00007ff8bdb00000 - 0x00007ff8bdbab000 	C:\Program Files\Common Files\microsoft shared\ink\tiptsf.dll
0x00007ff8d2910000 - 0x00007ff8d291b000 	C:\WINDOWS\SYSTEM32\kernel.appcore.dll
0x00007ff8d3a10000 - 0x00007ff8d3a1b000 	C:\WINDOWS\SYSTEM32\CRYPTBASE.dll
0x00007ff8d39a0000 - 0x00007ff8d3a03000 	C:\WINDOWS\SYSTEM32\bcryptPrimitives.dll
0x00007ff8c1160000 - 0x00007ff8c1381000 	C:\WINDOWS\system32\d3d9.dll
0x00007ff8caba0000 - 0x00007ff8cabaa000 	C:\WINDOWS\SYSTEM32\VERSION.dll
0x00007ff89fb10000 - 0x00007ff8a13f1000 	C:\WINDOWS\SYSTEM32\igdumdim64.dll
0x00007ff8cf300000 - 0x00007ff8cf760000 	C:\WINDOWS\SYSTEM32\igdusc64.dll
0x00000000765d0000 - 0x0000000076617000 	C:\Program Files\Java\jre1.8.0_31\bin\fontmanager.dll
0x00007ff8c7490000 - 0x00007ff8c74fa000 	C:\WINDOWS\SYSTEM32\oleacc.dll
0x00007ff8d4f40000 - 0x00007ff8d4ff6000 	C:\WINDOWS\SYSTEM32\clbcatq.dll
0x00007ff8d3410000 - 0x00007ff8d3430000 	C:\WINDOWS\SYSTEM32\CRYPTSP.dll
0x00007ff8d2fe0000 - 0x00007ff8d3016000 	C:\WINDOWS\system32\rsaenh.dll
0x00007ff8d3660000 - 0x00007ff8d3686000 	C:\WINDOWS\SYSTEM32\bcrypt.dll
0x00000000506a0000 - 0x00000000506ba000 	C:\Program Files\Java\jre1.8.0_31\bin\net.dll
0x00007ff8ce910000 - 0x00007ff8ce926000 	C:\WINDOWS\SYSTEM32\dhcpcsvc6.DLL
0x00007ff8ce8f0000 - 0x00007ff8ce90a000 	C:\WINDOWS\SYSTEM32\dhcpcsvc.DLL
0x0000000050680000 - 0x0000000050691000 	C:\Program Files\Java\jre1.8.0_31\bin\nio.dll
0x00000000637c0000 - 0x00000000637cd000 	C:\Users\Ian\AppData\Local\Temp\jogamp_0000\file_cache\jln4401039230679533291\jln6464628431370865551\gluegen-rt.dll
0x00000000765c0000 - 0x00000000765c7000 	C:\Program Files\Java\jre1.8.0_31\bin\jawt.dll
0x000000006a440000 - 0x000000006a44d000 	C:\Users\Ian\AppData\Local\Temp\jogamp_0000\file_cache\jln4401039230679533291\jln6464628431370865551\nativewindow_awt.dll
0x000000006c100000 - 0x000000006c10f000 	C:\Users\Ian\AppData\Local\Temp\jogamp_0000\file_cache\jln4401039230679533291\jln6464628431370865551\nativewindow_win32.dll
0x00007ff8b9d00000 - 0x00007ff8b9e2b000 	C:\WINDOWS\SYSTEM32\OpenGL32.dll
0x00007ff8b9cd0000 - 0x00007ff8b9cfe000 	C:\WINDOWS\SYSTEM32\GLU32.dll
0x00007ff8b9bd0000 - 0x00007ff8b9cc8000 	C:\WINDOWS\SYSTEM32\DDRAW.dll
0x00007ff8bfe20000 - 0x00007ff8bfe29000 	C:\WINDOWS\SYSTEM32\DCIMAN32.dll
0x0000000064500000 - 0x00000000645a0000 	C:\Users\Ian\AppData\Local\Temp\jogamp_0000\file_cache\jln4401039230679533291\jln6464628431370865551\jogl_desktop.dll
0x0000000180000000 - 0x00000001807de000 	C:\WINDOWS\SYSTEM32\ig75icd64.dll
0x00007ff8d3120000 - 0x00007ff8d3166000 	C:\WINDOWS\SYSTEM32\powrprof.dll
0x00000000765b0000 - 0x00000000765bc000 	C:\Program Files\Java\jre1.8.0_31\bin\jsound.dll
0x00000000765a0000 - 0x00000000765ab000 	C:\Program Files\Java\jre1.8.0_31\bin\jsoundds.dll
0x00007ff8afcd0000 - 0x00007ff8afd6d000 	C:\WINDOWS\SYSTEM32\DSOUND.dll
0x00007ff8cef60000 - 0x00007ff8cefd0000 	C:\WINDOWS\SYSTEM32\MMDevAPI.DLL
0x00007ff8a82c0000 - 0x00007ff8a82fe000 	C:\WINDOWS\SYSTEM32\wdmaud.drv
0x00007ff8d2140000 - 0x00007ff8d2148000 	C:\WINDOWS\SYSTEM32\ksuser.dll
0x00007ff8d2150000 - 0x00007ff8d215c000 	C:\WINDOWS\SYSTEM32\AVRT.dll
0x00007ff8c6620000 - 0x00007ff8c669e000 	C:\WINDOWS\SYSTEM32\AUDIOSES.DLL
0x00007ff8afe50000 - 0x00007ff8afe5b000 	C:\WINDOWS\SYSTEM32\msacm32.drv
0x00007ff8afe30000 - 0x00007ff8afe4c000 	C:\WINDOWS\SYSTEM32\MSACM32.dll
0x00007ff8acdd0000 - 0x00007ff8acdda000 	C:\WINDOWS\SYSTEM32\midimap.dll
0x00007ff8ae9f0000 - 0x00007ff8aeb8c000 	C:\Users\Ian\workspace\AVISS\lib\Kinect20.Face.dll
0x00007ff8bd250000 - 0x00007ff8bd2f7000 	C:\WINDOWS\SYSTEM32\MSVCP110.dll
0x00007ff8c72e0000 - 0x00007ff8c73b4000 	C:\WINDOWS\SYSTEM32\MSVCR110.dll
0x00007ff8c26d0000 - 0x00007ff8c26e0000 	C:\Users\Ian\workspace\AVISS\lib\KinectPV2.dll
0x00007ff8ae930000 - 0x00007ff8ae9ea000 	C:\WINDOWS\SYSTEM32\Kinect20.dll
0x00007ff8bd350000 - 0x00007ff8bd43b000 	C:\WINDOWS\SYSTEM32\MFPlat.DLL
0x00007ff8bd220000 - 0x00007ff8bd247000 	C:\WINDOWS\SYSTEM32\RTWorkQ.DLL
0x00007ff8c8520000 - 0x00007ff8c86aa000 	C:\WINDOWS\SYSTEM32\dbghelp.dll

VM Arguments:
jvm_args: -agentlib:jdwp=transport=dt_socket,suspend=y,address=localhost:53004 -Djava.library.path=C:\Users\Ian\workspace\AVISS\lib -Dfile.encoding=Cp1252 
java_command: aviss.applet.AVISSApplet
java_class_path (initial): C:\Users\Ian\workspace\AVISS\bin;C:\Users\Ian\workspace\AVISS\lib\commons-collections4-4.0.jar;C:\Users\Ian\workspace\AVISS\lib\core.jar;C:\Users\Ian\workspace\AVISS\lib\G4P.jar;C:\Users\Ian\workspace\AVISS\lib\gluegen-rt-natives-linux-amd64.jar;C:\Users\Ian\workspace\AVISS\lib\gluegen-rt-natives-linux-armv6hf.jar;C:\Users\Ian\workspace\AVISS\lib\gluegen-rt-natives-linux-i586.jar;C:\Users\Ian\workspace\AVISS\lib\gluegen-rt-natives-macosx-universal.jar;C:\Users\Ian\workspace\AVISS\lib\gluegen-rt-natives-windows-amd64.jar;C:\Users\Ian\workspace\AVISS\lib\gluegen-rt-natives-windows-i586.jar;C:\Users\Ian\workspace\AVISS\lib\gluegen-rt.jar;C:\Users\Ian\workspace\AVISS\lib\il_hemesh.jar;C:\Users\Ian\workspace\AVISS\lib\javolution-6.1.0.jar;C:\Users\Ian\workspace\AVISS\lib\jl1.0.jar;C:\Users\Ian\workspace\AVISS\lib\jogl-all-natives-linux-amd64.jar;C:\Users\Ian\workspace\AVISS\lib\jogl-all-natives-linux-armv6hf.jar;C:\Users\Ian\workspace\AVISS\lib\jogl-all-natives-linux-i586.jar;C:\Users\Ian\workspace\AVISS\lib\jogl-all-natives-macosx-universal.jar;C:\Users\Ian\workspace\AVISS\lib\jogl-all-natives-windows-amd64.jar;C:\Users\Ian\workspace\AVISS\lib\jogl-all-natives-windows-i586.jar;C:\Users\Ian\workspace\AVISS\lib\jogl-all.jar;C:\Users\Ian\workspace\AVISS\lib\jsminim.jar;C:\Users\Ian\workspace\AVISS\lib\jts.jar;C:\Users\Ian\workspace\AVISS\lib\KinectPV2.jar;C:\Users\Ian\workspace\AVISS\lib\log4j-1.2.17.jar;C:\Users\Ian\workspace\AVISS\lib\miglayout15-swing.jar;C:\Users\Ian\workspace\AVISS\lib\minim.jar;C:\Users\Ian\workspace\AVISS\lib\mp3spi1.9.4.jar;C:\Users\Ian\workspace\AVISS\lib\opal-1.0.1.jar;C:\Users\Ian\workspace\AVISS\lib\peasycam.jar;C:\Users\Ian\workspace\AVISS\lib\swt.jar;C:\Users\Ian\workspace\AVISS\lib\tritonus_aos.jar;C:\Users\Ian\workspace\AVISS\lib\tritonus_share.jar;C:\Users\Ian\workspace\AVISS\lib\trove-3.1a1.jar
Launcher Type: SUN_STANDARD

Environment Variables:
PATH=C:/Program Files/Java/jre1.8.0_31/bin/server;C:/Program Files/Java/jre1.8.0_31/bin;C:/Program Files/Java/jre1.8.0_31/lib/amd64;C:\MinGW\bin\;C:\Python34\;C:\Python34\Scripts;C:\ProgramData\Oracle\Java\javapath;c:\Program Files (x86)\Intel\iCLS Client\;c:\Program Files\Intel\iCLS Client\;C:\WINDOWS\system32;C:\WINDOWS;C:\WINDOWS\System32\Wbem;C:\WINDOWS\System32\WindowsPowerShell\v1.0\;C:\Program Files\Intel\Intel(R) Management Engine Components\DAL;C:\Program Files\Intel\Intel(R) Management Engine Components\IPT;C:\Program Files (x86)\Intel\Intel(R) Management Engine Components\DAL;C:\Program Files (x86)\Intel\Intel(R) Management Engine Components\IPT;C:\Program Files (x86)\Intel\OpenCL SDK\3.0\bin\x86;C:\Program Files (x86)\Intel\OpenCL SDK\3.0\bin\x64;C:\Program Files (x86)\Windows Live\Shared;C:\Program Files (x86)\QuickTime\QTSystem\;C:\Program Files (x86)\Windows Kits\8.1\Windows Performance Toolkit\;C:\Program Files\Microsoft SQL Server\110\Tools\Binn\;C:\Program Files (x86)\Microsoft SDKs\TypeScript\1.0\;C:\Program Fil;C:\MinGW\bin\;C:\Program Files (x86)\CMake\bin\;C:\Users\Ian\Documents\2014W2\CPSC_425\Canopy\User;C:\Users\Ian\Documents\2014W2\CPSC_425\Canopy\User\Scripts;C:\Program Files\Eclipse Luna\eclipse;
USERNAME=Ian
OS=Windows_NT
PROCESSOR_IDENTIFIER=Intel64 Family 6 Model 69 Stepping 1, GenuineIntel



---------------  S Y S T E M  ---------------

OS: Windows 8.1 , 64 bit Build 9600 

CPU:total 4 (2 cores per cpu, 2 threads per core) family 6 model 69 stepping 1, cmov, cx8, fxsr, mmx, sse, sse2, sse3, ssse3, sse4.1, sse4.2, popcnt, avx, avx2, aes, clmul, erms, lzcnt, ht, tsc, tscinvbit, bmi1, bmi2

Memory: 4k page, physical 8291748k(1994660k free), swap 16680356k(8117620k free)

vm_info: Java HotSpot(TM) 64-Bit Server VM (25.31-b07) for windows-amd64 JRE (1.8.0_31-b13), built on Dec 17 2014 21:00:28 by "java_re" with MS VC++ 10.0 (VS2010)

time: Sun Mar 22 18:00:22 2015
elapsed time: 69 seconds (0d 0h 1m 9s)

