#
# A fatal error has been detected by the Java Runtime Environment:
#
#  EXCEPTION_ACCESS_VIOLATION (0xc0000005) at pc=0x00007ffdfa7b4113, pid=11048, tid=12660
#
# JRE version: Java(TM) SE Runtime Environment (8.0_31-b13) (build 1.8.0_31-b13)
# Java VM: Java HotSpot(TM) 64-Bit Server VM (25.31-b07 mixed mode windows-amd64 compressed oops)
# Problematic frame:
# C  [KinectPV2.dll+0x4113]
#
# Failed to write core dump. Minidumps are not enabled by default on client versions of Windows
#
# If you would like to submit a bug report, please visit:
#   http://bugreport.java.com/bugreport/crash.jsp
# The crash happened outside the Java Virtual Machine in native code.
# See problematic frame for where to report the bug.
#

---------------  T H R E A D  ---------------

Current thread (0x0000000019e01000):  JavaThread "thread applet-aviss.applet.AVISSApplet.class" [_thread_in_native, id=12660, stack(0x000000001c210000,0x000000001c310000)]

siginfo: ExceptionCode=0xc0000005, reading address 0x000000000000c010

Registers:
RAX=0x000000000000c000, RBX=0x0000000027383040, RCX=0x0000000100000000, RDX=0x0000000000000000
RSP=0x000000001c30eb70, RBP=0x0000000000000003, RSI=0x0000000000000000, RDI=0x000000002051a720
R8 =0x000000001c30e838, R9 =0x0000000000008000, R10=0x0000000000000000, R11=0x000000001c30ea70
R12=0x0000000000000000, R13=0x00000000208ca820, R14=0x0000000000000000, R15=0x0000000019e01000
RIP=0x00007ffdfa7b4113, EFLAGS=0x0000000000010206

Top of Stack: (sp=0x000000001c30eb70)
0x000000001c30eb70:   000000002051a6d8 000000006e34bd58
0x000000001c30eb80:   000000002051a6d8 0000000000000000
0x000000001c30eb90:   000000001c30ec60 00007ffdfa7b1fba
0x000000001c30eba0:   000000001c30ec60 000000001c30ec40
0x000000001c30ebb0:   0000000019e011e8 0000000019e776b0
0x000000001c30ebc0:   0000000002e47a2d 0000000002e55b74
0x000000001c30ebd0:   00000000208ca820 0000000000000002
0x000000001c30ebe0:   0000000000000002 0000000019e01000
0x000000001c30ebf0:   000000001c30ecb8 0000000002e558a2
0x000000001c30ec00:   000000001c30ec00 00000000208ca820
0x000000001c30ec10:   000000001c30ec60 00000000208cb7b0
0x000000001c30ec20:   0000000000000000 00000000208ca820
0x000000001c30ec30:   0000000000000000 000000001c30ec60
0x000000001c30ec40:   000000001c30eca8 0000000002e47a2d
0x000000001c30ec50:   0000000000000000 0000000002e4f6b8
0x000000001c30ec60:   0000000084fcb8b8 000000001c30ec68 

Instructions: (pc=0x00007ffdfa7b4113)
0x00007ffdfa7b40f3:   48 8b 0f 48 85 c9 74 09 48 8b 01 ff 50 10 4c 89
0x00007ffdfa7b4103:   37 48 8b 8f 90 00 00 00 48 85 c9 74 0d 48 8b 01
0x00007ffdfa7b4113:   ff 50 10 4c 89 b7 90 00 00 00 48 8b 4f 30 48 85
0x00007ffdfa7b4123:   c9 74 0a 48 8b 01 ff 50 10 4c 89 77 30 48 8b 4f 


Register to memory mapping:

RAX=0x000000000000c000 is an unknown value
RBX=0x0000000027383040 is an unknown value
RCX=0x0000000100000000 is pointing into metadata
RDX=0x0000000000000000 is an unknown value
RSP=0x000000001c30eb70 is pointing into the stack for thread: 0x0000000019e01000
RBP=0x0000000000000003 is an unknown value
RSI=0x0000000000000000 is an unknown value
RDI=0x000000002051a720 is an unknown value
R8 =0x000000001c30e838 is pointing into the stack for thread: 0x0000000019e01000
R9 =0x0000000000008000 is an unknown value
R10=0x0000000000000000 is an unknown value
R11=0x000000001c30ea70 is pointing into the stack for thread: 0x0000000019e01000
R12=0x0000000000000000 is an unknown value
R13={method} {0x00000000208ca828} 'jniStopDevice' '()V' in 'KinectPV2/Device'
R14=0x0000000000000000 is an unknown value
R15=0x0000000019e01000 is a thread


Stack: [0x000000001c210000,0x000000001c310000],  sp=0x000000001c30eb70,  free space=1018k
Native frames: (J=compiled Java code, j=interpreted, Vv=VM code, C=native code)
C  [KinectPV2.dll+0x4113]
C  [KinectPV2.dll+0x1fba]
C  0x0000000002e55b74

Java frames: (J=compiled Java code, j=interpreted, Vv=VM code)
j  KinectPV2.Device.jniStopDevice()V+0
j  KinectPV2.Device.stopDevice()V+41
j  KinectPV2.KinectPV2.dispose()V+14
v  ~StubRoutines::call_stub
j  sun.reflect.NativeMethodAccessorImpl.invoke0(Ljava/lang/reflect/Method;Ljava/lang/Object;[Ljava/lang/Object;)Ljava/lang/Object;+0
j  sun.reflect.NativeMethodAccessorImpl.invoke(Ljava/lang/Object;[Ljava/lang/Object;)Ljava/lang/Object;+100
j  sun.reflect.DelegatingMethodAccessorImpl.invoke(Ljava/lang/Object;[Ljava/lang/Object;)Ljava/lang/Object;+6
j  java.lang.reflect.Method.invoke(Ljava/lang/Object;[Ljava/lang/Object;)Ljava/lang/Object;+56
j  processing.core.PApplet$RegisteredMethods.handle([Ljava/lang/Object;)V+18
j  processing.core.PApplet$RegisteredMethods.handle()V+5
j  processing.core.PApplet.handleMethods(Ljava/lang/String;)V+17
j  processing.core.PApplet.dispose()V+35
j  processing.core.PApplet.destroy()V+1
j  sun.applet.AppletPanel.run()V+562
j  java.lang.Thread.run()V+11
v  ~StubRoutines::call_stub

---------------  P R O C E S S  ---------------

Java Threads: ( => current thread )
  0x000000001f309800 JavaThread "Thread-1247" [_thread_blocked, id=12544, stack(0x0000000031190000,0x0000000031290000)]
  0x000000001ea29000 JavaThread "Thread-7" [_thread_blocked, id=10904, stack(0x00000000256e0000,0x00000000257e0000)]
  0x000000001ea2c000 JavaThread "Java Sound Event Dispatcher" daemon [_thread_blocked, id=10244, stack(0x00000000250e0000,0x00000000251e0000)]
  0x000000001a381000 JavaThread "Animation Thread-SharedResourceRunner" daemon [_thread_blocked, id=10144, stack(0x000000001f8f0000,0x000000001f9f0000)]
  0x0000000019e6e800 JavaThread "AWT-EventQueue-1" [_thread_blocked, id=13072, stack(0x000000001db70000,0x000000001dc70000)]
  0x0000000002d3e000 JavaThread "DestroyJavaVM" [_thread_blocked, id=10580, stack(0x0000000002b60000,0x0000000002c60000)]
  0x0000000019e51800 JavaThread "D3D Screen Updater" daemon [_thread_blocked, id=8072, stack(0x000000001d040000,0x000000001d140000)]
  0x0000000019e14800 JavaThread "AWT-EventQueue-0" [_thread_blocked, id=12508, stack(0x000000001c310000,0x000000001c410000)]
=>0x0000000019e01000 JavaThread "thread applet-aviss.applet.AVISSApplet.class" [_thread_in_native, id=12660, stack(0x000000001c210000,0x000000001c310000)]
  0x00000000195ee000 JavaThread "AWT-Windows" daemon [_thread_in_native, id=4844, stack(0x000000001a6f0000,0x000000001a7f0000)]
  0x00000000195ea800 JavaThread "AWT-Shutdown" [_thread_blocked, id=8276, stack(0x000000001a5f0000,0x000000001a6f0000)]
  0x00000000195bb800 JavaThread "Java2D Disposer" daemon [_thread_blocked, id=9000, stack(0x000000001a4f0000,0x000000001a5f0000)]
  0x0000000019201000 JavaThread "Service Thread" daemon [_thread_blocked, id=10340, stack(0x00000000195f0000,0x00000000196f0000)]
  0x00000000179a9000 JavaThread "C1 CompilerThread2" daemon [_thread_blocked, id=6868, stack(0x00000000190f0000,0x00000000191f0000)]
  0x00000000179a8000 JavaThread "C2 CompilerThread1" daemon [_thread_blocked, id=5992, stack(0x0000000018ff0000,0x00000000190f0000)]
  0x000000001799f000 JavaThread "C2 CompilerThread0" daemon [_thread_blocked, id=11960, stack(0x0000000018ef0000,0x0000000018ff0000)]
  0x000000001799d800 JavaThread "Attach Listener" daemon [_thread_blocked, id=9348, stack(0x0000000018df0000,0x0000000018ef0000)]
  0x000000001799c800 JavaThread "Signal Dispatcher" daemon [_thread_blocked, id=12064, stack(0x0000000018cf0000,0x0000000018df0000)]
  0x0000000002e34000 JavaThread "Finalizer" daemon [_thread_blocked, id=12820, stack(0x0000000018bf0000,0x0000000018cf0000)]
  0x0000000017967800 JavaThread "Reference Handler" daemon [_thread_blocked, id=8068, stack(0x0000000018af0000,0x0000000018bf0000)]

Other Threads:
  0x0000000017966000 VMThread [stack: 0x00000000189f0000,0x0000000018af0000] [id=8624]
  0x0000000019224800 WatcherThread [stack: 0x00000000196f0000,0x00000000197f0000] [id=4940]

VM state:not at safepoint (normal execution)

VM Mutex/Monitor currently owned by a thread: None

Heap:
 PSYoungGen      total 257536K, used 71682K [0x00000000d5d00000, 0x00000000ee080000, 0x0000000100000000)
  eden space 167424K, 12% used [0x00000000d5d00000,0x00000000d71e8a70,0x00000000e0080000)
  from space 90112K, 55% used [0x00000000e0080000,0x00000000e3198030,0x00000000e5880000)
  to   space 91136K, 0% used [0x00000000e8780000,0x00000000e8780000,0x00000000ee080000)
 ParOldGen       total 250368K, used 142837K [0x0000000081600000, 0x0000000090a80000, 0x00000000d5d00000)
  object space 250368K, 57% used [0x0000000081600000,0x000000008a17d708,0x0000000090a80000)
 Metaspace       used 17668K, capacity 17865K, committed 18048K, reserved 1064960K
  class space    used 1803K, capacity 1880K, committed 1920K, reserved 1048576K

Card table byte_map: [0x0000000012200000,0x0000000012600000] byte_map_base: 0x0000000011df5000

Marking Bits: (ParMarkBitMap*) 0x000000006d09d4f0
 Begin Bits: [0x0000000012cb0000, 0x0000000014c58000)
 End Bits:   [0x0000000014c58000, 0x0000000016c00000)

Polling page: 0x0000000001340000

CodeCache: size=245760Kb used=5433Kb max_used=5433Kb free=240326Kb
 bounds [0x0000000002e40000, 0x00000000033a0000, 0x0000000011e40000]
 total_blobs=2332 nmethods=1435 adapters=811
 compilation: enabled

Compilation events (10 events):
Event: 7.712 Thread 0x00000000179a9000 1450       3       processing.core.PApplet::max (11 bytes)
Event: 7.712 Thread 0x00000000179a9000 nmethod 1450 0x000000000338eed0 code [0x000000000338f020, 0x000000000338f1b0]
Event: 7.712 Thread 0x00000000179a9000 1451       3       processing.opengl.PJOGL::bindFramebufferImpl (12 bytes)
Event: 7.712 Thread 0x00000000179a9000 nmethod 1451 0x000000000338f250 code [0x000000000338f3c0, 0x000000000338f5e8]
Event: 7.712 Thread 0x00000000179a9000 1452       3       jogamp.opengl.gl4.GL4bcImpl::glBindFramebuffer (101 bytes)
Event: 7.715 Thread 0x00000000179a9000 nmethod 1452 0x000000000338f6d0 code [0x000000000338f960, 0x0000000003390db8]
Event: 7.730 Thread 0x00000000179a9000 1453       1       javax.media.opengl.awt.GLCanvas::access$1300 (5 bytes)
Event: 7.730 Thread 0x00000000179a9000 nmethod 1453 0x00000000033918d0 code [0x0000000003391a20, 0x0000000003391b10]
Event: 7.804 Thread 0x00000000179a9000 1454       3       java.util.HashMap::<init> (11 bytes)
Event: 7.804 Thread 0x00000000179a9000 nmethod 1454 0x0000000003391b90 code [0x0000000003391d00, 0x0000000003391f10]

GC Heap History (10 events):
Event: 2.779 GC heap before
{Heap before GC invocations=7 (full 1):
 PSYoungGen      total 126464K, used 18400K [0x00000000d5d00000, 0x00000000e3400000, 0x0000000100000000)
  eden space 108032K, 0% used [0x00000000d5d00000,0x00000000d5d00000,0x00000000dc680000)
  from space 18432K, 99% used [0x00000000df100000,0x00000000e02f80f0,0x00000000e0300000)
  to   space 43520K, 0% used [0x00000000dc680000,0x00000000dc680000,0x00000000df100000)
 ParOldGen       total 87552K, used 57344K [0x0000000081600000, 0x0000000086b80000, 0x00000000d5d00000)
  object space 87552K, 65% used [0x0000000081600000,0x0000000084e00258,0x0000000086b80000)
 Metaspace       used 17475K, capacity 17587K, committed 17792K, reserved 1064960K
  class space    used 1794K, capacity 1813K, committed 1920K, reserved 1048576K
Event: 2.834 GC heap after
Heap after GC invocations=7 (full 1):
 PSYoungGen      total 126464K, used 0K [0x00000000d5d00000, 0x00000000e3400000, 0x0000000100000000)
  eden space 108032K, 0% used [0x00000000d5d00000,0x00000000d5d00000,0x00000000dc680000)
  from space 18432K, 0% used [0x00000000df100000,0x00000000df100000,0x00000000e0300000)
  to   space 43520K, 0% used [0x00000000dc680000,0x00000000dc680000,0x00000000df100000)
 ParOldGen       total 141824K, used 74889K [0x0000000081600000, 0x000000008a080000, 0x00000000d5d00000)
  object space 141824K, 52% used [0x0000000081600000,0x0000000085f22638,0x000000008a080000)
 Metaspace       used 17474K, capacity 17585K, committed 17792K, reserved 1064960K
  class space    used 1793K, capacity 1812K, committed 1920K, reserved 1048576K
}
Event: 3.544 GC heap before
{Heap before GC invocations=8 (full 1):
 PSYoungGen      total 126464K, used 108032K [0x00000000d5d00000, 0x00000000e3400000, 0x0000000100000000)
  eden space 108032K, 100% used [0x00000000d5d00000,0x00000000dc680000,0x00000000dc680000)
  from space 18432K, 0% used [0x00000000df100000,0x00000000df100000,0x00000000e0300000)
  to   space 43520K, 0% used [0x00000000dc680000,0x00000000dc680000,0x00000000df100000)
 ParOldGen       total 141824K, used 74889K [0x0000000081600000, 0x000000008a080000, 0x00000000d5d00000)
  object space 141824K, 52% used [0x0000000081600000,0x0000000085f22638,0x000000008a080000)
 Metaspace       used 17510K, capacity 17617K, committed 17792K, reserved 1064960K
  class space    used 1794K, capacity 1844K, committed 1920K, reserved 1048576K
Event: 3.574 GC heap after
Heap after GC invocations=8 (full 1):
 PSYoungGen      total 151552K, used 37088K [0x00000000d5d00000, 0x00000000e8980000, 0x0000000100000000)
  eden space 108032K, 0% used [0x00000000d5d00000,0x00000000d5d00000,0x00000000dc680000)
  from space 43520K, 85% used [0x00000000dc680000,0x00000000deab8010,0x00000000df100000)
  to   space 50176K, 0% used [0x00000000e5880000,0x00000000e5880000,0x00000000e8980000)
 ParOldGen       total 141824K, used 74897K [0x0000000081600000, 0x000000008a080000, 0x00000000d5d00000)
  object space 141824K, 52% used [0x0000000081600000,0x0000000085f24638,0x000000008a080000)
 Metaspace       used 17510K, capacity 17617K, committed 17792K, reserved 1064960K
  class space    used 1794K, capacity 1844K, committed 1920K, reserved 1048576K
}
Event: 4.356 GC heap before
{Heap before GC invocations=9 (full 1):
 PSYoungGen      total 151552K, used 145120K [0x00000000d5d00000, 0x00000000e8980000, 0x0000000100000000)
  eden space 108032K, 100% used [0x00000000d5d00000,0x00000000dc680000,0x00000000dc680000)
  from space 43520K, 85% used [0x00000000dc680000,0x00000000deab8010,0x00000000df100000)
  to   space 50176K, 0% used [0x00000000e5880000,0x00000000e5880000,0x00000000e8980000)
 ParOldGen       total 141824K, used 74897K [0x0000000081600000, 0x000000008a080000, 0x00000000d5d00000)
  object space 141824K, 52% used [0x0000000081600000,0x0000000085f24638,0x000000008a080000)
 Metaspace       used 17595K, capacity 17745K, committed 18048K, reserved 1064960K
  class space    used 1797K, capacity 1844K, committed 1920K, reserved 1048576K
Event: 4.475 GC heap after
Heap after GC invocations=9 (full 1):
 PSYoungGen      total 217600K, used 50144K [0x00000000d5d00000, 0x00000000ed680000, 0x0000000100000000)
  eden space 167424K, 0% used [0x00000000d5d00000,0x00000000d5d00000,0x00000000e0080000)
  from space 50176K, 99% used [0x00000000e5880000,0x00000000e8978030,0x00000000e8980000)
  to   space 90112K, 0% used [0x00000000e0080000,0x00000000e0080000,0x00000000e5880000)
 ParOldGen       total 144384K, used 143633K [0x0000000081600000, 0x000000008a300000, 0x00000000d5d00000)
  object space 144384K, 99% used [0x0000000081600000,0x000000008a244638,0x000000008a300000)
 Metaspace       used 17595K, capacity 17745K, committed 18048K, reserved 1064960K
  class space    used 1797K, capacity 1844K, committed 1920K, reserved 1048576K
}
Event: 4.475 GC heap before
{Heap before GC invocations=10 (full 2):
 PSYoungGen      total 217600K, used 50144K [0x00000000d5d00000, 0x00000000ed680000, 0x0000000100000000)
  eden space 167424K, 0% used [0x00000000d5d00000,0x00000000d5d00000,0x00000000e0080000)
  from space 50176K, 99% used [0x00000000e5880000,0x00000000e8978030,0x00000000e8980000)
  to   space 90112K, 0% used [0x00000000e0080000,0x00000000e0080000,0x00000000e5880000)
 ParOldGen       total 144384K, used 143633K [0x0000000081600000, 0x000000008a300000, 0x00000000d5d00000)
  object space 144384K, 99% used [0x0000000081600000,0x000000008a244638,0x000000008a300000)
 Metaspace       used 17595K, capacity 17745K, committed 18048K, reserved 1064960K
  class space    used 1797K, capacity 1844K, committed 1920K, reserved 1048576K
Event: 5.251 GC heap after
Heap after GC invocations=10 (full 2):
 PSYoungGen      total 217600K, used 50088K [0x00000000d5d00000, 0x00000000ed680000, 0x0000000100000000)
  eden space 167424K, 0% used [0x00000000d5d00000,0x00000000d5d00000,0x00000000e0080000)
  from space 50176K, 99% used [0x00000000e5880000,0x00000000e896a2a0,0x00000000e8980000)
  to   space 90112K, 0% used [0x00000000e0080000,0x00000000e0080000,0x00000000e5880000)
 ParOldGen       total 250368K, used 142829K [0x0000000081600000, 0x0000000090a80000, 0x00000000d5d00000)
  object space 250368K, 57% used [0x0000000081600000,0x000000008a17b708,0x0000000090a80000)
 Metaspace       used 17595K, capacity 17745K, committed 18048K, reserved 1064960K
  class space    used 1797K, capacity 1844K, committed 1920K, reserved 1048576K
}
Event: 7.571 GC heap before
{Heap before GC invocations=11 (full 2):
 PSYoungGen      total 217600K, used 217512K [0x00000000d5d00000, 0x00000000ed680000, 0x0000000100000000)
  eden space 167424K, 100% used [0x00000000d5d00000,0x00000000e0080000,0x00000000e0080000)
  from space 50176K, 99% used [0x00000000e5880000,0x00000000e896a2a0,0x00000000e8980000)
  to   space 90112K, 0% used [0x00000000e0080000,0x00000000e0080000,0x00000000e5880000)
 ParOldGen       total 250368K, used 142829K [0x0000000081600000, 0x0000000090a80000, 0x00000000d5d00000)
  object space 250368K, 57% used [0x0000000081600000,0x000000008a17b708,0x0000000090a80000)
 Metaspace       used 17662K, capacity 17801K, committed 18048K, reserved 1064960K
  class space    used 1803K, capacity 1880K, committed 1920K, reserved 1048576K
Event: 7.638 GC heap after
Heap after GC invocations=11 (full 2):
 PSYoungGen      total 257536K, used 50272K [0x00000000d5d00000, 0x00000000ee080000, 0x0000000100000000)
  eden space 167424K, 0% used [0x00000000d5d00000,0x00000000d5d00000,0x00000000e0080000)
  from space 90112K, 55% used [0x00000000e0080000,0x00000000e3198030,0x00000000e5880000)
  to   space 91136K, 0% used [0x00000000e8780000,0x00000000e8780000,0x00000000ee080000)
 ParOldGen       total 250368K, used 142837K [0x0000000081600000, 0x0000000090a80000, 0x00000000d5d00000)
  object space 250368K, 57% used [0x0000000081600000,0x000000008a17d708,0x0000000090a80000)
 Metaspace       used 17662K, capacity 17801K, committed 18048K, reserved 1064960K
  class space    used 1803K, capacity 1880K, committed 1920K, reserved 1048576K
}

Deoptimization events (10 events):
Event: 3.779 Thread 0x0000000019ee9000 Uncommon trap: reason=class_check action=maybe_recompile pc=0x000000000320a880 method=com.jogamp.common.nio.Buffers.isDirect(Ljava/lang/Object;)Z @ 13
Event: 3.779 Thread 0x0000000019ee9000 Uncommon trap: reason=class_check action=maybe_recompile pc=0x000000000320df84 method=com.jogamp.common.nio.Buffers.getDirectBufferByteOffset(Ljava/lang/Object;)I @ 7
Event: 4.220 Thread 0x0000000019e6e800 Uncommon trap: reason=class_check action=maybe_recompile pc=0x0000000003323cd4 method=com.jogamp.common.nio.Buffers.getDirectBufferByteOffset(Ljava/lang/Object;)I @ 42
Event: 4.292 Thread 0x0000000019e6e800 Uncommon trap: reason=class_check action=maybe_recompile pc=0x0000000003323cd4 method=com.jogamp.common.nio.Buffers.getDirectBufferByteOffset(Ljava/lang/Object;)I @ 42
Event: 7.712 Thread 0x0000000019e51800 Uncommon trap: reason=unreached action=reinterpret pc=0x000000000328d824 method=java.util.concurrent.locks.ReentrantLock$Sync.nonfairTryAcquire(I)Z @ 34
Event: 7.804 Thread 0x0000000019e01000 Uncommon trap: reason=bimorphic action=maybe_recompile pc=0x00000000031f2e1c method=java.util.HashMap.putVal(ILjava/lang/Object;Ljava/lang/Object;ZZ)Ljava/lang/Object; @ 91
Event: 7.804 Thread 0x0000000019e01000 Uncommon trap: reason=bimorphic action=maybe_recompile pc=0x00000000031f2e1c method=java.util.HashMap.putVal(ILjava/lang/Object;Ljava/lang/Object;ZZ)Ljava/lang/Object; @ 91
Event: 7.804 Thread 0x0000000019e01000 Uncommon trap: reason=bimorphic action=maybe_recompile pc=0x00000000031f2e1c method=java.util.HashMap.putVal(ILjava/lang/Object;Ljava/lang/Object;ZZ)Ljava/lang/Object; @ 91
Event: 7.804 Thread 0x0000000019e01000 Uncommon trap: reason=bimorphic action=maybe_recompile pc=0x00000000031f2e1c method=java.util.HashMap.putVal(ILjava/lang/Object;Ljava/lang/Object;ZZ)Ljava/lang/Object; @ 91
Event: 7.804 Thread 0x0000000019e01000 Uncommon trap: reason=bimorphic action=maybe_recompile pc=0x00000000031bf284 method=java.util.HashMap.putVal(ILjava/lang/Object;Ljava/lang/Object;ZZ)Ljava/lang/Object; @ 91

Internal exceptions (10 events):
Event: 2.747 Thread 0x0000000019e6e800 Exception <a 'java/security/PrivilegedActionException'> (0x00000000d9586d28) thrown at [C:\workspace\8-2-build-windows-amd64-cygwin\jdk8u31\2394\hotspot\src\share\vm\prims\jvm.cpp, line 1312]
Event: 2.748 Thread 0x0000000019e6e800 Exception <a 'java/security/PrivilegedActionException'> (0x00000000d9592118) thrown at [C:\workspace\8-2-build-windows-amd64-cygwin\jdk8u31\2394\hotspot\src\share\vm\prims\jvm.cpp, line 1312]
Event: 2.749 Thread 0x0000000019e6e800 Exception <a 'java/security/PrivilegedActionException'> (0x00000000d9596d60) thrown at [C:\workspace\8-2-build-windows-amd64-cygwin\jdk8u31\2394\hotspot\src\share\vm\prims\jvm.cpp, line 1312]
Event: 2.750 Thread 0x0000000019e6e800 Exception <a 'java/security/PrivilegedActionException'> (0x00000000d959c2d0) thrown at [C:\workspace\8-2-build-windows-amd64-cygwin\jdk8u31\2394\hotspot\src\share\vm\prims\jvm.cpp, line 1312]
Event: 3.443 Thread 0x0000000019e6e800 Exception <a 'java/security/PrivilegedActionException'> (0x00000000d5fc0958) thrown at [C:\workspace\8-2-build-windows-amd64-cygwin\jdk8u31\2394\hotspot\src\share\vm\prims\jvm.cpp, line 1312]
Event: 3.768 Thread 0x0000000019ee9000 Exception <a 'java/security/PrivilegedActionException'> (0x00000000daeff1b0) thrown at [C:\workspace\8-2-build-windows-amd64-cygwin\jdk8u31\2394\hotspot\src\share\vm\prims\jvm.cpp, line 1312]
Event: 3.776 Thread 0x0000000019ee9000 Exception <a 'java/security/PrivilegedActionException'> (0x00000000daf02e70) thrown at [C:\workspace\8-2-build-windows-amd64-cygwin\jdk8u31\2394\hotspot\src\share\vm\prims\jvm.cpp, line 1312]
Event: 3.780 Thread 0x0000000019ee9000 Exception <a 'java/lang/reflect/InvocationTargetException'> (0x00000000daf0ac88) thrown at [C:\workspace\8-2-build-windows-amd64-cygwin\jdk8u31\2394\hotspot\src\share\vm\runtime\reflection.cpp, line 1080]
Event: 3.936 Thread 0x0000000019e6e800 Exception <a 'java/security/PrivilegedActionException'> (0x00000000db8ba0a0) thrown at [C:\workspace\8-2-build-windows-amd64-cygwin\jdk8u31\2394\hotspot\src\share\vm\prims\jvm.cpp, line 1312]
Event: 4.220 Thread 0x0000000019e6e800 Exception <a 'java/security/PrivilegedActionException'> (0x00000000dbc8a7b8) thrown at [C:\workspace\8-2-build-windows-amd64-cygwin\jdk8u31\2394\hotspot\src\share\vm\prims\jvm.cpp, line 1312]

Events (10 events):
Event: 7.804 Thread 0x0000000019e01000 Uncommon trap: trap_request=0xffffffc6 fr.pc=0x00000000031f2e1c
Event: 7.804 Thread 0x0000000019e01000 DEOPT PACKING pc=0x00000000031f2e1c sp=0x000000001c30f4c0
Event: 7.804 Thread 0x0000000019e01000 DEOPT UNPACKING pc=0x0000000002e8556a sp=0x000000001c30f3d8 mode 2
Event: 7.804 Thread 0x0000000019e01000 Uncommon trap: trap_request=0xffffffc6 fr.pc=0x00000000031f2e1c
Event: 7.804 Thread 0x0000000019e01000 DEOPT PACKING pc=0x00000000031f2e1c sp=0x000000001c30f4c0
Event: 7.804 Thread 0x0000000019e01000 DEOPT UNPACKING pc=0x0000000002e8556a sp=0x000000001c30f3d8 mode 2
Event: 7.804 Thread 0x0000000019e01000 Uncommon trap: trap_request=0xffffffc6 fr.pc=0x00000000031bf284
Event: 7.804 Thread 0x0000000019e01000 DEOPT PACKING pc=0x00000000031bf284 sp=0x000000001c30f440
Event: 7.804 Thread 0x0000000019e01000 DEOPT UNPACKING pc=0x0000000002e8556a sp=0x000000001c30f3d8 mode 2
Event: 7.806 Thread 0x000000001f306800 Thread exited: 0x000000001f306800


Dynamic libraries:
0x00007ff6f0be0000 - 0x00007ff6f0c14000 	C:\Program Files\Java\jre1.8.0_31\bin\javaw.exe
0x00007ffe08660000 - 0x00007ffe0880c000 	C:\WINDOWS\SYSTEM32\ntdll.dll
0x00007ffe08510000 - 0x00007ffe0864e000 	C:\WINDOWS\system32\KERNEL32.DLL
0x00007ffe058d0000 - 0x00007ffe059e5000 	C:\WINDOWS\system32\KERNELBASE.dll
0x00007ffe03e60000 - 0x00007ffe03eee000 	C:\WINDOWS\system32\apphelp.dll
0x00007ffdfa3f0000 - 0x00007ffdfa443000 	C:\WINDOWS\AppPatch\AppPatch64\AcGenral.DLL
0x00007ffe063e0000 - 0x00007ffe0648a000 	C:\WINDOWS\system32\msvcrt.dll
0x00007ffe05650000 - 0x00007ffe0567e000 	C:\WINDOWS\SYSTEM32\SspiCli.dll
0x00007ffe06380000 - 0x00007ffe063d4000 	C:\WINDOWS\system32\SHLWAPI.dll
0x00007ffe05ce0000 - 0x00007ffe05e57000 	C:\WINDOWS\system32\USER32.dll
0x00007ffe08220000 - 0x00007ffe083b4000 	C:\WINDOWS\system32\ole32.dll
0x00007ffe06880000 - 0x00007ffe07d98000 	C:\WINDOWS\system32\SHELL32.dll
0x00007ffe04dd0000 - 0x00007ffe04df1000 	C:\WINDOWS\SYSTEM32\USERENV.dll
0x00007ffe07f00000 - 0x00007ffe07faa000 	C:\WINDOWS\system32\ADVAPI32.dll
0x00007ffdfeaf0000 - 0x00007ffdfeb0e000 	C:\WINDOWS\SYSTEM32\MPR.dll
0x00007ffe083c0000 - 0x00007ffe08501000 	C:\WINDOWS\system32\RPCRT4.dll
0x00007ffe062b0000 - 0x00007ffe06309000 	C:\WINDOWS\SYSTEM32\sechost.dll
0x00007ffe06030000 - 0x00007ffe06241000 	C:\WINDOWS\SYSTEM32\combase.dll
0x00007ffe07da0000 - 0x00007ffe07ef1000 	C:\WINDOWS\system32\GDI32.dll
0x00007ffe057b0000 - 0x00007ffe057c5000 	C:\WINDOWS\SYSTEM32\profapi.dll
0x00007ffe01280000 - 0x00007ffe01332000 	C:\WINDOWS\SYSTEM32\SHCORE.dll
0x00007ffe081e0000 - 0x00007ffe08216000 	C:\WINDOWS\system32\IMM32.DLL
0x00007ffe07fb0000 - 0x00007ffe08101000 	C:\WINDOWS\system32\MSCTF.dll
0x00007ffe00c60000 - 0x00007ffe00edb000 	C:\WINDOWS\WinSxS\amd64_microsoft.windows.common-controls_6595b64144ccf1df_6.0.9600.17415_none_6240486fecbd8abb\COMCTL32.dll
0x000000006e100000 - 0x000000006e1d2000 	C:\Program Files\Java\jre1.8.0_31\bin\msvcr100.dll
0x000000006c8c0000 - 0x000000006d11a000 	C:\Program Files\Java\jre1.8.0_31\bin\server\jvm.dll
0x00007ffdf9af0000 - 0x00007ffdf9af9000 	C:\WINDOWS\SYSTEM32\WSOCK32.dll
0x00007ffe00820000 - 0x00007ffe00842000 	C:\WINDOWS\SYSTEM32\WINMM.dll
0x00007ffe08650000 - 0x00007ffe08657000 	C:\WINDOWS\system32\PSAPI.DLL
0x00007ffe06550000 - 0x00007ffe065aa000 	C:\WINDOWS\system32\WS2_32.dll
0x00007ffe007f0000 - 0x00007ffe0081a000 	C:\WINDOWS\SYSTEM32\WINMMBASE.dll
0x00007ffe081d0000 - 0x00007ffe081d9000 	C:\WINDOWS\system32\NSI.dll
0x00007ffe05880000 - 0x00007ffe058cf000 	C:\WINDOWS\SYSTEM32\cfgmgr32.dll
0x00007ffe045c0000 - 0x00007ffe045e8000 	C:\WINDOWS\SYSTEM32\DEVOBJ.dll
0x000000006c8b0000 - 0x000000006c8bf000 	C:\Program Files\Java\jre1.8.0_31\bin\verify.dll
0x000000006c880000 - 0x000000006c8a8000 	C:\Program Files\Java\jre1.8.0_31\bin\java.dll
0x000000006c860000 - 0x000000006c876000 	C:\Program Files\Java\jre1.8.0_31\bin\zip.dll
0x000000006df60000 - 0x000000006e0f8000 	C:\Program Files\Java\jre1.8.0_31\bin\awt.dll
0x00007ffe065d0000 - 0x00007ffe06691000 	C:\WINDOWS\system32\OLEAUT32.dll
0x00007ffe01080000 - 0x00007ffe010a1000 	C:\WINDOWS\system32\DWMAPI.DLL
0x00007ffe04420000 - 0x00007ffe04549000 	C:\WINDOWS\system32\uxtheme.dll
0x00007ffdf0120000 - 0x00007ffdf01cb000 	C:\Program Files\Common Files\microsoft shared\ink\tiptsf.dll
0x00007ffe04610000 - 0x00007ffe0461b000 	C:\WINDOWS\SYSTEM32\kernel.appcore.dll
0x00007ffe056f0000 - 0x00007ffe056fb000 	C:\WINDOWS\SYSTEM32\CRYPTBASE.dll
0x00007ffe05680000 - 0x00007ffe056e3000 	C:\WINDOWS\SYSTEM32\bcryptPrimitives.dll
0x00007ffdf1d80000 - 0x00007ffdf1fa1000 	C:\WINDOWS\system32\d3d9.dll
0x00007ffdfef30000 - 0x00007ffdfef3a000 	C:\WINDOWS\SYSTEM32\VERSION.dll
0x00007ffdd6590000 - 0x00007ffdd7e71000 	C:\WINDOWS\SYSTEM32\igdumdim64.dll
0x00007ffe015f0000 - 0x00007ffe01a50000 	C:\WINDOWS\SYSTEM32\igdusc64.dll
0x000000006df10000 - 0x000000006df57000 	C:\Program Files\Java\jre1.8.0_31\bin\fontmanager.dll
0x000000006c840000 - 0x000000006c85a000 	C:\Program Files\Java\jre1.8.0_31\bin\net.dll
0x00007ffe05090000 - 0x00007ffe050e9000 	C:\WINDOWS\system32\mswsock.dll
0x000000006c820000 - 0x000000006c831000 	C:\Program Files\Java\jre1.8.0_31\bin\nio.dll
0x000000006dec0000 - 0x000000006df01000 	C:\Program Files\Java\jre1.8.0_31\bin\t2k.dll
0x00007ffdf9170000 - 0x00007ffdf91da000 	C:\WINDOWS\SYSTEM32\oleacc.dll
0x00007ffe06490000 - 0x00007ffe06546000 	C:\WINDOWS\SYSTEM32\clbcatq.dll
0x00007ffe050f0000 - 0x00007ffe05110000 	C:\WINDOWS\SYSTEM32\CRYPTSP.dll
0x00007ffe04cc0000 - 0x00007ffe04cf6000 	C:\WINDOWS\system32\rsaenh.dll
0x00007ffe05340000 - 0x00007ffe05366000 	C:\WINDOWS\SYSTEM32\bcrypt.dll
0x00007ffe00780000 - 0x00007ffe007aa000 	C:\WINDOWS\SYSTEM32\IPHLPAPI.DLL
0x00007ffe00750000 - 0x00007ffe0075a000 	C:\WINDOWS\SYSTEM32\WINNSI.DLL
0x00007ffe005d0000 - 0x00007ffe005e6000 	C:\WINDOWS\SYSTEM32\dhcpcsvc6.DLL
0x00007ffe005b0000 - 0x00007ffe005ca000 	C:\WINDOWS\SYSTEM32\dhcpcsvc.DLL
0x00000000637c0000 - 0x00000000637cd000 	C:\Users\Ian\AppData\Local\Temp\jogamp_0000\file_cache\jln3682257175899738906\jln3584381038754185838\gluegen-rt.dll
0x000000006deb0000 - 0x000000006deb7000 	C:\Program Files\Java\jre1.8.0_31\bin\jawt.dll
0x000000006a440000 - 0x000000006a44d000 	C:\Users\Ian\AppData\Local\Temp\jogamp_0000\file_cache\jln3682257175899738906\jln3584381038754185838\nativewindow_awt.dll
0x000000006c100000 - 0x000000006c10f000 	C:\Users\Ian\AppData\Local\Temp\jogamp_0000\file_cache\jln3682257175899738906\jln3584381038754185838\nativewindow_win32.dll
0x00007ffdeba50000 - 0x00007ffdebb7b000 	C:\WINDOWS\SYSTEM32\OpenGL32.dll
0x00007ffdeba20000 - 0x00007ffdeba4e000 	C:\WINDOWS\SYSTEM32\GLU32.dll
0x00007ffdeb920000 - 0x00007ffdeba18000 	C:\WINDOWS\SYSTEM32\DDRAW.dll
0x00007ffdeb800000 - 0x00007ffdeb809000 	C:\WINDOWS\SYSTEM32\DCIMAN32.dll
0x0000000064500000 - 0x00000000645a0000 	C:\Users\Ian\AppData\Local\Temp\jogamp_0000\file_cache\jln3682257175899738906\jln3584381038754185838\jogl_desktop.dll
0x0000000180000000 - 0x00000001807de000 	C:\WINDOWS\SYSTEM32\ig75icd64.dll
0x00007ffe04e00000 - 0x00007ffe04e46000 	C:\WINDOWS\SYSTEM32\powrprof.dll
0x000000006dea0000 - 0x000000006deac000 	C:\Program Files\Java\jre1.8.0_31\bin\jsound.dll
0x000000006de90000 - 0x000000006de9b000 	C:\Program Files\Java\jre1.8.0_31\bin\jsoundds.dll
0x00007ffde3c80000 - 0x00007ffde3d1d000 	C:\WINDOWS\SYSTEM32\DSOUND.dll
0x00007ffe00bc0000 - 0x00007ffe00c30000 	C:\WINDOWS\SYSTEM32\MMDevAPI.DLL
0x00007ffdf3bd0000 - 0x00007ffdf3c0e000 	C:\WINDOWS\SYSTEM32\wdmaud.drv
0x00007ffe00850000 - 0x00007ffe00858000 	C:\WINDOWS\SYSTEM32\ksuser.dll
0x00007ffe03c50000 - 0x00007ffe03c5c000 	C:\WINDOWS\SYSTEM32\AVRT.dll
0x00007ffdf8dd0000 - 0x00007ffdf8e4e000 	C:\WINDOWS\SYSTEM32\AUDIOSES.DLL
0x00007ffdfa530000 - 0x00007ffdfa53b000 	C:\WINDOWS\SYSTEM32\msacm32.drv
0x00007ffdf9bc0000 - 0x00007ffdf9bdc000 	C:\WINDOWS\SYSTEM32\MSACM32.dll
0x00007ffdf9bb0000 - 0x00007ffdf9bba000 	C:\WINDOWS\SYSTEM32\midimap.dll
0x00007ffde30a0000 - 0x00007ffde323c000 	C:\Users\Ian\workspace\AVISS\lib\Kinect20.Face.dll
0x00007ffdeede0000 - 0x00007ffdeee87000 	C:\WINDOWS\SYSTEM32\MSVCP110.dll
0x00007ffdf8fc0000 - 0x00007ffdf9094000 	C:\WINDOWS\SYSTEM32\MSVCR110.dll
0x00007ffdfa7b0000 - 0x00007ffdfa7c0000 	C:\Users\Ian\workspace\AVISS\lib\KinectPV2.dll
0x00007ffdf4890000 - 0x00007ffdf494a000 	C:\WINDOWS\SYSTEM32\Kinect20.dll
0x00007ffdeeee0000 - 0x00007ffdeefcb000 	C:\WINDOWS\SYSTEM32\MFPlat.DLL
0x00007ffdeedb0000 - 0x00007ffdeedd7000 	C:\WINDOWS\SYSTEM32\RTWorkQ.DLL
0x00007ffdefbc0000 - 0x00007ffdefd4a000 	C:\WINDOWS\SYSTEM32\dbghelp.dll

VM Arguments:
jvm_args: -Djava.library.path=C:\Users\Ian\workspace\AVISS\lib -Djava.security.policy=java.policy.applet -Dfile.encoding=Cp1252 
java_command: sun.applet.AppletViewer aviss.applet.AVISSApplet1428539360263.html
java_class_path (initial): C:\Users\Ian\workspace\AVISS\bin;C:\Users\Ian\workspace\AVISS\lib\commons-collections4-4.0.jar;C:\Users\Ian\workspace\AVISS\lib\core.jar;C:\Users\Ian\workspace\AVISS\lib\G4P.jar;C:\Users\Ian\workspace\AVISS\lib\gluegen-rt-natives-linux-amd64.jar;C:\Users\Ian\workspace\AVISS\lib\gluegen-rt-natives-linux-armv6hf.jar;C:\Users\Ian\workspace\AVISS\lib\gluegen-rt-natives-linux-i586.jar;C:\Users\Ian\workspace\AVISS\lib\gluegen-rt-natives-macosx-universal.jar;C:\Users\Ian\workspace\AVISS\lib\gluegen-rt-natives-windows-amd64.jar;C:\Users\Ian\workspace\AVISS\lib\gluegen-rt-natives-windows-i586.jar;C:\Users\Ian\workspace\AVISS\lib\gluegen-rt.jar;C:\Users\Ian\workspace\AVISS\lib\il_hemesh.jar;C:\Users\Ian\workspace\AVISS\lib\javolution-6.1.0.jar;C:\Users\Ian\workspace\AVISS\lib\jl1.0.jar;C:\Users\Ian\workspace\AVISS\lib\jogl-all-natives-linux-amd64.jar;C:\Users\Ian\workspace\AVISS\lib\jogl-all-natives-linux-armv6hf.jar;C:\Users\Ian\workspace\AVISS\lib\jogl-all-natives-linux-i586.jar;C:\Users\Ian\workspace\AVISS\lib\jogl-all-natives-macosx-universal.jar;C:\Users\Ian\workspace\AVISS\lib\jogl-all-natives-windows-amd64.jar;C:\Users\Ian\workspace\AVISS\lib\jogl-all-natives-windows-i586.jar;C:\Users\Ian\workspace\AVISS\lib\jogl-all.jar;C:\Users\Ian\workspace\AVISS\lib\jsminim.jar;C:\Users\Ian\workspace\AVISS\lib\jts.jar;C:\Users\Ian\workspace\AVISS\lib\KinectPV2.jar;C:\Users\Ian\workspace\AVISS\lib\log4j-1.2.17.jar;C:\Users\Ian\workspace\AVISS\lib\miglayout15-swing.jar;C:\Users\Ian\workspace\AVISS\lib\minim.jar;C:\Users\Ian\workspace\AVISS\lib\mp3spi1.9.4.jar;C:\Users\Ian\workspace\AVISS\lib\opal-1.0.1.jar;C:\Users\Ian\workspace\AVISS\lib\peasycam.jar;C:\Users\Ian\workspace\AVISS\lib\swt.jar;C:\Users\Ian\workspace\AVISS\lib\tritonus_aos.jar;C:\Users\Ian\workspace\AVISS\lib\tritonus_share.jar;C:\Users\Ian\workspace\AVISS\lib\trove-3.1a1.jar
Launcher Type: SUN_STANDARD

Environment Variables:
PATH=C:/Program Files/Java/jre1.8.0_31/bin/server;C:/Program Files/Java/jre1.8.0_31/bin;C:/Program Files/Java/jre1.8.0_31/lib/amd64;C:\MinGW\bin\;C:\Python34\;C:\Python34\Scripts;C:\ProgramData\Oracle\Java\javapath;c:\Program Files (x86)\Intel\iCLS Client\;c:\Program Files\Intel\iCLS Client\;C:\WINDOWS\system32;C:\WINDOWS;C:\WINDOWS\System32\Wbem;C:\WINDOWS\System32\WindowsPowerShell\v1.0\;C:\Program Files\Intel\Intel(R) Management Engine Components\DAL;C:\Program Files\Intel\Intel(R) Management Engine Components\IPT;C:\Program Files (x86)\Intel\Intel(R) Management Engine Components\DAL;C:\Program Files (x86)\Intel\Intel(R) Management Engine Components\IPT;C:\Program Files (x86)\Intel\OpenCL SDK\3.0\bin\x86;C:\Program Files (x86)\Intel\OpenCL SDK\3.0\bin\x64;C:\Program Files (x86)\Windows Live\Shared;C:\Program Files (x86)\QuickTime\QTSystem\;C:\Program Files (x86)\Windows Kits\8.1\Windows Performance Toolkit\;C:\Program Files\Microsoft SQL Server\110\Tools\Binn\;C:\Program Files (x86)\Microsoft SDKs\TypeScript\1.0\;C:\Program Fil;C:\MinGW\bin\;C:\Program Files (x86)\CMake\bin\;C:\Users\Ian\Documents\2014W2\CPSC_425\Canopy\User;C:\Users\Ian\Documents\2014W2\CPSC_425\Canopy\User\Scripts;C:\Program Files\Eclipse Luna\eclipse;
USERNAME=Ian
OS=Windows_NT
PROCESSOR_IDENTIFIER=Intel64 Family 6 Model 69 Stepping 1, GenuineIntel



---------------  S Y S T E M  ---------------

OS: Windows 8.1 , 64 bit Build 9600 

CPU:total 4 (2 cores per cpu, 2 threads per core) family 6 model 69 stepping 1, cmov, cx8, fxsr, mmx, sse, sse2, sse3, ssse3, sse4.1, sse4.2, popcnt, avx, avx2, aes, clmul, erms, lzcnt, ht, tsc, tscinvbit, bmi1, bmi2

Memory: 4k page, physical 8291748k(2482792k free), swap 11568548k(4700172k free)

vm_info: Java HotSpot(TM) 64-Bit Server VM (25.31-b07) for windows-amd64 JRE (1.8.0_31-b13), built on Dec 17 2014 21:00:28 by "java_re" with MS VC++ 10.0 (VS2010)

time: Wed Apr 08 17:29:28 2015
elapsed time: 7 seconds (0d 0h 0m 7s)

