#
# A fatal error has been detected by the Java Runtime Environment:
#
#  EXCEPTION_ACCESS_VIOLATION (0xc0000005) at pc=0x00007ffdfa4a4139, pid=8288, tid=11744
#
# JRE version: Java(TM) SE Runtime Environment (8.0_31-b13) (build 1.8.0_31-b13)
# Java VM: Java HotSpot(TM) 64-Bit Server VM (25.31-b07 mixed mode windows-amd64 compressed oops)
# Problematic frame:
# C  [KinectPV2.dll+0x4139]
#
# Failed to write core dump. Minidumps are not enabled by default on client versions of Windows
#
# If you would like to submit a bug report, please visit:
#   http://bugreport.java.com/bugreport/crash.jsp
# The crash happened outside the Java Virtual Machine in native code.
# See problematic frame for where to report the bug.
#

---------------  T H R E A D  ---------------

Current thread (0x00000000192e6000):  JavaThread "thread applet-aviss.applet.AVISSApplet.class" [_thread_in_native, id=11744, stack(0x000000001b6f0000,0x000000001b7f0000)]

siginfo: ExceptionCode=0xc0000005, reading address 0xffffffffffffffff

Registers:
RAX=0x0000000000000001, RBX=0x0000000032961040, RCX=0x0019e84c1d00001d, RDX=0x0000000000000000
RSP=0x000000001b7ee660, RBP=0x0000000000000006, RSI=0x0000000000000000, RDI=0x000000001fa183f8
R8 =0x000000001b7ee328, R9 =0x0000000000008000, R10=0x0000000000000000, R11=0x000000001b7ee560
R12=0x0000000000000000, R13=0x000000001fdda448, R14=0x0000000000000000, R15=0x00000000192e6000
RIP=0x00007ffdfa4a4139, EFLAGS=0x0000000000010206

Top of Stack: (sp=0x000000001b7ee660)
0x000000001b7ee660:   000000001fa183c8 0000000020540d08
0x000000001b7ee670:   000000001fa183c8 0000000000000000
0x000000001b7ee680:   000000001b7ee750 00007ffdfa4a1fba
0x000000001b7ee690:   000000001b7ee750 000000001b7ee730
0x000000001b7ee6a0:   00000000192e61e8 0000000019357460
0x000000001b7ee6b0:   0000000002287a2d 0000000002295b74
0x000000001b7ee6c0:   000000001fdda448 0000000000000002
0x000000001b7ee6d0:   0000000000000002 00000000192e6000
0x000000001b7ee6e0:   000000001b7ee7a8 00000000022958a2
0x000000001b7ee6f0:   000000001b7ee6f0 000000001fdda448
0x000000001b7ee700:   000000001b7ee750 000000001fddb3d8
0x000000001b7ee710:   0000000000000000 000000001fdda448
0x000000001b7ee720:   0000000000000000 000000001b7ee750
0x000000001b7ee730:   000000001b7ee798 0000000002287a2d
0x000000001b7ee740:   0000000000000000 000000000228f6b8
0x000000001b7ee750:   00000000884ad3d8 000000001b7ee758 

Instructions: (pc=0x00007ffdfa4a4139)
0x00007ffdfa4a4119:   90 00 00 00 48 8b 4f 30 48 85 c9 74 0a 48 8b 01
0x00007ffdfa4a4129:   ff 50 10 4c 89 77 30 48 8b 4f 60 48 85 c9 74 0a
0x00007ffdfa4a4139:   48 8b 01 ff 50 10 4c 89 77 60 48 83 c7 08 48 ff
0x00007ffdfa4a4149:   cd 75 94 48 8b 5c 24 30 48 8b 6c 24 38 48 8b 74 


Register to memory mapping:

RAX=0x0000000000000001 is an unknown value
RBX=0x0000000032961040 is an unknown value
RCX=0x0019e84c1d00001d is an unknown value
RDX=0x0000000000000000 is an unknown value
RSP=0x000000001b7ee660 is pointing into the stack for thread: 0x00000000192e6000
RBP=0x0000000000000006 is an unknown value
RSI=0x0000000000000000 is an unknown value
RDI=0x000000001fa183f8 is an unknown value
R8 =0x000000001b7ee328 is pointing into the stack for thread: 0x00000000192e6000
R9 =0x0000000000008000 is an unknown value
R10=0x0000000000000000 is an unknown value
R11=0x000000001b7ee560 is pointing into the stack for thread: 0x00000000192e6000
R12=0x0000000000000000 is an unknown value
R13={method} {0x000000001fdda450} 'jniStopDevice' '()V' in 'KinectPV2/Device'
R14=0x0000000000000000 is an unknown value
R15=0x00000000192e6000 is a thread


Stack: [0x000000001b6f0000,0x000000001b7f0000],  sp=0x000000001b7ee660,  free space=1017k
Native frames: (J=compiled Java code, j=interpreted, Vv=VM code, C=native code)
C  [KinectPV2.dll+0x4139]
C  [KinectPV2.dll+0x1fba]
C  0x0000000002295b74

Java frames: (J=compiled Java code, j=interpreted, Vv=VM code)
j  KinectPV2.Device.jniStopDevice()V+0
j  KinectPV2.Device.stopDevice()V+41
j  KinectPV2.KinectPV2.dispose()V+14
v  ~StubRoutines::call_stub
j  sun.reflect.NativeMethodAccessorImpl.invoke0(Ljava/lang/reflect/Method;Ljava/lang/Object;[Ljava/lang/Object;)Ljava/lang/Object;+0
j  sun.reflect.NativeMethodAccessorImpl.invoke(Ljava/lang/Object;[Ljava/lang/Object;)Ljava/lang/Object;+100
j  sun.reflect.DelegatingMethodAccessorImpl.invoke(Ljava/lang/Object;[Ljava/lang/Object;)Ljava/lang/Object;+6
j  java.lang.reflect.Method.invoke(Ljava/lang/Object;[Ljava/lang/Object;)Ljava/lang/Object;+56
j  processing.core.PApplet$RegisteredMethods.handle([Ljava/lang/Object;)V+18
j  processing.core.PApplet$RegisteredMethods.handle()V+5
j  processing.core.PApplet.handleMethods(Ljava/lang/String;)V+17
j  processing.core.PApplet.dispose()V+35
j  processing.core.PApplet.destroy()V+1
j  sun.applet.AppletPanel.run()V+562
j  java.lang.Thread.run()V+11
v  ~StubRoutines::call_stub

---------------  P R O C E S S  ---------------

Java Threads: ( => current thread )
  0x000000001dee6000 JavaThread "Thread-395" [_thread_blocked, id=8272, stack(0x0000000032f80000,0x0000000033080000)]
  0x0000000019787000 JavaThread "Thread-7" [_thread_blocked, id=7076, stack(0x0000000024d80000,0x0000000024e80000)]
  0x0000000019788800 JavaThread "Java Sound Event Dispatcher" daemon [_thread_blocked, id=6192, stack(0x0000000024680000,0x0000000024780000)]
  0x0000000019774000 JavaThread "Animation Thread-SharedResourceRunner" daemon [_thread_blocked, id=6736, stack(0x000000001ee30000,0x000000001ef30000)]
  0x000000001935a000 JavaThread "AWT-EventQueue-1" [_thread_blocked, id=10596, stack(0x000000001d100000,0x000000001d200000)]
  0x0000000019337000 JavaThread "D3D Screen Updater" daemon [_thread_blocked, id=8724, stack(0x000000001ca00000,0x000000001cb00000)]
  0x000000000201e000 JavaThread "DestroyJavaVM" [_thread_blocked, id=8368, stack(0x0000000002020000,0x0000000002120000)]
  0x0000000019302000 JavaThread "AWT-EventQueue-0" [_thread_blocked, id=12576, stack(0x000000001b7f0000,0x000000001b8f0000)]
=>0x00000000192e6000 JavaThread "thread applet-aviss.applet.AVISSApplet.class" [_thread_in_native, id=11744, stack(0x000000001b6f0000,0x000000001b7f0000)]
  0x00000000192bc000 JavaThread "AWT-Windows" daemon [_thread_in_native, id=8716, stack(0x0000000019bd0000,0x0000000019cd0000)]
  0x00000000191d9000 JavaThread "AWT-Shutdown" [_thread_blocked, id=6244, stack(0x0000000019ad0000,0x0000000019bd0000)]
  0x00000000191d8800 JavaThread "Java2D Disposer" daemon [_thread_blocked, id=6156, stack(0x00000000199d0000,0x0000000019ad0000)]
  0x0000000016e3d000 JavaThread "Service Thread" daemon [_thread_blocked, id=7172, stack(0x0000000018a30000,0x0000000018b30000)]
  0x0000000016de9800 JavaThread "C1 CompilerThread2" daemon [_thread_blocked, id=5248, stack(0x0000000018530000,0x0000000018630000)]
  0x0000000016de8000 JavaThread "C2 CompilerThread1" daemon [_thread_blocked, id=12512, stack(0x0000000018430000,0x0000000018530000)]
  0x0000000016de3000 JavaThread "C2 CompilerThread0" daemon [_thread_blocked, id=4928, stack(0x0000000018330000,0x0000000018430000)]
  0x0000000016ddc800 JavaThread "Attach Listener" daemon [_thread_blocked, id=1624, stack(0x0000000018230000,0x0000000018330000)]
  0x0000000016ddb800 JavaThread "Signal Dispatcher" daemon [_thread_blocked, id=11956, stack(0x0000000018130000,0x0000000018230000)]
  0x0000000002274000 JavaThread "Finalizer" daemon [_thread_blocked, id=8436, stack(0x0000000018030000,0x0000000018130000)]
  0x0000000016da7800 JavaThread "Reference Handler" daemon [_thread_blocked, id=10264, stack(0x0000000017f30000,0x0000000018030000)]

Other Threads:
  0x0000000016da6000 VMThread [stack: 0x0000000017e30000,0x0000000017f30000] [id=6072]
  0x000000001866a800 WatcherThread [stack: 0x0000000018b30000,0x0000000018c30000] [id=5276]

VM state:not at safepoint (normal execution)

VM Mutex/Monitor currently owned by a thread: None

Heap:
 PSYoungGen      total 280576K, used 73810K [0x00000000d5d00000, 0x00000000edb80000, 0x0000000100000000)
  eden space 185856K, 14% used [0x00000000d5d00000,0x00000000d76a89d8,0x00000000e1280000)
  from space 94720K, 50% used [0x00000000e7f00000,0x00000000ead6c040,0x00000000edb80000)
  to   space 102912K, 0% used [0x00000000e1280000,0x00000000e1280000,0x00000000e7700000)
 ParOldGen       total 208384K, used 140396K [0x0000000081600000, 0x000000008e180000, 0x00000000d5d00000)
  object space 208384K, 67% used [0x0000000081600000,0x0000000089f1b198,0x000000008e180000)
 Metaspace       used 17783K, capacity 17993K, committed 18048K, reserved 1064960K
  class space    used 1803K, capacity 1880K, committed 1920K, reserved 1048576K

Card table byte_map: [0x0000000011640000,0x0000000011a40000] byte_map_base: 0x0000000011235000

Marking Bits: (ParMarkBitMap*) 0x000000006d09d4f0
 Begin Bits: [0x00000000120f0000, 0x0000000014098000)
 End Bits:   [0x0000000014098000, 0x0000000016040000)

Polling page: 0x00000000006c0000

CodeCache: size=245760Kb used=5405Kb max_used=5405Kb free=240354Kb
 bounds [0x0000000002280000, 0x00000000027d0000, 0x0000000011280000]
 total_blobs=2345 nmethods=1447 adapters=811
 compilation: enabled

Compilation events (10 events):
Event: 16.786 Thread 0x0000000016de9800 1552       3       processing.opengl.PJOGL::useProgram (11 bytes)
Event: 16.786 Thread 0x0000000016de9800 nmethod 1552 0x00000000027c7210 code [0x00000000027c7380, 0x00000000027c75a8]
Event: 16.786 Thread 0x0000000016de9800 1553       3       jogamp.opengl.gl4.GL4bcImpl::glUseProgram (50 bytes)
Event: 16.790 Thread 0x0000000016de9800 nmethod 1553 0x00000000027c7d90 code [0x00000000027c7fe0, 0x00000000027c8ea8]
Event: 16.790 Thread 0x0000000016de9800 1556       3       jogamp.opengl.gl4.GL4bcImpl::glDisableVertexAttribArray (50 bytes)
Event: 16.792 Thread 0x0000000016de9800 nmethod 1556 0x00000000027c9790 code [0x00000000027c99e0, 0x00000000027ca8a8]
Event: 16.792 Thread 0x0000000016de9800 1554       3       processing.opengl.PGL::activeTexture (15 bytes)
Event: 16.793 Thread 0x0000000016de9800 nmethod 1554 0x00000000027cb190 code [0x00000000027cb300, 0x00000000027cb528]
Event: 16.911 Thread 0x0000000016de9800 1558       3       java.util.HashMap::<init> (11 bytes)
Event: 16.912 Thread 0x0000000016de9800 nmethod 1558 0x00000000027cb5d0 code [0x00000000027cb740, 0x00000000027cb950]

GC Heap History (10 events):
Event: 8.666 GC heap before
{Heap before GC invocations=7 (full 1):
 PSYoungGen      total 71680K, used 70586K [0x00000000d5d00000, 0x00000000e5b00000, 0x0000000100000000)
  eden space 66560K, 99% used [0x00000000d5d00000,0x00000000d9d70520,0x00000000d9e00000)
  from space 5120K, 89% used [0x00000000d9e00000,0x00000000da27e3a0,0x00000000da300000)
  to   space 63488K, 0% used [0x00000000e1d00000,0x00000000e1d00000,0x00000000e5b00000)
 ParOldGen       total 208384K, used 99363K [0x0000000081600000, 0x000000008e180000, 0x00000000d5d00000)
  object space 208384K, 47% used [0x0000000081600000,0x0000000087708cd8,0x000000008e180000)
 Metaspace       used 17526K, capacity 17681K, committed 17792K, reserved 1064960K
  class space    used 1795K, capacity 1844K, committed 1920K, reserved 1048576K
Event: 8.852 GC heap after
Heap after GC invocations=7 (full 1):
 PSYoungGen      total 145920K, used 45373K [0x00000000d5d00000, 0x00000000e4980000, 0x0000000100000000)
  eden space 100352K, 0% used [0x00000000d5d00000,0x00000000d5d00000,0x00000000dbf00000)
  from space 45568K, 99% used [0x00000000e1d00000,0x00000000e494f470,0x00000000e4980000)
  to   space 69632K, 0% used [0x00000000dc180000,0x00000000dc180000,0x00000000e0580000)
 ParOldGen       total 208384K, used 99371K [0x0000000081600000, 0x000000008e180000, 0x00000000d5d00000)
  object space 208384K, 47% used [0x0000000081600000,0x000000008770acd8,0x000000008e180000)
 Metaspace       used 17526K, capacity 17681K, committed 17792K, reserved 1064960K
  class space    used 1795K, capacity 1844K, committed 1920K, reserved 1048576K
}
Event: 9.480 GC heap before
{Heap before GC invocations=8 (full 1):
 PSYoungGen      total 145920K, used 143927K [0x00000000d5d00000, 0x00000000e4980000, 0x0000000100000000)
  eden space 100352K, 98% used [0x00000000d5d00000,0x00000000dbd3e9f0,0x00000000dbf00000)
  from space 45568K, 99% used [0x00000000e1d00000,0x00000000e494f470,0x00000000e4980000)
  to   space 69632K, 0% used [0x00000000dc180000,0x00000000dc180000,0x00000000e0580000)
 ParOldGen       total 208384K, used 99371K [0x0000000081600000, 0x000000008e180000, 0x00000000d5d00000)
  object space 208384K, 47% used [0x0000000081600000,0x000000008770acd8,0x000000008e180000)
 Metaspace       used 17540K, capacity 17681K, committed 17792K, reserved 1064960K
  class space    used 1795K, capacity 1844K, committed 1920K, reserved 1048576K
Event: 9.820 GC heap after
Heap after GC invocations=8 (full 1):
 PSYoungGen      total 172544K, used 69613K [0x00000000d5d00000, 0x00000000ea800000, 0x0000000100000000)
  eden space 102912K, 0% used [0x00000000d5d00000,0x00000000d5d00000,0x00000000dc180000)
  from space 69632K, 99% used [0x00000000dc180000,0x00000000e057b470,0x00000000e0580000)
  to   space 91648K, 0% used [0x00000000e4e80000,0x00000000e4e80000,0x00000000ea800000)
 ParOldGen       total 208384K, used 113215K [0x0000000081600000, 0x000000008e180000, 0x00000000d5d00000)
  object space 208384K, 54% used [0x0000000081600000,0x000000008848fcf8,0x000000008e180000)
 Metaspace       used 17540K, capacity 17681K, committed 17792K, reserved 1064960K
  class space    used 1795K, capacity 1844K, committed 1920K, reserved 1048576K
}
Event: 10.547 GC heap before
{Heap before GC invocations=9 (full 1):
 PSYoungGen      total 172544K, used 172463K [0x00000000d5d00000, 0x00000000ea800000, 0x0000000100000000)
  eden space 102912K, 99% used [0x00000000d5d00000,0x00000000dc170b80,0x00000000dc180000)
  from space 69632K, 99% used [0x00000000dc180000,0x00000000e057b470,0x00000000e0580000)
  to   space 91648K, 0% used [0x00000000e4e80000,0x00000000e4e80000,0x00000000ea800000)
 ParOldGen       total 208384K, used 113215K [0x0000000081600000, 0x000000008e180000, 0x00000000d5d00000)
  object space 208384K, 54% used [0x0000000081600000,0x000000008848fcf8,0x000000008e180000)
 Metaspace       used 17585K, capacity 17777K, committed 18048K, reserved 1064960K
  class space    used 1799K, capacity 1876K, committed 1920K, reserved 1048576K
Event: 10.754 GC heap after
Heap after GC invocations=9 (full 1):
 PSYoungGen      total 237056K, used 73469K [0x00000000d5d00000, 0x00000000ebf80000, 0x0000000100000000)
  eden space 145408K, 0% used [0x00000000d5d00000,0x00000000d5d00000,0x00000000deb00000)
  from space 91648K, 80% used [0x00000000e4e80000,0x00000000e963f470,0x00000000ea800000)
  to   space 101888K, 0% used [0x00000000deb00000,0x00000000deb00000,0x00000000e4e80000)
 ParOldGen       total 208384K, used 113455K [0x0000000081600000, 0x000000008e180000, 0x00000000d5d00000)
  object space 208384K, 54% used [0x0000000081600000,0x00000000884cbd58,0x000000008e180000)
 Metaspace       used 17585K, capacity 17777K, committed 18048K, reserved 1064960K
  class space    used 1799K, capacity 1876K, committed 1920K, reserved 1048576K
}
Event: 13.523 GC heap before
{Heap before GC invocations=10 (full 1):
 PSYoungGen      total 237056K, used 218150K [0x00000000d5d00000, 0x00000000ebf80000, 0x0000000100000000)
  eden space 145408K, 99% used [0x00000000d5d00000,0x00000000dea4a408,0x00000000deb00000)
  from space 91648K, 80% used [0x00000000e4e80000,0x00000000e963f470,0x00000000ea800000)
  to   space 101888K, 0% used [0x00000000deb00000,0x00000000deb00000,0x00000000e4e80000)
 ParOldGen       total 208384K, used 113455K [0x0000000081600000, 0x000000008e180000, 0x00000000d5d00000)
  object space 208384K, 54% used [0x0000000081600000,0x00000000884cbd58,0x000000008e180000)
 Metaspace       used 17692K, capacity 17865K, committed 18048K, reserved 1064960K
  class space    used 1802K, capacity 1880K, committed 1920K, reserved 1048576K
Event: 13.729 GC heap after
Heap after GC invocations=10 (full 1):
 PSYoungGen      total 247296K, used 69600K [0x00000000d5d00000, 0x00000000ee800000, 0x0000000100000000)
  eden space 145408K, 0% used [0x00000000d5d00000,0x00000000d5d00000,0x00000000deb00000)
  from space 101888K, 68% used [0x00000000deb00000,0x00000000e2ef8030,0x00000000e4e80000)
  to   space 107520K, 0% used [0x00000000e7f00000,0x00000000e7f00000,0x00000000ee800000)
 ParOldGen       total 208384K, used 117436K [0x0000000081600000, 0x000000008e180000, 0x00000000d5d00000)
  object space 208384K, 56% used [0x0000000081600000,0x00000000888af198,0x000000008e180000)
 Metaspace       used 17692K, capacity 17865K, committed 18048K, reserved 1064960K
  class space    used 1802K, capacity 1880K, committed 1920K, reserved 1048576K
}
Event: 16.308 GC heap before
{Heap before GC invocations=11 (full 1):
 PSYoungGen      total 247296K, used 213949K [0x00000000d5d00000, 0x00000000ee800000, 0x0000000100000000)
  eden space 145408K, 99% used [0x00000000d5d00000,0x00000000de9f7680,0x00000000deb00000)
  from space 101888K, 68% used [0x00000000deb00000,0x00000000e2ef8030,0x00000000e4e80000)
  to   space 107520K, 0% used [0x00000000e7f00000,0x00000000e7f00000,0x00000000ee800000)
 ParOldGen       total 208384K, used 117436K [0x0000000081600000, 0x000000008e180000, 0x00000000d5d00000)
  object space 208384K, 56% used [0x0000000081600000,0x00000000888af198,0x000000008e180000)
 Metaspace       used 17767K, capacity 17993K, committed 18048K, reserved 1064960K
  class space    used 1802K, capacity 1880K, committed 1920K, reserved 1048576K
Event: 16.536 GC heap after
Heap after GC invocations=11 (full 1):
 PSYoungGen      total 280576K, used 47536K [0x00000000d5d00000, 0x00000000edb80000, 0x0000000100000000)
  eden space 185856K, 0% used [0x00000000d5d00000,0x00000000d5d00000,0x00000000e1280000)
  from space 94720K, 50% used [0x00000000e7f00000,0x00000000ead6c040,0x00000000edb80000)
  to   space 102912K, 0% used [0x00000000e1280000,0x00000000e1280000,0x00000000e7700000)
 ParOldGen       total 208384K, used 140396K [0x0000000081600000, 0x000000008e180000, 0x00000000d5d00000)
  object space 208384K, 67% used [0x0000000081600000,0x0000000089f1b198,0x000000008e180000)
 Metaspace       used 17767K, capacity 17993K, committed 18048K, reserved 1064960K
  class space    used 1802K, capacity 1880K, committed 1920K, reserved 1048576K
}

Deoptimization events (10 events):
Event: 9.306 Thread 0x000000001935a000 Uncommon trap: reason=class_check action=maybe_recompile pc=0x0000000002642844 method=com.jogamp.common.nio.Buffers.getDirectBufferByteOffset(Ljava/lang/Object;)I @ 7
Event: 9.307 Thread 0x000000001935a000 Uncommon trap: reason=class_check action=maybe_recompile pc=0x0000000002642a80 method=com.jogamp.common.nio.Buffers.isDirect(Ljava/lang/Object;)Z @ 13
Event: 9.307 Thread 0x000000001935a000 Uncommon trap: reason=class_check action=maybe_recompile pc=0x0000000002642844 method=com.jogamp.common.nio.Buffers.getDirectBufferByteOffset(Ljava/lang/Object;)I @ 7
Event: 9.919 Thread 0x0000000019327800 Uncommon trap: reason=class_check action=maybe_recompile pc=0x0000000002642a80 method=com.jogamp.common.nio.Buffers.isDirect(Ljava/lang/Object;)Z @ 13
Event: 9.919 Thread 0x0000000019327800 Uncommon trap: reason=class_check action=maybe_recompile pc=0x0000000002642844 method=com.jogamp.common.nio.Buffers.getDirectBufferByteOffset(Ljava/lang/Object;)I @ 7
Event: 16.910 Thread 0x00000000192e6000 Uncommon trap: reason=bimorphic action=maybe_recompile pc=0x00000000026548e8 method=java.util.HashMap.putVal(ILjava/lang/Object;Ljava/lang/Object;ZZ)Ljava/lang/Object; @ 91
Event: 16.911 Thread 0x00000000192e6000 Uncommon trap: reason=bimorphic action=maybe_recompile pc=0x00000000026548e8 method=java.util.HashMap.putVal(ILjava/lang/Object;Ljava/lang/Object;ZZ)Ljava/lang/Object; @ 91
Event: 16.911 Thread 0x00000000192e6000 Uncommon trap: reason=bimorphic action=maybe_recompile pc=0x00000000026548e8 method=java.util.HashMap.putVal(ILjava/lang/Object;Ljava/lang/Object;ZZ)Ljava/lang/Object; @ 91
Event: 16.911 Thread 0x00000000192e6000 Uncommon trap: reason=bimorphic action=maybe_recompile pc=0x00000000026548e8 method=java.util.HashMap.putVal(ILjava/lang/Object;Ljava/lang/Object;ZZ)Ljava/lang/Object; @ 91
Event: 16.911 Thread 0x00000000192e6000 Uncommon trap: reason=bimorphic action=maybe_recompile pc=0x000000000261898c method=java.util.HashMap.putVal(ILjava/lang/Object;Ljava/lang/Object;ZZ)Ljava/lang/Object; @ 91

Internal exceptions (10 events):
Event: 6.059 Thread 0x000000001935a000 Exception <a 'java/security/PrivilegedActionException'> (0x00000000d6d64f98) thrown at [C:\workspace\8-2-build-windows-amd64-cygwin\jdk8u31\2394\hotspot\src\share\vm\prims\jvm.cpp, line 1312]
Event: 6.061 Thread 0x000000001935a000 Exception <a 'java/security/PrivilegedActionException'> (0x00000000d6d69be0) thrown at [C:\workspace\8-2-build-windows-amd64-cygwin\jdk8u31\2394\hotspot\src\share\vm\prims\jvm.cpp, line 1312]
Event: 6.063 Thread 0x000000001935a000 Exception <a 'java/security/PrivilegedActionException'> (0x00000000d7d2b438) thrown at [C:\workspace\8-2-build-windows-amd64-cygwin\jdk8u31\2394\hotspot\src\share\vm\prims\jvm.cpp, line 1312]
Event: 6.297 Thread 0x000000001935a000 Exception <a 'java/security/PrivilegedActionException'> (0x00000000d7d7cdf0) thrown at [C:\workspace\8-2-build-windows-amd64-cygwin\jdk8u31\2394\hotspot\src\share\vm\prims\jvm.cpp, line 1312]
Event: 9.862 Thread 0x0000000019327800 Exception <a 'java/security/PrivilegedActionException'> (0x00000000d649cc18) thrown at [C:\workspace\8-2-build-windows-amd64-cygwin\jdk8u31\2394\hotspot\src\share\vm\prims\jvm.cpp, line 1312]
Event: 9.910 Thread 0x0000000019327800 Exception <a 'java/security/PrivilegedActionException'> (0x00000000d64a08b8) thrown at [C:\workspace\8-2-build-windows-amd64-cygwin\jdk8u31\2394\hotspot\src\share\vm\prims\jvm.cpp, line 1312]
Event: 9.920 Thread 0x0000000019327800 Exception <a 'java/lang/reflect/InvocationTargetException'> (0x00000000d64a86a8) thrown at [C:\workspace\8-2-build-windows-amd64-cygwin\jdk8u31\2394\hotspot\src\share\vm\runtime\reflection.cpp, line 1080]
Event: 10.248 Thread 0x000000001935a000 Exception <a 'java/security/PrivilegedActionException'> (0x00000000d65b1938) thrown at [C:\workspace\8-2-build-windows-amd64-cygwin\jdk8u31\2394\hotspot\src\share\vm\prims\jvm.cpp, line 1312]
Event: 10.804 Thread 0x000000001935a000 Exception <a 'java/security/PrivilegedActionException'> (0x00000000d5eeeb90) thrown at [C:\workspace\8-2-build-windows-amd64-cygwin\jdk8u31\2394\hotspot\src\share\vm\prims\jvm.cpp, line 1312]
Event: 11.713 Thread 0x000000001935a000 Exception <a 'java/security/PrivilegedActionException'> (0x00000000d9477240) thrown at [C:\workspace\8-2-build-windows-amd64-cygwin\jdk8u31\2394\hotspot\src\share\vm\prims\jvm.cpp, line 1312]

Events (10 events):
Event: 16.911 Thread 0x00000000192e6000 Uncommon trap: trap_request=0xffffffc6 fr.pc=0x00000000026548e8
Event: 16.911 Thread 0x00000000192e6000 DEOPT PACKING pc=0x00000000026548e8 sp=0x000000001b7eefb0
Event: 16.911 Thread 0x00000000192e6000 DEOPT UNPACKING pc=0x00000000022c556a sp=0x000000001b7eeec8 mode 2
Event: 16.911 Thread 0x00000000192e6000 Uncommon trap: trap_request=0xffffffc6 fr.pc=0x00000000026548e8
Event: 16.911 Thread 0x00000000192e6000 DEOPT PACKING pc=0x00000000026548e8 sp=0x000000001b7eefb0
Event: 16.911 Thread 0x00000000192e6000 DEOPT UNPACKING pc=0x00000000022c556a sp=0x000000001b7eeec8 mode 2
Event: 16.911 Thread 0x00000000192e6000 Uncommon trap: trap_request=0xffffffc6 fr.pc=0x000000000261898c
Event: 16.911 Thread 0x00000000192e6000 DEOPT PACKING pc=0x000000000261898c sp=0x000000001b7eef30
Event: 16.911 Thread 0x00000000192e6000 DEOPT UNPACKING pc=0x00000000022c556a sp=0x000000001b7eeec8 mode 2
Event: 16.914 Thread 0x000000001dee2800 Thread exited: 0x000000001dee2800


Dynamic libraries:
0x00007ff6f0be0000 - 0x00007ff6f0c14000 	C:\Program Files\Java\jre1.8.0_31\bin\javaw.exe
0x00007ffe08660000 - 0x00007ffe0880c000 	C:\WINDOWS\SYSTEM32\ntdll.dll
0x00007ffe08510000 - 0x00007ffe0864e000 	C:\WINDOWS\system32\KERNEL32.DLL
0x00007ffe058d0000 - 0x00007ffe059e5000 	C:\WINDOWS\system32\KERNELBASE.dll
0x00007ffe03e60000 - 0x00007ffe03eee000 	C:\WINDOWS\system32\apphelp.dll
0x00007ffdf48d0000 - 0x00007ffdf4923000 	C:\WINDOWS\AppPatch\AppPatch64\AcGenral.DLL
0x00007ffe063e0000 - 0x00007ffe0648a000 	C:\WINDOWS\system32\msvcrt.dll
0x00007ffe05650000 - 0x00007ffe0567e000 	C:\WINDOWS\SYSTEM32\SspiCli.dll
0x00007ffe06380000 - 0x00007ffe063d4000 	C:\WINDOWS\system32\SHLWAPI.dll
0x00007ffe05ce0000 - 0x00007ffe05e57000 	C:\WINDOWS\system32\USER32.dll
0x00007ffe08220000 - 0x00007ffe083b4000 	C:\WINDOWS\system32\ole32.dll
0x00007ffe06880000 - 0x00007ffe07d98000 	C:\WINDOWS\system32\SHELL32.dll
0x00007ffe04dd0000 - 0x00007ffe04df1000 	C:\WINDOWS\SYSTEM32\USERENV.dll
0x00007ffe07f00000 - 0x00007ffe07faa000 	C:\WINDOWS\system32\ADVAPI32.dll
0x00007ffdfeaf0000 - 0x00007ffdfeb0e000 	C:\WINDOWS\SYSTEM32\MPR.dll
0x00007ffe083c0000 - 0x00007ffe08501000 	C:\WINDOWS\system32\RPCRT4.dll
0x00007ffe062b0000 - 0x00007ffe06309000 	C:\WINDOWS\SYSTEM32\sechost.dll
0x00007ffe06030000 - 0x00007ffe06241000 	C:\WINDOWS\SYSTEM32\combase.dll
0x00007ffe07da0000 - 0x00007ffe07ef1000 	C:\WINDOWS\system32\GDI32.dll
0x00007ffe057b0000 - 0x00007ffe057c5000 	C:\WINDOWS\SYSTEM32\profapi.dll
0x00007ffe01280000 - 0x00007ffe01332000 	C:\WINDOWS\SYSTEM32\SHCORE.dll
0x00007ffe081e0000 - 0x00007ffe08216000 	C:\WINDOWS\system32\IMM32.DLL
0x00007ffe07fb0000 - 0x00007ffe08101000 	C:\WINDOWS\system32\MSCTF.dll
0x00007ffe00c60000 - 0x00007ffe00edb000 	C:\WINDOWS\WinSxS\amd64_microsoft.windows.common-controls_6595b64144ccf1df_6.0.9600.17415_none_6240486fecbd8abb\COMCTL32.dll
0x000000006e100000 - 0x000000006e1d2000 	C:\Program Files\Java\jre1.8.0_31\bin\msvcr100.dll
0x000000006c8c0000 - 0x000000006d11a000 	C:\Program Files\Java\jre1.8.0_31\bin\server\jvm.dll
0x00007ffdf9af0000 - 0x00007ffdf9af9000 	C:\WINDOWS\SYSTEM32\WSOCK32.dll
0x00007ffe00820000 - 0x00007ffe00842000 	C:\WINDOWS\SYSTEM32\WINMM.dll
0x00007ffe08650000 - 0x00007ffe08657000 	C:\WINDOWS\system32\PSAPI.DLL
0x00007ffe06550000 - 0x00007ffe065aa000 	C:\WINDOWS\system32\WS2_32.dll
0x00007ffe007f0000 - 0x00007ffe0081a000 	C:\WINDOWS\SYSTEM32\WINMMBASE.dll
0x00007ffe081d0000 - 0x00007ffe081d9000 	C:\WINDOWS\system32\NSI.dll
0x00007ffe05880000 - 0x00007ffe058cf000 	C:\WINDOWS\SYSTEM32\cfgmgr32.dll
0x00007ffe045c0000 - 0x00007ffe045e8000 	C:\WINDOWS\SYSTEM32\DEVOBJ.dll
0x000000006c8b0000 - 0x000000006c8bf000 	C:\Program Files\Java\jre1.8.0_31\bin\verify.dll
0x000000006c880000 - 0x000000006c8a8000 	C:\Program Files\Java\jre1.8.0_31\bin\java.dll
0x000000006c860000 - 0x000000006c876000 	C:\Program Files\Java\jre1.8.0_31\bin\zip.dll
0x000000006df60000 - 0x000000006e0f8000 	C:\Program Files\Java\jre1.8.0_31\bin\awt.dll
0x00007ffe065d0000 - 0x00007ffe06691000 	C:\WINDOWS\system32\OLEAUT32.dll
0x00007ffe01080000 - 0x00007ffe010a1000 	C:\WINDOWS\system32\DWMAPI.DLL
0x00007ffe04420000 - 0x00007ffe04549000 	C:\WINDOWS\system32\uxtheme.dll
0x00007ffdf0120000 - 0x00007ffdf01cb000 	C:\Program Files\Common Files\microsoft shared\ink\tiptsf.dll
0x00007ffe04610000 - 0x00007ffe0461b000 	C:\WINDOWS\SYSTEM32\kernel.appcore.dll
0x00007ffe056f0000 - 0x00007ffe056fb000 	C:\WINDOWS\SYSTEM32\CRYPTBASE.dll
0x00007ffe05680000 - 0x00007ffe056e3000 	C:\WINDOWS\SYSTEM32\bcryptPrimitives.dll
0x00007ffdf1d80000 - 0x00007ffdf1fa1000 	C:\WINDOWS\system32\d3d9.dll
0x00007ffdfef30000 - 0x00007ffdfef3a000 	C:\WINDOWS\SYSTEM32\VERSION.dll
0x00007ffdd5ed0000 - 0x00007ffdd77b1000 	C:\WINDOWS\SYSTEM32\igdumdim64.dll
0x00007ffe015f0000 - 0x00007ffe01a50000 	C:\WINDOWS\SYSTEM32\igdusc64.dll
0x000000006df10000 - 0x000000006df57000 	C:\Program Files\Java\jre1.8.0_31\bin\fontmanager.dll
0x000000006c840000 - 0x000000006c85a000 	C:\Program Files\Java\jre1.8.0_31\bin\net.dll
0x00007ffe05090000 - 0x00007ffe050e9000 	C:\WINDOWS\system32\mswsock.dll
0x000000006c820000 - 0x000000006c831000 	C:\Program Files\Java\jre1.8.0_31\bin\nio.dll
0x000000006dec0000 - 0x000000006df01000 	C:\Program Files\Java\jre1.8.0_31\bin\t2k.dll
0x00007ffdf9170000 - 0x00007ffdf91da000 	C:\WINDOWS\SYSTEM32\oleacc.dll
0x00007ffe06490000 - 0x00007ffe06546000 	C:\WINDOWS\SYSTEM32\clbcatq.dll
0x00007ffe050f0000 - 0x00007ffe05110000 	C:\WINDOWS\SYSTEM32\CRYPTSP.dll
0x00007ffe04cc0000 - 0x00007ffe04cf6000 	C:\WINDOWS\system32\rsaenh.dll
0x00007ffe05340000 - 0x00007ffe05366000 	C:\WINDOWS\SYSTEM32\bcrypt.dll
0x00007ffe00780000 - 0x00007ffe007aa000 	C:\WINDOWS\SYSTEM32\IPHLPAPI.DLL
0x00007ffe00750000 - 0x00007ffe0075a000 	C:\WINDOWS\SYSTEM32\WINNSI.DLL
0x00007ffe005d0000 - 0x00007ffe005e6000 	C:\WINDOWS\SYSTEM32\dhcpcsvc6.DLL
0x00007ffe005b0000 - 0x00007ffe005ca000 	C:\WINDOWS\SYSTEM32\dhcpcsvc.DLL
0x00000000637c0000 - 0x00000000637cd000 	C:\Users\Ian\AppData\Local\Temp\jogamp_0000\file_cache\jln817081611218275706\jln564264126448221766\gluegen-rt.dll
0x000000006deb0000 - 0x000000006deb7000 	C:\Program Files\Java\jre1.8.0_31\bin\jawt.dll
0x000000006a440000 - 0x000000006a44d000 	C:\Users\Ian\AppData\Local\Temp\jogamp_0000\file_cache\jln817081611218275706\jln564264126448221766\nativewindow_awt.dll
0x000000006c100000 - 0x000000006c10f000 	C:\Users\Ian\AppData\Local\Temp\jogamp_0000\file_cache\jln817081611218275706\jln564264126448221766\nativewindow_win32.dll
0x00007ffdeba50000 - 0x00007ffdebb7b000 	C:\WINDOWS\SYSTEM32\OpenGL32.dll
0x00007ffdeba20000 - 0x00007ffdeba4e000 	C:\WINDOWS\SYSTEM32\GLU32.dll
0x00007ffdeb920000 - 0x00007ffdeba18000 	C:\WINDOWS\SYSTEM32\DDRAW.dll
0x00007ffdeb800000 - 0x00007ffdeb809000 	C:\WINDOWS\SYSTEM32\DCIMAN32.dll
0x0000000064500000 - 0x00000000645a0000 	C:\Users\Ian\AppData\Local\Temp\jogamp_0000\file_cache\jln817081611218275706\jln564264126448221766\jogl_desktop.dll
0x0000000180000000 - 0x00000001807de000 	C:\WINDOWS\SYSTEM32\ig75icd64.dll
0x00007ffe04e00000 - 0x00007ffe04e46000 	C:\WINDOWS\SYSTEM32\powrprof.dll
0x000000006dea0000 - 0x000000006deac000 	C:\Program Files\Java\jre1.8.0_31\bin\jsound.dll
0x000000006de90000 - 0x000000006de9b000 	C:\Program Files\Java\jre1.8.0_31\bin\jsoundds.dll
0x00007ffde3c80000 - 0x00007ffde3d1d000 	C:\WINDOWS\SYSTEM32\DSOUND.dll
0x00007ffe00bc0000 - 0x00007ffe00c30000 	C:\WINDOWS\SYSTEM32\MMDevAPI.DLL
0x00007ffdf3bd0000 - 0x00007ffdf3c0e000 	C:\WINDOWS\SYSTEM32\wdmaud.drv
0x00007ffe00850000 - 0x00007ffe00858000 	C:\WINDOWS\SYSTEM32\ksuser.dll
0x00007ffe03c50000 - 0x00007ffe03c5c000 	C:\WINDOWS\SYSTEM32\AVRT.dll
0x00007ffdf8dd0000 - 0x00007ffdf8e4e000 	C:\WINDOWS\SYSTEM32\AUDIOSES.DLL
0x00007ffdfa530000 - 0x00007ffdfa53b000 	C:\WINDOWS\SYSTEM32\msacm32.drv
0x00007ffdf9bc0000 - 0x00007ffdf9bdc000 	C:\WINDOWS\SYSTEM32\MSACM32.dll
0x00007ffdf9bb0000 - 0x00007ffdf9bba000 	C:\WINDOWS\SYSTEM32\midimap.dll
0x00007ffde2a40000 - 0x00007ffde2bdc000 	C:\Users\Ian\workspace\AVISS\lib\Kinect20.Face.dll
0x00007ffdeede0000 - 0x00007ffdeee87000 	C:\WINDOWS\SYSTEM32\MSVCP110.dll
0x00007ffdf8fc0000 - 0x00007ffdf9094000 	C:\WINDOWS\SYSTEM32\MSVCR110.dll
0x00007ffdfa4a0000 - 0x00007ffdfa4b0000 	C:\Users\Ian\workspace\AVISS\lib\KinectPV2.dll
0x00007ffdf44c0000 - 0x00007ffdf457a000 	C:\WINDOWS\SYSTEM32\Kinect20.dll
0x00007ffdeeee0000 - 0x00007ffdeefcb000 	C:\WINDOWS\SYSTEM32\MFPlat.DLL
0x00007ffdeedb0000 - 0x00007ffdeedd7000 	C:\WINDOWS\SYSTEM32\RTWorkQ.DLL
0x00007ffdefbc0000 - 0x00007ffdefd4a000 	C:\WINDOWS\SYSTEM32\dbghelp.dll

VM Arguments:
jvm_args: -Djava.library.path=C:\Users\Ian\workspace\AVISS\lib -Djava.security.policy=java.policy.applet -Dfile.encoding=Cp1252 
java_command: sun.applet.AppletViewer aviss.applet.AVISSApplet1428537822829.html
java_class_path (initial): C:\Users\Ian\workspace\AVISS\bin;C:\Users\Ian\workspace\AVISS\lib\commons-collections4-4.0.jar;C:\Users\Ian\workspace\AVISS\lib\core.jar;C:\Users\Ian\workspace\AVISS\lib\G4P.jar;C:\Users\Ian\workspace\AVISS\lib\gluegen-rt-natives-linux-amd64.jar;C:\Users\Ian\workspace\AVISS\lib\gluegen-rt-natives-linux-armv6hf.jar;C:\Users\Ian\workspace\AVISS\lib\gluegen-rt-natives-linux-i586.jar;C:\Users\Ian\workspace\AVISS\lib\gluegen-rt-natives-macosx-universal.jar;C:\Users\Ian\workspace\AVISS\lib\gluegen-rt-natives-windows-amd64.jar;C:\Users\Ian\workspace\AVISS\lib\gluegen-rt-natives-windows-i586.jar;C:\Users\Ian\workspace\AVISS\lib\gluegen-rt.jar;C:\Users\Ian\workspace\AVISS\lib\il_hemesh.jar;C:\Users\Ian\workspace\AVISS\lib\javolution-6.1.0.jar;C:\Users\Ian\workspace\AVISS\lib\jl1.0.jar;C:\Users\Ian\workspace\AVISS\lib\jogl-all-natives-linux-amd64.jar;C:\Users\Ian\workspace\AVISS\lib\jogl-all-natives-linux-armv6hf.jar;C:\Users\Ian\workspace\AVISS\lib\jogl-all-natives-linux-i586.jar;C:\Users\Ian\workspace\AVISS\lib\jogl-all-natives-macosx-universal.jar;C:\Users\Ian\workspace\AVISS\lib\jogl-all-natives-windows-amd64.jar;C:\Users\Ian\workspace\AVISS\lib\jogl-all-natives-windows-i586.jar;C:\Users\Ian\workspace\AVISS\lib\jogl-all.jar;C:\Users\Ian\workspace\AVISS\lib\jsminim.jar;C:\Users\Ian\workspace\AVISS\lib\jts.jar;C:\Users\Ian\workspace\AVISS\lib\KinectPV2.jar;C:\Users\Ian\workspace\AVISS\lib\log4j-1.2.17.jar;C:\Users\Ian\workspace\AVISS\lib\miglayout15-swing.jar;C:\Users\Ian\workspace\AVISS\lib\minim.jar;C:\Users\Ian\workspace\AVISS\lib\mp3spi1.9.4.jar;C:\Users\Ian\workspace\AVISS\lib\opal-1.0.1.jar;C:\Users\Ian\workspace\AVISS\lib\peasycam.jar;C:\Users\Ian\workspace\AVISS\lib\swt.jar;C:\Users\Ian\workspace\AVISS\lib\tritonus_aos.jar;C:\Users\Ian\workspace\AVISS\lib\tritonus_share.jar;C:\Users\Ian\workspace\AVISS\lib\trove-3.1a1.jar
Launcher Type: SUN_STANDARD

Environment Variables:
PATH=C:/Program Files/Java/jre1.8.0_31/bin/server;C:/Program Files/Java/jre1.8.0_31/bin;C:/Program Files/Java/jre1.8.0_31/lib/amd64;C:\MinGW\bin\;C:\Python34\;C:\Python34\Scripts;C:\ProgramData\Oracle\Java\javapath;c:\Program Files (x86)\Intel\iCLS Client\;c:\Program Files\Intel\iCLS Client\;C:\WINDOWS\system32;C:\WINDOWS;C:\WINDOWS\System32\Wbem;C:\WINDOWS\System32\WindowsPowerShell\v1.0\;C:\Program Files\Intel\Intel(R) Management Engine Components\DAL;C:\Program Files\Intel\Intel(R) Management Engine Components\IPT;C:\Program Files (x86)\Intel\Intel(R) Management Engine Components\DAL;C:\Program Files (x86)\Intel\Intel(R) Management Engine Components\IPT;C:\Program Files (x86)\Intel\OpenCL SDK\3.0\bin\x86;C:\Program Files (x86)\Intel\OpenCL SDK\3.0\bin\x64;C:\Program Files (x86)\Windows Live\Shared;C:\Program Files (x86)\QuickTime\QTSystem\;C:\Program Files (x86)\Windows Kits\8.1\Windows Performance Toolkit\;C:\Program Files\Microsoft SQL Server\110\Tools\Binn\;C:\Program Files (x86)\Microsoft SDKs\TypeScript\1.0\;C:\Program Fil;C:\MinGW\bin\;C:\Program Files (x86)\CMake\bin\;C:\Users\Ian\Documents\2014W2\CPSC_425\Canopy\User;C:\Users\Ian\Documents\2014W2\CPSC_425\Canopy\User\Scripts;C:\Program Files\Eclipse Luna\eclipse;
USERNAME=Ian
OS=Windows_NT
PROCESSOR_IDENTIFIER=Intel64 Family 6 Model 69 Stepping 1, GenuineIntel



---------------  S Y S T E M  ---------------

OS: Windows 8.1 , 64 bit Build 9600 

CPU:total 4 (2 cores per cpu, 2 threads per core) family 6 model 69 stepping 1, cmov, cx8, fxsr, mmx, sse, sse2, sse3, ssse3, sse4.1, sse4.2, popcnt, avx, avx2, aes, clmul, erms, lzcnt, ht, tsc, tscinvbit, bmi1, bmi2

Memory: 4k page, physical 8291748k(3002896k free), swap 11568548k(5258904k free)

vm_info: Java HotSpot(TM) 64-Bit Server VM (25.31-b07) for windows-amd64 JRE (1.8.0_31-b13), built on Dec 17 2014 21:00:28 by "java_re" with MS VC++ 10.0 (VS2010)

time: Wed Apr 08 17:04:00 2015
elapsed time: 17 seconds (0d 0h 0m 17s)

