#
# A fatal error has been detected by the Java Runtime Environment:
#
#  EXCEPTION_ACCESS_VIOLATION (0xc0000005) at pc=0x00007ffd4f854126, pid=8884, tid=6932
#
# JRE version: Java(TM) SE Runtime Environment (8.0_31-b13) (build 1.8.0_31-b13)
# Java VM: Java HotSpot(TM) 64-Bit Server VM (25.31-b07 mixed mode windows-amd64 compressed oops)
# Problematic frame:
# C  [KinectPV2.dll+0x4126]
#
# Failed to write core dump. Minidumps are not enabled by default on client versions of Windows
#
# If you would like to submit a bug report, please visit:
#   http://bugreport.java.com/bugreport/crash.jsp
# The crash happened outside the Java Virtual Machine in native code.
# See problematic frame for where to report the bug.
#

---------------  T H R E A D  ---------------

Current thread (0x000000001989f800):  JavaThread "thread applet-aviss.applet.AVISSApplet.class" [_thread_in_native, id=6932, stack(0x000000001bea0000,0x000000001bfa0000)]

siginfo: ExceptionCode=0xc0000005, reading address 0xffffffffffffffff

Registers:
RAX=0x0000000000000001, RBX=0x00000000347a7040, RCX=0x2e3231206f696475, RDX=0x0000000000000000
RSP=0x000000001bf9e720, RBP=0x0000000000000006, RSI=0x0000000000000000, RDI=0x0000000020b7fc58
R8 =0x000000001bf9e3e8, R9 =0x0000000000008000, R10=0x0000000000000000, R11=0x000000001bf9e620
R12=0x0000000000000000, R13=0x000000002075a518, R14=0x0000000000000000, R15=0x000000001989f800
RIP=0x00007ffd4f854126, EFLAGS=0x0000000000010202

Top of Stack: (sp=0x000000001bf9e720)
0x000000001bf9e720:   0000000020b7fc28 0000000020f90258
0x000000001bf9e730:   0000000020b7fc28 0000000000000000
0x000000001bf9e740:   000000001bf9e810 00007ffd4f851fba
0x000000001bf9e750:   000000001bf9e810 000000001bf9e7f0
0x000000001bf9e760:   000000001989f9e8 0000000019910150
0x000000001bf9e770:   00000000028c7a2d 00000000028d5b74
0x000000001bf9e780:   000000002075a518 0000000000000510
0x000000001bf9e790:   0000000000000510 000000001989f800
0x000000001bf9e7a0:   000000001bf9e868 00000000028d58a2
0x000000001bf9e7b0:   000000001bf9e7b0 000000002075a518
0x000000001bf9e7c0:   000000001bf9e810 000000002075b4a8
0x000000001bf9e7d0:   0000000000000000 000000002075a518
0x000000001bf9e7e0:   0000000000000000 000000001bf9e810
0x000000001bf9e7f0:   000000001bf9e858 00000000028c7a2d
0x000000001bf9e800:   0000000000000000 00000000028cf6b8
0x000000001bf9e810:   0000000086c0b578 000000001bf9e818 

Instructions: (pc=0x00007ffd4f854126)
0x00007ffd4f854106:   8f 90 00 00 00 48 85 c9 74 0d 48 8b 01 ff 50 10
0x00007ffd4f854116:   4c 89 b7 90 00 00 00 48 8b 4f 30 48 85 c9 74 0a
0x00007ffd4f854126:   48 8b 01 ff 50 10 4c 89 77 30 48 8b 4f 60 48 85
0x00007ffd4f854136:   c9 74 0a 48 8b 01 ff 50 10 4c 89 77 60 48 83 c7 


Register to memory mapping:

RAX=0x0000000000000001 is an unknown value
RBX=0x00000000347a7040 is an unknown value
RCX=0x2e3231206f696475 is an unknown value
RDX=0x0000000000000000 is an unknown value
RSP=0x000000001bf9e720 is pointing into the stack for thread: 0x000000001989f800
RBP=0x0000000000000006 is an unknown value
RSI=0x0000000000000000 is an unknown value
RDI=0x0000000020b7fc58 is an unknown value
R8 =0x000000001bf9e3e8 is pointing into the stack for thread: 0x000000001989f800
R9 =0x0000000000008000 is an unknown value
R10=0x0000000000000000 is an unknown value
R11=0x000000001bf9e620 is pointing into the stack for thread: 0x000000001989f800
R12=0x0000000000000000 is an unknown value
R13={method} {0x000000002075a520} 'jniStopDevice' '()V' in 'KinectPV2/Device'
R14=0x0000000000000000 is an unknown value
R15=0x000000001989f800 is a thread


Stack: [0x000000001bea0000,0x000000001bfa0000],  sp=0x000000001bf9e720,  free space=1017k
Native frames: (J=compiled Java code, j=interpreted, Vv=VM code, C=native code)
C  [KinectPV2.dll+0x4126]
C  [KinectPV2.dll+0x1fba]
C  0x00000000028d5b74

Java frames: (J=compiled Java code, j=interpreted, Vv=VM code)
j  KinectPV2.Device.jniStopDevice()V+0
j  KinectPV2.Device.stopDevice()V+41
j  KinectPV2.KinectPV2.dispose()V+14
v  ~StubRoutines::call_stub
j  sun.reflect.NativeMethodAccessorImpl.invoke0(Ljava/lang/reflect/Method;Ljava/lang/Object;[Ljava/lang/Object;)Ljava/lang/Object;+0
j  sun.reflect.NativeMethodAccessorImpl.invoke(Ljava/lang/Object;[Ljava/lang/Object;)Ljava/lang/Object;+100
J 1427 C1 sun.reflect.DelegatingMethodAccessorImpl.invoke(Ljava/lang/Object;[Ljava/lang/Object;)Ljava/lang/Object; (10 bytes) @ 0x0000000002e18044 [0x0000000002e17f40+0x104]
J 1426 C1 java.lang.reflect.Method.invoke(Ljava/lang/Object;[Ljava/lang/Object;)Ljava/lang/Object; (62 bytes) @ 0x0000000002e17a64 [0x0000000002e17680+0x3e4]
J 1537 C1 processing.core.PApplet$RegisteredMethods.handle([Ljava/lang/Object;)V (83 bytes) @ 0x0000000002e65d14 [0x0000000002e65b40+0x1d4]
J 1642 C1 processing.core.PApplet.handleMethods(Ljava/lang/String;)V (21 bytes) @ 0x0000000002ea77c4 [0x0000000002ea7520+0x2a4]
j  processing.core.PApplet.dispose()V+35
j  processing.core.PApplet.destroy()V+1
j  sun.applet.AppletPanel.run()V+562
j  java.lang.Thread.run()V+11
v  ~StubRoutines::call_stub

---------------  P R O C E S S  ---------------

Java Threads: ( => current thread )
  0x000000001f365800 JavaThread "Thread-1249" [_thread_blocked, id=7904, stack(0x000000001eee0000,0x000000001efe0000)]
  0x000000001f28f800 JavaThread "Thread-7" [_thread_blocked, id=8248, stack(0x0000000026ac0000,0x0000000026bc0000)]
  0x000000001f28e000 JavaThread "Java Sound Event Dispatcher" daemon [_thread_blocked, id=10164, stack(0x00000000263c0000,0x00000000264c0000)]
  0x0000000019a84000 JavaThread "Animation Thread-SharedResourceRunner" daemon [_thread_blocked, id=7512, stack(0x000000001c4a0000,0x000000001c5a0000)]
  0x0000000019974000 JavaThread "AWT-EventQueue-1" [_thread_blocked, id=8644, stack(0x000000001d710000,0x000000001d810000)]
  0x000000000272e000 JavaThread "DestroyJavaVM" [_thread_blocked, id=9608, stack(0x00000000025e0000,0x00000000026e0000)]
  0x00000000198ee800 JavaThread "D3D Screen Updater" daemon [_thread_blocked, id=1360, stack(0x000000001ce30000,0x000000001cf30000)]
  0x00000000198b1000 JavaThread "AWT-EventQueue-0" [_thread_blocked, id=4092, stack(0x000000001bfa0000,0x000000001c0a0000)]
=>0x000000001989f800 JavaThread "thread applet-aviss.applet.AVISSApplet.class" [_thread_in_native, id=6932, stack(0x000000001bea0000,0x000000001bfa0000)]
  0x000000001987d000 JavaThread "AWT-Windows" daemon [_thread_in_native, id=4404, stack(0x000000001a180000,0x000000001a280000)]
  0x000000001907d000 JavaThread "AWT-Shutdown" [_thread_blocked, id=5180, stack(0x000000001a080000,0x000000001a180000)]
  0x0000000019047000 JavaThread "Java2D Disposer" daemon [_thread_blocked, id=6096, stack(0x0000000019f80000,0x000000001a080000)]
  0x0000000018c95800 JavaThread "Service Thread" daemon [_thread_blocked, id=9616, stack(0x0000000019080000,0x0000000019180000)]
  0x000000001746c800 JavaThread "C1 CompilerThread2" daemon [_thread_blocked, id=4764, stack(0x0000000018b80000,0x0000000018c80000)]
  0x0000000017451800 JavaThread "C2 CompilerThread1" daemon [_thread_blocked, id=6548, stack(0x0000000018a80000,0x0000000018b80000)]
  0x0000000017421000 JavaThread "C2 CompilerThread0" daemon [_thread_blocked, id=9752, stack(0x0000000018980000,0x0000000018a80000)]
  0x000000001741c800 JavaThread "Attach Listener" daemon [_thread_blocked, id=1908, stack(0x0000000018880000,0x0000000018980000)]
  0x000000001741b800 JavaThread "Signal Dispatcher" daemon [_thread_blocked, id=7392, stack(0x0000000018780000,0x0000000018880000)]
  0x00000000028b4800 JavaThread "Finalizer" daemon [_thread_blocked, id=8428, stack(0x0000000018680000,0x0000000018780000)]
  0x00000000173e8000 JavaThread "Reference Handler" daemon [_thread_blocked, id=9716, stack(0x0000000018580000,0x0000000018680000)]

Other Threads:
  0x00000000173e7000 VMThread [stack: 0x0000000018480000,0x0000000018580000] [id=4572]
  0x0000000018c9c000 WatcherThread [stack: 0x0000000019180000,0x0000000019280000] [id=9552]

VM state:not at safepoint (normal execution)

VM Mutex/Monitor currently owned by a thread: None

Heap:
 PSYoungGen      total 403456K, used 68076K [0x00000000d5d00000, 0x00000000f3b00000, 0x0000000100000000)
  eden space 329728K, 20% used [0x00000000d5d00000,0x00000000d9e6f140,0x00000000e9f00000)
  from space 73728K, 1% used [0x00000000ef300000,0x00000000ef40c010,0x00000000f3b00000)
  to   space 79872K, 0% used [0x00000000e9f00000,0x00000000e9f00000,0x00000000eed00000)
 ParOldGen       total 303616K, used 202139K [0x0000000081600000, 0x0000000093e80000, 0x00000000d5d00000)
  object space 303616K, 66% used [0x0000000081600000,0x000000008db66dc8,0x0000000093e80000)
 Metaspace       used 18297K, capacity 18439K, committed 18560K, reserved 1067008K
  class space    used 1807K, capacity 1881K, committed 1920K, reserved 1048576K

Card table byte_map: [0x0000000011c80000,0x0000000012080000] byte_map_base: 0x0000000011875000

Marking Bits: (ParMarkBitMap*) 0x0000000070eed4f0
 Begin Bits: [0x0000000012730000, 0x00000000146d8000)
 End Bits:   [0x00000000146d8000, 0x0000000016680000)

Polling page: 0x0000000000ca0000

CodeCache: size=245760Kb used=7059Kb max_used=7645Kb free=238701Kb
 bounds [0x00000000028c0000, 0x0000000003040000, 0x00000000118c0000]
 total_blobs=2890 nmethods=1989 adapters=815
 compilation: enabled

Compilation events (10 events):
Event: 46.182 Thread 0x000000001746c800 nmethod 2158 0x0000000002c86fd0 code [0x0000000002c87140, 0x0000000002c87428]
Event: 46.182 Thread 0x000000001746c800 2159       3       processing.opengl.PGraphicsOpenGL::checkTexture (102 bytes)
Event: 46.182 Thread 0x000000001746c800 nmethod 2159 0x0000000002b3ca90 code [0x0000000002b3cc40, 0x0000000002b3d158]
Event: 46.182 Thread 0x000000001746c800 2160       3       jogamp.opengl.gl4.GL4bcImpl::glDrawElements (63 bytes)
Event: 46.183 Thread 0x000000001746c800 nmethod 2160 0x00000000029e3150 code [0x00000000029e33a0, 0x00000000029e42f8]
Event: 46.183 Thread 0x000000001746c800 2161       3       jogamp.opengl.gl4.GL4bcImpl::checkElementVBOBound (36 bytes)
Event: 46.184 Thread 0x000000001746c800 nmethod 2161 0x0000000002cf7710 code [0x0000000002cf7880, 0x0000000002cf7ac8]
Event: 46.473 Thread 0x0000000017451800 2163       4       processing.core.PMatrix3D::apply (69 bytes)
Event: 46.475 Thread 0x0000000017451800 nmethod 2163 0x0000000002c18610 code [0x0000000002c18760, 0x0000000002c18888]
Event: 46.831 Thread 0x0000000017421000 2164       4       sun.nio.cs.SingleByte$Encoder::encode (32 bytes)

GC Heap History (10 events):
Event: 27.744 GC heap before
{Heap before GC invocations=16 (full 2):
 PSYoungGen      total 364032K, used 266256K [0x00000000d5d00000, 0x00000000f4380000, 0x0000000100000000)
  eden space 265216K, 100% used [0x00000000d5d00000,0x00000000e6000000,0x00000000e6000000)
  from space 98816K, 1% used [0x00000000e6000000,0x00000000e6104010,0x00000000ec080000)
  to   space 96768K, 0% used [0x00000000ee500000,0x00000000ee500000,0x00000000f4380000)
 ParOldGen       total 303616K, used 202139K [0x0000000081600000, 0x0000000093e80000, 0x00000000d5d00000)
  object space 303616K, 66% used [0x0000000081600000,0x000000008db66dc8,0x0000000093e80000)
 Metaspace       used 18227K, capacity 18439K, committed 18560K, reserved 1067008K
  class space    used 1804K, capacity 1881K, committed 1920K, reserved 1048576K
Event: 27.747 GC heap after
Heap after GC invocations=16 (full 2):
 PSYoungGen      total 380928K, used 224K [0x00000000d5d00000, 0x00000000f3700000, 0x0000000100000000)
  eden space 296960K, 0% used [0x00000000d5d00000,0x00000000d5d00000,0x00000000e7f00000)
  from space 83968K, 0% used [0x00000000ee500000,0x00000000ee538000,0x00000000f3700000)
  to   space 94208K, 0% used [0x00000000e7f00000,0x00000000e7f00000,0x00000000edb00000)
 ParOldGen       total 303616K, used 202139K [0x0000000081600000, 0x0000000093e80000, 0x00000000d5d00000)
  object space 303616K, 66% used [0x0000000081600000,0x000000008db66dc8,0x0000000093e80000)
 Metaspace       used 18227K, capacity 18439K, committed 18560K, reserved 1067008K
  class space    used 1804K, capacity 1881K, committed 1920K, reserved 1048576K
}
Event: 32.095 GC heap before
{Heap before GC invocations=17 (full 2):
 PSYoungGen      total 380928K, used 296694K [0x00000000d5d00000, 0x00000000f3700000, 0x0000000100000000)
  eden space 296960K, 99% used [0x00000000d5d00000,0x00000000e7e85b88,0x00000000e7f00000)
  from space 83968K, 0% used [0x00000000ee500000,0x00000000ee538000,0x00000000f3700000)
  to   space 94208K, 0% used [0x00000000e7f00000,0x00000000e7f00000,0x00000000edb00000)
 ParOldGen       total 303616K, used 202139K [0x0000000081600000, 0x0000000093e80000, 0x00000000d5d00000)
  object space 303616K, 66% used [0x0000000081600000,0x000000008db66dc8,0x0000000093e80000)
 Metaspace       used 18231K, capacity 18439K, committed 18560K, reserved 1067008K
  class space    used 1804K, capacity 1881K, committed 1920K, reserved 1048576K
Event: 32.098 GC heap after
Heap after GC invocations=17 (full 2):
 PSYoungGen      total 391168K, used 3584K [0x00000000d5d00000, 0x00000000f4a80000, 0x0000000100000000)
  eden space 296960K, 0% used [0x00000000d5d00000,0x00000000d5d00000,0x00000000e7f00000)
  from space 94208K, 3% used [0x00000000e7f00000,0x00000000e8280020,0x00000000edb00000)
  to   space 90112K, 0% used [0x00000000ef280000,0x00000000ef280000,0x00000000f4a80000)
 ParOldGen       total 303616K, used 202139K [0x0000000081600000, 0x0000000093e80000, 0x00000000d5d00000)
  object space 303616K, 66% used [0x0000000081600000,0x000000008db66dc8,0x0000000093e80000)
 Metaspace       used 18231K, capacity 18439K, committed 18560K, reserved 1067008K
  class space    used 1804K, capacity 1881K, committed 1920K, reserved 1048576K
}
Event: 36.321 GC heap before
{Heap before GC invocations=18 (full 2):
 PSYoungGen      total 391168K, used 298249K [0x00000000d5d00000, 0x00000000f4a80000, 0x0000000100000000)
  eden space 296960K, 99% used [0x00000000d5d00000,0x00000000e7cc2588,0x00000000e7f00000)
  from space 94208K, 3% used [0x00000000e7f00000,0x00000000e8280020,0x00000000edb00000)
  to   space 90112K, 0% used [0x00000000ef280000,0x00000000ef280000,0x00000000f4a80000)
 ParOldGen       total 303616K, used 202139K [0x0000000081600000, 0x0000000093e80000, 0x00000000d5d00000)
  object space 303616K, 66% used [0x0000000081600000,0x000000008db66dc8,0x0000000093e80000)
 Metaspace       used 18242K, capacity 18439K, committed 18560K, reserved 1067008K
  class space    used 1804K, capacity 1881K, committed 1920K, reserved 1048576K
Event: 36.324 GC heap after
Heap after GC invocations=18 (full 2):
 PSYoungGen      total 397824K, used 1072K [0x00000000d5d00000, 0x00000000f3f00000, 0x0000000100000000)
  eden space 319488K, 0% used [0x00000000d5d00000,0x00000000d5d00000,0x00000000e9500000)
  from space 78336K, 1% used [0x00000000ef280000,0x00000000ef38c010,0x00000000f3f00000)
  to   space 87040K, 0% used [0x00000000e9500000,0x00000000e9500000,0x00000000eea00000)
 ParOldGen       total 303616K, used 202139K [0x0000000081600000, 0x0000000093e80000, 0x00000000d5d00000)
  object space 303616K, 66% used [0x0000000081600000,0x000000008db66dc8,0x0000000093e80000)
 Metaspace       used 18242K, capacity 18439K, committed 18560K, reserved 1067008K
  class space    used 1804K, capacity 1881K, committed 1920K, reserved 1048576K
}
Event: 41.104 GC heap before
{Heap before GC invocations=19 (full 2):
 PSYoungGen      total 397824K, used 320560K [0x00000000d5d00000, 0x00000000f3f00000, 0x0000000100000000)
  eden space 319488K, 100% used [0x00000000d5d00000,0x00000000e9500000,0x00000000e9500000)
  from space 78336K, 1% used [0x00000000ef280000,0x00000000ef38c010,0x00000000f3f00000)
  to   space 87040K, 0% used [0x00000000e9500000,0x00000000e9500000,0x00000000eea00000)
 ParOldGen       total 303616K, used 202139K [0x0000000081600000, 0x0000000093e80000, 0x00000000d5d00000)
  object space 303616K, 66% used [0x0000000081600000,0x000000008db66dc8,0x0000000093e80000)
 Metaspace       used 18257K, capacity 18439K, committed 18560K, reserved 1067008K
  class space    used 1804K, capacity 1881K, committed 1920K, reserved 1048576K
Event: 41.108 GC heap after
Heap after GC invocations=19 (full 2):
 PSYoungGen      total 406528K, used 224K [0x00000000d5d00000, 0x00000000f4480000, 0x0000000100000000)
  eden space 319488K, 0% used [0x00000000d5d00000,0x00000000d5d00000,0x00000000e9500000)
  from space 87040K, 0% used [0x00000000e9500000,0x00000000e9538000,0x00000000eea00000)
  to   space 83456K, 0% used [0x00000000ef300000,0x00000000ef300000,0x00000000f4480000)
 ParOldGen       total 303616K, used 202139K [0x0000000081600000, 0x0000000093e80000, 0x00000000d5d00000)
  object space 303616K, 66% used [0x0000000081600000,0x000000008db66dc8,0x0000000093e80000)
 Metaspace       used 18257K, capacity 18439K, committed 18560K, reserved 1067008K
  class space    used 1804K, capacity 1881K, committed 1920K, reserved 1048576K
}
Event: 45.934 GC heap before
{Heap before GC invocations=20 (full 2):
 PSYoungGen      total 406528K, used 319646K [0x00000000d5d00000, 0x00000000f4480000, 0x0000000100000000)
  eden space 319488K, 99% used [0x00000000d5d00000,0x00000000e94ef950,0x00000000e9500000)
  from space 87040K, 0% used [0x00000000e9500000,0x00000000e9538000,0x00000000eea00000)
  to   space 83456K, 0% used [0x00000000ef300000,0x00000000ef300000,0x00000000f4480000)
 ParOldGen       total 303616K, used 202139K [0x0000000081600000, 0x0000000093e80000, 0x00000000d5d00000)
  object space 303616K, 66% used [0x0000000081600000,0x000000008db66dc8,0x0000000093e80000)
 Metaspace       used 18269K, capacity 18439K, committed 18560K, reserved 1067008K
  class space    used 1804K, capacity 1881K, committed 1920K, reserved 1048576K
Event: 45.938 GC heap after
Heap after GC invocations=20 (full 2):
 PSYoungGen      total 403456K, used 1072K [0x00000000d5d00000, 0x00000000f3b00000, 0x0000000100000000)
  eden space 329728K, 0% used [0x00000000d5d00000,0x00000000d5d00000,0x00000000e9f00000)
  from space 73728K, 1% used [0x00000000ef300000,0x00000000ef40c010,0x00000000f3b00000)
  to   space 79872K, 0% used [0x00000000e9f00000,0x00000000e9f00000,0x00000000eed00000)
 ParOldGen       total 303616K, used 202139K [0x0000000081600000, 0x0000000093e80000, 0x00000000d5d00000)
  object space 303616K, 66% used [0x0000000081600000,0x000000008db66dc8,0x0000000093e80000)
 Metaspace       used 18269K, capacity 18439K, committed 18560K, reserved 1067008K
  class space    used 1804K, capacity 1881K, committed 1920K, reserved 1048576K
}

Deoptimization events (10 events):
Event: 1.789 Thread 0x0000000019974000 Uncommon trap: reason=unreached action=reinterpret pc=0x0000000002c7bc90 method=com.jogamp.common.util.IntIntHashMap.get(I)I @ 19
Event: 1.820 Thread 0x000000001f223800 Uncommon trap: reason=unreached action=reinterpret pc=0x0000000002c3f8f0 method=java.lang.reflect.AccessibleObject.setAccessible0(Ljava/lang/reflect/AccessibleObject;Z)V @ 4
Event: 2.248 Thread 0x0000000019974000 Uncommon trap: reason=unloaded action=reinterpret pc=0x0000000002d69314 method=aviss.visuals.KinectStarCloudGenerator.kinectPointCloudInit()I @ 129
Event: 3.084 Thread 0x00000000198ee800 Uncommon trap: reason=unreached action=reinterpret pc=0x0000000002d1a024 method=java.util.concurrent.locks.ReentrantLock$Sync.nonfairTryAcquire(I)Z @ 34
Event: 46.720 Thread 0x00000000198ee800 Uncommon trap: reason=unreached action=reinterpret pc=0x0000000002d19d64 method=java.util.concurrent.locks.ReentrantLock$Sync.nonfairTryAcquire(I)Z @ 34
Event: 46.826 Thread 0x000000001989f800 Uncommon trap: reason=bimorphic action=maybe_recompile pc=0x0000000002ca0468 method=java.util.HashMap.putVal(ILjava/lang/Object;Ljava/lang/Object;ZZ)Ljava/lang/Object; @ 91
Event: 46.826 Thread 0x000000001989f800 Uncommon trap: reason=bimorphic action=maybe_recompile pc=0x0000000002ca0468 method=java.util.HashMap.putVal(ILjava/lang/Object;Ljava/lang/Object;ZZ)Ljava/lang/Object; @ 91
Event: 46.826 Thread 0x000000001989f800 Uncommon trap: reason=bimorphic action=maybe_recompile pc=0x0000000002ca0468 method=java.util.HashMap.putVal(ILjava/lang/Object;Ljava/lang/Object;ZZ)Ljava/lang/Object; @ 91
Event: 46.826 Thread 0x000000001989f800 Uncommon trap: reason=bimorphic action=maybe_recompile pc=0x0000000002ca0468 method=java.util.HashMap.putVal(ILjava/lang/Object;Ljava/lang/Object;ZZ)Ljava/lang/Object; @ 91
Event: 46.826 Thread 0x000000001989f800 Uncommon trap: reason=bimorphic action=maybe_recompile pc=0x0000000002c4134c method=java.util.HashMap.putVal(ILjava/lang/Object;Ljava/lang/Object;ZZ)Ljava/lang/Object; @ 91

Internal exceptions (10 events):
Event: 2.166 Thread 0x0000000019974000 Exception <a 'java/security/PrivilegedActionException'> (0x00000000d67974a0) thrown at [C:\workspace\8-2-build-windows-amd64-cygwin\jdk8u31\2394\hotspot\src\share\vm\prims\jvm.cpp, line 1312]
Event: 2.257 Thread 0x0000000019974000 Exception <a 'java/security/PrivilegedActionException'> (0x00000000d8777f10) thrown at [C:\workspace\8-2-build-windows-amd64-cygwin\jdk8u31\2394\hotspot\src\share\vm\prims\jvm.cpp, line 1312]
Event: 3.043 Thread 0x00000000198ef800 Exception <a 'java/security/PrivilegedActionException'> (0x00000000d8725918) thrown at [C:\workspace\8-2-build-windows-amd64-cygwin\jdk8u31\2394\hotspot\src\share\vm\prims\jvm.cpp, line 1312]
Event: 3.061 Thread 0x00000000198ef800 Exception <a 'java/security/PrivilegedActionException'> (0x00000000d87295b8) thrown at [C:\workspace\8-2-build-windows-amd64-cygwin\jdk8u31\2394\hotspot\src\share\vm\prims\jvm.cpp, line 1312]
Event: 3.065 Thread 0x00000000198ef800 Exception <a 'java/lang/reflect/InvocationTargetException'> (0x00000000d87313a8) thrown at [C:\workspace\8-2-build-windows-amd64-cygwin\jdk8u31\2394\hotspot\src\share\vm\runtime\reflection.cpp, line 1080]
Event: 3.208 Thread 0x0000000019974000 Exception <a 'java/security/PrivilegedActionException'> (0x00000000d7e99ab0) thrown at [C:\workspace\8-2-build-windows-amd64-cygwin\jdk8u31\2394\hotspot\src\share\vm\prims\jvm.cpp, line 1312]
Event: 3.579 Thread 0x0000000019974000 Exception <a 'java/security/PrivilegedActionException'> (0x00000000d7ea3790) thrown at [C:\workspace\8-2-build-windows-amd64-cygwin\jdk8u31\2394\hotspot\src\share\vm\prims\jvm.cpp, line 1312]
Event: 12.486 Thread 0x0000000019974000 Exception <a 'java/security/PrivilegedActionException'> (0x00000000d5fe7db0) thrown at [C:\workspace\8-2-build-windows-amd64-cygwin\jdk8u31\2394\hotspot\src\share\vm\prims\jvm.cpp, line 1312]
Event: 46.829 Thread 0x000000001f366800 Implicit null exception at 0x0000000002ffbc2f to 0x0000000002ffbd27
Event: 46.829 Thread 0x000000001f366800 Exception <a 'java/lang/NullPointerException'> (0x00000000d63adc40) thrown at [C:\workspace\8-2-build-windows-amd64-cygwin\jdk8u31\2394\hotspot\src\share\vm\runtime\sharedRuntime.cpp, line 604]

Events (10 events):
Event: 46.826 Thread 0x000000001989f800 DEOPT UNPACKING pc=0x000000000290556a sp=0x000000001bf9ef58 mode 2
Event: 46.826 Thread 0x000000001989f800 Uncommon trap: trap_request=0xffffffc6 fr.pc=0x0000000002c4134c
Event: 46.826 Thread 0x000000001989f800 DEOPT PACKING pc=0x0000000002c4134c sp=0x000000001bf9efc0
Event: 46.826 Thread 0x000000001989f800 DEOPT UNPACKING pc=0x000000000290556a sp=0x000000001bf9ef58 mode 2
Event: 46.829 loading class java/lang/Throwable$WrappedPrintStream
Event: 46.830 loading class java/lang/Throwable$PrintStreamOrWriter
Event: 46.830 loading class java/lang/Throwable$PrintStreamOrWriter done
Event: 46.830 loading class java/lang/Throwable$WrappedPrintStream done
Event: 46.830 loading class java/util/IdentityHashMap$KeySet
Event: 46.830 loading class java/util/IdentityHashMap$KeySet done


Dynamic libraries:
0x00007ff63b3c0000 - 0x00007ff63b3f4000 	C:\Program Files\Java\jre1.8.0_31\bin\javaw.exe
0x00007ffd5d800000 - 0x00007ffd5d9ac000 	C:\WINDOWS\SYSTEM32\ntdll.dll
0x00007ffd5b9e0000 - 0x00007ffd5bb1e000 	C:\WINDOWS\system32\KERNEL32.DLL
0x00007ffd5ad60000 - 0x00007ffd5ae75000 	C:\WINDOWS\system32\KERNELBASE.dll
0x00007ffd58fa0000 - 0x00007ffd5902e000 	C:\WINDOWS\system32\apphelp.dll
0x00007ffd47850000 - 0x00007ffd478a3000 	C:\WINDOWS\AppPatch\AppPatch64\AcGenral.DLL
0x00007ffd5d750000 - 0x00007ffd5d7fa000 	C:\WINDOWS\system32\msvcrt.dll
0x00007ffd5a7f0000 - 0x00007ffd5a81e000 	C:\WINDOWS\SYSTEM32\SspiCli.dll
0x00007ffd5bda0000 - 0x00007ffd5bdf4000 	C:\WINDOWS\system32\SHLWAPI.dll
0x00007ffd5b700000 - 0x00007ffd5b877000 	C:\WINDOWS\system32\USER32.dll
0x00007ffd5bc00000 - 0x00007ffd5bd94000 	C:\WINDOWS\system32\ole32.dll
0x00007ffd5be00000 - 0x00007ffd5d318000 	C:\WINDOWS\system32\SHELL32.dll
0x00007ffd59f70000 - 0x00007ffd59f91000 	C:\WINDOWS\SYSTEM32\USERENV.dll
0x00007ffd5d320000 - 0x00007ffd5d3ca000 	C:\WINDOWS\system32\ADVAPI32.dll
0x00007ffd44540000 - 0x00007ffd4455e000 	C:\WINDOWS\SYSTEM32\MPR.dll
0x00007ffd5b880000 - 0x00007ffd5b9c1000 	C:\WINDOWS\system32\RPCRT4.dll
0x00007ffd5ae80000 - 0x00007ffd5aed9000 	C:\WINDOWS\SYSTEM32\sechost.dll
0x00007ffd5afc0000 - 0x00007ffd5b1d1000 	C:\WINDOWS\SYSTEM32\combase.dll
0x00007ffd5d3d0000 - 0x00007ffd5d521000 	C:\WINDOWS\system32\GDI32.dll
0x00007ffd5a950000 - 0x00007ffd5a965000 	C:\WINDOWS\SYSTEM32\profapi.dll
0x00007ffd58720000 - 0x00007ffd587d2000 	C:\WINDOWS\SYSTEM32\SHCORE.dll
0x00007ffd5b1e0000 - 0x00007ffd5b216000 	C:\WINDOWS\system32\IMM32.DLL
0x00007ffd5b350000 - 0x00007ffd5b4a1000 	C:\WINDOWS\system32\MSCTF.dll
0x00007ffd57e00000 - 0x00007ffd5807b000 	C:\WINDOWS\WinSxS\amd64_microsoft.windows.common-controls_6595b64144ccf1df_6.0.9600.17415_none_6240486fecbd8abb\COMCTL32.dll
0x000000006f9e0000 - 0x000000006fab2000 	C:\Program Files\Java\jre1.8.0_31\bin\msvcr100.dll
0x0000000070710000 - 0x0000000070f6a000 	C:\Program Files\Java\jre1.8.0_31\bin\server\jvm.dll
0x00007ffd4f940000 - 0x00007ffd4f949000 	C:\WINDOWS\SYSTEM32\WSOCK32.dll
0x00007ffd559c0000 - 0x00007ffd559e2000 	C:\WINDOWS\SYSTEM32\WINMM.dll
0x00007ffd5bbe0000 - 0x00007ffd5bbe7000 	C:\WINDOWS\system32\PSAPI.DLL
0x00007ffd5d6f0000 - 0x00007ffd5d74a000 	C:\WINDOWS\system32\WS2_32.dll
0x00007ffd55990000 - 0x00007ffd559ba000 	C:\WINDOWS\SYSTEM32\WINMMBASE.dll
0x00007ffd5d6e0000 - 0x00007ffd5d6e9000 	C:\WINDOWS\system32\NSI.dll
0x00007ffd5acb0000 - 0x00007ffd5acff000 	C:\WINDOWS\SYSTEM32\cfgmgr32.dll
0x00007ffd59760000 - 0x00007ffd59788000 	C:\WINDOWS\SYSTEM32\DEVOBJ.dll
0x0000000070700000 - 0x000000007070f000 	C:\Program Files\Java\jre1.8.0_31\bin\verify.dll
0x00000000706d0000 - 0x00000000706f8000 	C:\Program Files\Java\jre1.8.0_31\bin\java.dll
0x00000000706b0000 - 0x00000000706c6000 	C:\Program Files\Java\jre1.8.0_31\bin\zip.dll
0x000000006f840000 - 0x000000006f9d8000 	C:\Program Files\Java\jre1.8.0_31\bin\awt.dll
0x00007ffd5b280000 - 0x00007ffd5b341000 	C:\WINDOWS\system32\OLEAUT32.dll
0x00007ffd58520000 - 0x00007ffd58541000 	C:\WINDOWS\system32\DWMAPI.DLL
0x00007ffd595c0000 - 0x00007ffd596e9000 	C:\WINDOWS\system32\uxtheme.dll
0x00007ffd44b20000 - 0x00007ffd44bcb000 	C:\Program Files\Common Files\microsoft shared\ink\tiptsf.dll
0x00007ffd59790000 - 0x00007ffd5979b000 	C:\WINDOWS\SYSTEM32\kernel.appcore.dll
0x00007ffd5a890000 - 0x00007ffd5a89b000 	C:\WINDOWS\SYSTEM32\CRYPTBASE.dll
0x00007ffd5a820000 - 0x00007ffd5a883000 	C:\WINDOWS\SYSTEM32\bcryptPrimitives.dll
0x00007ffd47c50000 - 0x00007ffd47e71000 	C:\WINDOWS\system32\d3d9.dll
0x00007ffd4eac0000 - 0x00007ffd4eaca000 	C:\WINDOWS\SYSTEM32\VERSION.dll
0x00007ffd29200000 - 0x00007ffd2aae1000 	C:\WINDOWS\SYSTEM32\igdumdim64.dll
0x00007ffd55ea0000 - 0x00007ffd56300000 	C:\WINDOWS\SYSTEM32\igdusc64.dll
0x000000006f7f0000 - 0x000000006f837000 	C:\Program Files\Java\jre1.8.0_31\bin\fontmanager.dll
0x0000000070690000 - 0x00000000706aa000 	C:\Program Files\Java\jre1.8.0_31\bin\net.dll
0x00007ffd5a230000 - 0x00007ffd5a289000 	C:\WINDOWS\system32\mswsock.dll
0x0000000070670000 - 0x0000000070681000 	C:\Program Files\Java\jre1.8.0_31\bin\nio.dll
0x000000006f7a0000 - 0x000000006f7e1000 	C:\Program Files\Java\jre1.8.0_31\bin\t2k.dll
0x00007ffd4e390000 - 0x00007ffd4e3fa000 	C:\WINDOWS\SYSTEM32\oleacc.dll
0x00007ffd5bb20000 - 0x00007ffd5bbd6000 	C:\WINDOWS\SYSTEM32\clbcatq.dll
0x00007ffd5a290000 - 0x00007ffd5a2b0000 	C:\WINDOWS\SYSTEM32\CRYPTSP.dll
0x00007ffd59e60000 - 0x00007ffd59e96000 	C:\WINDOWS\system32\rsaenh.dll
0x00007ffd5a4e0000 - 0x00007ffd5a506000 	C:\WINDOWS\SYSTEM32\bcrypt.dll
0x00007ffd55920000 - 0x00007ffd5594a000 	C:\WINDOWS\SYSTEM32\IPHLPAPI.DLL
0x00007ffd558f0000 - 0x00007ffd558fa000 	C:\WINDOWS\SYSTEM32\WINNSI.DLL
0x00007ffd55770000 - 0x00007ffd55786000 	C:\WINDOWS\SYSTEM32\dhcpcsvc6.DLL
0x00007ffd55700000 - 0x00007ffd5571a000 	C:\WINDOWS\SYSTEM32\dhcpcsvc.DLL
0x00000000637c0000 - 0x00000000637cd000 	C:\Users\Ian\AppData\Local\Temp\jogamp_0000\file_cache\jln7143123659592156048\jln2368010617022372772\gluegen-rt.dll
0x000000006f790000 - 0x000000006f797000 	C:\Program Files\Java\jre1.8.0_31\bin\jawt.dll
0x000000006a440000 - 0x000000006a44d000 	C:\Users\Ian\AppData\Local\Temp\jogamp_0000\file_cache\jln7143123659592156048\jln2368010617022372772\nativewindow_awt.dll
0x000000006c100000 - 0x000000006c10f000 	C:\Users\Ian\AppData\Local\Temp\jogamp_0000\file_cache\jln7143123659592156048\jln2368010617022372772\nativewindow_win32.dll
0x00007ffd3f550000 - 0x00007ffd3f67b000 	C:\WINDOWS\SYSTEM32\OpenGL32.dll
0x00007ffd3f520000 - 0x00007ffd3f54e000 	C:\WINDOWS\SYSTEM32\GLU32.dll
0x00007ffd3f420000 - 0x00007ffd3f518000 	C:\WINDOWS\SYSTEM32\DDRAW.dll
0x00007ffd3f410000 - 0x00007ffd3f419000 	C:\WINDOWS\SYSTEM32\DCIMAN32.dll
0x0000000064500000 - 0x00000000645a0000 	C:\Users\Ian\AppData\Local\Temp\jogamp_0000\file_cache\jln7143123659592156048\jln2368010617022372772\jogl_desktop.dll
0x0000000180000000 - 0x00000001807de000 	C:\WINDOWS\SYSTEM32\ig75icd64.dll
0x00007ffd59fa0000 - 0x00007ffd59fe6000 	C:\WINDOWS\SYSTEM32\powrprof.dll
0x000000006f780000 - 0x000000006f78c000 	C:\Program Files\Java\jre1.8.0_31\bin\jsound.dll
0x000000006f770000 - 0x000000006f77b000 	C:\Program Files\Java\jre1.8.0_31\bin\jsoundds.dll
0x00007ffd35ed0000 - 0x00007ffd35f6d000 	C:\WINDOWS\SYSTEM32\DSOUND.dll
0x00007ffd55e30000 - 0x00007ffd55ea0000 	C:\WINDOWS\SYSTEM32\MMDevAPI.DLL
0x00007ffd47f80000 - 0x00007ffd47fbe000 	C:\WINDOWS\SYSTEM32\wdmaud.drv
0x00007ffd59190000 - 0x00007ffd59198000 	C:\WINDOWS\SYSTEM32\ksuser.dll
0x00007ffd592c0000 - 0x00007ffd592cc000 	C:\WINDOWS\SYSTEM32\AVRT.dll
0x00007ffd4dfa0000 - 0x00007ffd4e01e000 	C:\WINDOWS\SYSTEM32\AUDIOSES.DLL
0x00007ffd4eb40000 - 0x00007ffd4eb4b000 	C:\WINDOWS\SYSTEM32\msacm32.drv
0x00007ffd4df00000 - 0x00007ffd4df1c000 	C:\WINDOWS\SYSTEM32\MSACM32.dll
0x00007ffd4eb30000 - 0x00007ffd4eb3a000 	C:\WINDOWS\SYSTEM32\midimap.dll
0x00007ffd49530000 - 0x00007ffd496cc000 	C:\Users\Ian\workspace\AVISS\lib\Kinect20.Face.dll
0x00007ffd42f90000 - 0x00007ffd43037000 	C:\WINDOWS\SYSTEM32\MSVCP110.dll
0x00007ffd4e1d0000 - 0x00007ffd4e2a4000 	C:\WINDOWS\SYSTEM32\MSVCR110.dll
0x00007ffd4f850000 - 0x00007ffd4f860000 	C:\Users\Ian\workspace\AVISS\lib\KinectPV2.dll
0x00007ffd49470000 - 0x00007ffd4952a000 	C:\WINDOWS\SYSTEM32\Kinect20.dll
0x00007ffd43090000 - 0x00007ffd4317b000 	C:\WINDOWS\SYSTEM32\MFPlat.DLL
0x00007ffd42f60000 - 0x00007ffd42f87000 	C:\WINDOWS\SYSTEM32\RTWorkQ.DLL
0x00007ffd473b0000 - 0x00007ffd4753a000 	C:\WINDOWS\SYSTEM32\dbghelp.dll

VM Arguments:
jvm_args: -Djava.library.path=C:\Users\Ian\workspace\AVISS\lib -Djava.security.policy=java.policy.applet -Dfile.encoding=Cp1252 
java_command: sun.applet.AppletViewer aviss.applet.AVISSApplet1428877847566.html
java_class_path (initial): C:\Users\Ian\workspace\AVISS\bin;C:\Users\Ian\workspace\AVISS\lib\commons-collections4-4.0.jar;C:\Users\Ian\workspace\AVISS\lib\core.jar;C:\Users\Ian\workspace\AVISS\lib\G4P.jar;C:\Users\Ian\workspace\AVISS\lib\gluegen-rt-natives-linux-amd64.jar;C:\Users\Ian\workspace\AVISS\lib\gluegen-rt-natives-linux-armv6hf.jar;C:\Users\Ian\workspace\AVISS\lib\gluegen-rt-natives-linux-i586.jar;C:\Users\Ian\workspace\AVISS\lib\gluegen-rt-natives-macosx-universal.jar;C:\Users\Ian\workspace\AVISS\lib\gluegen-rt-natives-windows-amd64.jar;C:\Users\Ian\workspace\AVISS\lib\gluegen-rt-natives-windows-i586.jar;C:\Users\Ian\workspace\AVISS\lib\gluegen-rt.jar;C:\Users\Ian\workspace\AVISS\lib\il_hemesh.jar;C:\Users\Ian\workspace\AVISS\lib\javolution-6.1.0.jar;C:\Users\Ian\workspace\AVISS\lib\jl1.0.jar;C:\Users\Ian\workspace\AVISS\lib\jogl-all-natives-linux-amd64.jar;C:\Users\Ian\workspace\AVISS\lib\jogl-all-natives-linux-armv6hf.jar;C:\Users\Ian\workspace\AVISS\lib\jogl-all-natives-linux-i586.jar;C:\Users\Ian\workspace\AVISS\lib\jogl-all-natives-macosx-universal.jar;C:\Users\Ian\workspace\AVISS\lib\jogl-all-natives-windows-amd64.jar;C:\Users\Ian\workspace\AVISS\lib\jogl-all-natives-windows-i586.jar;C:\Users\Ian\workspace\AVISS\lib\jogl-all.jar;C:\Users\Ian\workspace\AVISS\lib\jsminim.jar;C:\Users\Ian\workspace\AVISS\lib\jts.jar;C:\Users\Ian\workspace\AVISS\lib\KinectPV2.jar;C:\Users\Ian\workspace\AVISS\lib\log4j-1.2.17.jar;C:\Users\Ian\workspace\AVISS\lib\miglayout15-swing.jar;C:\Users\Ian\workspace\AVISS\lib\minim.jar;C:\Users\Ian\workspace\AVISS\lib\mp3spi1.9.4.jar;C:\Users\Ian\workspace\AVISS\lib\opal-1.0.1.jar;C:\Users\Ian\workspace\AVISS\lib\peasycam.jar;C:\Users\Ian\workspace\AVISS\lib\swt.jar;C:\Users\Ian\workspace\AVISS\lib\tritonus_aos.jar;C:\Users\Ian\workspace\AVISS\lib\tritonus_share.jar;C:\Users\Ian\workspace\AVISS\lib\trove-3.1a1.jar
Launcher Type: SUN_STANDARD

Environment Variables:
PATH=C:/Program Files/Java/jre1.8.0_31/bin/server;C:/Program Files/Java/jre1.8.0_31/bin;C:/Program Files/Java/jre1.8.0_31/lib/amd64;C:\MinGW\bin\;C:\Python34\;C:\Python34\Scripts;C:\ProgramData\Oracle\Java\javapath;c:\Program Files (x86)\Intel\iCLS Client\;c:\Program Files\Intel\iCLS Client\;C:\WINDOWS\system32;C:\WINDOWS;C:\WINDOWS\System32\Wbem;C:\WINDOWS\System32\WindowsPowerShell\v1.0\;C:\Program Files\Intel\Intel(R) Management Engine Components\DAL;C:\Program Files\Intel\Intel(R) Management Engine Components\IPT;C:\Program Files (x86)\Intel\Intel(R) Management Engine Components\DAL;C:\Program Files (x86)\Intel\Intel(R) Management Engine Components\IPT;C:\Program Files (x86)\Intel\OpenCL SDK\3.0\bin\x86;C:\Program Files (x86)\Intel\OpenCL SDK\3.0\bin\x64;C:\Program Files (x86)\Windows Live\Shared;C:\Program Files (x86)\QuickTime\QTSystem\;C:\Program Files (x86)\Windows Kits\8.1\Windows Performance Toolkit\;C:\Program Files\Microsoft SQL Server\110\Tools\Binn\;C:\Program Files (x86)\Microsoft SDKs\TypeScript\1.0\;C:\Program Fil;C:\MinGW\bin\;C:\Program Files (x86)\CMake\bin\;C:\Users\Ian\Documents\2014W2\CPSC_425\Canopy\User;C:\Users\Ian\Documents\2014W2\CPSC_425\Canopy\User\Scripts;C:\Program Files\Eclipse Luna\eclipse;
USERNAME=Ian
OS=Windows_NT
PROCESSOR_IDENTIFIER=Intel64 Family 6 Model 69 Stepping 1, GenuineIntel



---------------  S Y S T E M  ---------------

OS: Windows 8.1 , 64 bit Build 9600 

CPU:total 4 (2 cores per cpu, 2 threads per core) family 6 model 69 stepping 1, cmov, cx8, fxsr, mmx, sse, sse2, sse3, ssse3, sse4.1, sse4.2, popcnt, avx, avx2, aes, clmul, erms, lzcnt, ht, tsc, tscinvbit, bmi1, bmi2

Memory: 4k page, physical 8291748k(663548k free), swap 12629364k(2254956k free)

vm_info: Java HotSpot(TM) 64-Bit Server VM (25.31-b07) for windows-amd64 JRE (1.8.0_31-b13), built on Dec 17 2014 21:00:28 by "java_re" with MS VC++ 10.0 (VS2010)

time: Sun Apr 12 15:31:34 2015
elapsed time: 46 seconds (0d 0h 0m 46s)

