#
# A fatal error has been detected by the Java Runtime Environment:
#
#  EXCEPTION_ACCESS_VIOLATION (0xc0000005) at pc=0x00007ffdfa604129, pid=6604, tid=5892
#
# JRE version: Java(TM) SE Runtime Environment (8.0_31-b13) (build 1.8.0_31-b13)
# Java VM: Java HotSpot(TM) 64-Bit Server VM (25.31-b07 mixed mode windows-amd64 compressed oops)
# Problematic frame:
# C  [KinectPV2.dll+0x4129]
#
# Failed to write core dump. Minidumps are not enabled by default on client versions of Windows
#
# If you would like to submit a bug report, please visit:
#   http://bugreport.java.com/bugreport/crash.jsp
# The crash happened outside the Java Virtual Machine in native code.
# See problematic frame for where to report the bug.
#

---------------  T H R E A D  ---------------

Current thread (0x0000000019b1f800):  JavaThread "thread applet-aviss.applet.AVISSApplet.class" [_thread_in_native, id=5892, stack(0x000000001bf20000,0x000000001c020000)]

siginfo: ExceptionCode=0xc0000005, reading address 0x0000000000000010

Registers:
RAX=0x0000000000000000, RBX=0x0000000034ff9040, RCX=0x000000002089eea0, RDX=0x0000000000000000
RSP=0x000000001c01e590, RBP=0x0000000000000006, RSI=0x0000000000000000, RDI=0x000000002089ee78
R8 =0x000000001c01e258, R9 =0x0000000000008000, R10=0x0000000000000000, R11=0x000000001c01e490
R12=0x0000000000000000, R13=0x00000000203bacc8, R14=0x0000000000000000, R15=0x0000000019b1f800
RIP=0x00007ffdfa604129, EFLAGS=0x0000000000010206

Top of Stack: (sp=0x000000001c01e590)
0x000000001c01e590:   000000002089ee48 0000000020d2e5f8
0x000000001c01e5a0:   000000002089ee48 0000000000000000
0x000000001c01e5b0:   000000001c01e680 00007ffdfa601fba
0x000000001c01e5c0:   000000001c01e680 000000001c01e660
0x000000001c01e5d0:   0000000019b1f9e8 0000000019bef220
0x000000001c01e5e0:   0000000002ab7a2d 0000000002ac5b74
0x000000001c01e5f0:   00000000203bacc8 0000000000000002
0x000000001c01e600:   0000000000000002 0000000019b1f800
0x000000001c01e610:   000000001c01e6d8 0000000002ac58a2
0x000000001c01e620:   000000001c01e620 00000000203bacc8
0x000000001c01e630:   000000001c01e680 00000000203bbc58
0x000000001c01e640:   0000000000000000 00000000203bacc8
0x000000001c01e650:   0000000000000000 000000001c01e680
0x000000001c01e660:   000000001c01e6c8 0000000002ab7a2d
0x000000001c01e670:   0000000000000000 0000000002abf6b8
0x000000001c01e680:   00000000892f4db8 000000001c01e688 

Instructions: (pc=0x00007ffdfa604129)
0x00007ffdfa604109:   00 00 48 85 c9 74 0d 48 8b 01 ff 50 10 4c 89 b7
0x00007ffdfa604119:   90 00 00 00 48 8b 4f 30 48 85 c9 74 0a 48 8b 01
0x00007ffdfa604129:   ff 50 10 4c 89 77 30 48 8b 4f 60 48 85 c9 74 0a
0x00007ffdfa604139:   48 8b 01 ff 50 10 4c 89 77 60 48 83 c7 08 48 ff 


Register to memory mapping:

RAX=0x0000000000000000 is an unknown value
RBX=0x0000000034ff9040 is an unknown value
RCX=0x000000002089eea0 is an unknown value
RDX=0x0000000000000000 is an unknown value
RSP=0x000000001c01e590 is pointing into the stack for thread: 0x0000000019b1f800
RBP=0x0000000000000006 is an unknown value
RSI=0x0000000000000000 is an unknown value
RDI=0x000000002089ee78 is an unknown value
R8 =0x000000001c01e258 is pointing into the stack for thread: 0x0000000019b1f800
R9 =0x0000000000008000 is an unknown value
R10=0x0000000000000000 is an unknown value
R11=0x000000001c01e490 is pointing into the stack for thread: 0x0000000019b1f800
R12=0x0000000000000000 is an unknown value
R13={method} {0x00000000203bacd0} 'jniStopDevice' '()V' in 'KinectPV2/Device'
R14=0x0000000000000000 is an unknown value
R15=0x0000000019b1f800 is a thread


Stack: [0x000000001bf20000,0x000000001c020000],  sp=0x000000001c01e590,  free space=1017k
Native frames: (J=compiled Java code, j=interpreted, Vv=VM code, C=native code)
C  [KinectPV2.dll+0x4129]
C  [KinectPV2.dll+0x1fba]
C  0x0000000002ac5b74

Java frames: (J=compiled Java code, j=interpreted, Vv=VM code)
j  KinectPV2.Device.jniStopDevice()V+0
j  KinectPV2.Device.stopDevice()V+41
j  KinectPV2.KinectPV2.dispose()V+14
v  ~StubRoutines::call_stub
j  sun.reflect.NativeMethodAccessorImpl.invoke0(Ljava/lang/reflect/Method;Ljava/lang/Object;[Ljava/lang/Object;)Ljava/lang/Object;+0
j  sun.reflect.NativeMethodAccessorImpl.invoke(Ljava/lang/Object;[Ljava/lang/Object;)Ljava/lang/Object;+100
J 1649 C1 sun.reflect.DelegatingMethodAccessorImpl.invoke(Ljava/lang/Object;[Ljava/lang/Object;)Ljava/lang/Object; (10 bytes) @ 0x00000000030be104 [0x00000000030be000+0x104]
J 1648 C1 java.lang.reflect.Method.invoke(Ljava/lang/Object;[Ljava/lang/Object;)Ljava/lang/Object; (62 bytes) @ 0x00000000030bd724 [0x00000000030bd340+0x3e4]
J 1727 C1 processing.core.PApplet$RegisteredMethods.handle([Ljava/lang/Object;)V (83 bytes) @ 0x00000000030f3094 [0x00000000030f2ec0+0x1d4]
J 1756 C1 processing.core.PApplet$RegisteredMethods.handle()V (9 bytes) @ 0x0000000003111994 [0x0000000003111900+0x94]
j  processing.core.PApplet.handleMethods(Ljava/lang/String;)V+17
j  processing.core.PApplet.dispose()V+35
j  processing.core.PApplet.destroy()V+1
j  sun.applet.AppletPanel.run()V+562
j  java.lang.Thread.run()V+11
v  ~StubRoutines::call_stub

---------------  P R O C E S S  ---------------

Java Threads: ( => current thread )
  0x000000001eb8e000 JavaThread "Thread-354" [_thread_blocked, id=7876, stack(0x0000000021510000,0x0000000021610000)]
  0x000000001ebda800 JavaThread "Thread-7" [_thread_blocked, id=872, stack(0x00000000273a0000,0x00000000274a0000)]
  0x000000001ed60800 JavaThread "Java Sound Event Dispatcher" daemon [_thread_blocked, id=3480, stack(0x0000000026ca0000,0x0000000026da0000)]
  0x0000000019cb1000 JavaThread "Animation Thread-SharedResourceRunner" daemon [_thread_blocked, id=3800, stack(0x000000001df30000,0x000000001e030000)]
  0x0000000019b8d000 JavaThread "AWT-EventQueue-1" [_thread_blocked, id=4756, stack(0x000000001d730000,0x000000001d830000)]
  0x0000000002aae000 JavaThread "DestroyJavaVM" [_thread_blocked, id=6044, stack(0x00000000027f0000,0x00000000028f0000)]
  0x0000000019b60000 JavaThread "D3D Screen Updater" daemon [_thread_blocked, id=996, stack(0x000000001ce50000,0x000000001cf50000)]
  0x0000000019b3a800 JavaThread "AWT-EventQueue-0" [_thread_blocked, id=2924, stack(0x000000001c020000,0x000000001c120000)]
=>0x0000000019b1f800 JavaThread "thread applet-aviss.applet.AVISSApplet.class" [_thread_in_native, id=5892, stack(0x000000001bf20000,0x000000001c020000)]
  0x0000000019af9800 JavaThread "AWT-Windows" daemon [_thread_in_native, id=3996, stack(0x000000001a400000,0x000000001a500000)]
  0x0000000019af7000 JavaThread "AWT-Shutdown" [_thread_blocked, id=6660, stack(0x000000001a300000,0x000000001a400000)]
  0x0000000019252800 JavaThread "Java2D Disposer" daemon [_thread_blocked, id=2660, stack(0x000000001a200000,0x000000001a300000)]
  0x000000001766d000 JavaThread "Service Thread" daemon [_thread_blocked, id=6744, stack(0x0000000019270000,0x0000000019370000)]
  0x0000000017618800 JavaThread "C1 CompilerThread2" daemon [_thread_blocked, id=2464, stack(0x0000000018d70000,0x0000000018e70000)]
  0x0000000017617000 JavaThread "C2 CompilerThread1" daemon [_thread_blocked, id=5972, stack(0x0000000018c70000,0x0000000018d70000)]
  0x0000000017612800 JavaThread "C2 CompilerThread0" daemon [_thread_blocked, id=6796, stack(0x0000000018b70000,0x0000000018c70000)]
  0x000000001760b800 JavaThread "Attach Listener" daemon [_thread_blocked, id=5836, stack(0x0000000018a70000,0x0000000018b70000)]
  0x000000001760a800 JavaThread "Signal Dispatcher" daemon [_thread_blocked, id=4020, stack(0x0000000018970000,0x0000000018a70000)]
  0x0000000002a43800 JavaThread "Finalizer" daemon [_thread_blocked, id=3232, stack(0x0000000018870000,0x0000000018970000)]
  0x00000000175d7800 JavaThread "Reference Handler" daemon [_thread_blocked, id=5180, stack(0x0000000018770000,0x0000000018870000)]

Other Threads:
  0x00000000175d6000 VMThread [stack: 0x0000000018670000,0x0000000018770000] [id=3052]
  0x000000001766e800 WatcherThread [stack: 0x0000000019370000,0x0000000019470000] [id=5336]

VM state:not at safepoint (normal execution)

VM Mutex/Monitor currently owned by a thread: None

Heap:
 PSYoungGen      total 283136K, used 22314K [0x00000000d5d00000, 0x00000000f0900000, 0x0000000100000000)
  eden space 176128K, 7% used [0x00000000d5d00000,0x00000000d69cc578,0x00000000e0900000)
  from space 107008K, 8% used [0x00000000e0900000,0x00000000e11fe3c8,0x00000000e7180000)
  to   space 101376K, 0% used [0x00000000ea600000,0x00000000ea600000,0x00000000f0900000)
 ParOldGen       total 302592K, used 190324K [0x0000000081600000, 0x0000000093d80000, 0x00000000d5d00000)
  object space 302592K, 62% used [0x0000000081600000,0x000000008cfdd330,0x0000000093d80000)
 Metaspace       used 17999K, capacity 18199K, committed 18304K, reserved 1064960K
  class space    used 1804K, capacity 1881K, committed 1920K, reserved 1048576K

Card table byte_map: [0x0000000011e70000,0x0000000012270000] byte_map_base: 0x0000000011a65000

Marking Bits: (ParMarkBitMap*) 0x000000006e15d4f0
 Begin Bits: [0x0000000012920000, 0x00000000148c8000)
 End Bits:   [0x00000000148c8000, 0x0000000016870000)

Polling page: 0x0000000000ff0000

CodeCache: size=245760Kb used=6544Kb max_used=6544Kb free=239215Kb
 bounds [0x0000000002ab0000, 0x0000000003120000, 0x0000000011ab0000]
 total_blobs=2650 nmethods=1752 adapters=811
 compilation: enabled

Compilation events (10 events):
Event: 10.465 Thread 0x0000000017618800 1767       3       jogamp.common.util.locks.RecursiveLockImpl01Unfairish$SingleThreadSync::decrHoldCount (11 bytes)
Event: 10.465 Thread 0x0000000017618800 nmethod 1767 0x0000000003117c90 code [0x0000000003117de0, 0x0000000003117f30]
Event: 10.465 Thread 0x0000000017618800 1768       3       java.awt.event.InvocationEvent::<init> (52 bytes)
Event: 10.465 Thread 0x0000000017618800 nmethod 1768 0x0000000003117fd0 code [0x0000000003118140, 0x0000000003118388]
Event: 10.500 Thread 0x0000000017618800 1769       3       java.util.HashSet::remove (20 bytes)
Event: 10.501 Thread 0x0000000017618800 nmethod 1769 0x0000000003118450 code [0x00000000031185c0, 0x0000000003118848]
Event: 10.595 Thread 0x0000000017618800 1770       3       java.util.HashMap::<init> (11 bytes)
Event: 10.596 Thread 0x0000000017618800 nmethod 1770 0x0000000003118910 code [0x0000000003118a80, 0x0000000003118c90]
Event: 10.596 Thread 0x0000000017618800 1771       1       java.awt.EventDispatchThread$1::evaluate (2 bytes)
Event: 10.596 Thread 0x0000000017618800 nmethod 1771 0x0000000003118d50 code [0x0000000003118ea0, 0x0000000003118fb0]

GC Heap History (10 events):
Event: 3.422 GC heap before
{Heap before GC invocations=7 (full 1):
 PSYoungGen      total 71680K, used 71634K [0x00000000d5d00000, 0x00000000e3f00000, 0x0000000100000000)
  eden space 66560K, 100% used [0x00000000d5d00000,0x00000000d9e00000,0x00000000d9e00000)
  from space 5120K, 99% used [0x00000000d9e00000,0x00000000da2f4ac8,0x00000000da300000)
  to   space 49152K, 0% used [0x00000000e0f00000,0x00000000e0f00000,0x00000000e3f00000)
 ParOldGen       total 190464K, used 90100K [0x0000000081600000, 0x000000008d000000, 0x00000000d5d00000)
  object space 190464K, 47% used [0x0000000081600000,0x0000000086dfd0f0,0x000000008d000000)
 Metaspace       used 17555K, capacity 17681K, committed 17792K, reserved 1064960K
  class space    used 1796K, capacity 1844K, committed 1920K, reserved 1048576K
Event: 3.507 GC heap after
Heap after GC invocations=7 (full 1):
 PSYoungGen      total 159744K, used 49140K [0x00000000d5d00000, 0x00000000e5880000, 0x0000000100000000)
  eden space 110592K, 0% used [0x00000000d5d00000,0x00000000d5d00000,0x00000000dc900000)
  from space 49152K, 99% used [0x00000000e0f00000,0x00000000e3efd080,0x00000000e3f00000)
  to   space 71680K, 0% used [0x00000000dc900000,0x00000000dc900000,0x00000000e0f00000)
 ParOldGen       total 190464K, used 107732K [0x0000000081600000, 0x000000008d000000, 0x00000000d5d00000)
  object space 190464K, 56% used [0x0000000081600000,0x0000000087f350f0,0x000000008d000000)
 Metaspace       used 17555K, capacity 17681K, committed 17792K, reserved 1064960K
  class space    used 1796K, capacity 1844K, committed 1920K, reserved 1048576K
}
Event: 5.490 GC heap before
{Heap before GC invocations=8 (full 1):
 PSYoungGen      total 159744K, used 159732K [0x00000000d5d00000, 0x00000000e5880000, 0x0000000100000000)
  eden space 110592K, 100% used [0x00000000d5d00000,0x00000000dc900000,0x00000000dc900000)
  from space 49152K, 99% used [0x00000000e0f00000,0x00000000e3efd080,0x00000000e3f00000)
  to   space 71680K, 0% used [0x00000000dc900000,0x00000000dc900000,0x00000000e0f00000)
 ParOldGen       total 190464K, used 107732K [0x0000000081600000, 0x000000008d000000, 0x00000000d5d00000)
  object space 190464K, 56% used [0x0000000081600000,0x0000000087f350f0,0x000000008d000000)
 Metaspace       used 17858K, capacity 18053K, committed 18304K, reserved 1064960K
  class space    used 1801K, capacity 1878K, committed 1920K, reserved 1048576K
Event: 5.604 GC heap after
Heap after GC invocations=8 (full 1):
 PSYoungGen      total 182272K, used 71660K [0x00000000d5d00000, 0x00000000ed200000, 0x0000000100000000)
  eden space 110592K, 0% used [0x00000000d5d00000,0x00000000d5d00000,0x00000000dc900000)
  from space 71680K, 99% used [0x00000000dc900000,0x00000000e0efb070,0x00000000e0f00000)
  to   space 98816K, 0% used [0x00000000e7180000,0x00000000e7180000,0x00000000ed200000)
 ParOldGen       total 190464K, used 128179K [0x0000000081600000, 0x000000008d000000, 0x00000000d5d00000)
  object space 190464K, 67% used [0x0000000081600000,0x000000008932cf78,0x000000008d000000)
 Metaspace       used 17858K, capacity 18053K, committed 18304K, reserved 1064960K
  class space    used 1801K, capacity 1878K, committed 1920K, reserved 1048576K
}
Event: 7.523 GC heap before
{Heap before GC invocations=9 (full 1):
 PSYoungGen      total 182272K, used 182252K [0x00000000d5d00000, 0x00000000ed200000, 0x0000000100000000)
  eden space 110592K, 100% used [0x00000000d5d00000,0x00000000dc900000,0x00000000dc900000)
  from space 71680K, 99% used [0x00000000dc900000,0x00000000e0efb070,0x00000000e0f00000)
  to   space 98816K, 0% used [0x00000000e7180000,0x00000000e7180000,0x00000000ed200000)
 ParOldGen       total 190464K, used 128179K [0x0000000081600000, 0x000000008d000000, 0x00000000d5d00000)
  object space 190464K, 67% used [0x0000000081600000,0x000000008932cf78,0x000000008d000000)
 Metaspace       used 17911K, capacity 18065K, committed 18304K, reserved 1064960K
  class space    used 1802K, capacity 1880K, committed 1920K, reserved 1048576K
Event: 7.604 GC heap after
Heap after GC invocations=9 (full 1):
 PSYoungGen      total 274944K, used 71756K [0x00000000d5d00000, 0x00000000edc80000, 0x0000000100000000)
  eden space 176128K, 0% used [0x00000000d5d00000,0x00000000d5d00000,0x00000000e0900000)
  from space 98816K, 72% used [0x00000000e7180000,0x00000000eb793070,0x00000000ed200000)
  to   space 107008K, 0% used [0x00000000e0900000,0x00000000e0900000,0x00000000e7180000)
 ParOldGen       total 190464K, used 128211K [0x0000000081600000, 0x000000008d000000, 0x00000000d5d00000)
  object space 190464K, 67% used [0x0000000081600000,0x0000000089334f78,0x000000008d000000)
 Metaspace       used 17911K, capacity 18065K, committed 18304K, reserved 1064960K
  class space    used 1802K, capacity 1880K, committed 1920K, reserved 1048576K
}
Event: 9.475 GC heap before
{Heap before GC invocations=10 (full 1):
 PSYoungGen      total 274944K, used 247884K [0x00000000d5d00000, 0x00000000edc80000, 0x0000000100000000)
  eden space 176128K, 100% used [0x00000000d5d00000,0x00000000e0900000,0x00000000e0900000)
  from space 98816K, 72% used [0x00000000e7180000,0x00000000eb793070,0x00000000ed200000)
  to   space 107008K, 0% used [0x00000000e0900000,0x00000000e0900000,0x00000000e7180000)
 ParOldGen       total 190464K, used 128211K [0x0000000081600000, 0x000000008d000000, 0x00000000d5d00000)
  object space 190464K, 67% used [0x0000000081600000,0x0000000089334f78,0x000000008d000000)
 Metaspace       used 17993K, capacity 18199K, committed 18304K, reserved 1064960K
  class space    used 1803K, capacity 1881K, committed 1920K, reserved 1048576K
Event: 9.535 GC heap after
Heap after GC invocations=10 (full 1):
 PSYoungGen      total 283136K, used 44104K [0x00000000d5d00000, 0x00000000f0900000, 0x0000000100000000)
  eden space 176128K, 0% used [0x00000000d5d00000,0x00000000d5d00000,0x00000000e0900000)
  from space 107008K, 41% used [0x00000000e0900000,0x00000000e3412030,0x00000000e7180000)
  to   space 101376K, 0% used [0x00000000ea600000,0x00000000ea600000,0x00000000f0900000)
 ParOldGen       total 190464K, used 155895K [0x0000000081600000, 0x000000008d000000, 0x00000000d5d00000)
  object space 190464K, 81% used [0x0000000081600000,0x000000008ae3dfb8,0x000000008d000000)
 Metaspace       used 17993K, capacity 18199K, committed 18304K, reserved 1064960K
  class space    used 1803K, capacity 1881K, committed 1920K, reserved 1048576K
}
Event: 9.535 GC heap before
{Heap before GC invocations=11 (full 2):
 PSYoungGen      total 283136K, used 44104K [0x00000000d5d00000, 0x00000000f0900000, 0x0000000100000000)
  eden space 176128K, 0% used [0x00000000d5d00000,0x00000000d5d00000,0x00000000e0900000)
  from space 107008K, 41% used [0x00000000e0900000,0x00000000e3412030,0x00000000e7180000)
  to   space 101376K, 0% used [0x00000000ea600000,0x00000000ea600000,0x00000000f0900000)
 ParOldGen       total 190464K, used 155895K [0x0000000081600000, 0x000000008d000000, 0x00000000d5d00000)
  object space 190464K, 81% used [0x0000000081600000,0x000000008ae3dfb8,0x000000008d000000)
 Metaspace       used 17993K, capacity 18199K, committed 18304K, reserved 1064960K
  class space    used 1803K, capacity 1881K, committed 1920K, reserved 1048576K
Event: 10.450 GC heap after
Heap after GC invocations=11 (full 2):
 PSYoungGen      total 283136K, used 9208K [0x00000000d5d00000, 0x00000000f0900000, 0x0000000100000000)
  eden space 176128K, 0% used [0x00000000d5d00000,0x00000000d5d00000,0x00000000e0900000)
  from space 107008K, 8% used [0x00000000e0900000,0x00000000e11fe3c8,0x00000000e7180000)
  to   space 101376K, 0% used [0x00000000ea600000,0x00000000ea600000,0x00000000f0900000)
 ParOldGen       total 302592K, used 190324K [0x0000000081600000, 0x0000000093d80000, 0x00000000d5d00000)
  object space 302592K, 62% used [0x0000000081600000,0x000000008cfdd330,0x0000000093d80000)
 Metaspace       used 17993K, capacity 18199K, committed 18304K, reserved 1064960K
  class space    used 1803K, capacity 1881K, committed 1920K, reserved 1048576K
}

Deoptimization events (10 events):
Event: 2.245 Thread 0x0000000019b8d000 Uncommon trap: reason=unreached action=reinterpret pc=0x0000000002e75c08 method=com.jogamp.common.nio.Buffers.isDirect(Ljava/lang/Object;)Z @ 1
Event: 2.246 Thread 0x0000000019b8d000 Uncommon trap: reason=unreached action=reinterpret pc=0x0000000002e8134c method=com.jogamp.common.nio.Buffers.getDirectBufferByteOffset(Ljava/lang/Object;)I @ 1
Event: 2.317 Thread 0x0000000019b8d000 Uncommon trap: reason=unreached action=reinterpret pc=0x0000000002e78990 method=com.jogamp.common.util.IntIntHashMap.get(I)I @ 19
Event: 2.353 Thread 0x000000001ebd6800 Uncommon trap: reason=unreached action=reinterpret pc=0x0000000002e2dd30 method=java.lang.reflect.AccessibleObject.setAccessible0(Ljava/lang/reflect/AccessibleObject;Z)V @ 4
Event: 2.609 Thread 0x000000001ebd6800 Uncommon trap: reason=predicate action=maybe_recompile pc=0x0000000002ee3cdc method=sun.awt.image.PNGImageDecoder.produceImage()V @ 960
Event: 10.595 Thread 0x0000000019b1f800 Uncommon trap: reason=bimorphic action=maybe_recompile pc=0x0000000002e43d68 method=java.util.HashMap.putVal(ILjava/lang/Object;Ljava/lang/Object;ZZ)Ljava/lang/Object; @ 91
Event: 10.595 Thread 0x0000000019b1f800 Uncommon trap: reason=bimorphic action=maybe_recompile pc=0x0000000002e43d68 method=java.util.HashMap.putVal(ILjava/lang/Object;Ljava/lang/Object;ZZ)Ljava/lang/Object; @ 91
Event: 10.595 Thread 0x0000000019b1f800 Uncommon trap: reason=bimorphic action=maybe_recompile pc=0x0000000002e43d68 method=java.util.HashMap.putVal(ILjava/lang/Object;Ljava/lang/Object;ZZ)Ljava/lang/Object; @ 91
Event: 10.595 Thread 0x0000000019b1f800 Uncommon trap: reason=bimorphic action=maybe_recompile pc=0x0000000002e43d68 method=java.util.HashMap.putVal(ILjava/lang/Object;Ljava/lang/Object;ZZ)Ljava/lang/Object; @ 91
Event: 10.595 Thread 0x0000000019b1f800 Uncommon trap: reason=bimorphic action=maybe_recompile pc=0x0000000002e3f008 method=java.util.HashMap.putVal(ILjava/lang/Object;Ljava/lang/Object;ZZ)Ljava/lang/Object; @ 91

Internal exceptions (10 events):
Event: 2.838 Thread 0x0000000019b8d000 Exception <a 'java/security/PrivilegedActionException'> (0x00000000d86671d0) thrown at [C:\workspace\8-2-build-windows-amd64-cygwin\jdk8u31\2394\hotspot\src\share\vm\prims\jvm.cpp, line 1312]
Event: 2.839 Thread 0x0000000019b8d000 Exception <a 'java/security/PrivilegedActionException'> (0x00000000d86725c0) thrown at [C:\workspace\8-2-build-windows-amd64-cygwin\jdk8u31\2394\hotspot\src\share\vm\prims\jvm.cpp, line 1312]
Event: 2.840 Thread 0x0000000019b8d000 Exception <a 'java/security/PrivilegedActionException'> (0x00000000d8677208) thrown at [C:\workspace\8-2-build-windows-amd64-cygwin\jdk8u31\2394\hotspot\src\share\vm\prims\jvm.cpp, line 1312]
Event: 2.841 Thread 0x0000000019b8d000 Exception <a 'java/security/PrivilegedActionException'> (0x00000000d867c778) thrown at [C:\workspace\8-2-build-windows-amd64-cygwin\jdk8u31\2394\hotspot\src\share\vm\prims\jvm.cpp, line 1312]
Event: 2.903 Thread 0x0000000019b8d000 Exception <a 'java/security/PrivilegedActionException'> (0x00000000d86cec80) thrown at [C:\workspace\8-2-build-windows-amd64-cygwin\jdk8u31\2394\hotspot\src\share\vm\prims\jvm.cpp, line 1312]
Event: 4.000 Thread 0x0000000019b70000 Exception <a 'java/security/PrivilegedActionException'> (0x00000000d8361700) thrown at [C:\workspace\8-2-build-windows-amd64-cygwin\jdk8u31\2394\hotspot\src\share\vm\prims\jvm.cpp, line 1312]
Event: 4.014 Thread 0x0000000019b70000 Exception <a 'java/security/PrivilegedActionException'> (0x00000000d8365238) thrown at [C:\workspace\8-2-build-windows-amd64-cygwin\jdk8u31\2394\hotspot\src\share\vm\prims\jvm.cpp, line 1312]
Event: 4.023 Thread 0x0000000019b70000 Exception <a 'java/lang/reflect/InvocationTargetException'> (0x00000000d836e6d8) thrown at [C:\workspace\8-2-build-windows-amd64-cygwin\jdk8u31\2394\hotspot\src\share\vm\runtime\reflection.cpp, line 1080]
Event: 4.203 Thread 0x0000000019b8d000 Exception <a 'java/security/PrivilegedActionException'> (0x00000000d8fa4b20) thrown at [C:\workspace\8-2-build-windows-amd64-cygwin\jdk8u31\2394\hotspot\src\share\vm\prims\jvm.cpp, line 1312]
Event: 4.758 Thread 0x0000000019b8d000 Exception <a 'java/security/PrivilegedActionException'> (0x00000000d93e76a0) thrown at [C:\workspace\8-2-build-windows-amd64-cygwin\jdk8u31\2394\hotspot\src\share\vm\prims\jvm.cpp, line 1312]

Events (10 events):
Event: 10.595 Thread 0x0000000019b1f800 DEOPT UNPACKING pc=0x0000000002af556a sp=0x000000001c01ee18 mode 2
Event: 10.595 Thread 0x0000000019b1f800 Uncommon trap: trap_request=0xffffffc6 fr.pc=0x0000000002e43d68
Event: 10.595 Thread 0x0000000019b1f800 DEOPT PACKING pc=0x0000000002e43d68 sp=0x000000001c01ef00
Event: 10.595 Thread 0x0000000019b1f800 DEOPT UNPACKING pc=0x0000000002af556a sp=0x000000001c01ee18 mode 2
Event: 10.595 Thread 0x0000000019b1f800 Uncommon trap: trap_request=0xffffffc6 fr.pc=0x0000000002e43d68
Event: 10.595 Thread 0x0000000019b1f800 DEOPT PACKING pc=0x0000000002e43d68 sp=0x000000001c01ef00
Event: 10.595 Thread 0x0000000019b1f800 DEOPT UNPACKING pc=0x0000000002af556a sp=0x000000001c01ee18 mode 2
Event: 10.595 Thread 0x0000000019b1f800 Uncommon trap: trap_request=0xffffffc6 fr.pc=0x0000000002e3f008
Event: 10.595 Thread 0x0000000019b1f800 DEOPT PACKING pc=0x0000000002e3f008 sp=0x000000001c01ee80
Event: 10.595 Thread 0x0000000019b1f800 DEOPT UNPACKING pc=0x0000000002af556a sp=0x000000001c01ee18 mode 2


Dynamic libraries:
0x00007ff7861d0000 - 0x00007ff786204000 	C:\Program Files\Java\jre1.8.0_31\bin\javaw.exe
0x00007ffe08660000 - 0x00007ffe0880c000 	C:\WINDOWS\SYSTEM32\ntdll.dll
0x00007ffe08510000 - 0x00007ffe0864e000 	C:\WINDOWS\system32\KERNEL32.DLL
0x00007ffe058d0000 - 0x00007ffe059e5000 	C:\WINDOWS\system32\KERNELBASE.dll
0x00007ffe03e60000 - 0x00007ffe03eee000 	C:\WINDOWS\system32\apphelp.dll
0x00007ffdef420000 - 0x00007ffdef473000 	C:\WINDOWS\AppPatch\AppPatch64\AcGenral.DLL
0x00007ffe063e0000 - 0x00007ffe0648a000 	C:\WINDOWS\system32\msvcrt.dll
0x00007ffe05650000 - 0x00007ffe0567e000 	C:\WINDOWS\SYSTEM32\SspiCli.dll
0x00007ffe06380000 - 0x00007ffe063d4000 	C:\WINDOWS\system32\SHLWAPI.dll
0x00007ffe05ce0000 - 0x00007ffe05e57000 	C:\WINDOWS\system32\USER32.dll
0x00007ffe08220000 - 0x00007ffe083b4000 	C:\WINDOWS\system32\ole32.dll
0x00007ffe06880000 - 0x00007ffe07d98000 	C:\WINDOWS\system32\SHELL32.dll
0x00007ffe04dd0000 - 0x00007ffe04df1000 	C:\WINDOWS\SYSTEM32\USERENV.dll
0x00007ffe07f00000 - 0x00007ffe07faa000 	C:\WINDOWS\system32\ADVAPI32.dll
0x00007ffdfeaf0000 - 0x00007ffdfeb0e000 	C:\WINDOWS\SYSTEM32\MPR.dll
0x00007ffe083c0000 - 0x00007ffe08501000 	C:\WINDOWS\system32\RPCRT4.dll
0x00007ffe062b0000 - 0x00007ffe06309000 	C:\WINDOWS\SYSTEM32\sechost.dll
0x00007ffe06030000 - 0x00007ffe06241000 	C:\WINDOWS\SYSTEM32\combase.dll
0x00007ffe07da0000 - 0x00007ffe07ef1000 	C:\WINDOWS\system32\GDI32.dll
0x00007ffe057b0000 - 0x00007ffe057c5000 	C:\WINDOWS\SYSTEM32\profapi.dll
0x00007ffe01280000 - 0x00007ffe01332000 	C:\WINDOWS\SYSTEM32\SHCORE.dll
0x00007ffe081e0000 - 0x00007ffe08216000 	C:\WINDOWS\system32\IMM32.DLL
0x00007ffe07fb0000 - 0x00007ffe08101000 	C:\WINDOWS\system32\MSCTF.dll
0x00007ffe00c60000 - 0x00007ffe00edb000 	C:\WINDOWS\WinSxS\amd64_microsoft.windows.common-controls_6595b64144ccf1df_6.0.9600.17415_none_6240486fecbd8abb\COMCTL32.dll
0x000000006d800000 - 0x000000006d8d2000 	C:\Program Files\Java\jre1.8.0_31\bin\msvcr100.dll
0x000000006d980000 - 0x000000006e1da000 	C:\Program Files\Java\jre1.8.0_31\bin\server\jvm.dll
0x00007ffdf9af0000 - 0x00007ffdf9af9000 	C:\WINDOWS\SYSTEM32\WSOCK32.dll
0x00007ffe00820000 - 0x00007ffe00842000 	C:\WINDOWS\SYSTEM32\WINMM.dll
0x00007ffe08650000 - 0x00007ffe08657000 	C:\WINDOWS\system32\PSAPI.DLL
0x00007ffe06550000 - 0x00007ffe065aa000 	C:\WINDOWS\system32\WS2_32.dll
0x00007ffe007f0000 - 0x00007ffe0081a000 	C:\WINDOWS\SYSTEM32\WINMMBASE.dll
0x00007ffe081d0000 - 0x00007ffe081d9000 	C:\WINDOWS\system32\NSI.dll
0x00007ffe05880000 - 0x00007ffe058cf000 	C:\WINDOWS\SYSTEM32\cfgmgr32.dll
0x00007ffe045c0000 - 0x00007ffe045e8000 	C:\WINDOWS\SYSTEM32\DEVOBJ.dll
0x000000006d970000 - 0x000000006d97f000 	C:\Program Files\Java\jre1.8.0_31\bin\verify.dll
0x000000006d940000 - 0x000000006d968000 	C:\Program Files\Java\jre1.8.0_31\bin\java.dll
0x000000006d920000 - 0x000000006d936000 	C:\Program Files\Java\jre1.8.0_31\bin\zip.dll
0x000000006d660000 - 0x000000006d7f8000 	C:\Program Files\Java\jre1.8.0_31\bin\awt.dll
0x00007ffe065d0000 - 0x00007ffe06691000 	C:\WINDOWS\system32\OLEAUT32.dll
0x00007ffe01080000 - 0x00007ffe010a1000 	C:\WINDOWS\system32\DWMAPI.DLL
0x00007ffe04420000 - 0x00007ffe04549000 	C:\WINDOWS\system32\uxtheme.dll
0x00007ffdf0120000 - 0x00007ffdf01cb000 	C:\Program Files\Common Files\microsoft shared\ink\tiptsf.dll
0x00007ffe04610000 - 0x00007ffe0461b000 	C:\WINDOWS\SYSTEM32\kernel.appcore.dll
0x00007ffe056f0000 - 0x00007ffe056fb000 	C:\WINDOWS\SYSTEM32\CRYPTBASE.dll
0x00007ffe05680000 - 0x00007ffe056e3000 	C:\WINDOWS\SYSTEM32\bcryptPrimitives.dll
0x00007ffdf1d80000 - 0x00007ffdf1fa1000 	C:\WINDOWS\system32\d3d9.dll
0x00007ffdfef30000 - 0x00007ffdfef3a000 	C:\WINDOWS\SYSTEM32\VERSION.dll
0x00007ffdd8780000 - 0x00007ffdda061000 	C:\WINDOWS\SYSTEM32\igdumdim64.dll
0x00007ffe015f0000 - 0x00007ffe01a50000 	C:\WINDOWS\SYSTEM32\igdusc64.dll
0x000000006d610000 - 0x000000006d657000 	C:\Program Files\Java\jre1.8.0_31\bin\fontmanager.dll
0x000000006d900000 - 0x000000006d91a000 	C:\Program Files\Java\jre1.8.0_31\bin\net.dll
0x00007ffe05090000 - 0x00007ffe050e9000 	C:\WINDOWS\system32\mswsock.dll
0x000000006d8e0000 - 0x000000006d8f1000 	C:\Program Files\Java\jre1.8.0_31\bin\nio.dll
0x000000006d5c0000 - 0x000000006d601000 	C:\Program Files\Java\jre1.8.0_31\bin\t2k.dll
0x00007ffdf9170000 - 0x00007ffdf91da000 	C:\WINDOWS\SYSTEM32\oleacc.dll
0x00007ffe06490000 - 0x00007ffe06546000 	C:\WINDOWS\SYSTEM32\clbcatq.dll
0x00007ffe050f0000 - 0x00007ffe05110000 	C:\WINDOWS\SYSTEM32\CRYPTSP.dll
0x00007ffe04cc0000 - 0x00007ffe04cf6000 	C:\WINDOWS\system32\rsaenh.dll
0x00007ffe05340000 - 0x00007ffe05366000 	C:\WINDOWS\SYSTEM32\bcrypt.dll
0x00007ffe00780000 - 0x00007ffe007aa000 	C:\WINDOWS\SYSTEM32\IPHLPAPI.DLL
0x00007ffe00750000 - 0x00007ffe0075a000 	C:\WINDOWS\SYSTEM32\WINNSI.DLL
0x00007ffe005d0000 - 0x00007ffe005e6000 	C:\WINDOWS\SYSTEM32\dhcpcsvc6.DLL
0x00007ffe005b0000 - 0x00007ffe005ca000 	C:\WINDOWS\SYSTEM32\dhcpcsvc.DLL
0x00000000637c0000 - 0x00000000637cd000 	C:\Users\Ian\AppData\Local\Temp\jogamp_0000\file_cache\jln6019526181411786623\jln2808266957015434015\gluegen-rt.dll
0x000000006d5b0000 - 0x000000006d5b7000 	C:\Program Files\Java\jre1.8.0_31\bin\jawt.dll
0x000000006a440000 - 0x000000006a44d000 	C:\Users\Ian\AppData\Local\Temp\jogamp_0000\file_cache\jln6019526181411786623\jln2808266957015434015\nativewindow_awt.dll
0x000000006c100000 - 0x000000006c10f000 	C:\Users\Ian\AppData\Local\Temp\jogamp_0000\file_cache\jln6019526181411786623\jln2808266957015434015\nativewindow_win32.dll
0x00007ffdeba50000 - 0x00007ffdebb7b000 	C:\WINDOWS\SYSTEM32\OpenGL32.dll
0x00007ffdeba20000 - 0x00007ffdeba4e000 	C:\WINDOWS\SYSTEM32\GLU32.dll
0x00007ffdeb920000 - 0x00007ffdeba18000 	C:\WINDOWS\SYSTEM32\DDRAW.dll
0x00007ffdeb800000 - 0x00007ffdeb809000 	C:\WINDOWS\SYSTEM32\DCIMAN32.dll
0x0000000064500000 - 0x00000000645a0000 	C:\Users\Ian\AppData\Local\Temp\jogamp_0000\file_cache\jln6019526181411786623\jln2808266957015434015\jogl_desktop.dll
0x0000000180000000 - 0x00000001807de000 	C:\WINDOWS\SYSTEM32\ig75icd64.dll
0x00007ffe04e00000 - 0x00007ffe04e46000 	C:\WINDOWS\SYSTEM32\powrprof.dll
0x000000006d5a0000 - 0x000000006d5ac000 	C:\Program Files\Java\jre1.8.0_31\bin\jsound.dll
0x000000006d590000 - 0x000000006d59b000 	C:\Program Files\Java\jre1.8.0_31\bin\jsoundds.dll
0x00007ffde3c80000 - 0x00007ffde3d1d000 	C:\WINDOWS\SYSTEM32\DSOUND.dll
0x00007ffe00bc0000 - 0x00007ffe00c30000 	C:\WINDOWS\SYSTEM32\MMDevAPI.DLL
0x00007ffdf3bd0000 - 0x00007ffdf3c0e000 	C:\WINDOWS\SYSTEM32\wdmaud.drv
0x00007ffe00850000 - 0x00007ffe00858000 	C:\WINDOWS\SYSTEM32\ksuser.dll
0x00007ffe03c50000 - 0x00007ffe03c5c000 	C:\WINDOWS\SYSTEM32\AVRT.dll
0x00007ffdf8dd0000 - 0x00007ffdf8e4e000 	C:\WINDOWS\SYSTEM32\AUDIOSES.DLL
0x00007ffdfa530000 - 0x00007ffdfa53b000 	C:\WINDOWS\SYSTEM32\msacm32.drv
0x00007ffdf9bc0000 - 0x00007ffdf9bdc000 	C:\WINDOWS\SYSTEM32\MSACM32.dll
0x00007ffdf9bb0000 - 0x00007ffdf9bba000 	C:\WINDOWS\SYSTEM32\midimap.dll
0x00007ffde32b0000 - 0x00007ffde344c000 	C:\Users\Ian\workspace\AVISS\lib\Kinect20.Face.dll
0x00007ffdeede0000 - 0x00007ffdeee87000 	C:\WINDOWS\SYSTEM32\MSVCP110.dll
0x00007ffdf8fc0000 - 0x00007ffdf9094000 	C:\WINDOWS\SYSTEM32\MSVCR110.dll
0x00007ffdfa600000 - 0x00007ffdfa610000 	C:\Users\Ian\workspace\AVISS\lib\KinectPV2.dll
0x00007ffde31f0000 - 0x00007ffde32aa000 	C:\WINDOWS\SYSTEM32\Kinect20.dll
0x00007ffdeeee0000 - 0x00007ffdeefcb000 	C:\WINDOWS\SYSTEM32\MFPlat.DLL
0x00007ffdeedb0000 - 0x00007ffdeedd7000 	C:\WINDOWS\SYSTEM32\RTWorkQ.DLL
0x00007ffdefbc0000 - 0x00007ffdefd4a000 	C:\WINDOWS\SYSTEM32\dbghelp.dll

VM Arguments:
jvm_args: -Djava.library.path=C:\Users\Ian\workspace\AVISS\lib -Djava.security.policy=java.policy.applet -Dfile.encoding=Cp1252 
java_command: sun.applet.AppletViewer aviss.applet.AVISSApplet1428457636271.html
java_class_path (initial): C:\Users\Ian\workspace\AVISS\bin;C:\Users\Ian\workspace\AVISS\lib\commons-collections4-4.0.jar;C:\Users\Ian\workspace\AVISS\lib\core.jar;C:\Users\Ian\workspace\AVISS\lib\G4P.jar;C:\Users\Ian\workspace\AVISS\lib\gluegen-rt-natives-linux-amd64.jar;C:\Users\Ian\workspace\AVISS\lib\gluegen-rt-natives-linux-armv6hf.jar;C:\Users\Ian\workspace\AVISS\lib\gluegen-rt-natives-linux-i586.jar;C:\Users\Ian\workspace\AVISS\lib\gluegen-rt-natives-macosx-universal.jar;C:\Users\Ian\workspace\AVISS\lib\gluegen-rt-natives-windows-amd64.jar;C:\Users\Ian\workspace\AVISS\lib\gluegen-rt-natives-windows-i586.jar;C:\Users\Ian\workspace\AVISS\lib\gluegen-rt.jar;C:\Users\Ian\workspace\AVISS\lib\il_hemesh.jar;C:\Users\Ian\workspace\AVISS\lib\javolution-6.1.0.jar;C:\Users\Ian\workspace\AVISS\lib\jl1.0.jar;C:\Users\Ian\workspace\AVISS\lib\jogl-all-natives-linux-amd64.jar;C:\Users\Ian\workspace\AVISS\lib\jogl-all-natives-linux-armv6hf.jar;C:\Users\Ian\workspace\AVISS\lib\jogl-all-natives-linux-i586.jar;C:\Users\Ian\workspace\AVISS\lib\jogl-all-natives-macosx-universal.jar;C:\Users\Ian\workspace\AVISS\lib\jogl-all-natives-windows-amd64.jar;C:\Users\Ian\workspace\AVISS\lib\jogl-all-natives-windows-i586.jar;C:\Users\Ian\workspace\AVISS\lib\jogl-all.jar;C:\Users\Ian\workspace\AVISS\lib\jsminim.jar;C:\Users\Ian\workspace\AVISS\lib\jts.jar;C:\Users\Ian\workspace\AVISS\lib\KinectPV2.jar;C:\Users\Ian\workspace\AVISS\lib\log4j-1.2.17.jar;C:\Users\Ian\workspace\AVISS\lib\miglayout15-swing.jar;C:\Users\Ian\workspace\AVISS\lib\minim.jar;C:\Users\Ian\workspace\AVISS\lib\mp3spi1.9.4.jar;C:\Users\Ian\workspace\AVISS\lib\opal-1.0.1.jar;C:\Users\Ian\workspace\AVISS\lib\peasycam.jar;C:\Users\Ian\workspace\AVISS\lib\swt.jar;C:\Users\Ian\workspace\AVISS\lib\tritonus_aos.jar;C:\Users\Ian\workspace\AVISS\lib\tritonus_share.jar;C:\Users\Ian\workspace\AVISS\lib\trove-3.1a1.jar
Launcher Type: SUN_STANDARD

Environment Variables:
PATH=C:/Program Files/Java/jre1.8.0_31/bin/server;C:/Program Files/Java/jre1.8.0_31/bin;C:/Program Files/Java/jre1.8.0_31/lib/amd64;C:\MinGW\bin\;C:\Python34\;C:\Python34\Scripts;C:\ProgramData\Oracle\Java\javapath;c:\Program Files (x86)\Intel\iCLS Client\;c:\Program Files\Intel\iCLS Client\;C:\WINDOWS\system32;C:\WINDOWS;C:\WINDOWS\System32\Wbem;C:\WINDOWS\System32\WindowsPowerShell\v1.0\;C:\Program Files\Intel\Intel(R) Management Engine Components\DAL;C:\Program Files\Intel\Intel(R) Management Engine Components\IPT;C:\Program Files (x86)\Intel\Intel(R) Management Engine Components\DAL;C:\Program Files (x86)\Intel\Intel(R) Management Engine Components\IPT;C:\Program Files (x86)\Intel\OpenCL SDK\3.0\bin\x86;C:\Program Files (x86)\Intel\OpenCL SDK\3.0\bin\x64;C:\Program Files (x86)\Windows Live\Shared;C:\Program Files (x86)\QuickTime\QTSystem\;C:\Program Files (x86)\Windows Kits\8.1\Windows Performance Toolkit\;C:\Program Files\Microsoft SQL Server\110\Tools\Binn\;C:\Program Files (x86)\Microsoft SDKs\TypeScript\1.0\;C:\Program Fil;C:\MinGW\bin\;C:\Program Files (x86)\CMake\bin\;C:\Users\Ian\Documents\2014W2\CPSC_425\Canopy\User;C:\Users\Ian\Documents\2014W2\CPSC_425\Canopy\User\Scripts;C:\Program Files\Eclipse Luna\eclipse;
USERNAME=Ian
OS=Windows_NT
PROCESSOR_IDENTIFIER=Intel64 Family 6 Model 69 Stepping 1, GenuineIntel



---------------  S Y S T E M  ---------------

OS: Windows 8.1 , 64 bit Build 9600 

CPU:total 4 (2 cores per cpu, 2 threads per core) family 6 model 69 stepping 1, cmov, cx8, fxsr, mmx, sse, sse2, sse3, ssse3, sse4.1, sse4.2, popcnt, avx, avx2, aes, clmul, erms, lzcnt, ht, tsc, tscinvbit, bmi1, bmi2

Memory: 4k page, physical 8291748k(3344484k free), swap 11568548k(5540724k free)

vm_info: Java HotSpot(TM) 64-Bit Server VM (25.31-b07) for windows-amd64 JRE (1.8.0_31-b13), built on Dec 17 2014 21:00:28 by "java_re" with MS VC++ 10.0 (VS2010)

time: Tue Apr 07 18:47:27 2015
elapsed time: 10 seconds (0d 0h 0m 10s)

