#
# A fatal error has been detected by the Java Runtime Environment:
#
#  EXCEPTION_ACCESS_VIOLATION (0xc0000005) at pc=0x00007ffdfa614110, pid=7468, tid=2228
#
# JRE version: Java(TM) SE Runtime Environment (8.0_31-b13) (build 1.8.0_31-b13)
# Java VM: Java HotSpot(TM) 64-Bit Server VM (25.31-b07 mixed mode windows-amd64 compressed oops)
# Problematic frame:
# C  [KinectPV2.dll+0x4110]
#
# Failed to write core dump. Minidumps are not enabled by default on client versions of Windows
#
# If you would like to submit a bug report, please visit:
#   http://bugreport.java.com/bugreport/crash.jsp
# The crash happened outside the Java Virtual Machine in native code.
# See problematic frame for where to report the bug.
#

---------------  T H R E A D  ---------------

Current thread (0x0000000019523800):  JavaThread "thread applet-aviss.applet.AVISSApplet.class" [_thread_in_native, id=2228, stack(0x000000001b930000,0x000000001ba30000)]

siginfo: ExceptionCode=0xc0000005, reading address 0xffffffffffffffff

Registers:
RAX=0x0000000000000001, RBX=0x0000000025b0e040, RCX=0x800013004de5f193, RDX=0x0000000000000000
RSP=0x000000001ba2e2b0, RBP=0x0000000000000006, RSI=0x0000000000000000, RDI=0x000000002057cf18
R8 =0x000000001ba2df78, R9 =0x0000000000008000, R10=0x0000000000000000, R11=0x000000001ba2e1b0
R12=0x0000000000000000, R13=0x000000001ff5a4e8, R14=0x0000000000000000, R15=0x0000000019523800
RIP=0x00007ffdfa614110, EFLAGS=0x0000000000010286

Top of Stack: (sp=0x000000001ba2e2b0)
0x000000001ba2e2b0:   000000002057cee8 0000000020619358
0x000000001ba2e2c0:   000000002057cee8 0000000000000000
0x000000001ba2e2d0:   000000001ba2e3a0 00007ffdfa611fba
0x000000001ba2e2e0:   000000001ba2e3a0 000000001ba2e380
0x000000001ba2e2f0:   00000000195239e8 00000000195813f0
0x000000001ba2e300:   0000000002477a2d 0000000002485b74
0x000000001ba2e310:   000000001ff5a4e8 0000000000000002
0x000000001ba2e320:   0000000000000002 0000000019523800
0x000000001ba2e330:   000000001ba2e3f8 00000000024858a2
0x000000001ba2e340:   000000001ba2e340 000000001ff5a4e8
0x000000001ba2e350:   000000001ba2e3a0 000000001ff5b478
0x000000001ba2e360:   0000000000000000 000000001ff5a4e8
0x000000001ba2e370:   0000000000000000 000000001ba2e3a0
0x000000001ba2e380:   000000001ba2e3e8 0000000002477a2d
0x000000001ba2e390:   0000000000000000 000000000247f6b8
0x000000001ba2e3a0:   0000000086043b68 000000001ba2e3a8 

Instructions: (pc=0x00007ffdfa614110)
0x00007ffdfa6140f0:   89 77 d0 48 8b 0f 48 85 c9 74 09 48 8b 01 ff 50
0x00007ffdfa614100:   10 4c 89 37 48 8b 8f 90 00 00 00 48 85 c9 74 0d
0x00007ffdfa614110:   48 8b 01 ff 50 10 4c 89 b7 90 00 00 00 48 8b 4f
0x00007ffdfa614120:   30 48 85 c9 74 0a 48 8b 01 ff 50 10 4c 89 77 30 


Register to memory mapping:

RAX=0x0000000000000001 is an unknown value
RBX=0x0000000025b0e040 is an unknown value
RCX=0x800013004de5f193 is an unknown value
RDX=0x0000000000000000 is an unknown value
RSP=0x000000001ba2e2b0 is pointing into the stack for thread: 0x0000000019523800
RBP=0x0000000000000006 is an unknown value
RSI=0x0000000000000000 is an unknown value
RDI=0x000000002057cf18 is an unknown value
R8 =0x000000001ba2df78 is pointing into the stack for thread: 0x0000000019523800
R9 =0x0000000000008000 is an unknown value
R10=0x0000000000000000 is an unknown value
R11=0x000000001ba2e1b0 is pointing into the stack for thread: 0x0000000019523800
R12=0x0000000000000000 is an unknown value
R13={method} {0x000000001ff5a4f0} 'jniStopDevice' '()V' in 'KinectPV2/Device'
R14=0x0000000000000000 is an unknown value
R15=0x0000000019523800 is a thread


Stack: [0x000000001b930000,0x000000001ba30000],  sp=0x000000001ba2e2b0,  free space=1016k
Native frames: (J=compiled Java code, j=interpreted, Vv=VM code, C=native code)
C  [KinectPV2.dll+0x4110]
C  [KinectPV2.dll+0x1fba]
C  0x0000000002485b74

Java frames: (J=compiled Java code, j=interpreted, Vv=VM code)
j  KinectPV2.Device.jniStopDevice()V+0
j  KinectPV2.Device.stopDevice()V+41
j  KinectPV2.KinectPV2.dispose()V+14
v  ~StubRoutines::call_stub
j  sun.reflect.NativeMethodAccessorImpl.invoke0(Ljava/lang/reflect/Method;Ljava/lang/Object;[Ljava/lang/Object;)Ljava/lang/Object;+0
j  sun.reflect.NativeMethodAccessorImpl.invoke(Ljava/lang/Object;[Ljava/lang/Object;)Ljava/lang/Object;+100
J 1449 C1 sun.reflect.DelegatingMethodAccessorImpl.invoke(Ljava/lang/Object;[Ljava/lang/Object;)Ljava/lang/Object; (10 bytes) @ 0x00000000029dd444 [0x00000000029dd340+0x104]
J 1448 C1 java.lang.reflect.Method.invoke(Ljava/lang/Object;[Ljava/lang/Object;)Ljava/lang/Object; (62 bytes) @ 0x00000000029dce64 [0x00000000029dca80+0x3e4]
j  processing.core.PApplet$RegisteredMethods.handle([Ljava/lang/Object;)V+18
j  processing.core.PApplet$RegisteredMethods.handle()V+5
j  processing.core.PApplet.handleMethods(Ljava/lang/String;)V+17
j  processing.core.PApplet.dispose()V+35
j  processing.core.PApplet.destroy()V+1
j  sun.applet.AppletPanel.run()V+562
j  java.lang.Thread.run()V+11
v  ~StubRoutines::call_stub

---------------  P R O C E S S  ---------------

Java Threads: ( => current thread )
  0x000000001e3e9800 JavaThread "Thread-384" [_thread_blocked, id=2416, stack(0x00000000243c0000,0x00000000244c0000)]
  0x000000001e272000 JavaThread "Thread-7" [_thread_blocked, id=7476, stack(0x0000000024e70000,0x0000000024f70000)]
  0x000000001e275000 JavaThread "Java Sound Event Dispatcher" daemon [_thread_blocked, id=7900, stack(0x0000000024770000,0x0000000024870000)]
  0x0000000019c06000 JavaThread "Animation Thread-SharedResourceRunner" daemon [_thread_blocked, id=9648, stack(0x000000001d790000,0x000000001d890000)]
  0x0000000019597800 JavaThread "AWT-EventQueue-1" [_thread_blocked, id=7764, stack(0x000000001d190000,0x000000001d290000)]
  0x0000000019564800 JavaThread "D3D Screen Updater" daemon [_thread_blocked, id=6456, stack(0x000000001cb40000,0x000000001cc40000)]
  0x000000000236e000 JavaThread "DestroyJavaVM" [_thread_blocked, id=7740, stack(0x00000000021d0000,0x00000000022d0000)]
  0x0000000019536800 JavaThread "AWT-EventQueue-0" [_thread_blocked, id=10520, stack(0x000000001ba30000,0x000000001bb30000)]
=>0x0000000019523800 JavaThread "thread applet-aviss.applet.AVISSApplet.class" [_thread_in_native, id=2228, stack(0x000000001b930000,0x000000001ba30000)]
  0x0000000018d91800 JavaThread "AWT-Windows" daemon [_thread_in_native, id=8864, stack(0x0000000019e10000,0x0000000019f10000)]
  0x0000000018d8f800 JavaThread "AWT-Shutdown" [_thread_blocked, id=10628, stack(0x0000000019d10000,0x0000000019e10000)]
  0x0000000018d60800 JavaThread "Java2D Disposer" daemon [_thread_blocked, id=9952, stack(0x0000000019c10000,0x0000000019d10000)]
  0x0000000017029000 JavaThread "Service Thread" daemon [_thread_blocked, id=7760, stack(0x0000000018820000,0x0000000018920000)]
  0x000000001701c800 JavaThread "C1 CompilerThread2" daemon [_thread_blocked, id=12700, stack(0x0000000018720000,0x0000000018820000)]
  0x000000001701c000 JavaThread "C2 CompilerThread1" daemon [_thread_blocked, id=11432, stack(0x0000000018620000,0x0000000018720000)]
  0x0000000016fcd800 JavaThread "C2 CompilerThread0" daemon [_thread_blocked, id=11884, stack(0x0000000018520000,0x0000000018620000)]
  0x0000000016fcc800 JavaThread "Attach Listener" daemon [_thread_blocked, id=8084, stack(0x0000000018420000,0x0000000018520000)]
  0x0000000016fcb800 JavaThread "Signal Dispatcher" daemon [_thread_blocked, id=9152, stack(0x0000000018320000,0x0000000018420000)]
  0x0000000002464800 JavaThread "Finalizer" daemon [_thread_blocked, id=1784, stack(0x0000000018220000,0x0000000018320000)]
  0x000000000245b800 JavaThread "Reference Handler" daemon [_thread_blocked, id=12776, stack(0x0000000018120000,0x0000000018220000)]

Other Threads:
  0x0000000016f96000 VMThread [stack: 0x0000000018020000,0x0000000018120000] [id=9448]
  0x000000001702b000 WatcherThread [stack: 0x0000000018920000,0x0000000018a20000] [id=6708]

VM state:not at safepoint (normal execution)

VM Mutex/Monitor currently owned by a thread: None

Heap:
 PSYoungGen      total 246272K, used 32897K [0x00000000d5d00000, 0x00000000ebd00000, 0x0000000100000000)
  eden space 161280K, 5% used [0x00000000d5d00000,0x00000000d65786b8,0x00000000dfa80000)
  from space 84992K, 28% used [0x00000000dfa80000,0x00000000e1228000,0x00000000e4d80000)
  to   space 80384K, 0% used [0x00000000e6e80000,0x00000000e6e80000,0x00000000ebd00000)
 ParOldGen       total 276992K, used 168941K [0x0000000081600000, 0x0000000092480000, 0x00000000d5d00000)
  object space 276992K, 60% used [0x0000000081600000,0x000000008bafb618,0x0000000092480000)
 Metaspace       used 17717K, capacity 17929K, committed 18048K, reserved 1064960K
  class space    used 1802K, capacity 1880K, committed 1920K, reserved 1048576K

Card table byte_map: [0x0000000011830000,0x0000000011c30000] byte_map_base: 0x0000000011425000

Marking Bits: (ParMarkBitMap*) 0x000000006d09d4f0
 Begin Bits: [0x00000000122e0000, 0x0000000014288000)
 End Bits:   [0x0000000014288000, 0x0000000016230000)

Polling page: 0x00000000021b0000

CodeCache: size=245760Kb used=5623Kb max_used=5623Kb free=240136Kb
 bounds [0x0000000002470000, 0x0000000002a00000, 0x0000000011470000]
 total_blobs=2369 nmethods=1472 adapters=811
 compilation: enabled

Compilation events (10 events):
Event: 7.912 Thread 0x000000001701c800 1486       3       java.nio.DirectByteBuffer::get (16 bytes)
Event: 7.912 Thread 0x000000001701c800 nmethod 1486 0x00000000029f0450 code [0x00000000029f05c0, 0x00000000029f0830]
Event: 7.928 Thread 0x000000001701c800 1487       3       ddf.minim.MultiChannelBuffer::setChannel (17 bytes)
Event: 7.928 Thread 0x000000001701c800 nmethod 1487 0x00000000029f0950 code [0x00000000029f0ac0, 0x00000000029f0d08]
Event: 7.928 Thread 0x000000001701c800 1488       3       ddf.minim.MultiChannelBuffer::getChannel (7 bytes)
Event: 7.928 Thread 0x000000001701c800 nmethod 1488 0x00000000029f0e10 code [0x00000000029f0f60, 0x00000000029f10d0]
Event: 7.928 Thread 0x000000001701c800 1489  s    3       ddf.minim.MAudioBuffer::set (65 bytes)
Event: 7.929 Thread 0x000000001701c800 nmethod 1489 0x00000000029f11d0 code [0x00000000029f1400, 0x00000000029f21b8]
Event: 7.984 Thread 0x000000001701c800 1490       3       java.util.HashMap::<init> (11 bytes)
Event: 7.984 Thread 0x000000001701c800 nmethod 1490 0x00000000029f2790 code [0x00000000029f2900, 0x00000000029f2b10]

GC Heap History (10 events):
Event: 2.405 GC heap before
{Heap before GC invocations=7 (full 1):
 PSYoungGen      total 71680K, used 66560K [0x00000000d5d00000, 0x00000000e2c00000, 0x0000000100000000)
  eden space 66560K, 100% used [0x00000000d5d00000,0x00000000d9e00000,0x00000000d9e00000)
  from space 5120K, 0% used [0x00000000d9e00000,0x00000000d9e00000,0x00000000da300000)
  to   space 39424K, 0% used [0x00000000e0580000,0x00000000e0580000,0x00000000e2c00000)
 ParOldGen       total 168960K, used 80913K [0x0000000081600000, 0x000000008bb00000, 0x00000000d5d00000)
  object space 168960K, 47% used [0x0000000081600000,0x0000000086504748,0x000000008bb00000)
 Metaspace       used 17456K, capacity 17617K, committed 17792K, reserved 1064960K
  class space    used 1789K, capacity 1844K, committed 1920K, reserved 1048576K
Event: 2.463 GC heap after
Heap after GC invocations=7 (full 1):
 PSYoungGen      total 150016K, used 39392K [0x00000000d5d00000, 0x00000000e4b00000, 0x0000000100000000)
  eden space 110592K, 0% used [0x00000000d5d00000,0x00000000d5d00000,0x00000000dc900000)
  from space 39424K, 99% used [0x00000000e0580000,0x00000000e2bf8010,0x00000000e2c00000)
  to   space 61952K, 0% used [0x00000000dc900000,0x00000000dc900000,0x00000000e0580000)
 ParOldGen       total 168960K, used 103417K [0x0000000081600000, 0x000000008bb00000, 0x00000000d5d00000)
  object space 168960K, 61% used [0x0000000081600000,0x0000000087afe748,0x000000008bb00000)
 Metaspace       used 17456K, capacity 17617K, committed 17792K, reserved 1064960K
  class space    used 1789K, capacity 1844K, committed 1920K, reserved 1048576K
}
Event: 3.923 GC heap before
{Heap before GC invocations=8 (full 1):
 PSYoungGen      total 150016K, used 149984K [0x00000000d5d00000, 0x00000000e4b00000, 0x0000000100000000)
  eden space 110592K, 100% used [0x00000000d5d00000,0x00000000dc900000,0x00000000dc900000)
  from space 39424K, 99% used [0x00000000e0580000,0x00000000e2bf8010,0x00000000e2c00000)
  to   space 61952K, 0% used [0x00000000dc900000,0x00000000dc900000,0x00000000e0580000)
 ParOldGen       total 168960K, used 103417K [0x0000000081600000, 0x000000008bb00000, 0x00000000d5d00000)
  object space 168960K, 61% used [0x0000000081600000,0x0000000087afe748,0x000000008bb00000)
 Metaspace       used 17591K, capacity 17751K, committed 18048K, reserved 1064960K
  class space    used 1797K, capacity 1845K, committed 1920K, reserved 1048576K
Event: 4.074 GC heap after
Heap after GC invocations=8 (full 1):
 PSYoungGen      total 172544K, used 61920K [0x00000000d5d00000, 0x00000000ecc80000, 0x0000000100000000)
  eden space 110592K, 0% used [0x00000000d5d00000,0x00000000d5d00000,0x00000000dc900000)
  from space 61952K, 99% used [0x00000000dc900000,0x00000000e0578030,0x00000000e0580000)
  to   space 90112K, 0% used [0x00000000e7480000,0x00000000e7480000,0x00000000ecc80000)
 ParOldGen       total 168960K, used 131481K [0x0000000081600000, 0x000000008bb00000, 0x00000000d5d00000)
  object space 168960K, 77% used [0x0000000081600000,0x0000000089666748,0x000000008bb00000)
 Metaspace       used 17591K, capacity 17751K, committed 18048K, reserved 1064960K
  class space    used 1797K, capacity 1845K, committed 1920K, reserved 1048576K
}
Event: 4.074 GC heap before
{Heap before GC invocations=9 (full 2):
 PSYoungGen      total 172544K, used 61920K [0x00000000d5d00000, 0x00000000ecc80000, 0x0000000100000000)
  eden space 110592K, 0% used [0x00000000d5d00000,0x00000000d5d00000,0x00000000dc900000)
  from space 61952K, 99% used [0x00000000dc900000,0x00000000e0578030,0x00000000e0580000)
  to   space 90112K, 0% used [0x00000000e7480000,0x00000000e7480000,0x00000000ecc80000)
 ParOldGen       total 168960K, used 131481K [0x0000000081600000, 0x000000008bb00000, 0x00000000d5d00000)
  object space 168960K, 77% used [0x0000000081600000,0x0000000089666748,0x000000008bb00000)
 Metaspace       used 17591K, capacity 17751K, committed 18048K, reserved 1064960K
  class space    used 1797K, capacity 1845K, committed 1920K, reserved 1048576K
Event: 4.916 GC heap after
Heap after GC invocations=9 (full 2):
 PSYoungGen      total 172544K, used 23997K [0x00000000d5d00000, 0x00000000ecc80000, 0x0000000100000000)
  eden space 110592K, 0% used [0x00000000d5d00000,0x00000000d5d00000,0x00000000dc900000)
  from space 61952K, 38% used [0x00000000dc900000,0x00000000de06f790,0x00000000e0580000)
  to   space 90112K, 0% used [0x00000000e7480000,0x00000000e7480000,0x00000000ecc80000)
 ParOldGen       total 276992K, used 168925K [0x0000000081600000, 0x0000000092480000, 0x00000000d5d00000)
  object space 276992K, 60% used [0x0000000081600000,0x000000008baf7618,0x0000000092480000)
 Metaspace       used 17591K, capacity 17751K, committed 18048K, reserved 1064960K
  class space    used 1797K, capacity 1845K, committed 1920K, reserved 1048576K
}
Event: 6.060 GC heap before
{Heap before GC invocations=10 (full 2):
 PSYoungGen      total 172544K, used 134589K [0x00000000d5d00000, 0x00000000ecc80000, 0x0000000100000000)
  eden space 110592K, 100% used [0x00000000d5d00000,0x00000000dc900000,0x00000000dc900000)
  from space 61952K, 38% used [0x00000000dc900000,0x00000000de06f790,0x00000000e0580000)
  to   space 90112K, 0% used [0x00000000e7480000,0x00000000e7480000,0x00000000ecc80000)
 ParOldGen       total 276992K, used 168925K [0x0000000081600000, 0x0000000092480000, 0x00000000d5d00000)
  object space 276992K, 60% used [0x0000000081600000,0x000000008baf7618,0x0000000092480000)
 Metaspace       used 17638K, capacity 17769K, committed 18048K, reserved 1064960K
  class space    used 1801K, capacity 1848K, committed 1920K, reserved 1048576K
Event: 6.123 GC heap after
Heap after GC invocations=10 (full 2):
 PSYoungGen      total 206336K, used 24192K [0x00000000d5d00000, 0x00000000ea080000, 0x0000000100000000)
  eden space 161280K, 0% used [0x00000000d5d00000,0x00000000d5d00000,0x00000000dfa80000)
  from space 45056K, 53% used [0x00000000e7480000,0x00000000e8c20000,0x00000000ea080000)
  to   space 84992K, 0% used [0x00000000dfa80000,0x00000000dfa80000,0x00000000e4d80000)
 ParOldGen       total 276992K, used 168933K [0x0000000081600000, 0x0000000092480000, 0x00000000d5d00000)
  object space 276992K, 60% used [0x0000000081600000,0x000000008baf9618,0x0000000092480000)
 Metaspace       used 17638K, capacity 17769K, committed 18048K, reserved 1064960K
  class space    used 1801K, capacity 1848K, committed 1920K, reserved 1048576K
}
Event: 7.868 GC heap before
{Heap before GC invocations=11 (full 2):
 PSYoungGen      total 206336K, used 185472K [0x00000000d5d00000, 0x00000000ea080000, 0x0000000100000000)
  eden space 161280K, 100% used [0x00000000d5d00000,0x00000000dfa80000,0x00000000dfa80000)
  from space 45056K, 53% used [0x00000000e7480000,0x00000000e8c20000,0x00000000ea080000)
  to   space 84992K, 0% used [0x00000000dfa80000,0x00000000dfa80000,0x00000000e4d80000)
 ParOldGen       total 276992K, used 168933K [0x0000000081600000, 0x0000000092480000, 0x00000000d5d00000)
  object space 276992K, 60% used [0x0000000081600000,0x000000008baf9618,0x0000000092480000)
 Metaspace       used 17714K, capacity 17929K, committed 18048K, reserved 1064960K
  class space    used 1802K, capacity 1880K, committed 1920K, reserved 1048576K
Event: 7.900 GC heap after
Heap after GC invocations=11 (full 2):
 PSYoungGen      total 246272K, used 24224K [0x00000000d5d00000, 0x00000000ebd00000, 0x0000000100000000)
  eden space 161280K, 0% used [0x00000000d5d00000,0x00000000d5d00000,0x00000000dfa80000)
  from space 84992K, 28% used [0x00000000dfa80000,0x00000000e1228000,0x00000000e4d80000)
  to   space 80384K, 0% used [0x00000000e6e80000,0x00000000e6e80000,0x00000000ebd00000)
 ParOldGen       total 276992K, used 168941K [0x0000000081600000, 0x0000000092480000, 0x00000000d5d00000)
  object space 276992K, 60% used [0x0000000081600000,0x000000008bafb618,0x0000000092480000)
 Metaspace       used 17714K, capacity 17929K, committed 18048K, reserved 1064960K
  class space    used 1802K, capacity 1880K, committed 1920K, reserved 1048576K
}

Deoptimization events (10 events):
Event: 2.587 Thread 0x0000000019597800 Uncommon trap: reason=class_check action=maybe_recompile pc=0x0000000002832584 method=com.jogamp.common.nio.Buffers.getDirectBufferByteOffset(Ljava/lang/Object;)I @ 7
Event: 2.707 Thread 0x0000000019574000 Uncommon trap: reason=class_check action=maybe_recompile pc=0x00000000028327c0 method=com.jogamp.common.nio.Buffers.isDirect(Ljava/lang/Object;)Z @ 13
Event: 2.707 Thread 0x0000000019574000 Uncommon trap: reason=class_check action=maybe_recompile pc=0x0000000002832584 method=com.jogamp.common.nio.Buffers.getDirectBufferByteOffset(Ljava/lang/Object;)I @ 7
Event: 3.191 Thread 0x0000000019597800 Uncommon trap: reason=class_check action=maybe_recompile pc=0x000000000290b394 method=com.jogamp.common.nio.Buffers.getDirectBufferByteOffset(Ljava/lang/Object;)I @ 42
Event: 3.321 Thread 0x0000000019597800 Uncommon trap: reason=class_check action=maybe_recompile pc=0x000000000290b394 method=com.jogamp.common.nio.Buffers.getDirectBufferByteOffset(Ljava/lang/Object;)I @ 42
Event: 7.983 Thread 0x0000000019523800 Uncommon trap: reason=bimorphic action=maybe_recompile pc=0x000000000280ae14 method=java.util.HashMap.putVal(ILjava/lang/Object;Ljava/lang/Object;ZZ)Ljava/lang/Object; @ 91
Event: 7.984 Thread 0x0000000019523800 Uncommon trap: reason=bimorphic action=maybe_recompile pc=0x000000000280ae14 method=java.util.HashMap.putVal(ILjava/lang/Object;Ljava/lang/Object;ZZ)Ljava/lang/Object; @ 91
Event: 7.984 Thread 0x0000000019523800 Uncommon trap: reason=bimorphic action=maybe_recompile pc=0x000000000280ae14 method=java.util.HashMap.putVal(ILjava/lang/Object;Ljava/lang/Object;ZZ)Ljava/lang/Object; @ 91
Event: 7.984 Thread 0x0000000019523800 Uncommon trap: reason=bimorphic action=maybe_recompile pc=0x000000000280ae14 method=java.util.HashMap.putVal(ILjava/lang/Object;Ljava/lang/Object;ZZ)Ljava/lang/Object; @ 91
Event: 7.984 Thread 0x0000000019523800 Uncommon trap: reason=bimorphic action=maybe_recompile pc=0x00000000027f03c4 method=java.util.HashMap.putVal(ILjava/lang/Object;Ljava/lang/Object;ZZ)Ljava/lang/Object; @ 91

Internal exceptions (10 events):
Event: 2.004 Thread 0x0000000019597800 Exception <a 'java/security/PrivilegedActionException'> (0x00000000d67fb578) thrown at [C:\workspace\8-2-build-windows-amd64-cygwin\jdk8u31\2394\hotspot\src\share\vm\prims\jvm.cpp, line 1312]
Event: 2.005 Thread 0x0000000019597800 Exception <a 'java/security/PrivilegedActionException'> (0x00000000d68001c0) thrown at [C:\workspace\8-2-build-windows-amd64-cygwin\jdk8u31\2394\hotspot\src\share\vm\prims\jvm.cpp, line 1312]
Event: 2.006 Thread 0x0000000019597800 Exception <a 'java/security/PrivilegedActionException'> (0x00000000d6805730) thrown at [C:\workspace\8-2-build-windows-amd64-cygwin\jdk8u31\2394\hotspot\src\share\vm\prims\jvm.cpp, line 1312]
Event: 2.083 Thread 0x0000000019597800 Exception <a 'java/security/PrivilegedActionException'> (0x00000000d92f1df8) thrown at [C:\workspace\8-2-build-windows-amd64-cygwin\jdk8u31\2394\hotspot\src\share\vm\prims\jvm.cpp, line 1312]
Event: 2.668 Thread 0x0000000019574000 Exception <a 'java/security/PrivilegedActionException'> (0x00000000d8ebf8c0) thrown at [C:\workspace\8-2-build-windows-amd64-cygwin\jdk8u31\2394\hotspot\src\share\vm\prims\jvm.cpp, line 1312]
Event: 2.700 Thread 0x0000000019574000 Exception <a 'java/security/PrivilegedActionException'> (0x00000000d8ec33f8) thrown at [C:\workspace\8-2-build-windows-amd64-cygwin\jdk8u31\2394\hotspot\src\share\vm\prims\jvm.cpp, line 1312]
Event: 2.708 Thread 0x0000000019574000 Exception <a 'java/lang/reflect/InvocationTargetException'> (0x00000000d8ecb210) thrown at [C:\workspace\8-2-build-windows-amd64-cygwin\jdk8u31\2394\hotspot\src\share\vm\runtime\reflection.cpp, line 1080]
Event: 2.846 Thread 0x0000000019597800 Exception <a 'java/security/PrivilegedActionException'> (0x00000000d8883db0) thrown at [C:\workspace\8-2-build-windows-amd64-cygwin\jdk8u31\2394\hotspot\src\share\vm\prims\jvm.cpp, line 1312]
Event: 2.942 Thread 0x0000000019597800 Exception <a 'java/security/PrivilegedActionException'> (0x00000000d9dfadc8) thrown at [C:\workspace\8-2-build-windows-amd64-cygwin\jdk8u31\2394\hotspot\src\share\vm\prims\jvm.cpp, line 1312]
Event: 3.191 Thread 0x0000000019597800 Exception <a 'java/security/PrivilegedActionException'> (0x00000000da28df00) thrown at [C:\workspace\8-2-build-windows-amd64-cygwin\jdk8u31\2394\hotspot\src\share\vm\prims\jvm.cpp, line 1312]

Events (10 events):
Event: 7.984 Thread 0x0000000019523800 Uncommon trap: trap_request=0xffffffc6 fr.pc=0x000000000280ae14
Event: 7.984 Thread 0x0000000019523800 DEOPT PACKING pc=0x000000000280ae14 sp=0x000000001ba2ec20
Event: 7.984 Thread 0x0000000019523800 DEOPT UNPACKING pc=0x00000000024b556a sp=0x000000001ba2eb38 mode 2
Event: 7.984 Thread 0x0000000019523800 Uncommon trap: trap_request=0xffffffc6 fr.pc=0x000000000280ae14
Event: 7.984 Thread 0x0000000019523800 DEOPT PACKING pc=0x000000000280ae14 sp=0x000000001ba2ec20
Event: 7.984 Thread 0x0000000019523800 DEOPT UNPACKING pc=0x00000000024b556a sp=0x000000001ba2eb38 mode 2
Event: 7.984 Thread 0x0000000019523800 Uncommon trap: trap_request=0xffffffc6 fr.pc=0x00000000027f03c4
Event: 7.984 Thread 0x0000000019523800 DEOPT PACKING pc=0x00000000027f03c4 sp=0x000000001ba2eba0
Event: 7.984 Thread 0x0000000019523800 DEOPT UNPACKING pc=0x00000000024b556a sp=0x000000001ba2eb38 mode 2
Event: 7.985 Thread 0x000000001e3ea800 Thread exited: 0x000000001e3ea800


Dynamic libraries:
0x00007ff6f0be0000 - 0x00007ff6f0c14000 	C:\Program Files\Java\jre1.8.0_31\bin\javaw.exe
0x00007ffe08660000 - 0x00007ffe0880c000 	C:\WINDOWS\SYSTEM32\ntdll.dll
0x00007ffe08510000 - 0x00007ffe0864e000 	C:\WINDOWS\system32\KERNEL32.DLL
0x00007ffe058d0000 - 0x00007ffe059e5000 	C:\WINDOWS\system32\KERNELBASE.dll
0x00007ffe03e60000 - 0x00007ffe03eee000 	C:\WINDOWS\system32\apphelp.dll
0x00007ffdf48d0000 - 0x00007ffdf4923000 	C:\WINDOWS\AppPatch\AppPatch64\AcGenral.DLL
0x00007ffe063e0000 - 0x00007ffe0648a000 	C:\WINDOWS\system32\msvcrt.dll
0x00007ffe05650000 - 0x00007ffe0567e000 	C:\WINDOWS\SYSTEM32\SspiCli.dll
0x00007ffe06380000 - 0x00007ffe063d4000 	C:\WINDOWS\system32\SHLWAPI.dll
0x00007ffe05ce0000 - 0x00007ffe05e57000 	C:\WINDOWS\system32\USER32.dll
0x00007ffe08220000 - 0x00007ffe083b4000 	C:\WINDOWS\system32\ole32.dll
0x00007ffe06880000 - 0x00007ffe07d98000 	C:\WINDOWS\system32\SHELL32.dll
0x00007ffe04dd0000 - 0x00007ffe04df1000 	C:\WINDOWS\SYSTEM32\USERENV.dll
0x00007ffe07f00000 - 0x00007ffe07faa000 	C:\WINDOWS\system32\ADVAPI32.dll
0x00007ffdfeaf0000 - 0x00007ffdfeb0e000 	C:\WINDOWS\SYSTEM32\MPR.dll
0x00007ffe083c0000 - 0x00007ffe08501000 	C:\WINDOWS\system32\RPCRT4.dll
0x00007ffe062b0000 - 0x00007ffe06309000 	C:\WINDOWS\SYSTEM32\sechost.dll
0x00007ffe06030000 - 0x00007ffe06241000 	C:\WINDOWS\SYSTEM32\combase.dll
0x00007ffe07da0000 - 0x00007ffe07ef1000 	C:\WINDOWS\system32\GDI32.dll
0x00007ffe057b0000 - 0x00007ffe057c5000 	C:\WINDOWS\SYSTEM32\profapi.dll
0x00007ffe01280000 - 0x00007ffe01332000 	C:\WINDOWS\SYSTEM32\SHCORE.dll
0x00007ffe081e0000 - 0x00007ffe08216000 	C:\WINDOWS\system32\IMM32.DLL
0x00007ffe07fb0000 - 0x00007ffe08101000 	C:\WINDOWS\system32\MSCTF.dll
0x00007ffe00c60000 - 0x00007ffe00edb000 	C:\WINDOWS\WinSxS\amd64_microsoft.windows.common-controls_6595b64144ccf1df_6.0.9600.17415_none_6240486fecbd8abb\COMCTL32.dll
0x000000006e100000 - 0x000000006e1d2000 	C:\Program Files\Java\jre1.8.0_31\bin\msvcr100.dll
0x000000006c8c0000 - 0x000000006d11a000 	C:\Program Files\Java\jre1.8.0_31\bin\server\jvm.dll
0x00007ffdf9af0000 - 0x00007ffdf9af9000 	C:\WINDOWS\SYSTEM32\WSOCK32.dll
0x00007ffe00820000 - 0x00007ffe00842000 	C:\WINDOWS\SYSTEM32\WINMM.dll
0x00007ffe08650000 - 0x00007ffe08657000 	C:\WINDOWS\system32\PSAPI.DLL
0x00007ffe06550000 - 0x00007ffe065aa000 	C:\WINDOWS\system32\WS2_32.dll
0x00007ffe007f0000 - 0x00007ffe0081a000 	C:\WINDOWS\SYSTEM32\WINMMBASE.dll
0x00007ffe081d0000 - 0x00007ffe081d9000 	C:\WINDOWS\system32\NSI.dll
0x00007ffe05880000 - 0x00007ffe058cf000 	C:\WINDOWS\SYSTEM32\cfgmgr32.dll
0x00007ffe045c0000 - 0x00007ffe045e8000 	C:\WINDOWS\SYSTEM32\DEVOBJ.dll
0x000000006c8b0000 - 0x000000006c8bf000 	C:\Program Files\Java\jre1.8.0_31\bin\verify.dll
0x000000006c880000 - 0x000000006c8a8000 	C:\Program Files\Java\jre1.8.0_31\bin\java.dll
0x000000006c860000 - 0x000000006c876000 	C:\Program Files\Java\jre1.8.0_31\bin\zip.dll
0x000000006df60000 - 0x000000006e0f8000 	C:\Program Files\Java\jre1.8.0_31\bin\awt.dll
0x00007ffe065d0000 - 0x00007ffe06691000 	C:\WINDOWS\system32\OLEAUT32.dll
0x00007ffe01080000 - 0x00007ffe010a1000 	C:\WINDOWS\system32\DWMAPI.DLL
0x00007ffe04420000 - 0x00007ffe04549000 	C:\WINDOWS\system32\uxtheme.dll
0x00007ffdf0120000 - 0x00007ffdf01cb000 	C:\Program Files\Common Files\microsoft shared\ink\tiptsf.dll
0x00007ffe04610000 - 0x00007ffe0461b000 	C:\WINDOWS\SYSTEM32\kernel.appcore.dll
0x00007ffe056f0000 - 0x00007ffe056fb000 	C:\WINDOWS\SYSTEM32\CRYPTBASE.dll
0x00007ffe05680000 - 0x00007ffe056e3000 	C:\WINDOWS\SYSTEM32\bcryptPrimitives.dll
0x00007ffdf1d80000 - 0x00007ffdf1fa1000 	C:\WINDOWS\system32\d3d9.dll
0x00007ffdfef30000 - 0x00007ffdfef3a000 	C:\WINDOWS\SYSTEM32\VERSION.dll
0x00007ffdd6220000 - 0x00007ffdd7b01000 	C:\WINDOWS\SYSTEM32\igdumdim64.dll
0x00007ffe015f0000 - 0x00007ffe01a50000 	C:\WINDOWS\SYSTEM32\igdusc64.dll
0x000000006df10000 - 0x000000006df57000 	C:\Program Files\Java\jre1.8.0_31\bin\fontmanager.dll
0x000000006c840000 - 0x000000006c85a000 	C:\Program Files\Java\jre1.8.0_31\bin\net.dll
0x00007ffe05090000 - 0x00007ffe050e9000 	C:\WINDOWS\system32\mswsock.dll
0x000000006c820000 - 0x000000006c831000 	C:\Program Files\Java\jre1.8.0_31\bin\nio.dll
0x000000006dec0000 - 0x000000006df01000 	C:\Program Files\Java\jre1.8.0_31\bin\t2k.dll
0x00007ffdf9170000 - 0x00007ffdf91da000 	C:\WINDOWS\SYSTEM32\oleacc.dll
0x00007ffe06490000 - 0x00007ffe06546000 	C:\WINDOWS\SYSTEM32\clbcatq.dll
0x00007ffe050f0000 - 0x00007ffe05110000 	C:\WINDOWS\SYSTEM32\CRYPTSP.dll
0x00007ffe04cc0000 - 0x00007ffe04cf6000 	C:\WINDOWS\system32\rsaenh.dll
0x00007ffe05340000 - 0x00007ffe05366000 	C:\WINDOWS\SYSTEM32\bcrypt.dll
0x00007ffe00780000 - 0x00007ffe007aa000 	C:\WINDOWS\SYSTEM32\IPHLPAPI.DLL
0x00007ffe00750000 - 0x00007ffe0075a000 	C:\WINDOWS\SYSTEM32\WINNSI.DLL
0x00007ffe005d0000 - 0x00007ffe005e6000 	C:\WINDOWS\SYSTEM32\dhcpcsvc6.DLL
0x00007ffe005b0000 - 0x00007ffe005ca000 	C:\WINDOWS\SYSTEM32\dhcpcsvc.DLL
0x00000000637c0000 - 0x00000000637cd000 	C:\Users\Ian\AppData\Local\Temp\jogamp_0000\file_cache\jln2124779081738842281\jln2884857803193307796\gluegen-rt.dll
0x000000006deb0000 - 0x000000006deb7000 	C:\Program Files\Java\jre1.8.0_31\bin\jawt.dll
0x000000006a440000 - 0x000000006a44d000 	C:\Users\Ian\AppData\Local\Temp\jogamp_0000\file_cache\jln2124779081738842281\jln2884857803193307796\nativewindow_awt.dll
0x000000006c100000 - 0x000000006c10f000 	C:\Users\Ian\AppData\Local\Temp\jogamp_0000\file_cache\jln2124779081738842281\jln2884857803193307796\nativewindow_win32.dll
0x00007ffdeba50000 - 0x00007ffdebb7b000 	C:\WINDOWS\SYSTEM32\OpenGL32.dll
0x00007ffdeba20000 - 0x00007ffdeba4e000 	C:\WINDOWS\SYSTEM32\GLU32.dll
0x00007ffdeb920000 - 0x00007ffdeba18000 	C:\WINDOWS\SYSTEM32\DDRAW.dll
0x00007ffdeb800000 - 0x00007ffdeb809000 	C:\WINDOWS\SYSTEM32\DCIMAN32.dll
0x0000000064500000 - 0x00000000645a0000 	C:\Users\Ian\AppData\Local\Temp\jogamp_0000\file_cache\jln2124779081738842281\jln2884857803193307796\jogl_desktop.dll
0x0000000180000000 - 0x00000001807de000 	C:\WINDOWS\SYSTEM32\ig75icd64.dll
0x00007ffe04e00000 - 0x00007ffe04e46000 	C:\WINDOWS\SYSTEM32\powrprof.dll
0x000000006dea0000 - 0x000000006deac000 	C:\Program Files\Java\jre1.8.0_31\bin\jsound.dll
0x000000006de90000 - 0x000000006de9b000 	C:\Program Files\Java\jre1.8.0_31\bin\jsoundds.dll
0x00007ffde3c80000 - 0x00007ffde3d1d000 	C:\WINDOWS\SYSTEM32\DSOUND.dll
0x00007ffe00bc0000 - 0x00007ffe00c30000 	C:\WINDOWS\SYSTEM32\MMDevAPI.DLL
0x00007ffdf3bd0000 - 0x00007ffdf3c0e000 	C:\WINDOWS\SYSTEM32\wdmaud.drv
0x00007ffe00850000 - 0x00007ffe00858000 	C:\WINDOWS\SYSTEM32\ksuser.dll
0x00007ffe03c50000 - 0x00007ffe03c5c000 	C:\WINDOWS\SYSTEM32\AVRT.dll
0x00007ffdf8dd0000 - 0x00007ffdf8e4e000 	C:\WINDOWS\SYSTEM32\AUDIOSES.DLL
0x00007ffdfa530000 - 0x00007ffdfa53b000 	C:\WINDOWS\SYSTEM32\msacm32.drv
0x00007ffdf9bc0000 - 0x00007ffdf9bdc000 	C:\WINDOWS\SYSTEM32\MSACM32.dll
0x00007ffdf9bb0000 - 0x00007ffdf9bba000 	C:\WINDOWS\SYSTEM32\midimap.dll
0x00007ffde2a40000 - 0x00007ffde2bdc000 	C:\Users\Ian\workspace\AVISS\lib\Kinect20.Face.dll
0x00007ffdeede0000 - 0x00007ffdeee87000 	C:\WINDOWS\SYSTEM32\MSVCP110.dll
0x00007ffdf8fc0000 - 0x00007ffdf9094000 	C:\WINDOWS\SYSTEM32\MSVCR110.dll
0x00007ffdfa610000 - 0x00007ffdfa620000 	C:\Users\Ian\workspace\AVISS\lib\KinectPV2.dll
0x00007ffdf4780000 - 0x00007ffdf483a000 	C:\WINDOWS\SYSTEM32\Kinect20.dll
0x00007ffdeeee0000 - 0x00007ffdeefcb000 	C:\WINDOWS\SYSTEM32\MFPlat.DLL
0x00007ffdeedb0000 - 0x00007ffdeedd7000 	C:\WINDOWS\SYSTEM32\RTWorkQ.DLL
0x00007ffdefbc0000 - 0x00007ffdefd4a000 	C:\WINDOWS\SYSTEM32\dbghelp.dll

VM Arguments:
jvm_args: -Djava.library.path=C:\Users\Ian\workspace\AVISS\lib -Djava.security.policy=java.policy.applet -Dfile.encoding=Cp1252 
java_command: sun.applet.AppletViewer aviss.applet.AVISSApplet1428538114828.html
java_class_path (initial): C:\Users\Ian\workspace\AVISS\bin;C:\Users\Ian\workspace\AVISS\lib\commons-collections4-4.0.jar;C:\Users\Ian\workspace\AVISS\lib\core.jar;C:\Users\Ian\workspace\AVISS\lib\G4P.jar;C:\Users\Ian\workspace\AVISS\lib\gluegen-rt-natives-linux-amd64.jar;C:\Users\Ian\workspace\AVISS\lib\gluegen-rt-natives-linux-armv6hf.jar;C:\Users\Ian\workspace\AVISS\lib\gluegen-rt-natives-linux-i586.jar;C:\Users\Ian\workspace\AVISS\lib\gluegen-rt-natives-macosx-universal.jar;C:\Users\Ian\workspace\AVISS\lib\gluegen-rt-natives-windows-amd64.jar;C:\Users\Ian\workspace\AVISS\lib\gluegen-rt-natives-windows-i586.jar;C:\Users\Ian\workspace\AVISS\lib\gluegen-rt.jar;C:\Users\Ian\workspace\AVISS\lib\il_hemesh.jar;C:\Users\Ian\workspace\AVISS\lib\javolution-6.1.0.jar;C:\Users\Ian\workspace\AVISS\lib\jl1.0.jar;C:\Users\Ian\workspace\AVISS\lib\jogl-all-natives-linux-amd64.jar;C:\Users\Ian\workspace\AVISS\lib\jogl-all-natives-linux-armv6hf.jar;C:\Users\Ian\workspace\AVISS\lib\jogl-all-natives-linux-i586.jar;C:\Users\Ian\workspace\AVISS\lib\jogl-all-natives-macosx-universal.jar;C:\Users\Ian\workspace\AVISS\lib\jogl-all-natives-windows-amd64.jar;C:\Users\Ian\workspace\AVISS\lib\jogl-all-natives-windows-i586.jar;C:\Users\Ian\workspace\AVISS\lib\jogl-all.jar;C:\Users\Ian\workspace\AVISS\lib\jsminim.jar;C:\Users\Ian\workspace\AVISS\lib\jts.jar;C:\Users\Ian\workspace\AVISS\lib\KinectPV2.jar;C:\Users\Ian\workspace\AVISS\lib\log4j-1.2.17.jar;C:\Users\Ian\workspace\AVISS\lib\miglayout15-swing.jar;C:\Users\Ian\workspace\AVISS\lib\minim.jar;C:\Users\Ian\workspace\AVISS\lib\mp3spi1.9.4.jar;C:\Users\Ian\workspace\AVISS\lib\opal-1.0.1.jar;C:\Users\Ian\workspace\AVISS\lib\peasycam.jar;C:\Users\Ian\workspace\AVISS\lib\swt.jar;C:\Users\Ian\workspace\AVISS\lib\tritonus_aos.jar;C:\Users\Ian\workspace\AVISS\lib\tritonus_share.jar;C:\Users\Ian\workspace\AVISS\lib\trove-3.1a1.jar
Launcher Type: SUN_STANDARD

Environment Variables:
PATH=C:/Program Files/Java/jre1.8.0_31/bin/server;C:/Program Files/Java/jre1.8.0_31/bin;C:/Program Files/Java/jre1.8.0_31/lib/amd64;C:\MinGW\bin\;C:\Python34\;C:\Python34\Scripts;C:\ProgramData\Oracle\Java\javapath;c:\Program Files (x86)\Intel\iCLS Client\;c:\Program Files\Intel\iCLS Client\;C:\WINDOWS\system32;C:\WINDOWS;C:\WINDOWS\System32\Wbem;C:\WINDOWS\System32\WindowsPowerShell\v1.0\;C:\Program Files\Intel\Intel(R) Management Engine Components\DAL;C:\Program Files\Intel\Intel(R) Management Engine Components\IPT;C:\Program Files (x86)\Intel\Intel(R) Management Engine Components\DAL;C:\Program Files (x86)\Intel\Intel(R) Management Engine Components\IPT;C:\Program Files (x86)\Intel\OpenCL SDK\3.0\bin\x86;C:\Program Files (x86)\Intel\OpenCL SDK\3.0\bin\x64;C:\Program Files (x86)\Windows Live\Shared;C:\Program Files (x86)\QuickTime\QTSystem\;C:\Program Files (x86)\Windows Kits\8.1\Windows Performance Toolkit\;C:\Program Files\Microsoft SQL Server\110\Tools\Binn\;C:\Program Files (x86)\Microsoft SDKs\TypeScript\1.0\;C:\Program Fil;C:\MinGW\bin\;C:\Program Files (x86)\CMake\bin\;C:\Users\Ian\Documents\2014W2\CPSC_425\Canopy\User;C:\Users\Ian\Documents\2014W2\CPSC_425\Canopy\User\Scripts;C:\Program Files\Eclipse Luna\eclipse;
USERNAME=Ian
OS=Windows_NT
PROCESSOR_IDENTIFIER=Intel64 Family 6 Model 69 Stepping 1, GenuineIntel



---------------  S Y S T E M  ---------------

OS: Windows 8.1 , 64 bit Build 9600 

CPU:total 4 (2 cores per cpu, 2 threads per core) family 6 model 69 stepping 1, cmov, cx8, fxsr, mmx, sse, sse2, sse3, ssse3, sse4.1, sse4.2, popcnt, avx, avx2, aes, clmul, erms, lzcnt, ht, tsc, tscinvbit, bmi1, bmi2

Memory: 4k page, physical 8291748k(3077488k free), swap 11568548k(5236652k free)

vm_info: Java HotSpot(TM) 64-Bit Server VM (25.31-b07) for windows-amd64 JRE (1.8.0_31-b13), built on Dec 17 2014 21:00:28 by "java_re" with MS VC++ 10.0 (VS2010)

time: Wed Apr 08 17:08:42 2015
elapsed time: 8 seconds (0d 0h 0m 8s)

